CRITICAL - 2022-03-16 03:08:50 --> Call to undefined function App\Controllers\getRecordById()
#0 C:\xampp\htdocs\FAH\system\CodeIgniter.php(824): App\Controllers\UserHome->user_home()
#1 C:\xampp\htdocs\FAH\system\CodeIgniter.php(410): CodeIgniter\CodeIgniter->runController(Object(App\Controllers\UserHome))
#2 C:\xampp\htdocs\FAH\system\CodeIgniter.php(318): CodeIgniter\CodeIgniter->handleRequest(NULL, Object(Config\Cache), false)
#3 C:\xampp\htdocs\FAH\index.php(37): CodeIgniter\CodeIgniter->run()
#4 {main}
CRITICAL - 2022-03-16 03:11:35 --> Array to string conversion
#0 C:\xampp\htdocs\FAH\app\Controllers\UserHome.php(170): CodeIgniter\Debug\Exceptions->errorHandler(2, 'Array to string...', 'C:\\xampp\\htdocs...', 170)
#1 C:\xampp\htdocs\FAH\system\CodeIgniter.php(824): App\Controllers\UserHome->user_home()
#2 C:\xampp\htdocs\FAH\system\CodeIgniter.php(410): CodeIgniter\CodeIgniter->runController(Object(App\Controllers\UserHome))
#3 C:\xampp\htdocs\FAH\system\CodeIgniter.php(318): CodeIgniter\CodeIgniter->handleRequest(NULL, Object(Config\Cache), false)
#4 C:\xampp\htdocs\FAH\index.php(37): CodeIgniter\CodeIgniter->run()
#5 {main}
CRITICAL - 2022-03-16 03:26:01 --> syntax error, unexpected token "}"
#0 C:\xampp\htdocs\FAH\system\Router\Router.php(176): CodeIgniter\Router\Router->autoRoute('UserHome/user_h...')
#1 C:\xampp\htdocs\FAH\system\CodeIgniter.php(718): CodeIgniter\Router\Router->handle('UserHome/user_h...')
#2 C:\xampp\htdocs\FAH\system\CodeIgniter.php(359): CodeIgniter\CodeIgniter->tryToRouteIt(Object(CodeIgniter\Router\RouteCollection))
#3 C:\xampp\htdocs\FAH\system\CodeIgniter.php(318): CodeIgniter\CodeIgniter->handleRequest(NULL, Object(Config\Cache), false)
#4 C:\xampp\htdocs\FAH\index.php(37): CodeIgniter\CodeIgniter->run()
#5 {main}
CRITICAL - 2022-03-16 03:26:50 --> Unsupported operand types: string + string
#0 C:\xampp\htdocs\FAH\system\CodeIgniter.php(824): App\Controllers\UserHome->user_home()
#1 C:\xampp\htdocs\FAH\system\CodeIgniter.php(410): CodeIgniter\CodeIgniter->runController(Object(App\Controllers\UserHome))
#2 C:\xampp\htdocs\FAH\system\CodeIgniter.php(318): CodeIgniter\CodeIgniter->handleRequest(NULL, Object(Config\Cache), false)
#3 C:\xampp\htdocs\FAH\index.php(37): CodeIgniter\CodeIgniter->run()
#4 {main}
CRITICAL - 2022-03-16 03:28:14 --> Undefined array key 0
#0 C:\xampp\htdocs\FAH\app\Controllers\UserHome.php(172): CodeIgniter\Debug\Exceptions->errorHandler(2, 'Undefined array...', 'C:\\xampp\\htdocs...', 172)
#1 C:\xampp\htdocs\FAH\system\CodeIgniter.php(824): App\Controllers\UserHome->user_home()
#2 C:\xampp\htdocs\FAH\system\CodeIgniter.php(410): CodeIgniter\CodeIgniter->runController(Object(App\Controllers\UserHome))
#3 C:\xampp\htdocs\FAH\system\CodeIgniter.php(318): CodeIgniter\CodeIgniter->handleRequest(NULL, Object(Config\Cache), false)
#4 C:\xampp\htdocs\FAH\index.php(37): CodeIgniter\CodeIgniter->run()
#5 {main}
CRITICAL - 2022-03-16 03:29:05 --> Undefined array key 0
#0 C:\xampp\htdocs\FAH\app\Controllers\UserHome.php(172): CodeIgniter\Debug\Exceptions->errorHandler(2, 'Undefined array...', 'C:\\xampp\\htdocs...', 172)
#1 C:\xampp\htdocs\FAH\system\CodeIgniter.php(824): App\Controllers\UserHome->user_home()
#2 C:\xampp\htdocs\FAH\system\CodeIgniter.php(410): CodeIgniter\CodeIgniter->runController(Object(App\Controllers\UserHome))
#3 C:\xampp\htdocs\FAH\system\CodeIgniter.php(318): CodeIgniter\CodeIgniter->handleRequest(NULL, Object(Config\Cache), false)
#4 C:\xampp\htdocs\FAH\index.php(37): CodeIgniter\CodeIgniter->run()
#5 {main}
CRITICAL - 2022-03-16 03:30:56 --> Undefined array key 0
#0 C:\xampp\htdocs\FAH\app\Controllers\UserHome.php(173): CodeIgniter\Debug\Exceptions->errorHandler(2, 'Undefined array...', 'C:\\xampp\\htdocs...', 173)
#1 C:\xampp\htdocs\FAH\system\CodeIgniter.php(824): App\Controllers\UserHome->user_home()
#2 C:\xampp\htdocs\FAH\system\CodeIgniter.php(410): CodeIgniter\CodeIgniter->runController(Object(App\Controllers\UserHome))
#3 C:\xampp\htdocs\FAH\system\CodeIgniter.php(318): CodeIgniter\CodeIgniter->handleRequest(NULL, Object(Config\Cache), false)
#4 C:\xampp\htdocs\FAH\index.php(37): CodeIgniter\CodeIgniter->run()
#5 {main}
CRITICAL - 2022-03-16 03:31:19 --> Undefined array key "Image_URL"
#0 C:\xampp\htdocs\FAH\app\Controllers\UserHome.php(173): CodeIgniter\Debug\Exceptions->errorHandler(2, 'Undefined array...', 'C:\\xampp\\htdocs...', 173)
#1 C:\xampp\htdocs\FAH\system\CodeIgniter.php(824): App\Controllers\UserHome->user_home()
#2 C:\xampp\htdocs\FAH\system\CodeIgniter.php(410): CodeIgniter\CodeIgniter->runController(Object(App\Controllers\UserHome))
#3 C:\xampp\htdocs\FAH\system\CodeIgniter.php(318): CodeIgniter\CodeIgniter->handleRequest(NULL, Object(Config\Cache), false)
#4 C:\xampp\htdocs\FAH\index.php(37): CodeIgniter\CodeIgniter->run()
#5 {main}
CRITICAL - 2022-03-16 03:36:28 --> Undefined constant "App\Controllers\mp_images"
#0 C:\xampp\htdocs\FAH\system\CodeIgniter.php(824): App\Controllers\UserHome->user_home()
#1 C:\xampp\htdocs\FAH\system\CodeIgniter.php(410): CodeIgniter\CodeIgniter->runController(Object(App\Controllers\UserHome))
#2 C:\xampp\htdocs\FAH\system\CodeIgniter.php(318): CodeIgniter\CodeIgniter->handleRequest(NULL, Object(Config\Cache), false)
#3 C:\xampp\htdocs\FAH\index.php(37): CodeIgniter\CodeIgniter->run()
#4 {main}
CRITICAL - 2022-03-16 07:15:56 --> file_get_contents(https://fahbacksym.com/FAH/get_token.php?token=eyJ0eXAiOiJKV1QiLCJhbGciOiJIUzI1NiJ9): Failed to open stream: A connection attempt failed because the connected party did not properly respond after a period of time, or established connection failed because connected host has failed to respond
#0 [internal function]: CodeIgniter\Debug\Exceptions->errorHandler(2, 'file_get_conten...', 'C:\\xampp\\htdocs...', 166)
#1 C:\xampp\htdocs\FAH\app\Controllers\UserHome.php(166): file_get_contents('https://fahback...')
#2 C:\xampp\htdocs\FAH\system\CodeIgniter.php(824): App\Controllers\UserHome->user_home()
#3 C:\xampp\htdocs\FAH\system\CodeIgniter.php(410): CodeIgniter\CodeIgniter->runController(Object(App\Controllers\UserHome))
#4 C:\xampp\htdocs\FAH\system\CodeIgniter.php(318): CodeIgniter\CodeIgniter->handleRequest(NULL, Object(Config\Cache), false)
#5 C:\xampp\htdocs\FAH\index.php(37): CodeIgniter\CodeIgniter->run()
#6 {main}
CRITICAL - 2022-03-16 07:28:11 --> sizeof(): Argument #1 ($value) must be of type Countable|array, null given
#0 C:\xampp\htdocs\FAH\app\Controllers\UserHome.php(170): sizeof(NULL)
#1 C:\xampp\htdocs\FAH\system\CodeIgniter.php(824): App\Controllers\UserHome->user_home()
#2 C:\xampp\htdocs\FAH\system\CodeIgniter.php(410): CodeIgniter\CodeIgniter->runController(Object(App\Controllers\UserHome))
#3 C:\xampp\htdocs\FAH\system\CodeIgniter.php(318): CodeIgniter\CodeIgniter->handleRequest(NULL, Object(Config\Cache), false)
#4 C:\xampp\htdocs\FAH\index.php(37): CodeIgniter\CodeIgniter->run()
#5 {main}
CRITICAL - 2022-03-16 07:30:28 --> sizeof(): Argument #1 ($value) must be of type Countable|array, null given
#0 C:\xampp\htdocs\FAH\app\Controllers\UserHome.php(169): sizeof(NULL)
#1 C:\xampp\htdocs\FAH\system\CodeIgniter.php(824): App\Controllers\UserHome->user_home()
#2 C:\xampp\htdocs\FAH\system\CodeIgniter.php(410): CodeIgniter\CodeIgniter->runController(Object(App\Controllers\UserHome))
#3 C:\xampp\htdocs\FAH\system\CodeIgniter.php(318): CodeIgniter\CodeIgniter->handleRequest(NULL, Object(Config\Cache), false)
#4 C:\xampp\htdocs\FAH\index.php(37): CodeIgniter\CodeIgniter->run()
#5 {main}
CRITICAL - 2022-03-16 07:30:38 --> count(): Argument #1 ($value) must be of type Countable|array, null given
#0 C:\xampp\htdocs\FAH\app\Controllers\UserHome.php(169): count(NULL)
#1 C:\xampp\htdocs\FAH\system\CodeIgniter.php(824): App\Controllers\UserHome->user_home()
#2 C:\xampp\htdocs\FAH\system\CodeIgniter.php(410): CodeIgniter\CodeIgniter->runController(Object(App\Controllers\UserHome))
#3 C:\xampp\htdocs\FAH\system\CodeIgniter.php(318): CodeIgniter\CodeIgniter->handleRequest(NULL, Object(Config\Cache), false)
#4 C:\xampp\htdocs\FAH\index.php(37): CodeIgniter\CodeIgniter->run()
#5 {main}
CRITICAL - 2022-03-16 07:30:48 --> Undefined variable $mp_image_url
#0 C:\xampp\htdocs\FAH\app\Controllers\UserHome.php(212): CodeIgniter\Debug\Exceptions->errorHandler(2, 'Undefined varia...', 'C:\\xampp\\htdocs...', 212)
#1 C:\xampp\htdocs\FAH\system\CodeIgniter.php(824): App\Controllers\UserHome->user_home()
#2 C:\xampp\htdocs\FAH\system\CodeIgniter.php(410): CodeIgniter\CodeIgniter->runController(Object(App\Controllers\UserHome))
#3 C:\xampp\htdocs\FAH\system\CodeIgniter.php(318): CodeIgniter\CodeIgniter->handleRequest(NULL, Object(Config\Cache), false)
#4 C:\xampp\htdocs\FAH\index.php(37): CodeIgniter\CodeIgniter->run()
#5 {main}
CRITICAL - 2022-03-16 07:40:57 --> strlen(): Argument #1 ($string) must be of type string, array given
#0 C:\xampp\htdocs\FAH\app\Controllers\UserHome.php(169): strlen(Array)
#1 C:\xampp\htdocs\FAH\system\CodeIgniter.php(824): App\Controllers\UserHome->user_home()
#2 C:\xampp\htdocs\FAH\system\CodeIgniter.php(410): CodeIgniter\CodeIgniter->runController(Object(App\Controllers\UserHome))
#3 C:\xampp\htdocs\FAH\system\CodeIgniter.php(318): CodeIgniter\CodeIgniter->handleRequest(NULL, Object(Config\Cache), false)
#4 C:\xampp\htdocs\FAH\index.php(37): CodeIgniter\CodeIgniter->run()
#5 {main}
