CRITICAL - 2022-01-24 05:33:02 --> Trying to access array offset on value of type bool
#0 C:\xampp\htdocs\FAH\app\Controllers\Admin.php(270): CodeIgniter\Debug\Exceptions->errorHandler(2, 'Trying to acces...', 'C:\\xampp\\htdocs...', 270)
#1 C:\xampp\htdocs\FAH\system\CodeIgniter.php(824): App\Controllers\Admin->customerView()
#2 C:\xampp\htdocs\FAH\system\CodeIgniter.php(410): CodeIgniter\CodeIgniter->runController(Object(App\Controllers\Admin))
#3 C:\xampp\htdocs\FAH\system\CodeIgniter.php(318): CodeIgniter\CodeIgniter->handleRequest(NULL, Object(Config\Cache), false)
#4 C:\xampp\htdocs\FAH\index.php(37): CodeIgniter\CodeIgniter->run()
#5 {main}
CRITICAL - 2022-01-24 05:33:13 --> Trying to access array offset on value of type bool
#0 C:\xampp\htdocs\FAH\app\Controllers\Admin.php(270): CodeIgniter\Debug\Exceptions->errorHandler(2, 'Trying to acces...', 'C:\\xampp\\htdocs...', 270)
#1 C:\xampp\htdocs\FAH\system\CodeIgniter.php(824): App\Controllers\Admin->customerView()
#2 C:\xampp\htdocs\FAH\system\CodeIgniter.php(410): CodeIgniter\CodeIgniter->runController(Object(App\Controllers\Admin))
#3 C:\xampp\htdocs\FAH\system\CodeIgniter.php(318): CodeIgniter\CodeIgniter->handleRequest(NULL, Object(Config\Cache), false)
#4 C:\xampp\htdocs\FAH\index.php(37): CodeIgniter\CodeIgniter->run()
#5 {main}
CRITICAL - 2022-01-24 05:33:16 --> Trying to access array offset on value of type bool
#0 C:\xampp\htdocs\FAH\app\Controllers\Admin.php(270): CodeIgniter\Debug\Exceptions->errorHandler(2, 'Trying to acces...', 'C:\\xampp\\htdocs...', 270)
#1 C:\xampp\htdocs\FAH\system\CodeIgniter.php(824): App\Controllers\Admin->customerView()
#2 C:\xampp\htdocs\FAH\system\CodeIgniter.php(410): CodeIgniter\CodeIgniter->runController(Object(App\Controllers\Admin))
#3 C:\xampp\htdocs\FAH\system\CodeIgniter.php(318): CodeIgniter\CodeIgniter->handleRequest(NULL, Object(Config\Cache), false)
#4 C:\xampp\htdocs\FAH\index.php(37): CodeIgniter\CodeIgniter->run()
#5 {main}
CRITICAL - 2022-01-24 05:33:23 --> Trying to access array offset on value of type bool
#0 C:\xampp\htdocs\FAH\app\Controllers\Admin.php(270): CodeIgniter\Debug\Exceptions->errorHandler(2, 'Trying to acces...', 'C:\\xampp\\htdocs...', 270)
#1 C:\xampp\htdocs\FAH\system\CodeIgniter.php(824): App\Controllers\Admin->customerView()
#2 C:\xampp\htdocs\FAH\system\CodeIgniter.php(410): CodeIgniter\CodeIgniter->runController(Object(App\Controllers\Admin))
#3 C:\xampp\htdocs\FAH\system\CodeIgniter.php(318): CodeIgniter\CodeIgniter->handleRequest(NULL, Object(Config\Cache), false)
#4 C:\xampp\htdocs\FAH\index.php(37): CodeIgniter\CodeIgniter->run()
#5 {main}
