ERROR - 2021-12-04 02:54:27 --> Unknown column 'ID' in 'field list'
CRITICAL - 2021-12-04 02:54:27 --> Call to a member function getResultArray() on bool
#0 C:\xampp\htdocs\FAH\app\Controllers\Login.php(39): App\Models\LoginModel->verifyEmail('maheksavanidrea...')
#1 C:\xampp\htdocs\FAH\system\CodeIgniter.php(824): App\Controllers\Login->verify()
#2 C:\xampp\htdocs\FAH\system\CodeIgniter.php(410): CodeIgniter\CodeIgniter->runController(Object(App\Controllers\Login))
#3 C:\xampp\htdocs\FAH\system\CodeIgniter.php(318): CodeIgniter\CodeIgniter->handleRequest(NULL, Object(Config\Cache), false)
#4 C:\xampp\htdocs\FAH\index.php(37): CodeIgniter\CodeIgniter->run()
#5 {main}
ERROR - 2021-12-04 02:57:55 --> Unknown column 'ID' in 'field list'
CRITICAL - 2021-12-04 02:57:55 --> Call to a member function getResultArray() on bool
#0 C:\xampp\htdocs\FAH\app\Controllers\Login.php(39): App\Models\LoginModel->verifyEmail('maheksavanidrea...')
#1 C:\xampp\htdocs\FAH\system\CodeIgniter.php(824): App\Controllers\Login->verify()
#2 C:\xampp\htdocs\FAH\system\CodeIgniter.php(410): CodeIgniter\CodeIgniter->runController(Object(App\Controllers\Login))
#3 C:\xampp\htdocs\FAH\system\CodeIgniter.php(318): CodeIgniter\CodeIgniter->handleRequest(NULL, Object(Config\Cache), false)
#4 C:\xampp\htdocs\FAH\index.php(37): CodeIgniter\CodeIgniter->run()
#5 {main}
ERROR - 2021-12-04 03:01:50 --> Unknown column 'ID' in 'field list'
CRITICAL - 2021-12-04 03:01:51 --> Call to a member function getResultArray() on bool
#0 C:\xampp\htdocs\FAH\app\Controllers\Login.php(39): App\Models\LoginModel->verifyEmail('maheksavanidrea...')
#1 C:\xampp\htdocs\FAH\system\CodeIgniter.php(824): App\Controllers\Login->verify()
#2 C:\xampp\htdocs\FAH\system\CodeIgniter.php(410): CodeIgniter\CodeIgniter->runController(Object(App\Controllers\Login))
#3 C:\xampp\htdocs\FAH\system\CodeIgniter.php(318): CodeIgniter\CodeIgniter->handleRequest(NULL, Object(Config\Cache), false)
#4 C:\xampp\htdocs\FAH\index.php(37): CodeIgniter\CodeIgniter->run()
#5 {main}
ERROR - 2021-12-04 03:05:14 --> Unknown column 'ID' in 'field list'
CRITICAL - 2021-12-04 03:05:14 --> Call to a member function getResultArray() on bool
#0 C:\xampp\htdocs\FAH\app\Controllers\Login.php(39): App\Models\LoginModel->verifyEmail('maheksavanidrea...')
#1 C:\xampp\htdocs\FAH\system\CodeIgniter.php(824): App\Controllers\Login->verify()
#2 C:\xampp\htdocs\FAH\system\CodeIgniter.php(410): CodeIgniter\CodeIgniter->runController(Object(App\Controllers\Login))
#3 C:\xampp\htdocs\FAH\system\CodeIgniter.php(318): CodeIgniter\CodeIgniter->handleRequest(NULL, Object(Config\Cache), false)
#4 C:\xampp\htdocs\FAH\index.php(37): CodeIgniter\CodeIgniter->run()
#5 {main}
ERROR - 2021-12-04 03:08:59 --> Unknown column 'ID' in 'field list'
CRITICAL - 2021-12-04 03:08:59 --> You must set the database table to be used with your query.
#0 C:\xampp\htdocs\FAH\system\Model.php(545): CodeIgniter\Database\BaseConnection->table(NULL)
#1 C:\xampp\htdocs\FAH\system\Model.php(688): CodeIgniter\Model->builder()
#2 C:\xampp\htdocs\FAH\app\Models\LoginModel.php(14): CodeIgniter\Model->__get('')
#3 C:\xampp\htdocs\FAH\app\Controllers\Login.php(39): App\Models\LoginModel->verifyEmail('maheksavanidrea...')
#4 C:\xampp\htdocs\FAH\system\CodeIgniter.php(824): App\Controllers\Login->verify()
#5 C:\xampp\htdocs\FAH\system\CodeIgniter.php(410): CodeIgniter\CodeIgniter->runController(Object(App\Controllers\Login))
#6 C:\xampp\htdocs\FAH\system\CodeIgniter.php(318): CodeIgniter\CodeIgniter->handleRequest(NULL, Object(Config\Cache), false)
#7 C:\xampp\htdocs\FAH\index.php(37): CodeIgniter\CodeIgniter->run()
#8 {main}
ERROR - 2021-12-04 03:10:23 --> Unknown column 'ID' in 'field list'
CRITICAL - 2021-12-04 03:10:23 --> You must set the database table to be used with your query.
#0 C:\xampp\htdocs\FAH\system\Model.php(545): CodeIgniter\Database\BaseConnection->table(NULL)
#1 C:\xampp\htdocs\FAH\system\Model.php(688): CodeIgniter\Model->builder()
#2 C:\xampp\htdocs\FAH\app\Models\LoginModel.php(15): CodeIgniter\Model->__get('')
#3 C:\xampp\htdocs\FAH\app\Controllers\Login.php(39): App\Models\LoginModel->verifyEmail('maheksavanidrea...')
#4 C:\xampp\htdocs\FAH\system\CodeIgniter.php(824): App\Controllers\Login->verify()
#5 C:\xampp\htdocs\FAH\system\CodeIgniter.php(410): CodeIgniter\CodeIgniter->runController(Object(App\Controllers\Login))
#6 C:\xampp\htdocs\FAH\system\CodeIgniter.php(318): CodeIgniter\CodeIgniter->handleRequest(NULL, Object(Config\Cache), false)
#7 C:\xampp\htdocs\FAH\index.php(37): CodeIgniter\CodeIgniter->run()
#8 {main}
ERROR - 2021-12-04 03:11:24 --> Unknown column 'ID' in 'field list'
CRITICAL - 2021-12-04 03:11:24 --> You must set the database table to be used with your query.
#0 C:\xampp\htdocs\FAH\system\Model.php(545): CodeIgniter\Database\BaseConnection->table(NULL)
#1 C:\xampp\htdocs\FAH\system\Model.php(688): CodeIgniter\Model->builder()
#2 C:\xampp\htdocs\FAH\app\Models\LoginModel.php(15): CodeIgniter\Model->__get('')
#3 C:\xampp\htdocs\FAH\app\Controllers\Login.php(39): App\Models\LoginModel->verifyEmail('maheksavanidrea...')
#4 C:\xampp\htdocs\FAH\system\CodeIgniter.php(824): App\Controllers\Login->verify()
#5 C:\xampp\htdocs\FAH\system\CodeIgniter.php(410): CodeIgniter\CodeIgniter->runController(Object(App\Controllers\Login))
#6 C:\xampp\htdocs\FAH\system\CodeIgniter.php(318): CodeIgniter\CodeIgniter->handleRequest(NULL, Object(Config\Cache), false)
#7 C:\xampp\htdocs\FAH\index.php(37): CodeIgniter\CodeIgniter->run()
#8 {main}
ERROR - 2021-12-04 03:11:35 --> Unknown column 'ID' in 'field list'
CRITICAL - 2021-12-04 03:11:35 --> Call to a member function getResultArray() on bool
#0 C:\xampp\htdocs\FAH\app\Controllers\Login.php(39): App\Models\LoginModel->verifyEmail('maheksavanidrea...')
#1 C:\xampp\htdocs\FAH\system\CodeIgniter.php(824): App\Controllers\Login->verify()
#2 C:\xampp\htdocs\FAH\system\CodeIgniter.php(410): CodeIgniter\CodeIgniter->runController(Object(App\Controllers\Login))
#3 C:\xampp\htdocs\FAH\system\CodeIgniter.php(318): CodeIgniter\CodeIgniter->handleRequest(NULL, Object(Config\Cache), false)
#4 C:\xampp\htdocs\FAH\index.php(37): CodeIgniter\CodeIgniter->run()
#5 {main}
ERROR - 2021-12-04 03:11:52 --> Unknown column 'ID' in 'field list'
CRITICAL - 2021-12-04 03:11:52 --> You must set the database table to be used with your query.
#0 C:\xampp\htdocs\FAH\system\Model.php(545): CodeIgniter\Database\BaseConnection->table(NULL)
#1 C:\xampp\htdocs\FAH\system\Model.php(688): CodeIgniter\Model->builder()
#2 C:\xampp\htdocs\FAH\app\Models\LoginModel.php(14): CodeIgniter\Model->__get('')
#3 C:\xampp\htdocs\FAH\app\Controllers\Login.php(39): App\Models\LoginModel->verifyEmail('maheksavanidrea...')
#4 C:\xampp\htdocs\FAH\system\CodeIgniter.php(824): App\Controllers\Login->verify()
#5 C:\xampp\htdocs\FAH\system\CodeIgniter.php(410): CodeIgniter\CodeIgniter->runController(Object(App\Controllers\Login))
#6 C:\xampp\htdocs\FAH\system\CodeIgniter.php(318): CodeIgniter\CodeIgniter->handleRequest(NULL, Object(Config\Cache), false)
#7 C:\xampp\htdocs\FAH\index.php(37): CodeIgniter\CodeIgniter->run()
#8 {main}
ERROR - 2021-12-04 03:12:24 --> Unknown column 'ID' in 'field list'
CRITICAL - 2021-12-04 03:12:24 --> Call to a member function getResultArray() on bool
#0 C:\xampp\htdocs\FAH\app\Controllers\Login.php(39): App\Models\LoginModel->verifyEmail('maheksavanidrea...')
#1 C:\xampp\htdocs\FAH\system\CodeIgniter.php(824): App\Controllers\Login->verify()
#2 C:\xampp\htdocs\FAH\system\CodeIgniter.php(410): CodeIgniter\CodeIgniter->runController(Object(App\Controllers\Login))
#3 C:\xampp\htdocs\FAH\system\CodeIgniter.php(318): CodeIgniter\CodeIgniter->handleRequest(NULL, Object(Config\Cache), false)
#4 C:\xampp\htdocs\FAH\index.php(37): CodeIgniter\CodeIgniter->run()
#5 {main}
ERROR - 2021-12-04 03:12:27 --> Unknown column 'ID' in 'field list'
CRITICAL - 2021-12-04 03:12:27 --> Call to a member function getResultArray() on bool
#0 C:\xampp\htdocs\FAH\app\Controllers\Login.php(39): App\Models\LoginModel->verifyEmail('maheksavanidrea...')
#1 C:\xampp\htdocs\FAH\system\CodeIgniter.php(824): App\Controllers\Login->verify()
#2 C:\xampp\htdocs\FAH\system\CodeIgniter.php(410): CodeIgniter\CodeIgniter->runController(Object(App\Controllers\Login))
#3 C:\xampp\htdocs\FAH\system\CodeIgniter.php(318): CodeIgniter\CodeIgniter->handleRequest(NULL, Object(Config\Cache), false)
#4 C:\xampp\htdocs\FAH\index.php(37): CodeIgniter\CodeIgniter->run()
#5 {main}
ERROR - 2021-12-04 03:57:27 --> Unknown column 'ID' in 'field list'
CRITICAL - 2021-12-04 03:57:27 --> count(): Argument #1 ($value) must be of type Countable|array, int given
#0 C:\xampp\htdocs\FAH\app\Models\LoginModel.php(14): count(1)
#1 C:\xampp\htdocs\FAH\app\Controllers\Login.php(39): App\Models\LoginModel->verifyEmail('maheksavanidrea...')
#2 C:\xampp\htdocs\FAH\system\CodeIgniter.php(824): App\Controllers\Login->verify()
#3 C:\xampp\htdocs\FAH\system\CodeIgniter.php(410): CodeIgniter\CodeIgniter->runController(Object(App\Controllers\Login))
#4 C:\xampp\htdocs\FAH\system\CodeIgniter.php(318): CodeIgniter\CodeIgniter->handleRequest(NULL, Object(Config\Cache), false)
#5 C:\xampp\htdocs\FAH\index.php(37): CodeIgniter\CodeIgniter->run()
#6 {main}
ERROR - 2021-12-04 03:58:31 --> Unknown column 'ID' in 'field list'
CRITICAL - 2021-12-04 03:58:31 --> Call to a member function getResultArray() on bool
#0 C:\xampp\htdocs\FAH\app\Controllers\Login.php(39): App\Models\LoginModel->verifyEmail('maheksavanidrea...')
#1 C:\xampp\htdocs\FAH\system\CodeIgniter.php(824): App\Controllers\Login->verify()
#2 C:\xampp\htdocs\FAH\system\CodeIgniter.php(410): CodeIgniter\CodeIgniter->runController(Object(App\Controllers\Login))
#3 C:\xampp\htdocs\FAH\system\CodeIgniter.php(318): CodeIgniter\CodeIgniter->handleRequest(NULL, Object(Config\Cache), false)
#4 C:\xampp\htdocs\FAH\index.php(37): CodeIgniter\CodeIgniter->run()
#5 {main}
ERROR - 2021-12-04 03:58:53 --> Unknown column 'ID' in 'field list'
CRITICAL - 2021-12-04 03:58:53 --> Call to a member function getResultArray() on bool
#0 C:\xampp\htdocs\FAH\app\Controllers\Login.php(39): App\Models\LoginModel->verifyEmail('maheksavanidrea...')
#1 C:\xampp\htdocs\FAH\system\CodeIgniter.php(824): App\Controllers\Login->verify()
#2 C:\xampp\htdocs\FAH\system\CodeIgniter.php(410): CodeIgniter\CodeIgniter->runController(Object(App\Controllers\Login))
#3 C:\xampp\htdocs\FAH\system\CodeIgniter.php(318): CodeIgniter\CodeIgniter->handleRequest(NULL, Object(Config\Cache), false)
#4 C:\xampp\htdocs\FAH\index.php(37): CodeIgniter\CodeIgniter->run()
#5 {main}
ERROR - 2021-12-04 04:00:16 --> Unknown column 'ID' in 'field list'
CRITICAL - 2021-12-04 04:00:16 --> Call to a member function getResultArray() on bool
#0 C:\xampp\htdocs\FAH\app\Controllers\Login.php(39): App\Models\LoginModel->verifyEmail('maheksavanidrea...')
#1 C:\xampp\htdocs\FAH\system\CodeIgniter.php(824): App\Controllers\Login->verify()
#2 C:\xampp\htdocs\FAH\system\CodeIgniter.php(410): CodeIgniter\CodeIgniter->runController(Object(App\Controllers\Login))
#3 C:\xampp\htdocs\FAH\system\CodeIgniter.php(318): CodeIgniter\CodeIgniter->handleRequest(NULL, Object(Config\Cache), false)
#4 C:\xampp\htdocs\FAH\index.php(37): CodeIgniter\CodeIgniter->run()
#5 {main}
ERROR - 2021-12-04 04:13:14 --> Unknown column 'ID' in 'field list'
CRITICAL - 2021-12-04 04:13:14 --> Call to a member function num_rows() on bool
#0 C:\xampp\htdocs\FAH\app\Controllers\Login.php(39): App\Models\LoginModel->verifyEmail('maheksavanidrea...')
#1 C:\xampp\htdocs\FAH\system\CodeIgniter.php(824): App\Controllers\Login->verify()
#2 C:\xampp\htdocs\FAH\system\CodeIgniter.php(410): CodeIgniter\CodeIgniter->runController(Object(App\Controllers\Login))
#3 C:\xampp\htdocs\FAH\system\CodeIgniter.php(318): CodeIgniter\CodeIgniter->handleRequest(NULL, Object(Config\Cache), false)
#4 C:\xampp\htdocs\FAH\index.php(37): CodeIgniter\CodeIgniter->run()
#5 {main}
ERROR - 2021-12-04 04:13:43 --> Unknown column 'ID' in 'field list'
CRITICAL - 2021-12-04 04:13:43 --> Call to a member function num_rows() on bool
#0 C:\xampp\htdocs\FAH\app\Controllers\Login.php(39): App\Models\LoginModel->verifyEmail('maheksavanidrea...')
#1 C:\xampp\htdocs\FAH\system\CodeIgniter.php(824): App\Controllers\Login->verify()
#2 C:\xampp\htdocs\FAH\system\CodeIgniter.php(410): CodeIgniter\CodeIgniter->runController(Object(App\Controllers\Login))
#3 C:\xampp\htdocs\FAH\system\CodeIgniter.php(318): CodeIgniter\CodeIgniter->handleRequest(NULL, Object(Config\Cache), false)
#4 C:\xampp\htdocs\FAH\index.php(37): CodeIgniter\CodeIgniter->run()
#5 {main}
ERROR - 2021-12-04 04:18:22 --> Unknown column 'ID' in 'field list'
CRITICAL - 2021-12-04 04:18:22 --> Call to a member function getResultArray() on bool
#0 C:\xampp\htdocs\FAH\app\Controllers\Login.php(39): App\Models\LoginModel->verifyEmail('maheksavanidrea...')
#1 C:\xampp\htdocs\FAH\system\CodeIgniter.php(824): App\Controllers\Login->verify()
#2 C:\xampp\htdocs\FAH\system\CodeIgniter.php(410): CodeIgniter\CodeIgniter->runController(Object(App\Controllers\Login))
#3 C:\xampp\htdocs\FAH\system\CodeIgniter.php(318): CodeIgniter\CodeIgniter->handleRequest(NULL, Object(Config\Cache), false)
#4 C:\xampp\htdocs\FAH\index.php(37): CodeIgniter\CodeIgniter->run()
#5 {main}
ERROR - 2021-12-04 04:22:03 --> Unknown column 'ID' in 'field list'
CRITICAL - 2021-12-04 04:22:03 --> Call to a member function getResultArray() on bool
#0 C:\xampp\htdocs\FAH\app\Controllers\Login.php(39): App\Models\LoginModel->verifyEmail('maheksavanidrea...')
#1 C:\xampp\htdocs\FAH\system\CodeIgniter.php(824): App\Controllers\Login->verify()
#2 C:\xampp\htdocs\FAH\system\CodeIgniter.php(410): CodeIgniter\CodeIgniter->runController(Object(App\Controllers\Login))
#3 C:\xampp\htdocs\FAH\system\CodeIgniter.php(318): CodeIgniter\CodeIgniter->handleRequest(NULL, Object(Config\Cache), false)
#4 C:\xampp\htdocs\FAH\index.php(37): CodeIgniter\CodeIgniter->run()
#5 {main}
ERROR - 2021-12-04 04:25:39 --> Unknown column 'ID' in 'field list'
CRITICAL - 2021-12-04 04:25:39 --> count(): Argument #1 ($value) must be of type Countable|array, bool given
#0 C:\xampp\htdocs\FAH\app\Models\LoginModel.php(15): count(false)
#1 C:\xampp\htdocs\FAH\app\Controllers\Login.php(39): App\Models\LoginModel->verifyEmail('maheksavanidrea...')
#2 C:\xampp\htdocs\FAH\system\CodeIgniter.php(824): App\Controllers\Login->verify()
#3 C:\xampp\htdocs\FAH\system\CodeIgniter.php(410): CodeIgniter\CodeIgniter->runController(Object(App\Controllers\Login))
#4 C:\xampp\htdocs\FAH\system\CodeIgniter.php(318): CodeIgniter\CodeIgniter->handleRequest(NULL, Object(Config\Cache), false)
#5 C:\xampp\htdocs\FAH\index.php(37): CodeIgniter\CodeIgniter->run()
#6 {main}
ERROR - 2021-12-04 04:27:47 --> Unknown column 'ID' in 'field list'
CRITICAL - 2021-12-04 04:27:47 --> Call to a member function num_row() on bool
#0 C:\xampp\htdocs\FAH\app\Controllers\Login.php(39): App\Models\LoginModel->verifyEmail('maheksavanidrea...')
#1 C:\xampp\htdocs\FAH\system\CodeIgniter.php(824): App\Controllers\Login->verify()
#2 C:\xampp\htdocs\FAH\system\CodeIgniter.php(410): CodeIgniter\CodeIgniter->runController(Object(App\Controllers\Login))
#3 C:\xampp\htdocs\FAH\system\CodeIgniter.php(318): CodeIgniter\CodeIgniter->handleRequest(NULL, Object(Config\Cache), false)
#4 C:\xampp\htdocs\FAH\index.php(37): CodeIgniter\CodeIgniter->run()
#5 {main}
ERROR - 2021-12-04 04:28:35 --> Unknown column 'ID' in 'field list'
CRITICAL - 2021-12-04 04:28:35 --> Call to a member function num_row() on bool
#0 C:\xampp\htdocs\FAH\app\Controllers\Login.php(39): App\Models\LoginModel->verifyEmail('maheksavanidrea...')
#1 C:\xampp\htdocs\FAH\system\CodeIgniter.php(824): App\Controllers\Login->verify()
#2 C:\xampp\htdocs\FAH\system\CodeIgniter.php(410): CodeIgniter\CodeIgniter->runController(Object(App\Controllers\Login))
#3 C:\xampp\htdocs\FAH\system\CodeIgniter.php(318): CodeIgniter\CodeIgniter->handleRequest(NULL, Object(Config\Cache), false)
#4 C:\xampp\htdocs\FAH\index.php(37): CodeIgniter\CodeIgniter->run()
#5 {main}
ERROR - 2021-12-04 04:29:14 --> Unknown column 'ID' in 'field list'
CRITICAL - 2021-12-04 04:29:14 --> Call to a member function num_row() on bool
#0 C:\xampp\htdocs\FAH\app\Controllers\Login.php(39): App\Models\LoginModel->verifyEmail('maheksavanidrea...')
#1 C:\xampp\htdocs\FAH\system\CodeIgniter.php(824): App\Controllers\Login->verify()
#2 C:\xampp\htdocs\FAH\system\CodeIgniter.php(410): CodeIgniter\CodeIgniter->runController(Object(App\Controllers\Login))
#3 C:\xampp\htdocs\FAH\system\CodeIgniter.php(318): CodeIgniter\CodeIgniter->handleRequest(NULL, Object(Config\Cache), false)
#4 C:\xampp\htdocs\FAH\index.php(37): CodeIgniter\CodeIgniter->run()
#5 {main}
ERROR - 2021-12-04 04:29:32 --> Unknown column 'ID' in 'field list'
ERROR - 2021-12-04 04:29:40 --> Unknown column 'ID' in 'field list'
ERROR - 2021-12-04 04:29:51 --> Unknown column 'ID' in 'field list'
ERROR - 2021-12-04 04:30:08 --> Unknown column 'ID' in 'field list'
ERROR - 2021-12-04 04:30:41 --> Unknown column 'ID' in 'field list'
ERROR - 2021-12-04 04:32:03 --> Unknown column 'ID' in 'field list'
CRITICAL - 2021-12-04 04:32:03 --> Call to a member function num_row() on bool
#0 C:\xampp\htdocs\FAH\app\Controllers\Login.php(39): App\Models\LoginModel->verifyEmail('maheksavanidrea...')
#1 C:\xampp\htdocs\FAH\system\CodeIgniter.php(824): App\Controllers\Login->verify()
#2 C:\xampp\htdocs\FAH\system\CodeIgniter.php(410): CodeIgniter\CodeIgniter->runController(Object(App\Controllers\Login))
#3 C:\xampp\htdocs\FAH\system\CodeIgniter.php(318): CodeIgniter\CodeIgniter->handleRequest(NULL, Object(Config\Cache), false)
#4 C:\xampp\htdocs\FAH\index.php(37): CodeIgniter\CodeIgniter->run()
#5 {main}
ERROR - 2021-12-04 04:32:11 --> Unknown column 'ID' in 'field list'
CRITICAL - 2021-12-04 04:32:11 --> Call to a member function num_row() on bool
#0 C:\xampp\htdocs\FAH\app\Controllers\Login.php(39): App\Models\LoginModel->verifyEmail('maheksavanidrea...')
#1 C:\xampp\htdocs\FAH\system\CodeIgniter.php(824): App\Controllers\Login->verify()
#2 C:\xampp\htdocs\FAH\system\CodeIgniter.php(410): CodeIgniter\CodeIgniter->runController(Object(App\Controllers\Login))
#3 C:\xampp\htdocs\FAH\system\CodeIgniter.php(318): CodeIgniter\CodeIgniter->handleRequest(NULL, Object(Config\Cache), false)
#4 C:\xampp\htdocs\FAH\index.php(37): CodeIgniter\CodeIgniter->run()
#5 {main}
ERROR - 2021-12-04 04:32:56 --> Unknown column 'ID' in 'field list'
CRITICAL - 2021-12-04 04:32:56 --> Call to a member function getResultArray() on bool
#0 C:\xampp\htdocs\FAH\app\Controllers\Login.php(39): App\Models\LoginModel->verifyEmail('maheksavanidrea...')
#1 C:\xampp\htdocs\FAH\system\CodeIgniter.php(824): App\Controllers\Login->verify()
#2 C:\xampp\htdocs\FAH\system\CodeIgniter.php(410): CodeIgniter\CodeIgniter->runController(Object(App\Controllers\Login))
#3 C:\xampp\htdocs\FAH\system\CodeIgniter.php(318): CodeIgniter\CodeIgniter->handleRequest(NULL, Object(Config\Cache), false)
#4 C:\xampp\htdocs\FAH\index.php(37): CodeIgniter\CodeIgniter->run()
#5 {main}
ERROR - 2021-12-04 04:38:35 --> Unknown column 'ID' in 'field list'
CRITICAL - 2021-12-04 04:38:35 --> Call to a member function getResultArray() on bool
#0 C:\xampp\htdocs\FAH\app\Controllers\Login.php(39): App\Models\LoginModel->verifyEmail('maheksavanidrea...')
#1 C:\xampp\htdocs\FAH\system\CodeIgniter.php(824): App\Controllers\Login->verify()
#2 C:\xampp\htdocs\FAH\system\CodeIgniter.php(410): CodeIgniter\CodeIgniter->runController(Object(App\Controllers\Login))
#3 C:\xampp\htdocs\FAH\system\CodeIgniter.php(318): CodeIgniter\CodeIgniter->handleRequest(NULL, Object(Config\Cache), false)
#4 C:\xampp\htdocs\FAH\index.php(37): CodeIgniter\CodeIgniter->run()
#5 {main}
ERROR - 2021-12-04 04:40:33 --> Unknown column 'ID' in 'field list'
CRITICAL - 2021-12-04 04:40:33 --> Call to a member function getResultArray() on bool
#0 C:\xampp\htdocs\FAH\app\Controllers\Login.php(39): App\Models\LoginModel->verifyEmail('maheksavanidrea...')
#1 C:\xampp\htdocs\FAH\system\CodeIgniter.php(824): App\Controllers\Login->verify()
#2 C:\xampp\htdocs\FAH\system\CodeIgniter.php(410): CodeIgniter\CodeIgniter->runController(Object(App\Controllers\Login))
#3 C:\xampp\htdocs\FAH\system\CodeIgniter.php(318): CodeIgniter\CodeIgniter->handleRequest(NULL, Object(Config\Cache), false)
#4 C:\xampp\htdocs\FAH\index.php(37): CodeIgniter\CodeIgniter->run()
#5 {main}
CRITICAL - 2021-12-04 04:48:12 --> Call to undefined method CodeIgniter\Database\MySQLi\Connection::get_where()
#0 C:\xampp\htdocs\FAH\app\Controllers\Login.php(39): App\Models\LoginModel->verifyEmail('maheksavanidrea...')
#1 C:\xampp\htdocs\FAH\system\CodeIgniter.php(824): App\Controllers\Login->verify()
#2 C:\xampp\htdocs\FAH\system\CodeIgniter.php(410): CodeIgniter\CodeIgniter->runController(Object(App\Controllers\Login))
#3 C:\xampp\htdocs\FAH\system\CodeIgniter.php(318): CodeIgniter\CodeIgniter->handleRequest(NULL, Object(Config\Cache), false)
#4 C:\xampp\htdocs\FAH\index.php(37): CodeIgniter\CodeIgniter->run()
#5 {main}
CRITICAL - 2021-12-04 04:48:45 --> Call to undefined method CodeIgniter\Database\MySQLi\Connection::where()
#0 C:\xampp\htdocs\FAH\app\Controllers\Login.php(39): App\Models\LoginModel->verifyEmail('maheksavanidrea...')
#1 C:\xampp\htdocs\FAH\system\CodeIgniter.php(824): App\Controllers\Login->verify()
#2 C:\xampp\htdocs\FAH\system\CodeIgniter.php(410): CodeIgniter\CodeIgniter->runController(Object(App\Controllers\Login))
#3 C:\xampp\htdocs\FAH\system\CodeIgniter.php(318): CodeIgniter\CodeIgniter->handleRequest(NULL, Object(Config\Cache), false)
#4 C:\xampp\htdocs\FAH\index.php(37): CodeIgniter\CodeIgniter->run()
#5 {main}
CRITICAL - 2021-12-04 04:52:46 --> Call to a member function getResultArray() on string
#0 C:\xampp\htdocs\FAH\app\Controllers\Login.php(39): App\Models\LoginModel->verifyEmail('maheksavanidrea...')
#1 C:\xampp\htdocs\FAH\system\CodeIgniter.php(824): App\Controllers\Login->verify()
#2 C:\xampp\htdocs\FAH\system\CodeIgniter.php(410): CodeIgniter\CodeIgniter->runController(Object(App\Controllers\Login))
#3 C:\xampp\htdocs\FAH\system\CodeIgniter.php(318): CodeIgniter\CodeIgniter->handleRequest(NULL, Object(Config\Cache), false)
#4 C:\xampp\htdocs\FAH\index.php(37): CodeIgniter\CodeIgniter->run()
#5 {main}
CRITICAL - 2021-12-04 04:58:45 --> Class "App\Models\LoginModel" not found
#0 C:\xampp\htdocs\FAH\system\CodeIgniter.php(801): App\Controllers\Login->__construct()
#1 C:\xampp\htdocs\FAH\system\CodeIgniter.php(401): CodeIgniter\CodeIgniter->createController()
#2 C:\xampp\htdocs\FAH\system\CodeIgniter.php(318): CodeIgniter\CodeIgniter->handleRequest(NULL, Object(Config\Cache), false)
#3 C:\xampp\htdocs\FAH\index.php(37): CodeIgniter\CodeIgniter->run()
#4 {main}
CRITICAL - 2021-12-04 04:58:45 --> Class "App\Models\LoginModel" not found
#0 C:\xampp\htdocs\FAH\system\CodeIgniter.php(801): App\Controllers\Login->__construct()
#1 C:\xampp\htdocs\FAH\system\CodeIgniter.php(401): CodeIgniter\CodeIgniter->createController()
#2 C:\xampp\htdocs\FAH\system\CodeIgniter.php(318): CodeIgniter\CodeIgniter->handleRequest(NULL, Object(Config\Cache), false)
#3 C:\xampp\htdocs\FAH\index.php(37): CodeIgniter\CodeIgniter->run()
#4 {main}
CRITICAL - 2021-12-04 04:58:45 --> Class "App\Models\LoginModel" not found
#0 C:\xampp\htdocs\FAH\system\CodeIgniter.php(801): App\Controllers\Login->__construct()
#1 C:\xampp\htdocs\FAH\system\CodeIgniter.php(401): CodeIgniter\CodeIgniter->createController()
#2 C:\xampp\htdocs\FAH\system\CodeIgniter.php(318): CodeIgniter\CodeIgniter->handleRequest(NULL, Object(Config\Cache), false)
#3 C:\xampp\htdocs\FAH\index.php(37): CodeIgniter\CodeIgniter->run()
#4 {main}
CRITICAL - 2021-12-04 04:59:56 --> Class "App\Models\LoginModel" not found
#0 C:\xampp\htdocs\FAH\system\CodeIgniter.php(801): App\Controllers\Login->__construct()
#1 C:\xampp\htdocs\FAH\system\CodeIgniter.php(401): CodeIgniter\CodeIgniter->createController()
#2 C:\xampp\htdocs\FAH\system\CodeIgniter.php(318): CodeIgniter\CodeIgniter->handleRequest(NULL, Object(Config\Cache), false)
#3 C:\xampp\htdocs\FAH\index.php(37): CodeIgniter\CodeIgniter->run()
#4 {main}
CRITICAL - 2021-12-04 04:59:57 --> Class "App\Models\LoginModel" not found
#0 C:\xampp\htdocs\FAH\system\CodeIgniter.php(801): App\Controllers\Login->__construct()
#1 C:\xampp\htdocs\FAH\system\CodeIgniter.php(401): CodeIgniter\CodeIgniter->createController()
#2 C:\xampp\htdocs\FAH\system\CodeIgniter.php(318): CodeIgniter\CodeIgniter->handleRequest(NULL, Object(Config\Cache), false)
#3 C:\xampp\htdocs\FAH\index.php(37): CodeIgniter\CodeIgniter->run()
#4 {main}
CRITICAL - 2021-12-04 04:59:57 --> Class "App\Models\LoginModel" not found
#0 C:\xampp\htdocs\FAH\system\CodeIgniter.php(801): App\Controllers\Login->__construct()
#1 C:\xampp\htdocs\FAH\system\CodeIgniter.php(401): CodeIgniter\CodeIgniter->createController()
#2 C:\xampp\htdocs\FAH\system\CodeIgniter.php(318): CodeIgniter\CodeIgniter->handleRequest(NULL, Object(Config\Cache), false)
#3 C:\xampp\htdocs\FAH\index.php(37): CodeIgniter\CodeIgniter->run()
#4 {main}
CRITICAL - 2021-12-04 04:59:58 --> Class "App\Models\LoginModel" not found
#0 C:\xampp\htdocs\FAH\system\CodeIgniter.php(801): App\Controllers\Login->__construct()
#1 C:\xampp\htdocs\FAH\system\CodeIgniter.php(401): CodeIgniter\CodeIgniter->createController()
#2 C:\xampp\htdocs\FAH\system\CodeIgniter.php(318): CodeIgniter\CodeIgniter->handleRequest(NULL, Object(Config\Cache), false)
#3 C:\xampp\htdocs\FAH\index.php(37): CodeIgniter\CodeIgniter->run()
#4 {main}
CRITICAL - 2021-12-04 04:59:58 --> Class "App\Models\LoginModel" not found
#0 C:\xampp\htdocs\FAH\system\CodeIgniter.php(801): App\Controllers\Login->__construct()
#1 C:\xampp\htdocs\FAH\system\CodeIgniter.php(401): CodeIgniter\CodeIgniter->createController()
#2 C:\xampp\htdocs\FAH\system\CodeIgniter.php(318): CodeIgniter\CodeIgniter->handleRequest(NULL, Object(Config\Cache), false)
#3 C:\xampp\htdocs\FAH\index.php(37): CodeIgniter\CodeIgniter->run()
#4 {main}
CRITICAL - 2021-12-04 04:59:58 --> Class "App\Models\LoginModel" not found
#0 C:\xampp\htdocs\FAH\system\CodeIgniter.php(801): App\Controllers\Login->__construct()
#1 C:\xampp\htdocs\FAH\system\CodeIgniter.php(401): CodeIgniter\CodeIgniter->createController()
#2 C:\xampp\htdocs\FAH\system\CodeIgniter.php(318): CodeIgniter\CodeIgniter->handleRequest(NULL, Object(Config\Cache), false)
#3 C:\xampp\htdocs\FAH\index.php(37): CodeIgniter\CodeIgniter->run()
#4 {main}
CRITICAL - 2021-12-04 04:59:58 --> Class "App\Models\LoginModel" not found
#0 C:\xampp\htdocs\FAH\system\CodeIgniter.php(801): App\Controllers\Login->__construct()
#1 C:\xampp\htdocs\FAH\system\CodeIgniter.php(401): CodeIgniter\CodeIgniter->createController()
#2 C:\xampp\htdocs\FAH\system\CodeIgniter.php(318): CodeIgniter\CodeIgniter->handleRequest(NULL, Object(Config\Cache), false)
#3 C:\xampp\htdocs\FAH\index.php(37): CodeIgniter\CodeIgniter->run()
#4 {main}
CRITICAL - 2021-12-04 04:59:59 --> Class "App\Models\LoginModel" not found
#0 C:\xampp\htdocs\FAH\system\CodeIgniter.php(801): App\Controllers\Login->__construct()
#1 C:\xampp\htdocs\FAH\system\CodeIgniter.php(401): CodeIgniter\CodeIgniter->createController()
#2 C:\xampp\htdocs\FAH\system\CodeIgniter.php(318): CodeIgniter\CodeIgniter->handleRequest(NULL, Object(Config\Cache), false)
#3 C:\xampp\htdocs\FAH\index.php(37): CodeIgniter\CodeIgniter->run()
#4 {main}
CRITICAL - 2021-12-04 04:59:59 --> Class "App\Models\LoginModel" not found
#0 C:\xampp\htdocs\FAH\system\CodeIgniter.php(801): App\Controllers\Login->__construct()
#1 C:\xampp\htdocs\FAH\system\CodeIgniter.php(401): CodeIgniter\CodeIgniter->createController()
#2 C:\xampp\htdocs\FAH\system\CodeIgniter.php(318): CodeIgniter\CodeIgniter->handleRequest(NULL, Object(Config\Cache), false)
#3 C:\xampp\htdocs\FAH\index.php(37): CodeIgniter\CodeIgniter->run()
#4 {main}
CRITICAL - 2021-12-04 04:59:59 --> Class "App\Models\LoginModel" not found
#0 C:\xampp\htdocs\FAH\system\CodeIgniter.php(801): App\Controllers\Login->__construct()
#1 C:\xampp\htdocs\FAH\system\CodeIgniter.php(401): CodeIgniter\CodeIgniter->createController()
#2 C:\xampp\htdocs\FAH\system\CodeIgniter.php(318): CodeIgniter\CodeIgniter->handleRequest(NULL, Object(Config\Cache), false)
#3 C:\xampp\htdocs\FAH\index.php(37): CodeIgniter\CodeIgniter->run()
#4 {main}
CRITICAL - 2021-12-04 04:59:59 --> Class "App\Models\LoginModel" not found
#0 C:\xampp\htdocs\FAH\system\CodeIgniter.php(801): App\Controllers\Login->__construct()
#1 C:\xampp\htdocs\FAH\system\CodeIgniter.php(401): CodeIgniter\CodeIgniter->createController()
#2 C:\xampp\htdocs\FAH\system\CodeIgniter.php(318): CodeIgniter\CodeIgniter->handleRequest(NULL, Object(Config\Cache), false)
#3 C:\xampp\htdocs\FAH\index.php(37): CodeIgniter\CodeIgniter->run()
#4 {main}
CRITICAL - 2021-12-04 04:59:59 --> Class "App\Models\LoginModel" not found
#0 C:\xampp\htdocs\FAH\system\CodeIgniter.php(801): App\Controllers\Login->__construct()
#1 C:\xampp\htdocs\FAH\system\CodeIgniter.php(401): CodeIgniter\CodeIgniter->createController()
#2 C:\xampp\htdocs\FAH\system\CodeIgniter.php(318): CodeIgniter\CodeIgniter->handleRequest(NULL, Object(Config\Cache), false)
#3 C:\xampp\htdocs\FAH\index.php(37): CodeIgniter\CodeIgniter->run()
#4 {main}
CRITICAL - 2021-12-04 05:00:00 --> Class "App\Models\LoginModel" not found
#0 C:\xampp\htdocs\FAH\system\CodeIgniter.php(801): App\Controllers\Login->__construct()
#1 C:\xampp\htdocs\FAH\system\CodeIgniter.php(401): CodeIgniter\CodeIgniter->createController()
#2 C:\xampp\htdocs\FAH\system\CodeIgniter.php(318): CodeIgniter\CodeIgniter->handleRequest(NULL, Object(Config\Cache), false)
#3 C:\xampp\htdocs\FAH\index.php(37): CodeIgniter\CodeIgniter->run()
#4 {main}
CRITICAL - 2021-12-04 05:00:00 --> Class "App\Models\LoginModel" not found
#0 C:\xampp\htdocs\FAH\system\CodeIgniter.php(801): App\Controllers\Login->__construct()
#1 C:\xampp\htdocs\FAH\system\CodeIgniter.php(401): CodeIgniter\CodeIgniter->createController()
#2 C:\xampp\htdocs\FAH\system\CodeIgniter.php(318): CodeIgniter\CodeIgniter->handleRequest(NULL, Object(Config\Cache), false)
#3 C:\xampp\htdocs\FAH\index.php(37): CodeIgniter\CodeIgniter->run()
#4 {main}
CRITICAL - 2021-12-04 05:00:00 --> Class "App\Models\LoginModel" not found
#0 C:\xampp\htdocs\FAH\system\CodeIgniter.php(801): App\Controllers\Login->__construct()
#1 C:\xampp\htdocs\FAH\system\CodeIgniter.php(401): CodeIgniter\CodeIgniter->createController()
#2 C:\xampp\htdocs\FAH\system\CodeIgniter.php(318): CodeIgniter\CodeIgniter->handleRequest(NULL, Object(Config\Cache), false)
#3 C:\xampp\htdocs\FAH\index.php(37): CodeIgniter\CodeIgniter->run()
#4 {main}
CRITICAL - 2021-12-04 05:00:00 --> Class "App\Models\LoginModel" not found
#0 C:\xampp\htdocs\FAH\system\CodeIgniter.php(801): App\Controllers\Login->__construct()
#1 C:\xampp\htdocs\FAH\system\CodeIgniter.php(401): CodeIgniter\CodeIgniter->createController()
#2 C:\xampp\htdocs\FAH\system\CodeIgniter.php(318): CodeIgniter\CodeIgniter->handleRequest(NULL, Object(Config\Cache), false)
#3 C:\xampp\htdocs\FAH\index.php(37): CodeIgniter\CodeIgniter->run()
#4 {main}
CRITICAL - 2021-12-04 05:00:59 --> Class "App\Models\LoginModel" not found
#0 C:\xampp\htdocs\FAH\system\CodeIgniter.php(801): App\Controllers\Login->__construct()
#1 C:\xampp\htdocs\FAH\system\CodeIgniter.php(401): CodeIgniter\CodeIgniter->createController()
#2 C:\xampp\htdocs\FAH\system\CodeIgniter.php(318): CodeIgniter\CodeIgniter->handleRequest(NULL, Object(Config\Cache), false)
#3 C:\xampp\htdocs\FAH\index.php(37): CodeIgniter\CodeIgniter->run()
#4 {main}
CRITICAL - 2021-12-04 05:02:23 --> You must set the database table to be used with your query.
#0 C:\xampp\htdocs\FAH\system\Model.php(545): CodeIgniter\Database\BaseConnection->table(NULL)
#1 C:\xampp\htdocs\FAH\system\Model.php(717): CodeIgniter\Model->builder()
#2 C:\xampp\htdocs\FAH\app\Controllers\Login.php(39): CodeIgniter\Model->__call('verifyEmail', Array)
#3 C:\xampp\htdocs\FAH\system\CodeIgniter.php(824): App\Controllers\Login->verify()
#4 C:\xampp\htdocs\FAH\system\CodeIgniter.php(410): CodeIgniter\CodeIgniter->runController(Object(App\Controllers\Login))
#5 C:\xampp\htdocs\FAH\system\CodeIgniter.php(318): CodeIgniter\CodeIgniter->handleRequest(NULL, Object(Config\Cache), false)
#6 C:\xampp\htdocs\FAH\index.php(37): CodeIgniter\CodeIgniter->run()
#7 {main}
ERROR - 2021-12-04 05:03:34 --> Unknown column 'ID' in 'field list'
ERROR - 2021-12-04 05:03:44 --> Unknown column 'ID' in 'field list'
ERROR - 2021-12-04 05:04:49 --> Unknown column 'ID' in 'field list'
ERROR - 2021-12-04 05:08:26 --> Unknown column 'ID' in 'field list'
CRITICAL - 2021-12-04 05:08:26 --> Call to a member function num_rows() on bool
#0 C:\xampp\htdocs\FAH\app\Controllers\Login.php(39): App\Models\LoginModel->verifyEmail('maheksavanidrea...')
#1 C:\xampp\htdocs\FAH\system\CodeIgniter.php(824): App\Controllers\Login->verify()
#2 C:\xampp\htdocs\FAH\system\CodeIgniter.php(410): CodeIgniter\CodeIgniter->runController(Object(App\Controllers\Login))
#3 C:\xampp\htdocs\FAH\system\CodeIgniter.php(318): CodeIgniter\CodeIgniter->handleRequest(NULL, Object(Config\Cache), false)
#4 C:\xampp\htdocs\FAH\index.php(37): CodeIgniter\CodeIgniter->run()
#5 {main}
ERROR - 2021-12-04 05:09:11 --> Unknown column 'ID' in 'field list'
CRITICAL - 2021-12-04 05:09:11 --> Call to a member function num_rows() on bool
#0 C:\xampp\htdocs\FAH\app\Controllers\Login.php(39): App\Models\LoginModel->verifyEmail('maheksavanidrea...')
#1 C:\xampp\htdocs\FAH\system\CodeIgniter.php(824): App\Controllers\Login->verify()
#2 C:\xampp\htdocs\FAH\system\CodeIgniter.php(410): CodeIgniter\CodeIgniter->runController(Object(App\Controllers\Login))
#3 C:\xampp\htdocs\FAH\system\CodeIgniter.php(318): CodeIgniter\CodeIgniter->handleRequest(NULL, Object(Config\Cache), false)
#4 C:\xampp\htdocs\FAH\index.php(37): CodeIgniter\CodeIgniter->run()
#5 {main}
CRITICAL - 2021-12-04 05:47:34 --> Class "App\Controllers\UsersModel" not found
#0 C:\xampp\htdocs\FAH\system\CodeIgniter.php(824): App\Controllers\Login->verify()
#1 C:\xampp\htdocs\FAH\system\CodeIgniter.php(410): CodeIgniter\CodeIgniter->runController(Object(App\Controllers\Login))
#2 C:\xampp\htdocs\FAH\system\CodeIgniter.php(318): CodeIgniter\CodeIgniter->handleRequest(NULL, Object(Config\Cache), false)
#3 C:\xampp\htdocs\FAH\index.php(37): CodeIgniter\CodeIgniter->run()
#4 {main}
ERROR - 2021-12-04 05:48:45 --> Unknown column 'ID' in 'field list'
CRITICAL - 2021-12-04 05:48:45 --> Call to a member function num_rows() on bool
#0 C:\xampp\htdocs\FAH\app\Controllers\Login.php(37): App\Models\LoginModel->verifyEmail('maheksavanidrea...')
#1 C:\xampp\htdocs\FAH\system\CodeIgniter.php(824): App\Controllers\Login->verify()
#2 C:\xampp\htdocs\FAH\system\CodeIgniter.php(410): CodeIgniter\CodeIgniter->runController(Object(App\Controllers\Login))
#3 C:\xampp\htdocs\FAH\system\CodeIgniter.php(318): CodeIgniter\CodeIgniter->handleRequest(NULL, Object(Config\Cache), false)
#4 C:\xampp\htdocs\FAH\index.php(37): CodeIgniter\CodeIgniter->run()
#5 {main}
ERROR - 2021-12-04 05:56:43 --> Unknown column 'ID' in 'field list'
CRITICAL - 2021-12-04 05:56:43 --> Attempt to read property "getResultArray" on bool
#0 C:\xampp\htdocs\FAH\app\Models\LoginModel.php(16): CodeIgniter\Debug\Exceptions->errorHandler(2, 'Attempt to read...', 'C:\\xampp\\htdocs...', 16)
#1 C:\xampp\htdocs\FAH\app\Controllers\Login.php(37): App\Models\LoginModel->verifyEmail('maheksavanidrea...')
#2 C:\xampp\htdocs\FAH\system\CodeIgniter.php(824): App\Controllers\Login->verify()
#3 C:\xampp\htdocs\FAH\system\CodeIgniter.php(410): CodeIgniter\CodeIgniter->runController(Object(App\Controllers\Login))
#4 C:\xampp\htdocs\FAH\system\CodeIgniter.php(318): CodeIgniter\CodeIgniter->handleRequest(NULL, Object(Config\Cache), false)
#5 C:\xampp\htdocs\FAH\index.php(37): CodeIgniter\CodeIgniter->run()
#6 {main}
ERROR - 2021-12-04 05:57:29 --> Unknown column 'ID' in 'field list'
CRITICAL - 2021-12-04 05:57:29 --> Attempt to read property "getResultArray" on bool
#0 C:\xampp\htdocs\FAH\app\Models\LoginModel.php(16): CodeIgniter\Debug\Exceptions->errorHandler(2, 'Attempt to read...', 'C:\\xampp\\htdocs...', 16)
#1 C:\xampp\htdocs\FAH\app\Controllers\Login.php(37): App\Models\LoginModel->verifyEmail('maheksavanidrea...')
#2 C:\xampp\htdocs\FAH\system\CodeIgniter.php(824): App\Controllers\Login->verify()
#3 C:\xampp\htdocs\FAH\system\CodeIgniter.php(410): CodeIgniter\CodeIgniter->runController(Object(App\Controllers\Login))
#4 C:\xampp\htdocs\FAH\system\CodeIgniter.php(318): CodeIgniter\CodeIgniter->handleRequest(NULL, Object(Config\Cache), false)
#5 C:\xampp\htdocs\FAH\index.php(37): CodeIgniter\CodeIgniter->run()
#6 {main}
ERROR - 2021-12-04 06:03:36 --> Unknown column 'ID' in 'field list'
CRITICAL - 2021-12-04 06:03:36 --> Call to a member function getResultArray() on bool
#0 C:\xampp\htdocs\FAH\app\Controllers\Login.php(38): App\Models\LoginModel->verifyEmail('maheksavanidrea...')
#1 C:\xampp\htdocs\FAH\system\CodeIgniter.php(824): App\Controllers\Login->verify()
#2 C:\xampp\htdocs\FAH\system\CodeIgniter.php(410): CodeIgniter\CodeIgniter->runController(Object(App\Controllers\Login))
#3 C:\xampp\htdocs\FAH\system\CodeIgniter.php(318): CodeIgniter\CodeIgniter->handleRequest(NULL, Object(Config\Cache), false)
#4 C:\xampp\htdocs\FAH\index.php(37): CodeIgniter\CodeIgniter->run()
#5 {main}
ERROR - 2021-12-04 06:04:00 --> Unknown column 'ID' in 'field list'
CRITICAL - 2021-12-04 06:04:00 --> Call to a member function getResultArray() on bool
#0 C:\xampp\htdocs\FAH\app\Controllers\Login.php(38): App\Models\LoginModel->verifyEmail('maheksavanidrea...')
#1 C:\xampp\htdocs\FAH\system\CodeIgniter.php(824): App\Controllers\Login->verify()
#2 C:\xampp\htdocs\FAH\system\CodeIgniter.php(410): CodeIgniter\CodeIgniter->runController(Object(App\Controllers\Login))
#3 C:\xampp\htdocs\FAH\system\CodeIgniter.php(318): CodeIgniter\CodeIgniter->handleRequest(NULL, Object(Config\Cache), false)
#4 C:\xampp\htdocs\FAH\index.php(37): CodeIgniter\CodeIgniter->run()
#5 {main}
ERROR - 2021-12-04 06:05:03 --> Unknown column 'ID' in 'field list'
CRITICAL - 2021-12-04 06:05:03 --> Call to a member function getResultArray() on bool
#0 C:\xampp\htdocs\FAH\app\Controllers\Login.php(37): App\Models\LoginModel->verifyEmail('maheksavanidrea...')
#1 C:\xampp\htdocs\FAH\system\CodeIgniter.php(824): App\Controllers\Login->verify()
#2 C:\xampp\htdocs\FAH\system\CodeIgniter.php(410): CodeIgniter\CodeIgniter->runController(Object(App\Controllers\Login))
#3 C:\xampp\htdocs\FAH\system\CodeIgniter.php(318): CodeIgniter\CodeIgniter->handleRequest(NULL, Object(Config\Cache), false)
#4 C:\xampp\htdocs\FAH\index.php(37): CodeIgniter\CodeIgniter->run()
#5 {main}
ERROR - 2021-12-04 06:06:41 --> Unknown column 'ID' in 'field list'
CRITICAL - 2021-12-04 06:06:41 --> Call to a member function getResultArray() on bool
#0 C:\xampp\htdocs\FAH\app\Controllers\Login.php(37): App\Models\LoginModel->verifyEmail('maheksavanidrea...')
#1 C:\xampp\htdocs\FAH\system\CodeIgniter.php(824): App\Controllers\Login->verify()
#2 C:\xampp\htdocs\FAH\system\CodeIgniter.php(410): CodeIgniter\CodeIgniter->runController(Object(App\Controllers\Login))
#3 C:\xampp\htdocs\FAH\system\CodeIgniter.php(318): CodeIgniter\CodeIgniter->handleRequest(NULL, Object(Config\Cache), false)
#4 C:\xampp\htdocs\FAH\index.php(37): CodeIgniter\CodeIgniter->run()
#5 {main}
ERROR - 2021-12-04 06:20:19 --> Unknown column 'ID' in 'field list'
CRITICAL - 2021-12-04 06:20:19 --> Call to a member function getResultArray() on bool
#0 C:\xampp\htdocs\FAH\app\Controllers\Login.php(37): App\Models\LoginModel->verifyEmail('maheksavanidrea...')
#1 C:\xampp\htdocs\FAH\system\CodeIgniter.php(824): App\Controllers\Login->verify()
#2 C:\xampp\htdocs\FAH\system\CodeIgniter.php(410): CodeIgniter\CodeIgniter->runController(Object(App\Controllers\Login))
#3 C:\xampp\htdocs\FAH\system\CodeIgniter.php(318): CodeIgniter\CodeIgniter->handleRequest(NULL, Object(Config\Cache), false)
#4 C:\xampp\htdocs\FAH\index.php(37): CodeIgniter\CodeIgniter->run()
#5 {main}
CRITICAL - 2021-12-04 06:38:33 --> You must set the database table to be used with your query.
#0 C:\xampp\htdocs\FAH\system\Model.php(545): CodeIgniter\Database\BaseConnection->table(NULL)
#1 C:\xampp\htdocs\FAH\system\Model.php(717): CodeIgniter\Model->builder()
#2 C:\xampp\htdocs\FAH\app\Controllers\Login.php(30): CodeIgniter\Model->__call('where', Array)
#3 C:\xampp\htdocs\FAH\system\CodeIgniter.php(824): App\Controllers\Login->verify()
#4 C:\xampp\htdocs\FAH\system\CodeIgniter.php(410): CodeIgniter\CodeIgniter->runController(Object(App\Controllers\Login))
#5 C:\xampp\htdocs\FAH\system\CodeIgniter.php(318): CodeIgniter\CodeIgniter->handleRequest(NULL, Object(Config\Cache), false)
#6 C:\xampp\htdocs\FAH\index.php(37): CodeIgniter\CodeIgniter->run()
#7 {main}
CRITICAL - 2021-12-04 06:40:16 --> You must set the database table to be used with your query.
#0 C:\xampp\htdocs\FAH\system\Model.php(545): CodeIgniter\Database\BaseConnection->table(NULL)
#1 C:\xampp\htdocs\FAH\system\Model.php(717): CodeIgniter\Model->builder()
#2 C:\xampp\htdocs\FAH\app\Controllers\Login.php(30): CodeIgniter\Model->__call('where', Array)
#3 C:\xampp\htdocs\FAH\system\CodeIgniter.php(824): App\Controllers\Login->verify()
#4 C:\xampp\htdocs\FAH\system\CodeIgniter.php(410): CodeIgniter\CodeIgniter->runController(Object(App\Controllers\Login))
#5 C:\xampp\htdocs\FAH\system\CodeIgniter.php(318): CodeIgniter\CodeIgniter->handleRequest(NULL, Object(Config\Cache), false)
#6 C:\xampp\htdocs\FAH\index.php(37): CodeIgniter\CodeIgniter->run()
#7 {main}
CRITICAL - 2021-12-04 06:58:54 --> syntax error, unexpected identifier "KASAKSNJK", expecting "function" or "const"
#0 C:\xampp\htdocs\FAH\system\Autoloader\Autoloader.php(241): CodeIgniter\Autoloader\Autoloader->includeFile('C:\\xampp\\htdocs...')
#1 C:\xampp\htdocs\FAH\system\Autoloader\Autoloader.php(219): CodeIgniter\Autoloader\Autoloader->loadInNamespace('App\\Controllers...')
#2 [internal function]: CodeIgniter\Autoloader\Autoloader->loadClass('App\\Controllers...')
#3 C:\xampp\htdocs\FAH\system\CodeIgniter.php(789): class_exists('\\App\\Controller...', true)
#4 C:\xampp\htdocs\FAH\system\CodeIgniter.php(397): CodeIgniter\CodeIgniter->startController()
#5 C:\xampp\htdocs\FAH\system\CodeIgniter.php(318): CodeIgniter\CodeIgniter->handleRequest(NULL, Object(Config\Cache), false)
#6 C:\xampp\htdocs\FAH\index.php(37): CodeIgniter\CodeIgniter->run()
#7 {main}
CRITICAL - 2021-12-04 07:18:13 --> Attempt to read property "PASSWORD" on array
#0 C:\xampp\htdocs\FAH\app\Controllers\Login.php(44): CodeIgniter\Debug\Exceptions->errorHandler(2, 'Attempt to read...', 'C:\\xampp\\htdocs...', 44)
#1 C:\xampp\htdocs\FAH\system\CodeIgniter.php(824): App\Controllers\Login->verify()
#2 C:\xampp\htdocs\FAH\system\CodeIgniter.php(410): CodeIgniter\CodeIgniter->runController(Object(App\Controllers\Login))
#3 C:\xampp\htdocs\FAH\system\CodeIgniter.php(318): CodeIgniter\CodeIgniter->handleRequest(NULL, Object(Config\Cache), false)
#4 C:\xampp\htdocs\FAH\index.php(37): CodeIgniter\CodeIgniter->run()
#5 {main}
ERROR - 2021-12-04 07:25:16 --> Unknown column 'ID' in 'field list'
CRITICAL - 2021-12-04 07:25:16 --> Call to a member function getResultArray() on bool
#0 C:\xampp\htdocs\FAH\app\Controllers\Login.php(37): App\Models\LoginModel->verifyEmail('maheksavanidrea...')
#1 C:\xampp\htdocs\FAH\system\CodeIgniter.php(824): App\Controllers\Login->verify()
#2 C:\xampp\htdocs\FAH\system\CodeIgniter.php(410): CodeIgniter\CodeIgniter->runController(Object(App\Controllers\Login))
#3 C:\xampp\htdocs\FAH\system\CodeIgniter.php(318): CodeIgniter\CodeIgniter->handleRequest(NULL, Object(Config\Cache), false)
#4 C:\xampp\htdocs\FAH\index.php(37): CodeIgniter\CodeIgniter->run()
#5 {main}
ERROR - 2021-12-04 07:28:09 --> Unknown column 'ID' in 'field list'
CRITICAL - 2021-12-04 07:28:09 --> Call to a member function getResultArray() on bool
#0 C:\xampp\htdocs\FAH\app\Controllers\Login.php(37): App\Models\LoginModel->verifyEmail('maheksavanidrea...')
#1 C:\xampp\htdocs\FAH\system\CodeIgniter.php(824): App\Controllers\Login->verify()
#2 C:\xampp\htdocs\FAH\system\CodeIgniter.php(410): CodeIgniter\CodeIgniter->runController(Object(App\Controllers\Login))
#3 C:\xampp\htdocs\FAH\system\CodeIgniter.php(318): CodeIgniter\CodeIgniter->handleRequest(NULL, Object(Config\Cache), false)
#4 C:\xampp\htdocs\FAH\index.php(37): CodeIgniter\CodeIgniter->run()
#5 {main}
ERROR - 2021-12-04 07:35:02 --> Unknown column '$EMAIL' in 'where clause'
CRITICAL - 2021-12-04 07:35:02 --> Call to a member function getResultArray() on bool
#0 C:\xampp\htdocs\FAH\app\Controllers\Login.php(37): App\Models\LoginModel->verifyEmail('maheksavanidrea...')
#1 C:\xampp\htdocs\FAH\system\CodeIgniter.php(824): App\Controllers\Login->verify()
#2 C:\xampp\htdocs\FAH\system\CodeIgniter.php(410): CodeIgniter\CodeIgniter->runController(Object(App\Controllers\Login))
#3 C:\xampp\htdocs\FAH\system\CodeIgniter.php(318): CodeIgniter\CodeIgniter->handleRequest(NULL, Object(Config\Cache), false)
#4 C:\xampp\htdocs\FAH\index.php(37): CodeIgniter\CodeIgniter->run()
#5 {main}
ERROR - 2021-12-04 07:35:26 --> Unknown column '$EMAIL' in 'where clause'
CRITICAL - 2021-12-04 07:35:26 --> Call to a member function getResultArray() on bool
#0 C:\xampp\htdocs\FAH\app\Controllers\Login.php(37): App\Models\LoginModel->verifyEmail('maheksavanidrea...')
#1 C:\xampp\htdocs\FAH\system\CodeIgniter.php(824): App\Controllers\Login->verify()
#2 C:\xampp\htdocs\FAH\system\CodeIgniter.php(410): CodeIgniter\CodeIgniter->runController(Object(App\Controllers\Login))
#3 C:\xampp\htdocs\FAH\system\CodeIgniter.php(318): CodeIgniter\CodeIgniter->handleRequest(NULL, Object(Config\Cache), false)
#4 C:\xampp\htdocs\FAH\index.php(37): CodeIgniter\CodeIgniter->run()
#5 {main}
ERROR - 2021-12-04 07:35:32 --> Unknown column '$EMAIL' in 'where clause'
CRITICAL - 2021-12-04 07:35:32 --> Call to a member function getResultArray() on bool
#0 C:\xampp\htdocs\FAH\app\Controllers\Login.php(37): App\Models\LoginModel->verifyEmail('maheksavanidrea...')
#1 C:\xampp\htdocs\FAH\system\CodeIgniter.php(824): App\Controllers\Login->verify()
#2 C:\xampp\htdocs\FAH\system\CodeIgniter.php(410): CodeIgniter\CodeIgniter->runController(Object(App\Controllers\Login))
#3 C:\xampp\htdocs\FAH\system\CodeIgniter.php(318): CodeIgniter\CodeIgniter->handleRequest(NULL, Object(Config\Cache), false)
#4 C:\xampp\htdocs\FAH\index.php(37): CodeIgniter\CodeIgniter->run()
#5 {main}
CRITICAL - 2021-12-04 07:40:22 --> Call to undefined method CodeIgniter\Database\MySQLi\Connection::select()
#0 C:\xampp\htdocs\FAH\app\Controllers\Login.php(37): App\Models\LoginModel->verifyEmail('maheksavanidrea...')
#1 C:\xampp\htdocs\FAH\system\CodeIgniter.php(824): App\Controllers\Login->verify()
#2 C:\xampp\htdocs\FAH\system\CodeIgniter.php(410): CodeIgniter\CodeIgniter->runController(Object(App\Controllers\Login))
#3 C:\xampp\htdocs\FAH\system\CodeIgniter.php(318): CodeIgniter\CodeIgniter->handleRequest(NULL, Object(Config\Cache), false)
#4 C:\xampp\htdocs\FAH\index.php(37): CodeIgniter\CodeIgniter->run()
#5 {main}
CRITICAL - 2021-12-04 07:41:12 --> Call to undefined method CodeIgniter\Database\MySQLi\Connection::select()
#0 C:\xampp\htdocs\FAH\app\Controllers\Login.php(37): App\Models\LoginModel->verifyEmail('maheksavanidrea...')
#1 C:\xampp\htdocs\FAH\system\CodeIgniter.php(824): App\Controllers\Login->verify()
#2 C:\xampp\htdocs\FAH\system\CodeIgniter.php(410): CodeIgniter\CodeIgniter->runController(Object(App\Controllers\Login))
#3 C:\xampp\htdocs\FAH\system\CodeIgniter.php(318): CodeIgniter\CodeIgniter->handleRequest(NULL, Object(Config\Cache), false)
#4 C:\xampp\htdocs\FAH\index.php(37): CodeIgniter\CodeIgniter->run()
#5 {main}
CRITICAL - 2021-12-04 07:42:05 --> Call to undefined method CodeIgniter\Database\MySQLi\Connection::select()
#0 C:\xampp\htdocs\FAH\app\Controllers\Login.php(37): App\Models\LoginModel->verifyEmail('maheksavanidrea...')
#1 C:\xampp\htdocs\FAH\system\CodeIgniter.php(824): App\Controllers\Login->verify()
#2 C:\xampp\htdocs\FAH\system\CodeIgniter.php(410): CodeIgniter\CodeIgniter->runController(Object(App\Controllers\Login))
#3 C:\xampp\htdocs\FAH\system\CodeIgniter.php(318): CodeIgniter\CodeIgniter->handleRequest(NULL, Object(Config\Cache), false)
#4 C:\xampp\htdocs\FAH\index.php(37): CodeIgniter\CodeIgniter->run()
#5 {main}
CRITICAL - 2021-12-04 07:42:54 --> Object of class App\Models\LoginModel could not be converted to string
#0 C:\xampp\htdocs\FAH\app\Controllers\Login.php(37): App\Models\LoginModel->verifyEmail('maheksavanidrea...')
#1 C:\xampp\htdocs\FAH\system\CodeIgniter.php(824): App\Controllers\Login->verify()
#2 C:\xampp\htdocs\FAH\system\CodeIgniter.php(410): CodeIgniter\CodeIgniter->runController(Object(App\Controllers\Login))
#3 C:\xampp\htdocs\FAH\system\CodeIgniter.php(318): CodeIgniter\CodeIgniter->handleRequest(NULL, Object(Config\Cache), false)
#4 C:\xampp\htdocs\FAH\index.php(37): CodeIgniter\CodeIgniter->run()
#5 {main}
CRITICAL - 2021-12-04 07:43:22 --> Object of class App\Models\LoginModel could not be converted to string
#0 C:\xampp\htdocs\FAH\app\Controllers\Login.php(37): App\Models\LoginModel->verifyEmail('maheksavanidrea...')
#1 C:\xampp\htdocs\FAH\system\CodeIgniter.php(824): App\Controllers\Login->verify()
#2 C:\xampp\htdocs\FAH\system\CodeIgniter.php(410): CodeIgniter\CodeIgniter->runController(Object(App\Controllers\Login))
#3 C:\xampp\htdocs\FAH\system\CodeIgniter.php(318): CodeIgniter\CodeIgniter->handleRequest(NULL, Object(Config\Cache), false)
#4 C:\xampp\htdocs\FAH\index.php(37): CodeIgniter\CodeIgniter->run()
#5 {main}
ERROR - 2021-12-04 07:46:58 --> Unknown column 'ID' in 'field list'
CRITICAL - 2021-12-04 07:46:58 --> Call to a member function getResultArray() on bool
#0 C:\xampp\htdocs\FAH\app\Controllers\Login.php(37): App\Models\LoginModel->verifyEmail('maheksavanidrea...')
#1 C:\xampp\htdocs\FAH\system\CodeIgniter.php(824): App\Controllers\Login->verify()
#2 C:\xampp\htdocs\FAH\system\CodeIgniter.php(410): CodeIgniter\CodeIgniter->runController(Object(App\Controllers\Login))
#3 C:\xampp\htdocs\FAH\system\CodeIgniter.php(318): CodeIgniter\CodeIgniter->handleRequest(NULL, Object(Config\Cache), false)
#4 C:\xampp\htdocs\FAH\index.php(37): CodeIgniter\CodeIgniter->run()
#5 {main}
CRITICAL - 2021-12-04 07:49:49 --> Call to undefined method CodeIgniter\Database\MySQLi\Builder::getResultArray()
#0 C:\xampp\htdocs\FAH\app\Controllers\Login.php(37): App\Models\LoginModel->verifyEmail('maheksavanidrea...')
#1 C:\xampp\htdocs\FAH\system\CodeIgniter.php(824): App\Controllers\Login->verify()
#2 C:\xampp\htdocs\FAH\system\CodeIgniter.php(410): CodeIgniter\CodeIgniter->runController(Object(App\Controllers\Login))
#3 C:\xampp\htdocs\FAH\system\CodeIgniter.php(318): CodeIgniter\CodeIgniter->handleRequest(NULL, Object(Config\Cache), false)
#4 C:\xampp\htdocs\FAH\index.php(37): CodeIgniter\CodeIgniter->run()
#5 {main}
CRITICAL - 2021-12-04 07:52:42 --> Call to undefined method CodeIgniter\Database\MySQLi\Builder::getResultArray()
#0 C:\xampp\htdocs\FAH\app\Controllers\Login.php(37): App\Models\LoginModel->verifyEmail('maheksavanidrea...')
#1 C:\xampp\htdocs\FAH\system\CodeIgniter.php(824): App\Controllers\Login->verify()
#2 C:\xampp\htdocs\FAH\system\CodeIgniter.php(410): CodeIgniter\CodeIgniter->runController(Object(App\Controllers\Login))
#3 C:\xampp\htdocs\FAH\system\CodeIgniter.php(318): CodeIgniter\CodeIgniter->handleRequest(NULL, Object(Config\Cache), false)
#4 C:\xampp\htdocs\FAH\index.php(37): CodeIgniter\CodeIgniter->run()
#5 {main}
CRITICAL - 2021-12-04 07:52:53 --> Call to undefined method CodeIgniter\Database\MySQLi\Builder::getResultArray()
#0 C:\xampp\htdocs\FAH\app\Controllers\Login.php(37): App\Models\LoginModel->verifyEmail('maheksavanidrea...')
#1 C:\xampp\htdocs\FAH\system\CodeIgniter.php(824): App\Controllers\Login->verify()
#2 C:\xampp\htdocs\FAH\system\CodeIgniter.php(410): CodeIgniter\CodeIgniter->runController(Object(App\Controllers\Login))
#3 C:\xampp\htdocs\FAH\system\CodeIgniter.php(318): CodeIgniter\CodeIgniter->handleRequest(NULL, Object(Config\Cache), false)
#4 C:\xampp\htdocs\FAH\index.php(37): CodeIgniter\CodeIgniter->run()
#5 {main}
CRITICAL - 2021-12-04 07:54:41 --> Attempt to read property "kode" on array
#0 C:\xampp\htdocs\FAH\app\Models\LoginModel.php(18): CodeIgniter\Debug\Exceptions->errorHandler(2, 'Attempt to read...', 'C:\\xampp\\htdocs...', 18)
#1 C:\xampp\htdocs\FAH\app\Controllers\Login.php(37): App\Models\LoginModel->verifyEmail('maheksavanidrea...')
#2 C:\xampp\htdocs\FAH\system\CodeIgniter.php(824): App\Controllers\Login->verify()
#3 C:\xampp\htdocs\FAH\system\CodeIgniter.php(410): CodeIgniter\CodeIgniter->runController(Object(App\Controllers\Login))
#4 C:\xampp\htdocs\FAH\system\CodeIgniter.php(318): CodeIgniter\CodeIgniter->handleRequest(NULL, Object(Config\Cache), false)
#5 C:\xampp\htdocs\FAH\index.php(37): CodeIgniter\CodeIgniter->run()
#6 {main}
CRITICAL - 2021-12-04 07:54:56 --> Call to undefined method CodeIgniter\Database\MySQLi\Builder::getResultArray()
#0 C:\xampp\htdocs\FAH\app\Controllers\Login.php(37): App\Models\LoginModel->verifyEmail('maheksavanidrea...')
#1 C:\xampp\htdocs\FAH\system\CodeIgniter.php(824): App\Controllers\Login->verify()
#2 C:\xampp\htdocs\FAH\system\CodeIgniter.php(410): CodeIgniter\CodeIgniter->runController(Object(App\Controllers\Login))
#3 C:\xampp\htdocs\FAH\system\CodeIgniter.php(318): CodeIgniter\CodeIgniter->handleRequest(NULL, Object(Config\Cache), false)
#4 C:\xampp\htdocs\FAH\index.php(37): CodeIgniter\CodeIgniter->run()
#5 {main}
CRITICAL - 2021-12-04 07:59:46 --> Call to a member function getResult() on array
#0 C:\xampp\htdocs\FAH\app\Controllers\Login.php(37): App\Models\LoginModel->verifyEmail('maheksavanidrea...')
#1 C:\xampp\htdocs\FAH\system\CodeIgniter.php(824): App\Controllers\Login->verify()
#2 C:\xampp\htdocs\FAH\system\CodeIgniter.php(410): CodeIgniter\CodeIgniter->runController(Object(App\Controllers\Login))
#3 C:\xampp\htdocs\FAH\system\CodeIgniter.php(318): CodeIgniter\CodeIgniter->handleRequest(NULL, Object(Config\Cache), false)
#4 C:\xampp\htdocs\FAH\index.php(37): CodeIgniter\CodeIgniter->run()
#5 {main}
CRITICAL - 2021-12-04 08:00:01 --> Call to undefined method CodeIgniter\Database\MySQLi\Builder::getResultArray()
#0 C:\xampp\htdocs\FAH\app\Controllers\Login.php(37): App\Models\LoginModel->verifyEmail('maheksavanidrea...')
#1 C:\xampp\htdocs\FAH\system\CodeIgniter.php(824): App\Controllers\Login->verify()
#2 C:\xampp\htdocs\FAH\system\CodeIgniter.php(410): CodeIgniter\CodeIgniter->runController(Object(App\Controllers\Login))
#3 C:\xampp\htdocs\FAH\system\CodeIgniter.php(318): CodeIgniter\CodeIgniter->handleRequest(NULL, Object(Config\Cache), false)
#4 C:\xampp\htdocs\FAH\index.php(37): CodeIgniter\CodeIgniter->run()
#5 {main}
CRITICAL - 2021-12-04 08:00:42 --> Call to undefined method CodeIgniter\Database\MySQLi\Builder::getResultArray()
#0 C:\xampp\htdocs\FAH\app\Controllers\Login.php(37): App\Models\LoginModel->verifyEmail('maheksavanidrea...')
#1 C:\xampp\htdocs\FAH\system\CodeIgniter.php(824): App\Controllers\Login->verify()
#2 C:\xampp\htdocs\FAH\system\CodeIgniter.php(410): CodeIgniter\CodeIgniter->runController(Object(App\Controllers\Login))
#3 C:\xampp\htdocs\FAH\system\CodeIgniter.php(318): CodeIgniter\CodeIgniter->handleRequest(NULL, Object(Config\Cache), false)
#4 C:\xampp\htdocs\FAH\index.php(37): CodeIgniter\CodeIgniter->run()
#5 {main}
ERROR - 2021-12-04 08:03:19 --> Unknown column 'ID' in 'field list'
CRITICAL - 2021-12-04 08:03:19 --> Call to a member function getResultArray() on bool
#0 C:\xampp\htdocs\FAH\app\Controllers\Login.php(37): App\Models\LoginModel->verifyEmail('maheksavanidrea...')
#1 C:\xampp\htdocs\FAH\system\CodeIgniter.php(824): App\Controllers\Login->verify()
#2 C:\xampp\htdocs\FAH\system\CodeIgniter.php(410): CodeIgniter\CodeIgniter->runController(Object(App\Controllers\Login))
#3 C:\xampp\htdocs\FAH\system\CodeIgniter.php(318): CodeIgniter\CodeIgniter->handleRequest(NULL, Object(Config\Cache), false)
#4 C:\xampp\htdocs\FAH\index.php(37): CodeIgniter\CodeIgniter->run()
#5 {main}
CRITICAL - 2021-12-04 08:04:24 --> Undefined variable $query
#0 C:\xampp\htdocs\FAH\app\Models\LoginModel.php(23): CodeIgniter\Debug\Exceptions->errorHandler(2, 'Undefined varia...', 'C:\\xampp\\htdocs...', 23)
#1 C:\xampp\htdocs\FAH\app\Controllers\Login.php(37): App\Models\LoginModel->verifyEmail('maheksavanidrea...')
#2 C:\xampp\htdocs\FAH\system\CodeIgniter.php(824): App\Controllers\Login->verify()
#3 C:\xampp\htdocs\FAH\system\CodeIgniter.php(410): CodeIgniter\CodeIgniter->runController(Object(App\Controllers\Login))
#4 C:\xampp\htdocs\FAH\system\CodeIgniter.php(318): CodeIgniter\CodeIgniter->handleRequest(NULL, Object(Config\Cache), false)
#5 C:\xampp\htdocs\FAH\index.php(37): CodeIgniter\CodeIgniter->run()
#6 {main}
CRITICAL - 2021-12-04 08:06:08 --> Undefined variable $query
#0 C:\xampp\htdocs\FAH\app\Models\LoginModel.php(23): CodeIgniter\Debug\Exceptions->errorHandler(2, 'Undefined varia...', 'C:\\xampp\\htdocs...', 23)
#1 C:\xampp\htdocs\FAH\app\Controllers\Login.php(37): App\Models\LoginModel->verifyEmail('maheksavanidrea...')
#2 C:\xampp\htdocs\FAH\system\CodeIgniter.php(824): App\Controllers\Login->verify()
#3 C:\xampp\htdocs\FAH\system\CodeIgniter.php(410): CodeIgniter\CodeIgniter->runController(Object(App\Controllers\Login))
#4 C:\xampp\htdocs\FAH\system\CodeIgniter.php(318): CodeIgniter\CodeIgniter->handleRequest(NULL, Object(Config\Cache), false)
#5 C:\xampp\htdocs\FAH\index.php(37): CodeIgniter\CodeIgniter->run()
#6 {main}
CRITICAL - 2021-12-04 08:07:14 --> Undefined variable $query
#0 C:\xampp\htdocs\FAH\app\Models\LoginModel.php(23): CodeIgniter\Debug\Exceptions->errorHandler(2, 'Undefined varia...', 'C:\\xampp\\htdocs...', 23)
#1 C:\xampp\htdocs\FAH\app\Controllers\Login.php(39): App\Models\LoginModel->verifyEmail('maheksavanidrea...')
#2 C:\xampp\htdocs\FAH\system\CodeIgniter.php(824): App\Controllers\Login->verify()
#3 C:\xampp\htdocs\FAH\system\CodeIgniter.php(410): CodeIgniter\CodeIgniter->runController(Object(App\Controllers\Login))
#4 C:\xampp\htdocs\FAH\system\CodeIgniter.php(318): CodeIgniter\CodeIgniter->handleRequest(NULL, Object(Config\Cache), false)
#5 C:\xampp\htdocs\FAH\index.php(37): CodeIgniter\CodeIgniter->run()
#6 {main}
CRITICAL - 2021-12-04 08:09:00 --> Undefined variable $query
#0 C:\xampp\htdocs\FAH\app\Models\LoginModel.php(23): CodeIgniter\Debug\Exceptions->errorHandler(2, 'Undefined varia...', 'C:\\xampp\\htdocs...', 23)
#1 C:\xampp\htdocs\FAH\app\Controllers\Login.php(39): App\Models\LoginModel->verifyEmail('maheksavanidrea...')
#2 C:\xampp\htdocs\FAH\system\CodeIgniter.php(824): App\Controllers\Login->verify()
#3 C:\xampp\htdocs\FAH\system\CodeIgniter.php(410): CodeIgniter\CodeIgniter->runController(Object(App\Controllers\Login))
#4 C:\xampp\htdocs\FAH\system\CodeIgniter.php(318): CodeIgniter\CodeIgniter->handleRequest(NULL, Object(Config\Cache), false)
#5 C:\xampp\htdocs\FAH\index.php(37): CodeIgniter\CodeIgniter->run()
#6 {main}
CRITICAL - 2021-12-04 08:09:43 --> Undefined variable $query
#0 C:\xampp\htdocs\FAH\app\Models\LoginModel.php(24): CodeIgniter\Debug\Exceptions->errorHandler(2, 'Undefined varia...', 'C:\\xampp\\htdocs...', 24)
#1 C:\xampp\htdocs\FAH\app\Controllers\Login.php(39): App\Models\LoginModel->verifyEmail('maheksavanidrea...')
#2 C:\xampp\htdocs\FAH\system\CodeIgniter.php(824): App\Controllers\Login->verify()
#3 C:\xampp\htdocs\FAH\system\CodeIgniter.php(410): CodeIgniter\CodeIgniter->runController(Object(App\Controllers\Login))
#4 C:\xampp\htdocs\FAH\system\CodeIgniter.php(318): CodeIgniter\CodeIgniter->handleRequest(NULL, Object(Config\Cache), false)
#5 C:\xampp\htdocs\FAH\index.php(37): CodeIgniter\CodeIgniter->run()
#6 {main}
CRITICAL - 2021-12-04 08:10:39 --> Undefined variable $query
#0 C:\xampp\htdocs\FAH\app\Models\LoginModel.php(25): CodeIgniter\Debug\Exceptions->errorHandler(2, 'Undefined varia...', 'C:\\xampp\\htdocs...', 25)
#1 C:\xampp\htdocs\FAH\app\Controllers\Login.php(39): App\Models\LoginModel->verifyEmail('maheksavanidrea...')
#2 C:\xampp\htdocs\FAH\system\CodeIgniter.php(824): App\Controllers\Login->verify()
#3 C:\xampp\htdocs\FAH\system\CodeIgniter.php(410): CodeIgniter\CodeIgniter->runController(Object(App\Controllers\Login))
#4 C:\xampp\htdocs\FAH\system\CodeIgniter.php(318): CodeIgniter\CodeIgniter->handleRequest(NULL, Object(Config\Cache), false)
#5 C:\xampp\htdocs\FAH\index.php(37): CodeIgniter\CodeIgniter->run()
#6 {main}
CRITICAL - 2021-12-04 08:12:00 --> Undefined variable $query
#0 C:\xampp\htdocs\FAH\app\Models\LoginModel.php(24): CodeIgniter\Debug\Exceptions->errorHandler(2, 'Undefined varia...', 'C:\\xampp\\htdocs...', 24)
#1 C:\xampp\htdocs\FAH\app\Controllers\Login.php(39): App\Models\LoginModel->verifyEmail('maheksavanidrea...')
#2 C:\xampp\htdocs\FAH\system\CodeIgniter.php(824): App\Controllers\Login->verify()
#3 C:\xampp\htdocs\FAH\system\CodeIgniter.php(410): CodeIgniter\CodeIgniter->runController(Object(App\Controllers\Login))
#4 C:\xampp\htdocs\FAH\system\CodeIgniter.php(318): CodeIgniter\CodeIgniter->handleRequest(NULL, Object(Config\Cache), false)
#5 C:\xampp\htdocs\FAH\index.php(37): CodeIgniter\CodeIgniter->run()
#6 {main}
CRITICAL - 2021-12-04 08:12:36 --> Undefined variable $result
#0 C:\xampp\htdocs\FAH\app\Models\LoginModel.php(23): CodeIgniter\Debug\Exceptions->errorHandler(2, 'Undefined varia...', 'C:\\xampp\\htdocs...', 23)
#1 C:\xampp\htdocs\FAH\app\Controllers\Login.php(39): App\Models\LoginModel->verifyEmail('maheksavanidrea...')
#2 C:\xampp\htdocs\FAH\system\CodeIgniter.php(824): App\Controllers\Login->verify()
#3 C:\xampp\htdocs\FAH\system\CodeIgniter.php(410): CodeIgniter\CodeIgniter->runController(Object(App\Controllers\Login))
#4 C:\xampp\htdocs\FAH\system\CodeIgniter.php(318): CodeIgniter\CodeIgniter->handleRequest(NULL, Object(Config\Cache), false)
#5 C:\xampp\htdocs\FAH\index.php(37): CodeIgniter\CodeIgniter->run()
#6 {main}
CRITICAL - 2021-12-04 08:13:03 --> Undefined variable $query
#0 C:\xampp\htdocs\FAH\app\Models\LoginModel.php(24): CodeIgniter\Debug\Exceptions->errorHandler(2, 'Undefined varia...', 'C:\\xampp\\htdocs...', 24)
#1 C:\xampp\htdocs\FAH\app\Controllers\Login.php(39): App\Models\LoginModel->verifyEmail('maheksavanidrea...')
#2 C:\xampp\htdocs\FAH\system\CodeIgniter.php(824): App\Controllers\Login->verify()
#3 C:\xampp\htdocs\FAH\system\CodeIgniter.php(410): CodeIgniter\CodeIgniter->runController(Object(App\Controllers\Login))
#4 C:\xampp\htdocs\FAH\system\CodeIgniter.php(318): CodeIgniter\CodeIgniter->handleRequest(NULL, Object(Config\Cache), false)
#5 C:\xampp\htdocs\FAH\index.php(37): CodeIgniter\CodeIgniter->run()
#6 {main}
CRITICAL - 2021-12-04 08:13:19 --> Undefined variable $result
#0 C:\xampp\htdocs\FAH\app\Models\LoginModel.php(23): CodeIgniter\Debug\Exceptions->errorHandler(2, 'Undefined varia...', 'C:\\xampp\\htdocs...', 23)
#1 C:\xampp\htdocs\FAH\app\Controllers\Login.php(39): App\Models\LoginModel->verifyEmail('maheksavanidrea...')
#2 C:\xampp\htdocs\FAH\system\CodeIgniter.php(824): App\Controllers\Login->verify()
#3 C:\xampp\htdocs\FAH\system\CodeIgniter.php(410): CodeIgniter\CodeIgniter->runController(Object(App\Controllers\Login))
#4 C:\xampp\htdocs\FAH\system\CodeIgniter.php(318): CodeIgniter\CodeIgniter->handleRequest(NULL, Object(Config\Cache), false)
#5 C:\xampp\htdocs\FAH\index.php(37): CodeIgniter\CodeIgniter->run()
#6 {main}
CRITICAL - 2021-12-04 08:14:06 --> Undefined variable $result
#0 C:\xampp\htdocs\FAH\app\Models\LoginModel.php(23): CodeIgniter\Debug\Exceptions->errorHandler(2, 'Undefined varia...', 'C:\\xampp\\htdocs...', 23)
#1 C:\xampp\htdocs\FAH\app\Controllers\Login.php(39): App\Models\LoginModel->verifyEmail('maheksavanidrea...')
#2 C:\xampp\htdocs\FAH\system\CodeIgniter.php(824): App\Controllers\Login->verify()
#3 C:\xampp\htdocs\FAH\system\CodeIgniter.php(410): CodeIgniter\CodeIgniter->runController(Object(App\Controllers\Login))
#4 C:\xampp\htdocs\FAH\system\CodeIgniter.php(318): CodeIgniter\CodeIgniter->handleRequest(NULL, Object(Config\Cache), false)
#5 C:\xampp\htdocs\FAH\index.php(37): CodeIgniter\CodeIgniter->run()
#6 {main}
CRITICAL - 2021-12-04 08:14:17 --> Undefined variable $query
#0 C:\xampp\htdocs\FAH\app\Models\LoginModel.php(25): CodeIgniter\Debug\Exceptions->errorHandler(2, 'Undefined varia...', 'C:\\xampp\\htdocs...', 25)
#1 C:\xampp\htdocs\FAH\app\Controllers\Login.php(39): App\Models\LoginModel->verifyEmail('maheksavanidrea...')
#2 C:\xampp\htdocs\FAH\system\CodeIgniter.php(824): App\Controllers\Login->verify()
#3 C:\xampp\htdocs\FAH\system\CodeIgniter.php(410): CodeIgniter\CodeIgniter->runController(Object(App\Controllers\Login))
#4 C:\xampp\htdocs\FAH\system\CodeIgniter.php(318): CodeIgniter\CodeIgniter->handleRequest(NULL, Object(Config\Cache), false)
#5 C:\xampp\htdocs\FAH\index.php(37): CodeIgniter\CodeIgniter->run()
#6 {main}
CRITICAL - 2021-12-04 08:14:27 --> Undefined variable $query
#0 C:\xampp\htdocs\FAH\app\Models\LoginModel.php(25): CodeIgniter\Debug\Exceptions->errorHandler(2, 'Undefined varia...', 'C:\\xampp\\htdocs...', 25)
#1 C:\xampp\htdocs\FAH\app\Controllers\Login.php(39): App\Models\LoginModel->verifyEmail('maheksavanidrea...')
#2 C:\xampp\htdocs\FAH\system\CodeIgniter.php(824): App\Controllers\Login->verify()
#3 C:\xampp\htdocs\FAH\system\CodeIgniter.php(410): CodeIgniter\CodeIgniter->runController(Object(App\Controllers\Login))
#4 C:\xampp\htdocs\FAH\system\CodeIgniter.php(318): CodeIgniter\CodeIgniter->handleRequest(NULL, Object(Config\Cache), false)
#5 C:\xampp\htdocs\FAH\index.php(37): CodeIgniter\CodeIgniter->run()
#6 {main}
CRITICAL - 2021-12-04 08:15:04 --> Undefined variable $query
#0 C:\xampp\htdocs\FAH\app\Models\LoginModel.php(25): CodeIgniter\Debug\Exceptions->errorHandler(2, 'Undefined varia...', 'C:\\xampp\\htdocs...', 25)
#1 C:\xampp\htdocs\FAH\app\Controllers\Login.php(39): App\Models\LoginModel->verifyEmail('maheksavanidrea...')
#2 C:\xampp\htdocs\FAH\system\CodeIgniter.php(824): App\Controllers\Login->verify()
#3 C:\xampp\htdocs\FAH\system\CodeIgniter.php(410): CodeIgniter\CodeIgniter->runController(Object(App\Controllers\Login))
#4 C:\xampp\htdocs\FAH\system\CodeIgniter.php(318): CodeIgniter\CodeIgniter->handleRequest(NULL, Object(Config\Cache), false)
#5 C:\xampp\htdocs\FAH\index.php(37): CodeIgniter\CodeIgniter->run()
#6 {main}
CRITICAL - 2021-12-04 08:15:41 --> Undefined variable $query
#0 C:\xampp\htdocs\FAH\app\Models\LoginModel.php(26): CodeIgniter\Debug\Exceptions->errorHandler(2, 'Undefined varia...', 'C:\\xampp\\htdocs...', 26)
#1 C:\xampp\htdocs\FAH\app\Controllers\Login.php(39): App\Models\LoginModel->verifyEmail('maheksavanidrea...')
#2 C:\xampp\htdocs\FAH\system\CodeIgniter.php(824): App\Controllers\Login->verify()
#3 C:\xampp\htdocs\FAH\system\CodeIgniter.php(410): CodeIgniter\CodeIgniter->runController(Object(App\Controllers\Login))
#4 C:\xampp\htdocs\FAH\system\CodeIgniter.php(318): CodeIgniter\CodeIgniter->handleRequest(NULL, Object(Config\Cache), false)
#5 C:\xampp\htdocs\FAH\index.php(37): CodeIgniter\CodeIgniter->run()
#6 {main}
ERROR - 2021-12-04 08:16:01 --> Unknown column 'ID' in 'field list'
CRITICAL - 2021-12-04 08:16:01 --> Call to a member function getResultArray() on bool
#0 C:\xampp\htdocs\FAH\app\Controllers\Login.php(39): App\Models\LoginModel->verifyEmail('maheksavanidrea...')
#1 C:\xampp\htdocs\FAH\system\CodeIgniter.php(824): App\Controllers\Login->verify()
#2 C:\xampp\htdocs\FAH\system\CodeIgniter.php(410): CodeIgniter\CodeIgniter->runController(Object(App\Controllers\Login))
#3 C:\xampp\htdocs\FAH\system\CodeIgniter.php(318): CodeIgniter\CodeIgniter->handleRequest(NULL, Object(Config\Cache), false)
#4 C:\xampp\htdocs\FAH\index.php(37): CodeIgniter\CodeIgniter->run()
#5 {main}
CRITICAL - 2021-12-04 08:18:00 --> Undefined variable $query
#0 C:\xampp\htdocs\FAH\app\Models\LoginModel.php(26): CodeIgniter\Debug\Exceptions->errorHandler(2, 'Undefined varia...', 'C:\\xampp\\htdocs...', 26)
#1 C:\xampp\htdocs\FAH\app\Controllers\Login.php(39): App\Models\LoginModel->verifyEmail('maheksavanidrea...')
#2 C:\xampp\htdocs\FAH\system\CodeIgniter.php(824): App\Controllers\Login->verify()
#3 C:\xampp\htdocs\FAH\system\CodeIgniter.php(410): CodeIgniter\CodeIgniter->runController(Object(App\Controllers\Login))
#4 C:\xampp\htdocs\FAH\system\CodeIgniter.php(318): CodeIgniter\CodeIgniter->handleRequest(NULL, Object(Config\Cache), false)
#5 C:\xampp\htdocs\FAH\index.php(37): CodeIgniter\CodeIgniter->run()
#6 {main}
CRITICAL - 2021-12-04 08:18:14 --> Undefined variable $query
#0 C:\xampp\htdocs\FAH\app\Models\LoginModel.php(26): CodeIgniter\Debug\Exceptions->errorHandler(2, 'Undefined varia...', 'C:\\xampp\\htdocs...', 26)
#1 C:\xampp\htdocs\FAH\app\Controllers\Login.php(39): App\Models\LoginModel->verifyEmail('maheksavanidrea...')
#2 C:\xampp\htdocs\FAH\system\CodeIgniter.php(824): App\Controllers\Login->verify()
#3 C:\xampp\htdocs\FAH\system\CodeIgniter.php(410): CodeIgniter\CodeIgniter->runController(Object(App\Controllers\Login))
#4 C:\xampp\htdocs\FAH\system\CodeIgniter.php(318): CodeIgniter\CodeIgniter->handleRequest(NULL, Object(Config\Cache), false)
#5 C:\xampp\htdocs\FAH\index.php(37): CodeIgniter\CodeIgniter->run()
#6 {main}
ERROR - 2021-12-04 08:19:12 --> Unknown column 'ID' in 'field list'
CRITICAL - 2021-12-04 08:19:12 --> Call to a member function getResultArray() on bool
#0 C:\xampp\htdocs\FAH\app\Controllers\Login.php(39): App\Models\LoginModel->verifyEmail('maheksavanidrea...')
#1 C:\xampp\htdocs\FAH\system\CodeIgniter.php(824): App\Controllers\Login->verify()
#2 C:\xampp\htdocs\FAH\system\CodeIgniter.php(410): CodeIgniter\CodeIgniter->runController(Object(App\Controllers\Login))
#3 C:\xampp\htdocs\FAH\system\CodeIgniter.php(318): CodeIgniter\CodeIgniter->handleRequest(NULL, Object(Config\Cache), false)
#4 C:\xampp\htdocs\FAH\index.php(37): CodeIgniter\CodeIgniter->run()
#5 {main}
CRITICAL - 2021-12-04 08:19:34 --> Undefined variable $query
#0 C:\xampp\htdocs\FAH\app\Models\LoginModel.php(26): CodeIgniter\Debug\Exceptions->errorHandler(2, 'Undefined varia...', 'C:\\xampp\\htdocs...', 26)
#1 C:\xampp\htdocs\FAH\app\Controllers\Login.php(39): App\Models\LoginModel->verifyEmail('maheksavanidrea...')
#2 C:\xampp\htdocs\FAH\system\CodeIgniter.php(824): App\Controllers\Login->verify()
#3 C:\xampp\htdocs\FAH\system\CodeIgniter.php(410): CodeIgniter\CodeIgniter->runController(Object(App\Controllers\Login))
#4 C:\xampp\htdocs\FAH\system\CodeIgniter.php(318): CodeIgniter\CodeIgniter->handleRequest(NULL, Object(Config\Cache), false)
#5 C:\xampp\htdocs\FAH\index.php(37): CodeIgniter\CodeIgniter->run()
#6 {main}
CRITICAL - 2021-12-04 08:19:44 --> Undefined variable $query
#0 C:\xampp\htdocs\FAH\app\Models\LoginModel.php(26): CodeIgniter\Debug\Exceptions->errorHandler(2, 'Undefined varia...', 'C:\\xampp\\htdocs...', 26)
#1 C:\xampp\htdocs\FAH\app\Controllers\Login.php(39): App\Models\LoginModel->verifyEmail('maheksavanidrea...')
#2 C:\xampp\htdocs\FAH\system\CodeIgniter.php(824): App\Controllers\Login->verify()
#3 C:\xampp\htdocs\FAH\system\CodeIgniter.php(410): CodeIgniter\CodeIgniter->runController(Object(App\Controllers\Login))
#4 C:\xampp\htdocs\FAH\system\CodeIgniter.php(318): CodeIgniter\CodeIgniter->handleRequest(NULL, Object(Config\Cache), false)
#5 C:\xampp\htdocs\FAH\index.php(37): CodeIgniter\CodeIgniter->run()
#6 {main}
CRITICAL - 2021-12-04 08:21:25 --> Call to a member function getRowArray() on array
#0 C:\xampp\htdocs\FAH\app\Controllers\Login.php(39): App\Models\LoginModel->verifyEmail('maheksavanidrea...')
#1 C:\xampp\htdocs\FAH\system\CodeIgniter.php(824): App\Controllers\Login->verify()
#2 C:\xampp\htdocs\FAH\system\CodeIgniter.php(410): CodeIgniter\CodeIgniter->runController(Object(App\Controllers\Login))
#3 C:\xampp\htdocs\FAH\system\CodeIgniter.php(318): CodeIgniter\CodeIgniter->handleRequest(NULL, Object(Config\Cache), false)
#4 C:\xampp\htdocs\FAH\index.php(37): CodeIgniter\CodeIgniter->run()
#5 {main}
