CRITICAL - 2022-01-06 00:04:50 --> You must set the database table to be used with your query.
#0 C:\xampp\htdocs\FAH\app\Models\CommentModel.php(119): CodeIgniter\Database\BaseConnection->table(NULL)
#1 C:\xampp\htdocs\FAH\app\Controllers\UserHome.php(190): App\Models\CommentModel->add_comment(Array)
#2 C:\xampp\htdocs\FAH\system\CodeIgniter.php(824): App\Controllers\UserHome->add_comment()
#3 C:\xampp\htdocs\FAH\system\CodeIgniter.php(410): CodeIgniter\CodeIgniter->runController(Object(App\Controllers\UserHome))
#4 C:\xampp\htdocs\FAH\system\CodeIgniter.php(318): CodeIgniter\CodeIgniter->handleRequest(NULL, Object(Config\Cache), false)
#5 C:\xampp\htdocs\FAH\index.php(37): CodeIgniter\CodeIgniter->run()
#6 {main}
CRITICAL - 2022-01-06 00:04:55 --> You must set the database table to be used with your query.
#0 C:\xampp\htdocs\FAH\app\Models\CommentModel.php(119): CodeIgniter\Database\BaseConnection->table(NULL)
#1 C:\xampp\htdocs\FAH\app\Controllers\UserHome.php(190): App\Models\CommentModel->add_comment(Array)
#2 C:\xampp\htdocs\FAH\system\CodeIgniter.php(824): App\Controllers\UserHome->add_comment()
#3 C:\xampp\htdocs\FAH\system\CodeIgniter.php(410): CodeIgniter\CodeIgniter->runController(Object(App\Controllers\UserHome))
#4 C:\xampp\htdocs\FAH\system\CodeIgniter.php(318): CodeIgniter\CodeIgniter->handleRequest(NULL, Object(Config\Cache), false)
#5 C:\xampp\htdocs\FAH\index.php(37): CodeIgniter\CodeIgniter->run()
#6 {main}
CRITICAL - 2022-01-06 00:05:30 --> You must set the database table to be used with your query.
#0 C:\xampp\htdocs\FAH\app\Models\CommentModel.php(119): CodeIgniter\Database\BaseConnection->table(NULL)
#1 C:\xampp\htdocs\FAH\app\Controllers\UserHome.php(190): App\Models\CommentModel->add_comment(Array)
#2 C:\xampp\htdocs\FAH\system\CodeIgniter.php(824): App\Controllers\UserHome->add_comment()
#3 C:\xampp\htdocs\FAH\system\CodeIgniter.php(410): CodeIgniter\CodeIgniter->runController(Object(App\Controllers\UserHome))
#4 C:\xampp\htdocs\FAH\system\CodeIgniter.php(318): CodeIgniter\CodeIgniter->handleRequest(NULL, Object(Config\Cache), false)
#5 C:\xampp\htdocs\FAH\index.php(37): CodeIgniter\CodeIgniter->run()
#6 {main}
CRITICAL - 2022-01-06 00:05:31 --> You must set the database table to be used with your query.
#0 C:\xampp\htdocs\FAH\app\Models\CommentModel.php(119): CodeIgniter\Database\BaseConnection->table(NULL)
#1 C:\xampp\htdocs\FAH\app\Controllers\UserHome.php(190): App\Models\CommentModel->add_comment(Array)
#2 C:\xampp\htdocs\FAH\system\CodeIgniter.php(824): App\Controllers\UserHome->add_comment()
#3 C:\xampp\htdocs\FAH\system\CodeIgniter.php(410): CodeIgniter\CodeIgniter->runController(Object(App\Controllers\UserHome))
#4 C:\xampp\htdocs\FAH\system\CodeIgniter.php(318): CodeIgniter\CodeIgniter->handleRequest(NULL, Object(Config\Cache), false)
#5 C:\xampp\htdocs\FAH\index.php(37): CodeIgniter\CodeIgniter->run()
#6 {main}
CRITICAL - 2022-01-06 00:05:31 --> You must set the database table to be used with your query.
#0 C:\xampp\htdocs\FAH\app\Models\CommentModel.php(119): CodeIgniter\Database\BaseConnection->table(NULL)
#1 C:\xampp\htdocs\FAH\app\Controllers\UserHome.php(190): App\Models\CommentModel->add_comment(Array)
#2 C:\xampp\htdocs\FAH\system\CodeIgniter.php(824): App\Controllers\UserHome->add_comment()
#3 C:\xampp\htdocs\FAH\system\CodeIgniter.php(410): CodeIgniter\CodeIgniter->runController(Object(App\Controllers\UserHome))
#4 C:\xampp\htdocs\FAH\system\CodeIgniter.php(318): CodeIgniter\CodeIgniter->handleRequest(NULL, Object(Config\Cache), false)
#5 C:\xampp\htdocs\FAH\index.php(37): CodeIgniter\CodeIgniter->run()
#6 {main}
CRITICAL - 2022-01-06 00:05:32 --> You must set the database table to be used with your query.
#0 C:\xampp\htdocs\FAH\app\Models\CommentModel.php(119): CodeIgniter\Database\BaseConnection->table(NULL)
#1 C:\xampp\htdocs\FAH\app\Controllers\UserHome.php(190): App\Models\CommentModel->add_comment(Array)
#2 C:\xampp\htdocs\FAH\system\CodeIgniter.php(824): App\Controllers\UserHome->add_comment()
#3 C:\xampp\htdocs\FAH\system\CodeIgniter.php(410): CodeIgniter\CodeIgniter->runController(Object(App\Controllers\UserHome))
#4 C:\xampp\htdocs\FAH\system\CodeIgniter.php(318): CodeIgniter\CodeIgniter->handleRequest(NULL, Object(Config\Cache), false)
#5 C:\xampp\htdocs\FAH\index.php(37): CodeIgniter\CodeIgniter->run()
#6 {main}
CRITICAL - 2022-01-06 00:05:43 --> You must set the database table to be used with your query.
#0 C:\xampp\htdocs\FAH\app\Models\CommentModel.php(119): CodeIgniter\Database\BaseConnection->table(NULL)
#1 C:\xampp\htdocs\FAH\app\Controllers\UserHome.php(190): App\Models\CommentModel->add_comment(Array)
#2 C:\xampp\htdocs\FAH\system\CodeIgniter.php(824): App\Controllers\UserHome->add_comment()
#3 C:\xampp\htdocs\FAH\system\CodeIgniter.php(410): CodeIgniter\CodeIgniter->runController(Object(App\Controllers\UserHome))
#4 C:\xampp\htdocs\FAH\system\CodeIgniter.php(318): CodeIgniter\CodeIgniter->handleRequest(NULL, Object(Config\Cache), false)
#5 C:\xampp\htdocs\FAH\index.php(37): CodeIgniter\CodeIgniter->run()
#6 {main}
CRITICAL - 2022-01-06 00:07:49 --> You must set the database table to be used with your query.
#0 C:\xampp\htdocs\FAH\app\Models\CommentModel.php(119): CodeIgniter\Database\BaseConnection->table(NULL)
#1 C:\xampp\htdocs\FAH\app\Controllers\UserHome.php(190): App\Models\CommentModel->add_comment(Array)
#2 C:\xampp\htdocs\FAH\system\CodeIgniter.php(824): App\Controllers\UserHome->add_comment()
#3 C:\xampp\htdocs\FAH\system\CodeIgniter.php(410): CodeIgniter\CodeIgniter->runController(Object(App\Controllers\UserHome))
#4 C:\xampp\htdocs\FAH\system\CodeIgniter.php(318): CodeIgniter\CodeIgniter->handleRequest(NULL, Object(Config\Cache), false)
#5 C:\xampp\htdocs\FAH\index.php(37): CodeIgniter\CodeIgniter->run()
#6 {main}
CRITICAL - 2022-01-06 00:07:57 --> You must set the database table to be used with your query.
#0 C:\xampp\htdocs\FAH\app\Models\CommentModel.php(119): CodeIgniter\Database\BaseConnection->table(NULL)
#1 C:\xampp\htdocs\FAH\app\Controllers\UserHome.php(190): App\Models\CommentModel->add_comment(Array)
#2 C:\xampp\htdocs\FAH\system\CodeIgniter.php(824): App\Controllers\UserHome->add_comment()
#3 C:\xampp\htdocs\FAH\system\CodeIgniter.php(410): CodeIgniter\CodeIgniter->runController(Object(App\Controllers\UserHome))
#4 C:\xampp\htdocs\FAH\system\CodeIgniter.php(318): CodeIgniter\CodeIgniter->handleRequest(NULL, Object(Config\Cache), false)
#5 C:\xampp\htdocs\FAH\index.php(37): CodeIgniter\CodeIgniter->run()
#6 {main}
CRITICAL - 2022-01-06 00:07:58 --> You must set the database table to be used with your query.
#0 C:\xampp\htdocs\FAH\app\Models\CommentModel.php(119): CodeIgniter\Database\BaseConnection->table(NULL)
#1 C:\xampp\htdocs\FAH\app\Controllers\UserHome.php(190): App\Models\CommentModel->add_comment(Array)
#2 C:\xampp\htdocs\FAH\system\CodeIgniter.php(824): App\Controllers\UserHome->add_comment()
#3 C:\xampp\htdocs\FAH\system\CodeIgniter.php(410): CodeIgniter\CodeIgniter->runController(Object(App\Controllers\UserHome))
#4 C:\xampp\htdocs\FAH\system\CodeIgniter.php(318): CodeIgniter\CodeIgniter->handleRequest(NULL, Object(Config\Cache), false)
#5 C:\xampp\htdocs\FAH\index.php(37): CodeIgniter\CodeIgniter->run()
#6 {main}
CRITICAL - 2022-01-06 00:13:51 --> You must set the database table to be used with your query.
#0 C:\xampp\htdocs\FAH\app\Models\CommentModel.php(119): CodeIgniter\Database\BaseConnection->table(NULL)
#1 C:\xampp\htdocs\FAH\app\Controllers\UserHome.php(190): App\Models\CommentModel->add_comment(Array)
#2 C:\xampp\htdocs\FAH\system\CodeIgniter.php(824): App\Controllers\UserHome->add_comment()
#3 C:\xampp\htdocs\FAH\system\CodeIgniter.php(410): CodeIgniter\CodeIgniter->runController(Object(App\Controllers\UserHome))
#4 C:\xampp\htdocs\FAH\system\CodeIgniter.php(318): CodeIgniter\CodeIgniter->handleRequest(NULL, Object(Config\Cache), false)
#5 C:\xampp\htdocs\FAH\index.php(37): CodeIgniter\CodeIgniter->run()
#6 {main}
CRITICAL - 2022-01-06 00:14:00 --> You must set the database table to be used with your query.
#0 C:\xampp\htdocs\FAH\app\Models\CommentModel.php(119): CodeIgniter\Database\BaseConnection->table(NULL)
#1 C:\xampp\htdocs\FAH\app\Controllers\UserHome.php(190): App\Models\CommentModel->add_comment(Array)
#2 C:\xampp\htdocs\FAH\system\CodeIgniter.php(824): App\Controllers\UserHome->add_comment()
#3 C:\xampp\htdocs\FAH\system\CodeIgniter.php(410): CodeIgniter\CodeIgniter->runController(Object(App\Controllers\UserHome))
#4 C:\xampp\htdocs\FAH\system\CodeIgniter.php(318): CodeIgniter\CodeIgniter->handleRequest(NULL, Object(Config\Cache), false)
#5 C:\xampp\htdocs\FAH\index.php(37): CodeIgniter\CodeIgniter->run()
#6 {main}
CRITICAL - 2022-01-06 00:14:33 --> You must set the database table to be used with your query.
#0 C:\xampp\htdocs\FAH\app\Models\CommentModel.php(119): CodeIgniter\Database\BaseConnection->table(NULL)
#1 C:\xampp\htdocs\FAH\app\Controllers\UserHome.php(190): App\Models\CommentModel->add_comment(Array)
#2 C:\xampp\htdocs\FAH\system\CodeIgniter.php(824): App\Controllers\UserHome->add_comment()
#3 C:\xampp\htdocs\FAH\system\CodeIgniter.php(410): CodeIgniter\CodeIgniter->runController(Object(App\Controllers\UserHome))
#4 C:\xampp\htdocs\FAH\system\CodeIgniter.php(318): CodeIgniter\CodeIgniter->handleRequest(NULL, Object(Config\Cache), false)
#5 C:\xampp\htdocs\FAH\index.php(37): CodeIgniter\CodeIgniter->run()
#6 {main}
CRITICAL - 2022-01-06 00:14:51 --> You must set the database table to be used with your query.
#0 C:\xampp\htdocs\FAH\app\Models\CommentModel.php(119): CodeIgniter\Database\BaseConnection->table(NULL)
#1 C:\xampp\htdocs\FAH\app\Controllers\UserHome.php(190): App\Models\CommentModel->add_comment(Array)
#2 C:\xampp\htdocs\FAH\system\CodeIgniter.php(824): App\Controllers\UserHome->add_comment()
#3 C:\xampp\htdocs\FAH\system\CodeIgniter.php(410): CodeIgniter\CodeIgniter->runController(Object(App\Controllers\UserHome))
#4 C:\xampp\htdocs\FAH\system\CodeIgniter.php(318): CodeIgniter\CodeIgniter->handleRequest(NULL, Object(Config\Cache), false)
#5 C:\xampp\htdocs\FAH\index.php(37): CodeIgniter\CodeIgniter->run()
#6 {main}
CRITICAL - 2022-01-06 00:18:41 --> You must set the database table to be used with your query.
#0 C:\xampp\htdocs\FAH\app\Models\CommentModel.php(119): CodeIgniter\Database\BaseConnection->table(NULL)
#1 C:\xampp\htdocs\FAH\app\Controllers\UserHome.php(190): App\Models\CommentModel->add_comment(Array)
#2 C:\xampp\htdocs\FAH\system\CodeIgniter.php(824): App\Controllers\UserHome->add_comment()
#3 C:\xampp\htdocs\FAH\system\CodeIgniter.php(410): CodeIgniter\CodeIgniter->runController(Object(App\Controllers\UserHome))
#4 C:\xampp\htdocs\FAH\system\CodeIgniter.php(318): CodeIgniter\CodeIgniter->handleRequest(NULL, Object(Config\Cache), false)
#5 C:\xampp\htdocs\FAH\index.php(37): CodeIgniter\CodeIgniter->run()
#6 {main}
CRITICAL - 2022-01-06 00:19:59 --> You must set the database table to be used with your query.
#0 C:\xampp\htdocs\FAH\app\Models\CommentModel.php(119): CodeIgniter\Database\BaseConnection->table(NULL)
#1 C:\xampp\htdocs\FAH\app\Controllers\UserHome.php(190): App\Models\CommentModel->add_comment(Array)
#2 C:\xampp\htdocs\FAH\system\CodeIgniter.php(824): App\Controllers\UserHome->add_comment()
#3 C:\xampp\htdocs\FAH\system\CodeIgniter.php(410): CodeIgniter\CodeIgniter->runController(Object(App\Controllers\UserHome))
#4 C:\xampp\htdocs\FAH\system\CodeIgniter.php(318): CodeIgniter\CodeIgniter->handleRequest(NULL, Object(Config\Cache), false)
#5 C:\xampp\htdocs\FAH\index.php(37): CodeIgniter\CodeIgniter->run()
#6 {main}
CRITICAL - 2022-01-06 00:20:50 --> You must set the database table to be used with your query.
#0 C:\xampp\htdocs\FAH\app\Models\CommentModel.php(119): CodeIgniter\Database\BaseConnection->table(NULL)
#1 C:\xampp\htdocs\FAH\app\Controllers\UserHome.php(190): App\Models\CommentModel->add_comment(Array)
#2 C:\xampp\htdocs\FAH\system\CodeIgniter.php(824): App\Controllers\UserHome->add_comment()
#3 C:\xampp\htdocs\FAH\system\CodeIgniter.php(410): CodeIgniter\CodeIgniter->runController(Object(App\Controllers\UserHome))
#4 C:\xampp\htdocs\FAH\system\CodeIgniter.php(318): CodeIgniter\CodeIgniter->handleRequest(NULL, Object(Config\Cache), false)
#5 C:\xampp\htdocs\FAH\index.php(37): CodeIgniter\CodeIgniter->run()
#6 {main}
CRITICAL - 2022-01-06 00:37:30 --> You must set the database table to be used with your query.
#0 C:\xampp\htdocs\FAH\app\Models\CommentModel.php(119): CodeIgniter\Database\BaseConnection->table(NULL)
#1 C:\xampp\htdocs\FAH\app\Controllers\UserHome.php(190): App\Models\CommentModel->add_comment(Array)
#2 C:\xampp\htdocs\FAH\system\CodeIgniter.php(824): App\Controllers\UserHome->add_comment()
#3 C:\xampp\htdocs\FAH\system\CodeIgniter.php(410): CodeIgniter\CodeIgniter->runController(Object(App\Controllers\UserHome))
#4 C:\xampp\htdocs\FAH\system\CodeIgniter.php(318): CodeIgniter\CodeIgniter->handleRequest(NULL, Object(Config\Cache), false)
#5 C:\xampp\htdocs\FAH\index.php(37): CodeIgniter\CodeIgniter->run()
#6 {main}
CRITICAL - 2022-01-06 00:37:31 --> You must set the database table to be used with your query.
#0 C:\xampp\htdocs\FAH\app\Models\CommentModel.php(119): CodeIgniter\Database\BaseConnection->table(NULL)
#1 C:\xampp\htdocs\FAH\app\Controllers\UserHome.php(190): App\Models\CommentModel->add_comment(Array)
#2 C:\xampp\htdocs\FAH\system\CodeIgniter.php(824): App\Controllers\UserHome->add_comment()
#3 C:\xampp\htdocs\FAH\system\CodeIgniter.php(410): CodeIgniter\CodeIgniter->runController(Object(App\Controllers\UserHome))
#4 C:\xampp\htdocs\FAH\system\CodeIgniter.php(318): CodeIgniter\CodeIgniter->handleRequest(NULL, Object(Config\Cache), false)
#5 C:\xampp\htdocs\FAH\index.php(37): CodeIgniter\CodeIgniter->run()
#6 {main}
CRITICAL - 2022-01-06 00:37:31 --> You must set the database table to be used with your query.
#0 C:\xampp\htdocs\FAH\app\Models\CommentModel.php(119): CodeIgniter\Database\BaseConnection->table(NULL)
#1 C:\xampp\htdocs\FAH\app\Controllers\UserHome.php(190): App\Models\CommentModel->add_comment(Array)
#2 C:\xampp\htdocs\FAH\system\CodeIgniter.php(824): App\Controllers\UserHome->add_comment()
#3 C:\xampp\htdocs\FAH\system\CodeIgniter.php(410): CodeIgniter\CodeIgniter->runController(Object(App\Controllers\UserHome))
#4 C:\xampp\htdocs\FAH\system\CodeIgniter.php(318): CodeIgniter\CodeIgniter->handleRequest(NULL, Object(Config\Cache), false)
#5 C:\xampp\htdocs\FAH\index.php(37): CodeIgniter\CodeIgniter->run()
#6 {main}
CRITICAL - 2022-01-06 00:38:00 --> You must set the database table to be used with your query.
#0 C:\xampp\htdocs\FAH\app\Models\CommentModel.php(119): CodeIgniter\Database\BaseConnection->table(NULL)
#1 C:\xampp\htdocs\FAH\app\Controllers\UserHome.php(190): App\Models\CommentModel->add_comment(Array)
#2 C:\xampp\htdocs\FAH\system\CodeIgniter.php(824): App\Controllers\UserHome->add_comment()
#3 C:\xampp\htdocs\FAH\system\CodeIgniter.php(410): CodeIgniter\CodeIgniter->runController(Object(App\Controllers\UserHome))
#4 C:\xampp\htdocs\FAH\system\CodeIgniter.php(318): CodeIgniter\CodeIgniter->handleRequest(NULL, Object(Config\Cache), false)
#5 C:\xampp\htdocs\FAH\index.php(37): CodeIgniter\CodeIgniter->run()
#6 {main}
CRITICAL - 2022-01-06 02:42:35 --> You must set the database table to be used with your query.
#0 C:\xampp\htdocs\FAH\app\Models\CommentModel.php(119): CodeIgniter\Database\BaseConnection->table(NULL)
#1 C:\xampp\htdocs\FAH\app\Controllers\UserHome.php(190): App\Models\CommentModel->add_comment(Array)
#2 C:\xampp\htdocs\FAH\system\CodeIgniter.php(824): App\Controllers\UserHome->add_comment()
#3 C:\xampp\htdocs\FAH\system\CodeIgniter.php(410): CodeIgniter\CodeIgniter->runController(Object(App\Controllers\UserHome))
#4 C:\xampp\htdocs\FAH\system\CodeIgniter.php(318): CodeIgniter\CodeIgniter->handleRequest(NULL, Object(Config\Cache), false)
#5 C:\xampp\htdocs\FAH\index.php(37): CodeIgniter\CodeIgniter->run()
#6 {main}
CRITICAL - 2022-01-06 02:43:52 --> You must set the database table to be used with your query.
#0 C:\xampp\htdocs\FAH\app\Models\CommentModel.php(119): CodeIgniter\Database\BaseConnection->table(NULL)
#1 C:\xampp\htdocs\FAH\app\Controllers\UserHome.php(190): App\Models\CommentModel->add_comment(Array)
#2 C:\xampp\htdocs\FAH\system\CodeIgniter.php(824): App\Controllers\UserHome->add_comment()
#3 C:\xampp\htdocs\FAH\system\CodeIgniter.php(410): CodeIgniter\CodeIgniter->runController(Object(App\Controllers\UserHome))
#4 C:\xampp\htdocs\FAH\system\CodeIgniter.php(318): CodeIgniter\CodeIgniter->handleRequest(NULL, Object(Config\Cache), false)
#5 C:\xampp\htdocs\FAH\index.php(37): CodeIgniter\CodeIgniter->run()
#6 {main}
CRITICAL - 2022-01-06 02:45:23 --> You must set the database table to be used with your query.
#0 C:\xampp\htdocs\FAH\app\Models\CommentModel.php(119): CodeIgniter\Database\BaseConnection->table(NULL)
#1 C:\xampp\htdocs\FAH\app\Controllers\UserHome.php(190): App\Models\CommentModel->add_comment(Array)
#2 C:\xampp\htdocs\FAH\system\CodeIgniter.php(824): App\Controllers\UserHome->add_comment()
#3 C:\xampp\htdocs\FAH\system\CodeIgniter.php(410): CodeIgniter\CodeIgniter->runController(Object(App\Controllers\UserHome))
#4 C:\xampp\htdocs\FAH\system\CodeIgniter.php(318): CodeIgniter\CodeIgniter->handleRequest(NULL, Object(Config\Cache), false)
#5 C:\xampp\htdocs\FAH\index.php(37): CodeIgniter\CodeIgniter->run()
#6 {main}
CRITICAL - 2022-01-06 02:46:53 --> You must set the database table to be used with your query.
#0 C:\xampp\htdocs\FAH\app\Models\CommentModel.php(120): CodeIgniter\Database\BaseConnection->table(NULL)
#1 C:\xampp\htdocs\FAH\app\Controllers\UserHome.php(189): App\Models\CommentModel->add_comment(Array)
#2 C:\xampp\htdocs\FAH\system\CodeIgniter.php(824): App\Controllers\UserHome->add_comment()
#3 C:\xampp\htdocs\FAH\system\CodeIgniter.php(410): CodeIgniter\CodeIgniter->runController(Object(App\Controllers\UserHome))
#4 C:\xampp\htdocs\FAH\system\CodeIgniter.php(318): CodeIgniter\CodeIgniter->handleRequest(NULL, Object(Config\Cache), false)
#5 C:\xampp\htdocs\FAH\index.php(37): CodeIgniter\CodeIgniter->run()
#6 {main}
ERROR - 2022-01-06 02:59:30 --> You have an error in your SQL syntax; check the manual that corresponds to your MariaDB server version for the right syntax to use near '(comment_text,commenter,parent_id,comment_date,pid) VALUES ('hello','Mahek Sa...' at line 1
CRITICAL - 2022-01-06 02:59:30 --> You have an error in your SQL syntax; check the manual that corresponds to your MariaDB server version for the right syntax to use near '(comment_text,commenter,parent_id,comment_date,pid) VALUES ('hello','Mahek Sa...' at line 1
#0 C:\xampp\htdocs\FAH\system\Database\MySQLi\Connection.php(292): mysqli->query('INSERT INTO (co...', 0)
#1 C:\xampp\htdocs\FAH\system\Database\BaseConnection.php(670): CodeIgniter\Database\MySQLi\Connection->execute('INSERT INTO (co...')
#2 C:\xampp\htdocs\FAH\system\Database\BaseConnection.php(598): CodeIgniter\Database\BaseConnection->simpleQuery('INSERT INTO (co...')
#3 C:\xampp\htdocs\FAH\app\Models\CommentModel.php(125): CodeIgniter\Database\BaseConnection->query('INSERT INTO (co...')
#4 C:\xampp\htdocs\FAH\app\Controllers\UserHome.php(189): App\Models\CommentModel->add_comment(Array)
#5 C:\xampp\htdocs\FAH\system\CodeIgniter.php(824): App\Controllers\UserHome->add_comment()
#6 C:\xampp\htdocs\FAH\system\CodeIgniter.php(410): CodeIgniter\CodeIgniter->runController(Object(App\Controllers\UserHome))
#7 C:\xampp\htdocs\FAH\system\CodeIgniter.php(318): CodeIgniter\CodeIgniter->handleRequest(NULL, Object(Config\Cache), false)
#8 C:\xampp\htdocs\FAH\index.php(37): CodeIgniter\CodeIgniter->run()
#9 {main}
ERROR - 2022-01-06 03:00:58 --> You have an error in your SQL syntax; check the manual that corresponds to your MariaDB server version for the right syntax to use near '(comment_text,commenter,parent_id,comment_date,pid) VALUES ('hello','Mahek Sa...' at line 1
CRITICAL - 2022-01-06 03:00:58 --> You have an error in your SQL syntax; check the manual that corresponds to your MariaDB server version for the right syntax to use near '(comment_text,commenter,parent_id,comment_date,pid) VALUES ('hello','Mahek Sa...' at line 1
#0 C:\xampp\htdocs\FAH\system\Database\MySQLi\Connection.php(292): mysqli->query('INSERT INTO (co...', 0)
#1 C:\xampp\htdocs\FAH\system\Database\BaseConnection.php(670): CodeIgniter\Database\MySQLi\Connection->execute('INSERT INTO (co...')
#2 C:\xampp\htdocs\FAH\system\Database\BaseConnection.php(598): CodeIgniter\Database\BaseConnection->simpleQuery('INSERT INTO (co...')
#3 C:\xampp\htdocs\FAH\app\Models\CommentModel.php(128): CodeIgniter\Database\BaseConnection->query('INSERT INTO (co...')
#4 C:\xampp\htdocs\FAH\app\Controllers\UserHome.php(189): App\Models\CommentModel->add_comment(Array)
#5 C:\xampp\htdocs\FAH\system\CodeIgniter.php(824): App\Controllers\UserHome->add_comment()
#6 C:\xampp\htdocs\FAH\system\CodeIgniter.php(410): CodeIgniter\CodeIgniter->runController(Object(App\Controllers\UserHome))
#7 C:\xampp\htdocs\FAH\system\CodeIgniter.php(318): CodeIgniter\CodeIgniter->handleRequest(NULL, Object(Config\Cache), false)
#8 C:\xampp\htdocs\FAH\index.php(37): CodeIgniter\CodeIgniter->run()
#9 {main}
ERROR - 2022-01-06 03:02:55 --> Table 'fah_portal.bc' doesn't exist
CRITICAL - 2022-01-06 03:02:55 --> Table 'fah_portal.bc' doesn't exist
#0 C:\xampp\htdocs\FAH\system\Database\MySQLi\Connection.php(292): mysqli->query('SELECT bc.comme...', 0)
#1 C:\xampp\htdocs\FAH\system\Database\BaseConnection.php(670): CodeIgniter\Database\MySQLi\Connection->execute('SELECT bc.comme...')
#2 C:\xampp\htdocs\FAH\system\Database\BaseConnection.php(598): CodeIgniter\Database\BaseConnection->simpleQuery('SELECT bc.comme...')
#3 C:\xampp\htdocs\FAH\app\Models\CommentModel.php(135): CodeIgniter\Database\BaseConnection->query('SELECT bc.comme...')
#4 C:\xampp\htdocs\FAH\app\Controllers\UserHome.php(189): App\Models\CommentModel->add_comment(Array)
#5 C:\xampp\htdocs\FAH\system\CodeIgniter.php(824): App\Controllers\UserHome->add_comment()
#6 C:\xampp\htdocs\FAH\system\CodeIgniter.php(410): CodeIgniter\CodeIgniter->runController(Object(App\Controllers\UserHome))
#7 C:\xampp\htdocs\FAH\system\CodeIgniter.php(318): CodeIgniter\CodeIgniter->handleRequest(NULL, Object(Config\Cache), false)
#8 C:\xampp\htdocs\FAH\index.php(37): CodeIgniter\CodeIgniter->run()
#9 {main}
ERROR - 2022-01-06 03:04:30 --> Table 'fah_portal.bc' doesn't exist
CRITICAL - 2022-01-06 03:04:30 --> Table 'fah_portal.bc' doesn't exist
#0 C:\xampp\htdocs\FAH\system\Database\MySQLi\Connection.php(292): mysqli->query('SELECT bc.comme...', 0)
#1 C:\xampp\htdocs\FAH\system\Database\BaseConnection.php(670): CodeIgniter\Database\MySQLi\Connection->execute('SELECT bc.comme...')
#2 C:\xampp\htdocs\FAH\system\Database\BaseConnection.php(598): CodeIgniter\Database\BaseConnection->simpleQuery('SELECT bc.comme...')
#3 C:\xampp\htdocs\FAH\app\Models\CommentModel.php(134): CodeIgniter\Database\BaseConnection->query('SELECT bc.comme...')
#4 C:\xampp\htdocs\FAH\app\Controllers\UserHome.php(189): App\Models\CommentModel->add_comment(Array)
#5 C:\xampp\htdocs\FAH\system\CodeIgniter.php(824): App\Controllers\UserHome->add_comment()
#6 C:\xampp\htdocs\FAH\system\CodeIgniter.php(410): CodeIgniter\CodeIgniter->runController(Object(App\Controllers\UserHome))
#7 C:\xampp\htdocs\FAH\system\CodeIgniter.php(318): CodeIgniter\CodeIgniter->handleRequest(NULL, Object(Config\Cache), false)
#8 C:\xampp\htdocs\FAH\index.php(37): CodeIgniter\CodeIgniter->run()
#9 {main}
ERROR - 2022-01-06 03:04:57 --> Table 'fah_portal.bc' doesn't exist
CRITICAL - 2022-01-06 03:04:57 --> Table 'fah_portal.bc' doesn't exist
#0 C:\xampp\htdocs\FAH\system\Database\MySQLi\Connection.php(292): mysqli->query('SELECT bc.comme...', 0)
#1 C:\xampp\htdocs\FAH\system\Database\BaseConnection.php(670): CodeIgniter\Database\MySQLi\Connection->execute('SELECT bc.comme...')
#2 C:\xampp\htdocs\FAH\system\Database\BaseConnection.php(598): CodeIgniter\Database\BaseConnection->simpleQuery('SELECT bc.comme...')
#3 C:\xampp\htdocs\FAH\app\Models\CommentModel.php(134): CodeIgniter\Database\BaseConnection->query('SELECT bc.comme...')
#4 C:\xampp\htdocs\FAH\app\Controllers\UserHome.php(189): App\Models\CommentModel->add_comment(Array)
#5 C:\xampp\htdocs\FAH\system\CodeIgniter.php(824): App\Controllers\UserHome->add_comment()
#6 C:\xampp\htdocs\FAH\system\CodeIgniter.php(410): CodeIgniter\CodeIgniter->runController(Object(App\Controllers\UserHome))
#7 C:\xampp\htdocs\FAH\system\CodeIgniter.php(318): CodeIgniter\CodeIgniter->handleRequest(NULL, Object(Config\Cache), false)
#8 C:\xampp\htdocs\FAH\index.php(37): CodeIgniter\CodeIgniter->run()
#9 {main}
ERROR - 2022-01-06 03:06:04 --> Table 'fah_portal.bc' doesn't exist
CRITICAL - 2022-01-06 03:06:04 --> Table 'fah_portal.bc' doesn't exist
#0 C:\xampp\htdocs\FAH\system\Database\MySQLi\Connection.php(292): mysqli->query('SELECT bc.comme...', 0)
#1 C:\xampp\htdocs\FAH\system\Database\BaseConnection.php(670): CodeIgniter\Database\MySQLi\Connection->execute('SELECT bc.comme...')
#2 C:\xampp\htdocs\FAH\system\Database\BaseConnection.php(598): CodeIgniter\Database\BaseConnection->simpleQuery('SELECT bc.comme...')
#3 C:\xampp\htdocs\FAH\app\Models\CommentModel.php(134): CodeIgniter\Database\BaseConnection->query('SELECT bc.comme...')
#4 C:\xampp\htdocs\FAH\app\Controllers\UserHome.php(189): App\Models\CommentModel->add_comment(Array)
#5 C:\xampp\htdocs\FAH\system\CodeIgniter.php(824): App\Controllers\UserHome->add_comment()
#6 C:\xampp\htdocs\FAH\system\CodeIgniter.php(410): CodeIgniter\CodeIgniter->runController(Object(App\Controllers\UserHome))
#7 C:\xampp\htdocs\FAH\system\CodeIgniter.php(318): CodeIgniter\CodeIgniter->handleRequest(NULL, Object(Config\Cache), false)
#8 C:\xampp\htdocs\FAH\index.php(37): CodeIgniter\CodeIgniter->run()
#9 {main}
CRITICAL - 2022-01-06 03:11:43 --> You must set the database table to be used with your query.
#0 C:\xampp\htdocs\FAH\system\Model.php(545): CodeIgniter\Database\BaseConnection->table(NULL)
#1 C:\xampp\htdocs\FAH\system\Model.php(717): CodeIgniter\Model->builder()
#2 C:\xampp\htdocs\FAH\app\Controllers\UserHome.php(130): CodeIgniter\Model->__call('getComment', Array)
#3 C:\xampp\htdocs\FAH\system\CodeIgniter.php(824): App\Controllers\UserHome->user_home()
#4 C:\xampp\htdocs\FAH\system\CodeIgniter.php(410): CodeIgniter\CodeIgniter->runController(Object(App\Controllers\UserHome))
#5 C:\xampp\htdocs\FAH\system\CodeIgniter.php(318): CodeIgniter\CodeIgniter->handleRequest(NULL, Object(Config\Cache), false)
#6 C:\xampp\htdocs\FAH\index.php(37): CodeIgniter\CodeIgniter->run()
#7 {main}
CRITICAL - 2022-01-06 03:12:50 --> You must set the database table to be used with your query.
#0 C:\xampp\htdocs\FAH\system\Model.php(545): CodeIgniter\Database\BaseConnection->table(NULL)
#1 C:\xampp\htdocs\FAH\system\Model.php(717): CodeIgniter\Model->builder()
#2 C:\xampp\htdocs\FAH\app\Controllers\UserHome.php(130): CodeIgniter\Model->__call('getComment', Array)
#3 C:\xampp\htdocs\FAH\system\CodeIgniter.php(824): App\Controllers\UserHome->user_home()
#4 C:\xampp\htdocs\FAH\system\CodeIgniter.php(410): CodeIgniter\CodeIgniter->runController(Object(App\Controllers\UserHome))
#5 C:\xampp\htdocs\FAH\system\CodeIgniter.php(318): CodeIgniter\CodeIgniter->handleRequest(NULL, Object(Config\Cache), false)
#6 C:\xampp\htdocs\FAH\index.php(37): CodeIgniter\CodeIgniter->run()
#7 {main}
CRITICAL - 2022-01-06 03:14:29 --> You must set the database table to be used with your query.
#0 C:\xampp\htdocs\FAH\system\Model.php(545): CodeIgniter\Database\BaseConnection->table(NULL)
#1 C:\xampp\htdocs\FAH\system\Model.php(717): CodeIgniter\Model->builder()
#2 C:\xampp\htdocs\FAH\app\Controllers\UserHome.php(130): CodeIgniter\Model->__call('getComment', Array)
#3 C:\xampp\htdocs\FAH\system\CodeIgniter.php(824): App\Controllers\UserHome->user_home()
#4 C:\xampp\htdocs\FAH\system\CodeIgniter.php(410): CodeIgniter\CodeIgniter->runController(Object(App\Controllers\UserHome))
#5 C:\xampp\htdocs\FAH\system\CodeIgniter.php(318): CodeIgniter\CodeIgniter->handleRequest(NULL, Object(Config\Cache), false)
#6 C:\xampp\htdocs\FAH\index.php(37): CodeIgniter\CodeIgniter->run()
#7 {main}
CRITICAL - 2022-01-06 03:14:48 --> You must set the database table to be used with your query.
#0 C:\xampp\htdocs\FAH\system\Model.php(545): CodeIgniter\Database\BaseConnection->table(NULL)
#1 C:\xampp\htdocs\FAH\system\Model.php(717): CodeIgniter\Model->builder()
#2 C:\xampp\htdocs\FAH\app\Controllers\UserHome.php(130): CodeIgniter\Model->__call('getComment', Array)
#3 C:\xampp\htdocs\FAH\system\CodeIgniter.php(824): App\Controllers\UserHome->user_home()
#4 C:\xampp\htdocs\FAH\system\CodeIgniter.php(410): CodeIgniter\CodeIgniter->runController(Object(App\Controllers\UserHome))
#5 C:\xampp\htdocs\FAH\system\CodeIgniter.php(318): CodeIgniter\CodeIgniter->handleRequest(NULL, Object(Config\Cache), false)
#6 C:\xampp\htdocs\FAH\index.php(37): CodeIgniter\CodeIgniter->run()
#7 {main}
CRITICAL - 2022-01-06 03:15:17 --> You must set the database table to be used with your query.
#0 C:\xampp\htdocs\FAH\system\Model.php(545): CodeIgniter\Database\BaseConnection->table(NULL)
#1 C:\xampp\htdocs\FAH\system\Model.php(717): CodeIgniter\Model->builder()
#2 C:\xampp\htdocs\FAH\app\Controllers\UserHome.php(130): CodeIgniter\Model->__call('getComment', Array)
#3 C:\xampp\htdocs\FAH\system\CodeIgniter.php(824): App\Controllers\UserHome->user_home()
#4 C:\xampp\htdocs\FAH\system\CodeIgniter.php(410): CodeIgniter\CodeIgniter->runController(Object(App\Controllers\UserHome))
#5 C:\xampp\htdocs\FAH\system\CodeIgniter.php(318): CodeIgniter\CodeIgniter->handleRequest(NULL, Object(Config\Cache), false)
#6 C:\xampp\htdocs\FAH\index.php(37): CodeIgniter\CodeIgniter->run()
#7 {main}
CRITICAL - 2022-01-06 03:16:32 --> Undefined variable $model
#0 C:\xampp\htdocs\FAH\app\Controllers\UserHome.php(127): CodeIgniter\Debug\Exceptions->errorHandler(2, 'Undefined varia...', 'C:\\xampp\\htdocs...', 127)
#1 C:\xampp\htdocs\FAH\system\CodeIgniter.php(824): App\Controllers\UserHome->user_home()
#2 C:\xampp\htdocs\FAH\system\CodeIgniter.php(410): CodeIgniter\CodeIgniter->runController(Object(App\Controllers\UserHome))
#3 C:\xampp\htdocs\FAH\system\CodeIgniter.php(318): CodeIgniter\CodeIgniter->handleRequest(NULL, Object(Config\Cache), false)
#4 C:\xampp\htdocs\FAH\index.php(37): CodeIgniter\CodeIgniter->run()
#5 {main}
CRITICAL - 2022-01-06 03:17:04 --> count(): Argument #1 ($value) must be of type Countable|array, null given
#0 C:\xampp\htdocs\FAH\system\View\View.php(214): include()
#1 C:\xampp\htdocs\FAH\system\View\View.php(217): CodeIgniter\View\View->CodeIgniter\View\{closure}()
#2 C:\xampp\htdocs\FAH\system\Common.php(1097): CodeIgniter\View\View->render('home/user_home', Array, true)
#3 C:\xampp\htdocs\FAH\app\Controllers\UserHome.php(129): view('home/user_home', Array)
#4 C:\xampp\htdocs\FAH\system\CodeIgniter.php(824): App\Controllers\UserHome->user_home()
#5 C:\xampp\htdocs\FAH\system\CodeIgniter.php(410): CodeIgniter\CodeIgniter->runController(Object(App\Controllers\UserHome))
#6 C:\xampp\htdocs\FAH\system\CodeIgniter.php(318): CodeIgniter\CodeIgniter->handleRequest(NULL, Object(Config\Cache), false)
#7 C:\xampp\htdocs\FAH\index.php(37): CodeIgniter\CodeIgniter->run()
#8 {main}
CRITICAL - 2022-01-06 03:19:12 --> You must set the database table to be used with your query.
#0 C:\xampp\htdocs\FAH\system\Model.php(545): CodeIgniter\Database\BaseConnection->table(NULL)
#1 C:\xampp\htdocs\FAH\system\Model.php(688): CodeIgniter\Model->builder()
#2 C:\xampp\htdocs\FAH\app\Models\CommentModel.php(46): CodeIgniter\Model->__get('comments')
#3 C:\xampp\htdocs\FAH\app\Controllers\UserHome.php(153): App\Models\CommentModel->add_comment(Array)
#4 C:\xampp\htdocs\FAH\system\CodeIgniter.php(824): App\Controllers\UserHome->add_comment()
#5 C:\xampp\htdocs\FAH\system\CodeIgniter.php(410): CodeIgniter\CodeIgniter->runController(Object(App\Controllers\UserHome))
#6 C:\xampp\htdocs\FAH\system\CodeIgniter.php(318): CodeIgniter\CodeIgniter->handleRequest(NULL, Object(Config\Cache), false)
#7 C:\xampp\htdocs\FAH\index.php(37): CodeIgniter\CodeIgniter->run()
#8 {main}
CRITICAL - 2022-01-06 03:21:42 --> 7 arguments are required, 6 given
#0 C:\xampp\htdocs\FAH\app\Models\CommentModel.php(108): sprintf('%1$s%1$s<div><s...', '\t', 'Mahek Savani', '19', 'new', 'January 6, 2022...')
#1 C:\xampp\htdocs\FAH\app\Models\CommentModel.php(24): App\Models\CommentModel->format_comments(Array)
#2 C:\xampp\htdocs\FAH\app\Controllers\UserHome.php(128): App\Models\CommentModel->get_comments('87')
#3 C:\xampp\htdocs\FAH\system\CodeIgniter.php(824): App\Controllers\UserHome->user_home()
#4 C:\xampp\htdocs\FAH\system\CodeIgniter.php(410): CodeIgniter\CodeIgniter->runController(Object(App\Controllers\UserHome))
#5 C:\xampp\htdocs\FAH\system\CodeIgniter.php(318): CodeIgniter\CodeIgniter->handleRequest(NULL, Object(Config\Cache), false)
#6 C:\xampp\htdocs\FAH\index.php(37): CodeIgniter\CodeIgniter->run()
#7 {main}
CRITICAL - 2022-01-06 03:41:13 --> 7 arguments are required, 6 given
#0 C:\xampp\htdocs\FAH\app\Models\CommentModel.php(91): sprintf('%1$s<li id="li_...', '\t', 'Mahek Savani', '15', 'hi', 'January 6, 2022...')
#1 C:\xampp\htdocs\FAH\app\Models\CommentModel.php(24): App\Models\CommentModel->format_comments(Array)
#2 C:\xampp\htdocs\FAH\app\Controllers\UserHome.php(128): App\Models\CommentModel->get_comments('87')
#3 C:\xampp\htdocs\FAH\system\CodeIgniter.php(824): App\Controllers\UserHome->user_home()
#4 C:\xampp\htdocs\FAH\system\CodeIgniter.php(410): CodeIgniter\CodeIgniter->runController(Object(App\Controllers\UserHome))
#5 C:\xampp\htdocs\FAH\system\CodeIgniter.php(318): CodeIgniter\CodeIgniter->handleRequest(NULL, Object(Config\Cache), false)
#6 C:\xampp\htdocs\FAH\index.php(37): CodeIgniter\CodeIgniter->run()
#7 {main}
CRITICAL - 2022-01-06 03:46:54 --> 7 arguments are required, 6 given
#0 C:\xampp\htdocs\FAH\app\Models\CommentModel.php(91): sprintf('%1$s<li id="li_...', '\t', 'Mahek Savani', '15', 'hi', 'January 6, 2022...')
#1 C:\xampp\htdocs\FAH\app\Models\CommentModel.php(24): App\Models\CommentModel->format_comments(Array)
#2 C:\xampp\htdocs\FAH\app\Controllers\UserHome.php(128): App\Models\CommentModel->get_comments('87')
#3 C:\xampp\htdocs\FAH\system\CodeIgniter.php(824): App\Controllers\UserHome->user_home()
#4 C:\xampp\htdocs\FAH\system\CodeIgniter.php(410): CodeIgniter\CodeIgniter->runController(Object(App\Controllers\UserHome))
#5 C:\xampp\htdocs\FAH\system\CodeIgniter.php(318): CodeIgniter\CodeIgniter->handleRequest(NULL, Object(Config\Cache), false)
#6 C:\xampp\htdocs\FAH\index.php(37): CodeIgniter\CodeIgniter->run()
#7 {main}
CRITICAL - 2022-01-06 04:00:16 --> 7 arguments are required, 6 given
#0 C:\xampp\htdocs\FAH\app\Models\CommentModel.php(90): sprintf('%1$s%1$s<div><s...', '\t', 'Mahek Savani', '15', 'hi', 'January 6, 2022...')
#1 C:\xampp\htdocs\FAH\app\Models\CommentModel.php(24): App\Models\CommentModel->format_comments(Array)
#2 C:\xampp\htdocs\FAH\app\Controllers\UserHome.php(128): App\Models\CommentModel->get_comments('87')
#3 C:\xampp\htdocs\FAH\system\CodeIgniter.php(824): App\Controllers\UserHome->user_home()
#4 C:\xampp\htdocs\FAH\system\CodeIgniter.php(410): CodeIgniter\CodeIgniter->runController(Object(App\Controllers\UserHome))
#5 C:\xampp\htdocs\FAH\system\CodeIgniter.php(318): CodeIgniter\CodeIgniter->handleRequest(NULL, Object(Config\Cache), false)
#6 C:\xampp\htdocs\FAH\index.php(37): CodeIgniter\CodeIgniter->run()
#7 {main}
CRITICAL - 2022-01-06 04:07:22 --> Unknown format specifier "<"
#0 C:\xampp\htdocs\FAH\app\Models\CommentModel.php(109): sprintf('%1$s<li id="li_...', '\t', 'Mahek Savani', '19', 'new', 'January 6, 2022...')
#1 C:\xampp\htdocs\FAH\app\Models\CommentModel.php(24): App\Models\CommentModel->format_comments(Array)
#2 C:\xampp\htdocs\FAH\app\Controllers\UserHome.php(128): App\Models\CommentModel->get_comments('87')
#3 C:\xampp\htdocs\FAH\system\CodeIgniter.php(824): App\Controllers\UserHome->user_home()
#4 C:\xampp\htdocs\FAH\system\CodeIgniter.php(410): CodeIgniter\CodeIgniter->runController(Object(App\Controllers\UserHome))
#5 C:\xampp\htdocs\FAH\system\CodeIgniter.php(318): CodeIgniter\CodeIgniter->handleRequest(NULL, Object(Config\Cache), false)
#6 C:\xampp\htdocs\FAH\index.php(37): CodeIgniter\CodeIgniter->run()
#7 {main}
CRITICAL - 2022-01-06 04:11:30 --> You must set the database table to be used with your query.
#0 C:\xampp\htdocs\FAH\system\Model.php(545): CodeIgniter\Database\BaseConnection->table(NULL)
#1 C:\xampp\htdocs\FAH\system\Model.php(688): CodeIgniter\Model->builder()
#2 C:\xampp\htdocs\FAH\app\Models\CommentModel.php(46): CodeIgniter\Model->__get('comments')
#3 C:\xampp\htdocs\FAH\app\Controllers\UserHome.php(153): App\Models\CommentModel->add_comment(Array)
#4 C:\xampp\htdocs\FAH\system\CodeIgniter.php(824): App\Controllers\UserHome->add_comment()
#5 C:\xampp\htdocs\FAH\system\CodeIgniter.php(410): CodeIgniter\CodeIgniter->runController(Object(App\Controllers\UserHome))
#6 C:\xampp\htdocs\FAH\system\CodeIgniter.php(318): CodeIgniter\CodeIgniter->handleRequest(NULL, Object(Config\Cache), false)
#7 C:\xampp\htdocs\FAH\index.php(37): CodeIgniter\CodeIgniter->run()
#8 {main}
CRITICAL - 2022-01-06 04:30:37 --> Undefined variable $detailes
#0 C:\xampp\htdocs\FAH\app\Controllers\Admin.php(268): CodeIgniter\Debug\Exceptions->errorHandler(2, 'Undefined varia...', 'C:\\xampp\\htdocs...', 268)
#1 C:\xampp\htdocs\FAH\system\CodeIgniter.php(824): App\Controllers\Admin->customerView()
#2 C:\xampp\htdocs\FAH\system\CodeIgniter.php(410): CodeIgniter\CodeIgniter->runController(Object(App\Controllers\Admin))
#3 C:\xampp\htdocs\FAH\system\CodeIgniter.php(318): CodeIgniter\CodeIgniter->handleRequest(NULL, Object(Config\Cache), false)
#4 C:\xampp\htdocs\FAH\index.php(37): CodeIgniter\CodeIgniter->run()
#5 {main}
CRITICAL - 2022-01-06 04:30:57 --> Undefined array key "pid"
#0 C:\xampp\htdocs\FAH\app\Controllers\Admin.php(268): CodeIgniter\Debug\Exceptions->errorHandler(2, 'Undefined array...', 'C:\\xampp\\htdocs...', 268)
#1 C:\xampp\htdocs\FAH\system\CodeIgniter.php(824): App\Controllers\Admin->customerView()
#2 C:\xampp\htdocs\FAH\system\CodeIgniter.php(410): CodeIgniter\CodeIgniter->runController(Object(App\Controllers\Admin))
#3 C:\xampp\htdocs\FAH\system\CodeIgniter.php(318): CodeIgniter\CodeIgniter->handleRequest(NULL, Object(Config\Cache), false)
#4 C:\xampp\htdocs\FAH\index.php(37): CodeIgniter\CodeIgniter->run()
#5 {main}
CRITICAL - 2022-01-06 04:31:22 --> Undefined array key "pid"
#0 C:\xampp\htdocs\FAH\app\Controllers\Admin.php(269): CodeIgniter\Debug\Exceptions->errorHandler(2, 'Undefined array...', 'C:\\xampp\\htdocs...', 269)
#1 C:\xampp\htdocs\FAH\system\CodeIgniter.php(824): App\Controllers\Admin->customerView()
#2 C:\xampp\htdocs\FAH\system\CodeIgniter.php(410): CodeIgniter\CodeIgniter->runController(Object(App\Controllers\Admin))
#3 C:\xampp\htdocs\FAH\system\CodeIgniter.php(318): CodeIgniter\CodeIgniter->handleRequest(NULL, Object(Config\Cache), false)
#4 C:\xampp\htdocs\FAH\index.php(37): CodeIgniter\CodeIgniter->run()
#5 {main}
CRITICAL - 2022-01-06 04:32:00 --> You must set the database table to be used with your query.
#0 C:\xampp\htdocs\FAH\system\Model.php(545): CodeIgniter\Database\BaseConnection->table(NULL)
#1 C:\xampp\htdocs\FAH\system\Model.php(688): CodeIgniter\Model->builder()
#2 C:\xampp\htdocs\FAH\app\Models\CommentModel.php(46): CodeIgniter\Model->__get('comments')
#3 C:\xampp\htdocs\FAH\app\Controllers\UserHome.php(153): App\Models\CommentModel->add_comment(Array)
#4 C:\xampp\htdocs\FAH\system\CodeIgniter.php(824): App\Controllers\UserHome->add_comment()
#5 C:\xampp\htdocs\FAH\system\CodeIgniter.php(410): CodeIgniter\CodeIgniter->runController(Object(App\Controllers\UserHome))
#6 C:\xampp\htdocs\FAH\system\CodeIgniter.php(318): CodeIgniter\CodeIgniter->handleRequest(NULL, Object(Config\Cache), false)
#7 C:\xampp\htdocs\FAH\index.php(37): CodeIgniter\CodeIgniter->run()
#8 {main}
CRITICAL - 2022-01-06 04:35:12 --> You must set the database table to be used with your query.
#0 C:\xampp\htdocs\FAH\system\Model.php(545): CodeIgniter\Database\BaseConnection->table(NULL)
#1 C:\xampp\htdocs\FAH\system\Model.php(688): CodeIgniter\Model->builder()
#2 C:\xampp\htdocs\FAH\app\Models\CommentModel.php(46): CodeIgniter\Model->__get('comments')
#3 C:\xampp\htdocs\FAH\app\Controllers\UserHome.php(153): App\Models\CommentModel->add_comment(Array)
#4 C:\xampp\htdocs\FAH\system\CodeIgniter.php(824): App\Controllers\UserHome->add_comment()
#5 C:\xampp\htdocs\FAH\system\CodeIgniter.php(410): CodeIgniter\CodeIgniter->runController(Object(App\Controllers\UserHome))
#6 C:\xampp\htdocs\FAH\system\CodeIgniter.php(318): CodeIgniter\CodeIgniter->handleRequest(NULL, Object(Config\Cache), false)
#7 C:\xampp\htdocs\FAH\index.php(37): CodeIgniter\CodeIgniter->run()
#8 {main}
CRITICAL - 2022-01-06 06:52:30 --> You must set the database table to be used with your query.
#0 C:\xampp\htdocs\FAH\system\Model.php(545): CodeIgniter\Database\BaseConnection->table(NULL)
#1 C:\xampp\htdocs\FAH\system\Model.php(688): CodeIgniter\Model->builder()
#2 C:\xampp\htdocs\FAH\app\Models\CommentModel.php(46): CodeIgniter\Model->__get('comments')
#3 C:\xampp\htdocs\FAH\app\Controllers\UserHome.php(153): App\Models\CommentModel->add_comment(Array)
#4 C:\xampp\htdocs\FAH\system\CodeIgniter.php(824): App\Controllers\UserHome->add_comment()
#5 C:\xampp\htdocs\FAH\system\CodeIgniter.php(410): CodeIgniter\CodeIgniter->runController(Object(App\Controllers\UserHome))
#6 C:\xampp\htdocs\FAH\system\CodeIgniter.php(318): CodeIgniter\CodeIgniter->handleRequest(NULL, Object(Config\Cache), false)
#7 C:\xampp\htdocs\FAH\index.php(37): CodeIgniter\CodeIgniter->run()
#8 {main}
CRITICAL - 2022-01-06 06:53:06 --> You must set the database table to be used with your query.
#0 C:\xampp\htdocs\FAH\system\Model.php(545): CodeIgniter\Database\BaseConnection->table(NULL)
#1 C:\xampp\htdocs\FAH\system\Model.php(688): CodeIgniter\Model->builder()
#2 C:\xampp\htdocs\FAH\app\Models\CommentModel.php(46): CodeIgniter\Model->__get('comments')
#3 C:\xampp\htdocs\FAH\app\Controllers\UserHome.php(153): App\Models\CommentModel->add_comment(Array)
#4 C:\xampp\htdocs\FAH\system\CodeIgniter.php(824): App\Controllers\UserHome->add_comment()
#5 C:\xampp\htdocs\FAH\system\CodeIgniter.php(410): CodeIgniter\CodeIgniter->runController(Object(App\Controllers\UserHome))
#6 C:\xampp\htdocs\FAH\system\CodeIgniter.php(318): CodeIgniter\CodeIgniter->handleRequest(NULL, Object(Config\Cache), false)
#7 C:\xampp\htdocs\FAH\index.php(37): CodeIgniter\CodeIgniter->run()
#8 {main}
CRITICAL - 2022-01-06 23:18:15 --> You must set the database table to be used with your query.
#0 C:\xampp\htdocs\FAH\system\Model.php(545): CodeIgniter\Database\BaseConnection->table(NULL)
#1 C:\xampp\htdocs\FAH\system\Model.php(688): CodeIgniter\Model->builder()
#2 C:\xampp\htdocs\FAH\app\Models\CommentModel.php(46): CodeIgniter\Model->__get('comments')
#3 C:\xampp\htdocs\FAH\app\Controllers\UserHome.php(153): App\Models\CommentModel->add_comment(Array)
#4 C:\xampp\htdocs\FAH\system\CodeIgniter.php(824): App\Controllers\UserHome->add_comment()
#5 C:\xampp\htdocs\FAH\system\CodeIgniter.php(410): CodeIgniter\CodeIgniter->runController(Object(App\Controllers\UserHome))
#6 C:\xampp\htdocs\FAH\system\CodeIgniter.php(318): CodeIgniter\CodeIgniter->handleRequest(NULL, Object(Config\Cache), false)
#7 C:\xampp\htdocs\FAH\index.php(37): CodeIgniter\CodeIgniter->run()
#8 {main}
