CRITICAL - 2021-12-21 03:22:47 --> count(): Argument #1 ($value) must be of type Countable|array, null given
#0 C:\xampp\htdocs\FAH\app\Controllers\Admin.php(204): count(NULL)
#1 C:\xampp\htdocs\FAH\system\CodeIgniter.php(824): App\Controllers\Admin->customerView()
#2 C:\xampp\htdocs\FAH\system\CodeIgniter.php(410): CodeIgniter\CodeIgniter->runController(Object(App\Controllers\Admin))
#3 C:\xampp\htdocs\FAH\system\CodeIgniter.php(318): CodeIgniter\CodeIgniter->handleRequest(NULL, Object(Config\Cache), false)
#4 C:\xampp\htdocs\FAH\index.php(37): CodeIgniter\CodeIgniter->run()
#5 {main}
CRITICAL - 2021-12-21 03:23:40 --> count(): Argument #1 ($value) must be of type Countable|array, null given
#0 C:\xampp\htdocs\FAH\app\Controllers\Admin.php(193): count(NULL)
#1 C:\xampp\htdocs\FAH\system\CodeIgniter.php(824): App\Controllers\Admin->customerView()
#2 C:\xampp\htdocs\FAH\system\CodeIgniter.php(410): CodeIgniter\CodeIgniter->runController(Object(App\Controllers\Admin))
#3 C:\xampp\htdocs\FAH\system\CodeIgniter.php(318): CodeIgniter\CodeIgniter->handleRequest(NULL, Object(Config\Cache), false)
#4 C:\xampp\htdocs\FAH\index.php(37): CodeIgniter\CodeIgniter->run()
#5 {main}
CRITICAL - 2021-12-21 03:24:39 --> count(): Argument #1 ($value) must be of type Countable|array, null given
#0 C:\xampp\htdocs\FAH\app\Controllers\Admin.php(194): count(NULL)
#1 C:\xampp\htdocs\FAH\system\CodeIgniter.php(824): App\Controllers\Admin->customerView()
#2 C:\xampp\htdocs\FAH\system\CodeIgniter.php(410): CodeIgniter\CodeIgniter->runController(Object(App\Controllers\Admin))
#3 C:\xampp\htdocs\FAH\system\CodeIgniter.php(318): CodeIgniter\CodeIgniter->handleRequest(NULL, Object(Config\Cache), false)
#4 C:\xampp\htdocs\FAH\index.php(37): CodeIgniter\CodeIgniter->run()
#5 {main}
CRITICAL - 2021-12-21 03:25:27 --> count(): Argument #1 ($value) must be of type Countable|array, null given
#0 C:\xampp\htdocs\FAH\app\Controllers\Admin.php(193): count(NULL)
#1 C:\xampp\htdocs\FAH\system\CodeIgniter.php(824): App\Controllers\Admin->customerView()
#2 C:\xampp\htdocs\FAH\system\CodeIgniter.php(410): CodeIgniter\CodeIgniter->runController(Object(App\Controllers\Admin))
#3 C:\xampp\htdocs\FAH\system\CodeIgniter.php(318): CodeIgniter\CodeIgniter->handleRequest(NULL, Object(Config\Cache), false)
#4 C:\xampp\htdocs\FAH\index.php(37): CodeIgniter\CodeIgniter->run()
#5 {main}
CRITICAL - 2021-12-21 03:25:59 --> count(): Argument #1 ($value) must be of type Countable|array, null given
#0 C:\xampp\htdocs\FAH\app\Controllers\Admin.php(193): count(NULL)
#1 C:\xampp\htdocs\FAH\system\CodeIgniter.php(824): App\Controllers\Admin->customerView()
#2 C:\xampp\htdocs\FAH\system\CodeIgniter.php(410): CodeIgniter\CodeIgniter->runController(Object(App\Controllers\Admin))
#3 C:\xampp\htdocs\FAH\system\CodeIgniter.php(318): CodeIgniter\CodeIgniter->handleRequest(NULL, Object(Config\Cache), false)
#4 C:\xampp\htdocs\FAH\index.php(37): CodeIgniter\CodeIgniter->run()
#5 {main}
CRITICAL - 2021-12-21 03:28:14 --> count(): Argument #1 ($value) must be of type Countable|array, null given
#0 C:\xampp\htdocs\FAH\app\Controllers\Admin.php(193): count(NULL)
#1 C:\xampp\htdocs\FAH\system\CodeIgniter.php(824): App\Controllers\Admin->customerView()
#2 C:\xampp\htdocs\FAH\system\CodeIgniter.php(410): CodeIgniter\CodeIgniter->runController(Object(App\Controllers\Admin))
#3 C:\xampp\htdocs\FAH\system\CodeIgniter.php(318): CodeIgniter\CodeIgniter->handleRequest(NULL, Object(Config\Cache), false)
#4 C:\xampp\htdocs\FAH\index.php(37): CodeIgniter\CodeIgniter->run()
#5 {main}
CRITICAL - 2021-12-21 03:28:49 --> count(): Argument #1 ($value) must be of type Countable|array, null given
#0 C:\xampp\htdocs\FAH\app\Controllers\Admin.php(193): count(NULL)
#1 C:\xampp\htdocs\FAH\system\CodeIgniter.php(824): App\Controllers\Admin->customerView()
#2 C:\xampp\htdocs\FAH\system\CodeIgniter.php(410): CodeIgniter\CodeIgniter->runController(Object(App\Controllers\Admin))
#3 C:\xampp\htdocs\FAH\system\CodeIgniter.php(318): CodeIgniter\CodeIgniter->handleRequest(NULL, Object(Config\Cache), false)
#4 C:\xampp\htdocs\FAH\index.php(37): CodeIgniter\CodeIgniter->run()
#5 {main}
CRITICAL - 2021-12-21 03:30:01 --> count(): Argument #1 ($value) must be of type Countable|array, null given
#0 C:\xampp\htdocs\FAH\app\Controllers\Admin.php(193): count(NULL)
#1 C:\xampp\htdocs\FAH\system\CodeIgniter.php(824): App\Controllers\Admin->customerView()
#2 C:\xampp\htdocs\FAH\system\CodeIgniter.php(410): CodeIgniter\CodeIgniter->runController(Object(App\Controllers\Admin))
#3 C:\xampp\htdocs\FAH\system\CodeIgniter.php(318): CodeIgniter\CodeIgniter->handleRequest(NULL, Object(Config\Cache), false)
#4 C:\xampp\htdocs\FAH\index.php(37): CodeIgniter\CodeIgniter->run()
#5 {main}
CRITICAL - 2021-12-21 03:30:18 --> count(): Argument #1 ($value) must be of type Countable|array, null given
#0 C:\xampp\htdocs\FAH\app\Controllers\Admin.php(193): count(NULL)
#1 C:\xampp\htdocs\FAH\system\CodeIgniter.php(824): App\Controllers\Admin->customerView()
#2 C:\xampp\htdocs\FAH\system\CodeIgniter.php(410): CodeIgniter\CodeIgniter->runController(Object(App\Controllers\Admin))
#3 C:\xampp\htdocs\FAH\system\CodeIgniter.php(318): CodeIgniter\CodeIgniter->handleRequest(NULL, Object(Config\Cache), false)
#4 C:\xampp\htdocs\FAH\index.php(37): CodeIgniter\CodeIgniter->run()
#5 {main}
CRITICAL - 2021-12-21 03:31:39 --> count(): Argument #1 ($value) must be of type Countable|array, null given
#0 C:\xampp\htdocs\FAH\app\Controllers\Admin.php(193): count(NULL)
#1 C:\xampp\htdocs\FAH\system\CodeIgniter.php(824): App\Controllers\Admin->customerView()
#2 C:\xampp\htdocs\FAH\system\CodeIgniter.php(410): CodeIgniter\CodeIgniter->runController(Object(App\Controllers\Admin))
#3 C:\xampp\htdocs\FAH\system\CodeIgniter.php(318): CodeIgniter\CodeIgniter->handleRequest(NULL, Object(Config\Cache), false)
#4 C:\xampp\htdocs\FAH\index.php(37): CodeIgniter\CodeIgniter->run()
#5 {main}
CRITICAL - 2021-12-21 03:32:22 --> count(): Argument #1 ($value) must be of type Countable|array, null given
#0 C:\xampp\htdocs\FAH\app\Controllers\Admin.php(193): count(NULL)
#1 C:\xampp\htdocs\FAH\system\CodeIgniter.php(824): App\Controllers\Admin->customerView()
#2 C:\xampp\htdocs\FAH\system\CodeIgniter.php(410): CodeIgniter\CodeIgniter->runController(Object(App\Controllers\Admin))
#3 C:\xampp\htdocs\FAH\system\CodeIgniter.php(318): CodeIgniter\CodeIgniter->handleRequest(NULL, Object(Config\Cache), false)
#4 C:\xampp\htdocs\FAH\index.php(37): CodeIgniter\CodeIgniter->run()
#5 {main}
CRITICAL - 2021-12-21 03:33:53 --> Call to a member function getResultArray() on array
#0 C:\xampp\htdocs\FAH\app\Controllers\Admin.php(192): App\Models\CommentModel->getComment('45')
#1 C:\xampp\htdocs\FAH\system\CodeIgniter.php(824): App\Controllers\Admin->customerView()
#2 C:\xampp\htdocs\FAH\system\CodeIgniter.php(410): CodeIgniter\CodeIgniter->runController(Object(App\Controllers\Admin))
#3 C:\xampp\htdocs\FAH\system\CodeIgniter.php(318): CodeIgniter\CodeIgniter->handleRequest(NULL, Object(Config\Cache), false)
#4 C:\xampp\htdocs\FAH\index.php(37): CodeIgniter\CodeIgniter->run()
#5 {main}
CRITICAL - 2021-12-21 03:34:28 --> Undefined array key 0
#0 C:\xampp\htdocs\FAH\app\Controllers\Admin.php(195): CodeIgniter\Debug\Exceptions->errorHandler(2, 'Undefined array...', 'C:\\xampp\\htdocs...', 195)
#1 C:\xampp\htdocs\FAH\system\CodeIgniter.php(824): App\Controllers\Admin->customerView()
#2 C:\xampp\htdocs\FAH\system\CodeIgniter.php(410): CodeIgniter\CodeIgniter->runController(Object(App\Controllers\Admin))
#3 C:\xampp\htdocs\FAH\system\CodeIgniter.php(318): CodeIgniter\CodeIgniter->handleRequest(NULL, Object(Config\Cache), false)
#4 C:\xampp\htdocs\FAH\index.php(37): CodeIgniter\CodeIgniter->run()
#5 {main}
CRITICAL - 2021-12-21 03:35:59 --> Undefined array key 0
#0 C:\xampp\htdocs\FAH\app\Controllers\Admin.php(195): CodeIgniter\Debug\Exceptions->errorHandler(2, 'Undefined array...', 'C:\\xampp\\htdocs...', 195)
#1 C:\xampp\htdocs\FAH\system\CodeIgniter.php(824): App\Controllers\Admin->customerView()
#2 C:\xampp\htdocs\FAH\system\CodeIgniter.php(410): CodeIgniter\CodeIgniter->runController(Object(App\Controllers\Admin))
#3 C:\xampp\htdocs\FAH\system\CodeIgniter.php(318): CodeIgniter\CodeIgniter->handleRequest(NULL, Object(Config\Cache), false)
#4 C:\xampp\htdocs\FAH\index.php(37): CodeIgniter\CodeIgniter->run()
#5 {main}
CRITICAL - 2021-12-21 03:37:26 --> array_merge(): Argument #1 must be of type array, null given
#0 C:\xampp\htdocs\FAH\app\Models\CommentModel.php(39): array_merge(NULL, Array)
#1 C:\xampp\htdocs\FAH\app\Controllers\Admin.php(217): App\Models\CommentModel->insert_comment('45', '[{"who":"Admin ...', Array)
#2 C:\xampp\htdocs\FAH\system\CodeIgniter.php(824): App\Controllers\Admin->Comment()
#3 C:\xampp\htdocs\FAH\system\CodeIgniter.php(410): CodeIgniter\CodeIgniter->runController(Object(App\Controllers\Admin))
#4 C:\xampp\htdocs\FAH\system\CodeIgniter.php(318): CodeIgniter\CodeIgniter->handleRequest(NULL, Object(Config\Cache), false)
#5 C:\xampp\htdocs\FAH\index.php(37): CodeIgniter\CodeIgniter->run()
#6 {main}
CRITICAL - 2021-12-21 03:39:06 --> array_merge(): Argument #1 must be of type array, null given
#0 C:\xampp\htdocs\FAH\app\Models\CommentModel.php(39): array_merge(NULL, Array)
#1 C:\xampp\htdocs\FAH\app\Controllers\Admin.php(217): App\Models\CommentModel->insert_comment('45', '[{"who":"Admin ...', Array)
#2 C:\xampp\htdocs\FAH\system\CodeIgniter.php(824): App\Controllers\Admin->Comment()
#3 C:\xampp\htdocs\FAH\system\CodeIgniter.php(410): CodeIgniter\CodeIgniter->runController(Object(App\Controllers\Admin))
#4 C:\xampp\htdocs\FAH\system\CodeIgniter.php(318): CodeIgniter\CodeIgniter->handleRequest(NULL, Object(Config\Cache), false)
#5 C:\xampp\htdocs\FAH\index.php(37): CodeIgniter\CodeIgniter->run()
#6 {main}
CRITICAL - 2021-12-21 03:39:28 --> array_merge(): Argument #1 must be of type array, null given
#0 C:\xampp\htdocs\FAH\app\Models\CommentModel.php(40): array_merge(NULL, Array)
#1 C:\xampp\htdocs\FAH\app\Controllers\Admin.php(217): App\Models\CommentModel->insert_comment('45', '[{"who":"Admin ...', Array)
#2 C:\xampp\htdocs\FAH\system\CodeIgniter.php(824): App\Controllers\Admin->Comment()
#3 C:\xampp\htdocs\FAH\system\CodeIgniter.php(410): CodeIgniter\CodeIgniter->runController(Object(App\Controllers\Admin))
#4 C:\xampp\htdocs\FAH\system\CodeIgniter.php(318): CodeIgniter\CodeIgniter->handleRequest(NULL, Object(Config\Cache), false)
#5 C:\xampp\htdocs\FAH\index.php(37): CodeIgniter\CodeIgniter->run()
#6 {main}
ERROR - 2021-12-21 03:41:16 --> Cannot add or update a child row: a foreign key constraint fails (`fah_portal`.`projects`, CONSTRAINT `UID` FOREIGN KEY (`UID`) REFERENCES `users` (`UID`))
CRITICAL - 2021-12-21 03:41:16 --> Cannot add or update a child row: a foreign key constraint fails (`fah_portal`.`projects`, CONSTRAINT `UID` FOREIGN KEY (`UID`) REFERENCES `users` (`UID`))
#0 C:\xampp\htdocs\FAH\system\Database\MySQLi\Connection.php(292): mysqli->query('INSERT INTO pro...', 0)
#1 C:\xampp\htdocs\FAH\system\Database\BaseConnection.php(670): CodeIgniter\Database\MySQLi\Connection->execute('INSERT INTO pro...')
#2 C:\xampp\htdocs\FAH\system\Database\BaseConnection.php(598): CodeIgniter\Database\BaseConnection->simpleQuery('INSERT INTO pro...')
#3 C:\xampp\htdocs\FAH\app\Models\CommentModel.php(22): CodeIgniter\Database\BaseConnection->query('INSERT INTO pro...')
#4 C:\xampp\htdocs\FAH\app\Controllers\Admin.php(217): App\Models\CommentModel->insert_comment('', '[{"who":"Admin ...', Array)
#5 C:\xampp\htdocs\FAH\system\CodeIgniter.php(824): App\Controllers\Admin->Comment()
#6 C:\xampp\htdocs\FAH\system\CodeIgniter.php(410): CodeIgniter\CodeIgniter->runController(Object(App\Controllers\Admin))
#7 C:\xampp\htdocs\FAH\system\CodeIgniter.php(318): CodeIgniter\CodeIgniter->handleRequest(NULL, Object(Config\Cache), false)
#8 C:\xampp\htdocs\FAH\index.php(37): CodeIgniter\CodeIgniter->run()
#9 {main}
ERROR - 2021-12-21 03:42:31 --> Cannot add or update a child row: a foreign key constraint fails (`fah_portal`.`projects`, CONSTRAINT `UID` FOREIGN KEY (`UID`) REFERENCES `users` (`UID`))
CRITICAL - 2021-12-21 03:42:31 --> Cannot add or update a child row: a foreign key constraint fails (`fah_portal`.`projects`, CONSTRAINT `UID` FOREIGN KEY (`UID`) REFERENCES `users` (`UID`))
#0 C:\xampp\htdocs\FAH\system\Database\MySQLi\Connection.php(292): mysqli->query('INSERT INTO pro...', 0)
#1 C:\xampp\htdocs\FAH\system\Database\BaseConnection.php(670): CodeIgniter\Database\MySQLi\Connection->execute('INSERT INTO pro...')
#2 C:\xampp\htdocs\FAH\system\Database\BaseConnection.php(598): CodeIgniter\Database\BaseConnection->simpleQuery('INSERT INTO pro...')
#3 C:\xampp\htdocs\FAH\app\Models\CommentModel.php(22): CodeIgniter\Database\BaseConnection->query('INSERT INTO pro...')
#4 C:\xampp\htdocs\FAH\app\Controllers\Admin.php(217): App\Models\CommentModel->insert_comment('', '[{"who":"Admin ...', Array)
#5 C:\xampp\htdocs\FAH\system\CodeIgniter.php(824): App\Controllers\Admin->Comment()
#6 C:\xampp\htdocs\FAH\system\CodeIgniter.php(410): CodeIgniter\CodeIgniter->runController(Object(App\Controllers\Admin))
#7 C:\xampp\htdocs\FAH\system\CodeIgniter.php(318): CodeIgniter\CodeIgniter->handleRequest(NULL, Object(Config\Cache), false)
#8 C:\xampp\htdocs\FAH\index.php(37): CodeIgniter\CodeIgniter->run()
#9 {main}
CRITICAL - 2021-12-21 03:42:51 --> count(): Argument #1 ($value) must be of type Countable|array, null given
#0 C:\xampp\htdocs\FAH\system\View\View.php(214): include()
#1 C:\xampp\htdocs\FAH\system\View\View.php(217): CodeIgniter\View\View->CodeIgniter\View\{closure}()
#2 C:\xampp\htdocs\FAH\system\Common.php(1097): CodeIgniter\View\View->render('Admin/customerV...', Array, true)
#3 C:\xampp\htdocs\FAH\app\Controllers\Admin.php(220): view('Admin/customerV...', Array)
#4 C:\xampp\htdocs\FAH\system\CodeIgniter.php(824): App\Controllers\Admin->Comment()
#5 C:\xampp\htdocs\FAH\system\CodeIgniter.php(410): CodeIgniter\CodeIgniter->runController(Object(App\Controllers\Admin))
#6 C:\xampp\htdocs\FAH\system\CodeIgniter.php(318): CodeIgniter\CodeIgniter->handleRequest(NULL, Object(Config\Cache), false)
#7 C:\xampp\htdocs\FAH\index.php(37): CodeIgniter\CodeIgniter->run()
#8 {main}
CRITICAL - 2021-12-21 03:46:34 --> Undefined variable $comment
#0 C:\xampp\htdocs\FAH\app\Views\Admin\customerView.php(302): CodeIgniter\Debug\Exceptions->errorHandler(2, 'Undefined varia...', 'C:\\xampp\\htdocs...', 302)
#1 C:\xampp\htdocs\FAH\system\View\View.php(214): include('C:\\xampp\\htdocs...')
#2 C:\xampp\htdocs\FAH\system\View\View.php(217): CodeIgniter\View\View->CodeIgniter\View\{closure}()
#3 C:\xampp\htdocs\FAH\system\Common.php(1097): CodeIgniter\View\View->render('Admin/customerV...', Array, true)
#4 C:\xampp\htdocs\FAH\app\Controllers\Admin.php(220): view('Admin/customerV...', Array)
#5 C:\xampp\htdocs\FAH\system\CodeIgniter.php(824): App\Controllers\Admin->Comment()
#6 C:\xampp\htdocs\FAH\system\CodeIgniter.php(410): CodeIgniter\CodeIgniter->runController(Object(App\Controllers\Admin))
#7 C:\xampp\htdocs\FAH\system\CodeIgniter.php(318): CodeIgniter\CodeIgniter->handleRequest(NULL, Object(Config\Cache), false)
#8 C:\xampp\htdocs\FAH\index.php(37): CodeIgniter\CodeIgniter->run()
#9 {main}
CRITICAL - 2021-12-21 03:47:15 --> Undefined variable $comment
#0 C:\xampp\htdocs\FAH\app\Views\Admin\customerView.php(302): CodeIgniter\Debug\Exceptions->errorHandler(2, 'Undefined varia...', 'C:\\xampp\\htdocs...', 302)
#1 C:\xampp\htdocs\FAH\system\View\View.php(214): include('C:\\xampp\\htdocs...')
#2 C:\xampp\htdocs\FAH\system\View\View.php(217): CodeIgniter\View\View->CodeIgniter\View\{closure}()
#3 C:\xampp\htdocs\FAH\system\Common.php(1097): CodeIgniter\View\View->render('Admin/customerV...', Array, true)
#4 C:\xampp\htdocs\FAH\app\Controllers\Admin.php(220): view('Admin/customerV...', Array)
#5 C:\xampp\htdocs\FAH\system\CodeIgniter.php(824): App\Controllers\Admin->Comment()
#6 C:\xampp\htdocs\FAH\system\CodeIgniter.php(410): CodeIgniter\CodeIgniter->runController(Object(App\Controllers\Admin))
#7 C:\xampp\htdocs\FAH\system\CodeIgniter.php(318): CodeIgniter\CodeIgniter->handleRequest(NULL, Object(Config\Cache), false)
#8 C:\xampp\htdocs\FAH\index.php(37): CodeIgniter\CodeIgniter->run()
#9 {main}
CRITICAL - 2021-12-21 03:47:40 --> Undefined variable $comment
#0 C:\xampp\htdocs\FAH\app\Views\Admin\customerView.php(302): CodeIgniter\Debug\Exceptions->errorHandler(2, 'Undefined varia...', 'C:\\xampp\\htdocs...', 302)
#1 C:\xampp\htdocs\FAH\system\View\View.php(214): include('C:\\xampp\\htdocs...')
#2 C:\xampp\htdocs\FAH\system\View\View.php(217): CodeIgniter\View\View->CodeIgniter\View\{closure}()
#3 C:\xampp\htdocs\FAH\system\Common.php(1097): CodeIgniter\View\View->render('Admin/customerV...', Array, true)
#4 C:\xampp\htdocs\FAH\app\Controllers\Admin.php(220): view('Admin/customerV...', Array)
#5 C:\xampp\htdocs\FAH\system\CodeIgniter.php(824): App\Controllers\Admin->Comment()
#6 C:\xampp\htdocs\FAH\system\CodeIgniter.php(410): CodeIgniter\CodeIgniter->runController(Object(App\Controllers\Admin))
#7 C:\xampp\htdocs\FAH\system\CodeIgniter.php(318): CodeIgniter\CodeIgniter->handleRequest(NULL, Object(Config\Cache), false)
#8 C:\xampp\htdocs\FAH\index.php(37): CodeIgniter\CodeIgniter->run()
#9 {main}
CRITICAL - 2021-12-21 03:48:04 --> Undefined variable $comment
#0 C:\xampp\htdocs\FAH\app\Views\Admin\customerView.php(302): CodeIgniter\Debug\Exceptions->errorHandler(2, 'Undefined varia...', 'C:\\xampp\\htdocs...', 302)
#1 C:\xampp\htdocs\FAH\system\View\View.php(214): include('C:\\xampp\\htdocs...')
#2 C:\xampp\htdocs\FAH\system\View\View.php(217): CodeIgniter\View\View->CodeIgniter\View\{closure}()
#3 C:\xampp\htdocs\FAH\system\Common.php(1097): CodeIgniter\View\View->render('Admin/customerV...', Array, true)
#4 C:\xampp\htdocs\FAH\app\Controllers\Admin.php(220): view('Admin/customerV...', Array)
#5 C:\xampp\htdocs\FAH\system\CodeIgniter.php(824): App\Controllers\Admin->Comment()
#6 C:\xampp\htdocs\FAH\system\CodeIgniter.php(410): CodeIgniter\CodeIgniter->runController(Object(App\Controllers\Admin))
#7 C:\xampp\htdocs\FAH\system\CodeIgniter.php(318): CodeIgniter\CodeIgniter->handleRequest(NULL, Object(Config\Cache), false)
#8 C:\xampp\htdocs\FAH\index.php(37): CodeIgniter\CodeIgniter->run()
#9 {main}
CRITICAL - 2021-12-21 03:48:50 --> count(): Argument #1 ($value) must be of type Countable|array, null given
#0 C:\xampp\htdocs\FAH\system\View\View.php(214): include()
#1 C:\xampp\htdocs\FAH\system\View\View.php(217): CodeIgniter\View\View->CodeIgniter\View\{closure}()
#2 C:\xampp\htdocs\FAH\system\Common.php(1097): CodeIgniter\View\View->render('Admin/customerV...', Array, true)
#3 C:\xampp\htdocs\FAH\app\Controllers\Admin.php(220): view('Admin/customerV...', Array)
#4 C:\xampp\htdocs\FAH\system\CodeIgniter.php(824): App\Controllers\Admin->Comment()
#5 C:\xampp\htdocs\FAH\system\CodeIgniter.php(410): CodeIgniter\CodeIgniter->runController(Object(App\Controllers\Admin))
#6 C:\xampp\htdocs\FAH\system\CodeIgniter.php(318): CodeIgniter\CodeIgniter->handleRequest(NULL, Object(Config\Cache), false)
#7 C:\xampp\htdocs\FAH\index.php(37): CodeIgniter\CodeIgniter->run()
#8 {main}
CRITICAL - 2021-12-21 03:49:12 --> Undefined variable $comment
#0 C:\xampp\htdocs\FAH\app\Views\Admin\customerView.php(302): CodeIgniter\Debug\Exceptions->errorHandler(2, 'Undefined varia...', 'C:\\xampp\\htdocs...', 302)
#1 C:\xampp\htdocs\FAH\system\View\View.php(214): include('C:\\xampp\\htdocs...')
#2 C:\xampp\htdocs\FAH\system\View\View.php(217): CodeIgniter\View\View->CodeIgniter\View\{closure}()
#3 C:\xampp\htdocs\FAH\system\Common.php(1097): CodeIgniter\View\View->render('Admin/customerV...', Array, true)
#4 C:\xampp\htdocs\FAH\app\Controllers\Admin.php(220): view('Admin/customerV...', Array)
#5 C:\xampp\htdocs\FAH\system\CodeIgniter.php(824): App\Controllers\Admin->Comment()
#6 C:\xampp\htdocs\FAH\system\CodeIgniter.php(410): CodeIgniter\CodeIgniter->runController(Object(App\Controllers\Admin))
#7 C:\xampp\htdocs\FAH\system\CodeIgniter.php(318): CodeIgniter\CodeIgniter->handleRequest(NULL, Object(Config\Cache), false)
#8 C:\xampp\htdocs\FAH\index.php(37): CodeIgniter\CodeIgniter->run()
#9 {main}
CRITICAL - 2021-12-21 03:49:41 --> Undefined variable $comment
#0 C:\xampp\htdocs\FAH\app\Views\Admin\customerView.php(302): CodeIgniter\Debug\Exceptions->errorHandler(2, 'Undefined varia...', 'C:\\xampp\\htdocs...', 302)
#1 C:\xampp\htdocs\FAH\system\View\View.php(214): include('C:\\xampp\\htdocs...')
#2 C:\xampp\htdocs\FAH\system\View\View.php(217): CodeIgniter\View\View->CodeIgniter\View\{closure}()
#3 C:\xampp\htdocs\FAH\system\Common.php(1097): CodeIgniter\View\View->render('Admin/customerV...', Array, true)
#4 C:\xampp\htdocs\FAH\app\Controllers\Admin.php(220): view('Admin/customerV...', Array)
#5 C:\xampp\htdocs\FAH\system\CodeIgniter.php(824): App\Controllers\Admin->Comment()
#6 C:\xampp\htdocs\FAH\system\CodeIgniter.php(410): CodeIgniter\CodeIgniter->runController(Object(App\Controllers\Admin))
#7 C:\xampp\htdocs\FAH\system\CodeIgniter.php(318): CodeIgniter\CodeIgniter->handleRequest(NULL, Object(Config\Cache), false)
#8 C:\xampp\htdocs\FAH\index.php(37): CodeIgniter\CodeIgniter->run()
#9 {main}
CRITICAL - 2021-12-21 03:51:26 --> Undefined variable $comment
#0 C:\xampp\htdocs\FAH\app\Views\Admin\customerView.php(302): CodeIgniter\Debug\Exceptions->errorHandler(2, 'Undefined varia...', 'C:\\xampp\\htdocs...', 302)
#1 C:\xampp\htdocs\FAH\system\View\View.php(214): include('C:\\xampp\\htdocs...')
#2 C:\xampp\htdocs\FAH\system\View\View.php(217): CodeIgniter\View\View->CodeIgniter\View\{closure}()
#3 C:\xampp\htdocs\FAH\system\Common.php(1097): CodeIgniter\View\View->render('Admin/customerV...', Array, true)
#4 C:\xampp\htdocs\FAH\app\Controllers\Admin.php(220): view('Admin/customerV...', Array)
#5 C:\xampp\htdocs\FAH\system\CodeIgniter.php(824): App\Controllers\Admin->Comment()
#6 C:\xampp\htdocs\FAH\system\CodeIgniter.php(410): CodeIgniter\CodeIgniter->runController(Object(App\Controllers\Admin))
#7 C:\xampp\htdocs\FAH\system\CodeIgniter.php(318): CodeIgniter\CodeIgniter->handleRequest(NULL, Object(Config\Cache), false)
#8 C:\xampp\htdocs\FAH\index.php(37): CodeIgniter\CodeIgniter->run()
#9 {main}
CRITICAL - 2021-12-21 03:53:30 --> Undefined variable $comment
#0 C:\xampp\htdocs\FAH\app\Views\Admin\customerView.php(302): CodeIgniter\Debug\Exceptions->errorHandler(2, 'Undefined varia...', 'C:\\xampp\\htdocs...', 302)
#1 C:\xampp\htdocs\FAH\system\View\View.php(214): include('C:\\xampp\\htdocs...')
#2 C:\xampp\htdocs\FAH\system\View\View.php(217): CodeIgniter\View\View->CodeIgniter\View\{closure}()
#3 C:\xampp\htdocs\FAH\system\Common.php(1097): CodeIgniter\View\View->render('Admin/customerV...', Array, true)
#4 C:\xampp\htdocs\FAH\app\Controllers\Admin.php(220): view('Admin/customerV...', Array)
#5 C:\xampp\htdocs\FAH\system\CodeIgniter.php(824): App\Controllers\Admin->Comment()
#6 C:\xampp\htdocs\FAH\system\CodeIgniter.php(410): CodeIgniter\CodeIgniter->runController(Object(App\Controllers\Admin))
#7 C:\xampp\htdocs\FAH\system\CodeIgniter.php(318): CodeIgniter\CodeIgniter->handleRequest(NULL, Object(Config\Cache), false)
#8 C:\xampp\htdocs\FAH\index.php(37): CodeIgniter\CodeIgniter->run()
#9 {main}
CRITICAL - 2021-12-21 03:54:03 --> Undefined variable $comment
#0 C:\xampp\htdocs\FAH\app\Views\Admin\customerView.php(302): CodeIgniter\Debug\Exceptions->errorHandler(2, 'Undefined varia...', 'C:\\xampp\\htdocs...', 302)
#1 C:\xampp\htdocs\FAH\system\View\View.php(214): include('C:\\xampp\\htdocs...')
#2 C:\xampp\htdocs\FAH\system\View\View.php(217): CodeIgniter\View\View->CodeIgniter\View\{closure}()
#3 C:\xampp\htdocs\FAH\system\Common.php(1097): CodeIgniter\View\View->render('Admin/customerV...', Array, true)
#4 C:\xampp\htdocs\FAH\app\Controllers\Admin.php(219): view('Admin/customerV...', Array)
#5 C:\xampp\htdocs\FAH\system\CodeIgniter.php(824): App\Controllers\Admin->Comment()
#6 C:\xampp\htdocs\FAH\system\CodeIgniter.php(410): CodeIgniter\CodeIgniter->runController(Object(App\Controllers\Admin))
#7 C:\xampp\htdocs\FAH\system\CodeIgniter.php(318): CodeIgniter\CodeIgniter->handleRequest(NULL, Object(Config\Cache), false)
#8 C:\xampp\htdocs\FAH\index.php(37): CodeIgniter\CodeIgniter->run()
#9 {main}
CRITICAL - 2021-12-21 03:56:20 --> Undefined variable $UID
#0 C:\xampp\htdocs\FAH\app\Controllers\Admin.php(218): CodeIgniter\Debug\Exceptions->errorHandler(2, 'Undefined varia...', 'C:\\xampp\\htdocs...', 218)
#1 C:\xampp\htdocs\FAH\system\CodeIgniter.php(824): App\Controllers\Admin->Comment()
#2 C:\xampp\htdocs\FAH\system\CodeIgniter.php(410): CodeIgniter\CodeIgniter->runController(Object(App\Controllers\Admin))
#3 C:\xampp\htdocs\FAH\system\CodeIgniter.php(318): CodeIgniter\CodeIgniter->handleRequest(NULL, Object(Config\Cache), false)
#4 C:\xampp\htdocs\FAH\index.php(37): CodeIgniter\CodeIgniter->run()
#5 {main}
CRITICAL - 2021-12-21 04:04:23 --> Undefined variable $UID
#0 C:\xampp\htdocs\FAH\app\Controllers\Admin.php(230): CodeIgniter\Debug\Exceptions->errorHandler(2, 'Undefined varia...', 'C:\\xampp\\htdocs...', 230)
#1 C:\xampp\htdocs\FAH\system\CodeIgniter.php(824): App\Controllers\Admin->Comment()
#2 C:\xampp\htdocs\FAH\system\CodeIgniter.php(410): CodeIgniter\CodeIgniter->runController(Object(App\Controllers\Admin))
#3 C:\xampp\htdocs\FAH\system\CodeIgniter.php(318): CodeIgniter\CodeIgniter->handleRequest(NULL, Object(Config\Cache), false)
#4 C:\xampp\htdocs\FAH\index.php(37): CodeIgniter\CodeIgniter->run()
#5 {main}
CRITICAL - 2021-12-21 04:04:30 --> Undefined variable $uid
#0 C:\xampp\htdocs\FAH\app\Controllers\Admin.php(208): CodeIgniter\Debug\Exceptions->errorHandler(2, 'Undefined varia...', 'C:\\xampp\\htdocs...', 208)
#1 C:\xampp\htdocs\FAH\system\CodeIgniter.php(824): App\Controllers\Admin->customerView()
#2 C:\xampp\htdocs\FAH\system\CodeIgniter.php(410): CodeIgniter\CodeIgniter->runController(Object(App\Controllers\Admin))
#3 C:\xampp\htdocs\FAH\system\CodeIgniter.php(318): CodeIgniter\CodeIgniter->handleRequest(NULL, Object(Config\Cache), false)
#4 C:\xampp\htdocs\FAH\index.php(37): CodeIgniter\CodeIgniter->run()
#5 {main}
ERROR - 2021-12-21 04:06:10 --> Cannot add or update a child row: a foreign key constraint fails (`fah_portal`.`projects`, CONSTRAINT `UID` FOREIGN KEY (`UID`) REFERENCES `users` (`UID`))
CRITICAL - 2021-12-21 04:06:10 --> Cannot add or update a child row: a foreign key constraint fails (`fah_portal`.`projects`, CONSTRAINT `UID` FOREIGN KEY (`UID`) REFERENCES `users` (`UID`))
#0 C:\xampp\htdocs\FAH\system\Database\MySQLi\Connection.php(292): mysqli->query('INSERT INTO pro...', 0)
#1 C:\xampp\htdocs\FAH\system\Database\BaseConnection.php(670): CodeIgniter\Database\MySQLi\Connection->execute('INSERT INTO pro...')
#2 C:\xampp\htdocs\FAH\system\Database\BaseConnection.php(598): CodeIgniter\Database\BaseConnection->simpleQuery('INSERT INTO pro...')
#3 C:\xampp\htdocs\FAH\app\Models\CommentModel.php(22): CodeIgniter\Database\BaseConnection->query('INSERT INTO pro...')
#4 C:\xampp\htdocs\FAH\app\Controllers\Admin.php(208): App\Models\CommentModel->insert_comment(NULL, '[{"who":"Admin ...', Array)
#5 C:\xampp\htdocs\FAH\system\CodeIgniter.php(824): App\Controllers\Admin->customerView()
#6 C:\xampp\htdocs\FAH\system\CodeIgniter.php(410): CodeIgniter\CodeIgniter->runController(Object(App\Controllers\Admin))
#7 C:\xampp\htdocs\FAH\system\CodeIgniter.php(318): CodeIgniter\CodeIgniter->handleRequest(NULL, Object(Config\Cache), false)
#8 C:\xampp\htdocs\FAH\index.php(37): CodeIgniter\CodeIgniter->run()
#9 {main}
ERROR - 2021-12-21 04:07:06 --> Cannot add or update a child row: a foreign key constraint fails (`fah_portal`.`projects`, CONSTRAINT `UID` FOREIGN KEY (`UID`) REFERENCES `users` (`UID`))
CRITICAL - 2021-12-21 04:07:06 --> Cannot add or update a child row: a foreign key constraint fails (`fah_portal`.`projects`, CONSTRAINT `UID` FOREIGN KEY (`UID`) REFERENCES `users` (`UID`))
#0 C:\xampp\htdocs\FAH\system\Database\MySQLi\Connection.php(292): mysqli->query('INSERT INTO pro...', 0)
#1 C:\xampp\htdocs\FAH\system\Database\BaseConnection.php(670): CodeIgniter\Database\MySQLi\Connection->execute('INSERT INTO pro...')
#2 C:\xampp\htdocs\FAH\system\Database\BaseConnection.php(598): CodeIgniter\Database\BaseConnection->simpleQuery('INSERT INTO pro...')
#3 C:\xampp\htdocs\FAH\app\Models\CommentModel.php(22): CodeIgniter\Database\BaseConnection->query('INSERT INTO pro...')
#4 C:\xampp\htdocs\FAH\app\Controllers\Admin.php(215): App\Models\CommentModel->insert_comment('', '[{"who":"Admin ...', Array)
#5 C:\xampp\htdocs\FAH\system\CodeIgniter.php(824): App\Controllers\Admin->Comment()
#6 C:\xampp\htdocs\FAH\system\CodeIgniter.php(410): CodeIgniter\CodeIgniter->runController(Object(App\Controllers\Admin))
#7 C:\xampp\htdocs\FAH\system\CodeIgniter.php(318): CodeIgniter\CodeIgniter->handleRequest(NULL, Object(Config\Cache), false)
#8 C:\xampp\htdocs\FAH\index.php(37): CodeIgniter\CodeIgniter->run()
#9 {main}
ERROR - 2021-12-21 04:10:01 --> Cannot add or update a child row: a foreign key constraint fails (`fah_portal`.`projects`, CONSTRAINT `UID` FOREIGN KEY (`UID`) REFERENCES `users` (`UID`))
CRITICAL - 2021-12-21 04:10:01 --> Cannot add or update a child row: a foreign key constraint fails (`fah_portal`.`projects`, CONSTRAINT `UID` FOREIGN KEY (`UID`) REFERENCES `users` (`UID`))
#0 C:\xampp\htdocs\FAH\system\Database\MySQLi\Connection.php(292): mysqli->query('INSERT INTO pro...', 0)
#1 C:\xampp\htdocs\FAH\system\Database\BaseConnection.php(670): CodeIgniter\Database\MySQLi\Connection->execute('INSERT INTO pro...')
#2 C:\xampp\htdocs\FAH\system\Database\BaseConnection.php(598): CodeIgniter\Database\BaseConnection->simpleQuery('INSERT INTO pro...')
#3 C:\xampp\htdocs\FAH\app\Models\CommentModel.php(22): CodeIgniter\Database\BaseConnection->query('INSERT INTO pro...')
#4 C:\xampp\htdocs\FAH\app\Controllers\Admin.php(215): App\Models\CommentModel->insert_comment('', '[{"who":"Admin ...', Array)
#5 C:\xampp\htdocs\FAH\system\CodeIgniter.php(824): App\Controllers\Admin->Comment()
#6 C:\xampp\htdocs\FAH\system\CodeIgniter.php(410): CodeIgniter\CodeIgniter->runController(Object(App\Controllers\Admin))
#7 C:\xampp\htdocs\FAH\system\CodeIgniter.php(318): CodeIgniter\CodeIgniter->handleRequest(NULL, Object(Config\Cache), false)
#8 C:\xampp\htdocs\FAH\index.php(37): CodeIgniter\CodeIgniter->run()
#9 {main}
ERROR - 2021-12-21 04:11:46 --> Cannot add or update a child row: a foreign key constraint fails (`fah_portal`.`projects`, CONSTRAINT `UID` FOREIGN KEY (`UID`) REFERENCES `users` (`UID`))
CRITICAL - 2021-12-21 04:11:46 --> Cannot add or update a child row: a foreign key constraint fails (`fah_portal`.`projects`, CONSTRAINT `UID` FOREIGN KEY (`UID`) REFERENCES `users` (`UID`))
#0 C:\xampp\htdocs\FAH\system\Database\MySQLi\Connection.php(292): mysqli->query('INSERT INTO pro...', 0)
#1 C:\xampp\htdocs\FAH\system\Database\BaseConnection.php(670): CodeIgniter\Database\MySQLi\Connection->execute('INSERT INTO pro...')
#2 C:\xampp\htdocs\FAH\system\Database\BaseConnection.php(598): CodeIgniter\Database\BaseConnection->simpleQuery('INSERT INTO pro...')
#3 C:\xampp\htdocs\FAH\app\Models\CommentModel.php(22): CodeIgniter\Database\BaseConnection->query('INSERT INTO pro...')
#4 C:\xampp\htdocs\FAH\app\Controllers\Admin.php(215): App\Models\CommentModel->insert_comment('', '[{"who":"Admin ...', Array)
#5 C:\xampp\htdocs\FAH\system\CodeIgniter.php(824): App\Controllers\Admin->Comment()
#6 C:\xampp\htdocs\FAH\system\CodeIgniter.php(410): CodeIgniter\CodeIgniter->runController(Object(App\Controllers\Admin))
#7 C:\xampp\htdocs\FAH\system\CodeIgniter.php(318): CodeIgniter\CodeIgniter->handleRequest(NULL, Object(Config\Cache), false)
#8 C:\xampp\htdocs\FAH\index.php(37): CodeIgniter\CodeIgniter->run()
#9 {main}
CRITICAL - 2021-12-21 04:18:24 --> Undefined array key "comment"
#0 C:\xampp\htdocs\FAH\app\Models\CommentModel.php(42): CodeIgniter\Debug\Exceptions->errorHandler(2, 'Undefined array...', 'C:\\xampp\\htdocs...', 42)
#1 C:\xampp\htdocs\FAH\app\Controllers\Admin.php(215): App\Models\CommentModel->insert_comment('7', '[{"who":"Admin ...', Array)
#2 C:\xampp\htdocs\FAH\system\CodeIgniter.php(824): App\Controllers\Admin->Comment()
#3 C:\xampp\htdocs\FAH\system\CodeIgniter.php(410): CodeIgniter\CodeIgniter->runController(Object(App\Controllers\Admin))
#4 C:\xampp\htdocs\FAH\system\CodeIgniter.php(318): CodeIgniter\CodeIgniter->handleRequest(NULL, Object(Config\Cache), false)
#5 C:\xampp\htdocs\FAH\index.php(37): CodeIgniter\CodeIgniter->run()
#6 {main}
CRITICAL - 2021-12-21 04:19:31 --> Attempt to read property "comment" on array
#0 C:\xampp\htdocs\FAH\app\Models\CommentModel.php(42): CodeIgniter\Debug\Exceptions->errorHandler(2, 'Attempt to read...', 'C:\\xampp\\htdocs...', 42)
#1 C:\xampp\htdocs\FAH\app\Controllers\Admin.php(215): App\Models\CommentModel->insert_comment('7', '[{"who":"Admin ...', Array)
#2 C:\xampp\htdocs\FAH\system\CodeIgniter.php(824): App\Controllers\Admin->Comment()
#3 C:\xampp\htdocs\FAH\system\CodeIgniter.php(410): CodeIgniter\CodeIgniter->runController(Object(App\Controllers\Admin))
#4 C:\xampp\htdocs\FAH\system\CodeIgniter.php(318): CodeIgniter\CodeIgniter->handleRequest(NULL, Object(Config\Cache), false)
#5 C:\xampp\htdocs\FAH\index.php(37): CodeIgniter\CodeIgniter->run()
#6 {main}
ERROR - 2021-12-21 04:21:52 --> Cannot add or update a child row: a foreign key constraint fails (`fah_portal`.`projects`, CONSTRAINT `UID` FOREIGN KEY (`UID`) REFERENCES `users` (`UID`))
CRITICAL - 2021-12-21 04:21:52 --> Cannot add or update a child row: a foreign key constraint fails (`fah_portal`.`projects`, CONSTRAINT `UID` FOREIGN KEY (`UID`) REFERENCES `users` (`UID`))
#0 C:\xampp\htdocs\FAH\system\Database\MySQLi\Connection.php(292): mysqli->query('INSERT INTO pro...', 0)
#1 C:\xampp\htdocs\FAH\system\Database\BaseConnection.php(670): CodeIgniter\Database\MySQLi\Connection->execute('INSERT INTO pro...')
#2 C:\xampp\htdocs\FAH\system\Database\BaseConnection.php(598): CodeIgniter\Database\BaseConnection->simpleQuery('INSERT INTO pro...')
#3 C:\xampp\htdocs\FAH\app\Models\CommentModel.php(22): CodeIgniter\Database\BaseConnection->query('INSERT INTO pro...')
#4 C:\xampp\htdocs\FAH\app\Controllers\Admin.php(216): App\Models\CommentModel->insert_comment('', '[{"who":"Admin ...', Array)
#5 C:\xampp\htdocs\FAH\system\CodeIgniter.php(824): App\Controllers\Admin->Comment()
#6 C:\xampp\htdocs\FAH\system\CodeIgniter.php(410): CodeIgniter\CodeIgniter->runController(Object(App\Controllers\Admin))
#7 C:\xampp\htdocs\FAH\system\CodeIgniter.php(318): CodeIgniter\CodeIgniter->handleRequest(NULL, Object(Config\Cache), false)
#8 C:\xampp\htdocs\FAH\index.php(37): CodeIgniter\CodeIgniter->run()
#9 {main}
ERROR - 2021-12-21 04:22:38 --> Cannot add or update a child row: a foreign key constraint fails (`fah_portal`.`projects`, CONSTRAINT `UID` FOREIGN KEY (`UID`) REFERENCES `users` (`UID`))
CRITICAL - 2021-12-21 04:22:38 --> Cannot add or update a child row: a foreign key constraint fails (`fah_portal`.`projects`, CONSTRAINT `UID` FOREIGN KEY (`UID`) REFERENCES `users` (`UID`))
#0 C:\xampp\htdocs\FAH\system\Database\MySQLi\Connection.php(292): mysqli->query('INSERT INTO pro...', 0)
#1 C:\xampp\htdocs\FAH\system\Database\BaseConnection.php(670): CodeIgniter\Database\MySQLi\Connection->execute('INSERT INTO pro...')
#2 C:\xampp\htdocs\FAH\system\Database\BaseConnection.php(598): CodeIgniter\Database\BaseConnection->simpleQuery('INSERT INTO pro...')
#3 C:\xampp\htdocs\FAH\app\Models\CommentModel.php(22): CodeIgniter\Database\BaseConnection->query('INSERT INTO pro...')
#4 C:\xampp\htdocs\FAH\app\Controllers\Admin.php(219): App\Models\CommentModel->insert_comment('', '[{"who":"Admin ...', Array)
#5 C:\xampp\htdocs\FAH\system\CodeIgniter.php(824): App\Controllers\Admin->Comment()
#6 C:\xampp\htdocs\FAH\system\CodeIgniter.php(410): CodeIgniter\CodeIgniter->runController(Object(App\Controllers\Admin))
#7 C:\xampp\htdocs\FAH\system\CodeIgniter.php(318): CodeIgniter\CodeIgniter->handleRequest(NULL, Object(Config\Cache), false)
#8 C:\xampp\htdocs\FAH\index.php(37): CodeIgniter\CodeIgniter->run()
#9 {main}
ERROR - 2021-12-21 04:22:46 --> Cannot add or update a child row: a foreign key constraint fails (`fah_portal`.`projects`, CONSTRAINT `UID` FOREIGN KEY (`UID`) REFERENCES `users` (`UID`))
CRITICAL - 2021-12-21 04:22:46 --> Cannot add or update a child row: a foreign key constraint fails (`fah_portal`.`projects`, CONSTRAINT `UID` FOREIGN KEY (`UID`) REFERENCES `users` (`UID`))
#0 C:\xampp\htdocs\FAH\system\Database\MySQLi\Connection.php(292): mysqli->query('INSERT INTO pro...', 0)
#1 C:\xampp\htdocs\FAH\system\Database\BaseConnection.php(670): CodeIgniter\Database\MySQLi\Connection->execute('INSERT INTO pro...')
#2 C:\xampp\htdocs\FAH\system\Database\BaseConnection.php(598): CodeIgniter\Database\BaseConnection->simpleQuery('INSERT INTO pro...')
#3 C:\xampp\htdocs\FAH\app\Models\CommentModel.php(22): CodeIgniter\Database\BaseConnection->query('INSERT INTO pro...')
#4 C:\xampp\htdocs\FAH\app\Controllers\Admin.php(218): App\Models\CommentModel->insert_comment('', '[{"who":"Admin ...', Array)
#5 C:\xampp\htdocs\FAH\system\CodeIgniter.php(824): App\Controllers\Admin->Comment()
#6 C:\xampp\htdocs\FAH\system\CodeIgniter.php(410): CodeIgniter\CodeIgniter->runController(Object(App\Controllers\Admin))
#7 C:\xampp\htdocs\FAH\system\CodeIgniter.php(318): CodeIgniter\CodeIgniter->handleRequest(NULL, Object(Config\Cache), false)
#8 C:\xampp\htdocs\FAH\index.php(37): CodeIgniter\CodeIgniter->run()
#9 {main}
CRITICAL - 2021-12-21 04:28:45 --> Undefined variable $name
#0 C:\xampp\htdocs\FAH\app\Controllers\Admin.php(213): CodeIgniter\Debug\Exceptions->errorHandler(2, 'Undefined varia...', 'C:\\xampp\\htdocs...', 213)
#1 C:\xampp\htdocs\FAH\system\CodeIgniter.php(824): App\Controllers\Admin->Comment()
#2 C:\xampp\htdocs\FAH\system\CodeIgniter.php(410): CodeIgniter\CodeIgniter->runController(Object(App\Controllers\Admin))
#3 C:\xampp\htdocs\FAH\system\CodeIgniter.php(318): CodeIgniter\CodeIgniter->handleRequest(NULL, Object(Config\Cache), false)
#4 C:\xampp\htdocs\FAH\index.php(37): CodeIgniter\CodeIgniter->run()
#5 {main}
ERROR - 2021-12-21 04:29:41 --> Cannot add or update a child row: a foreign key constraint fails (`fah_portal`.`projects`, CONSTRAINT `UID` FOREIGN KEY (`UID`) REFERENCES `users` (`UID`))
CRITICAL - 2021-12-21 04:29:41 --> Cannot add or update a child row: a foreign key constraint fails (`fah_portal`.`projects`, CONSTRAINT `UID` FOREIGN KEY (`UID`) REFERENCES `users` (`UID`))
#0 C:\xampp\htdocs\FAH\system\Database\MySQLi\Connection.php(292): mysqli->query('INSERT INTO pro...', 0)
#1 C:\xampp\htdocs\FAH\system\Database\BaseConnection.php(670): CodeIgniter\Database\MySQLi\Connection->execute('INSERT INTO pro...')
#2 C:\xampp\htdocs\FAH\system\Database\BaseConnection.php(598): CodeIgniter\Database\BaseConnection->simpleQuery('INSERT INTO pro...')
#3 C:\xampp\htdocs\FAH\app\Models\CommentModel.php(22): CodeIgniter\Database\BaseConnection->query('INSERT INTO pro...')
#4 C:\xampp\htdocs\FAH\app\Controllers\Admin.php(230): App\Models\CommentModel->insert_comment('', '[{"who":"Admin ...', Array)
#5 C:\xampp\htdocs\FAH\system\CodeIgniter.php(824): App\Controllers\Admin->Comment()
#6 C:\xampp\htdocs\FAH\system\CodeIgniter.php(410): CodeIgniter\CodeIgniter->runController(Object(App\Controllers\Admin))
#7 C:\xampp\htdocs\FAH\system\CodeIgniter.php(318): CodeIgniter\CodeIgniter->handleRequest(NULL, Object(Config\Cache), false)
#8 C:\xampp\htdocs\FAH\index.php(37): CodeIgniter\CodeIgniter->run()
#9 {main}
ERROR - 2021-12-21 04:30:41 --> Cannot add or update a child row: a foreign key constraint fails (`fah_portal`.`projects`, CONSTRAINT `UID` FOREIGN KEY (`UID`) REFERENCES `users` (`UID`))
CRITICAL - 2021-12-21 04:30:41 --> Cannot add or update a child row: a foreign key constraint fails (`fah_portal`.`projects`, CONSTRAINT `UID` FOREIGN KEY (`UID`) REFERENCES `users` (`UID`))
#0 C:\xampp\htdocs\FAH\system\Database\MySQLi\Connection.php(292): mysqli->query('INSERT INTO pro...', 0)
#1 C:\xampp\htdocs\FAH\system\Database\BaseConnection.php(670): CodeIgniter\Database\MySQLi\Connection->execute('INSERT INTO pro...')
#2 C:\xampp\htdocs\FAH\system\Database\BaseConnection.php(598): CodeIgniter\Database\BaseConnection->simpleQuery('INSERT INTO pro...')
#3 C:\xampp\htdocs\FAH\app\Models\CommentModel.php(22): CodeIgniter\Database\BaseConnection->query('INSERT INTO pro...')
#4 C:\xampp\htdocs\FAH\app\Controllers\Admin.php(230): App\Models\CommentModel->insert_comment('', '[{"who":"Admin ...', Array)
#5 C:\xampp\htdocs\FAH\system\CodeIgniter.php(824): App\Controllers\Admin->Comment()
#6 C:\xampp\htdocs\FAH\system\CodeIgniter.php(410): CodeIgniter\CodeIgniter->runController(Object(App\Controllers\Admin))
#7 C:\xampp\htdocs\FAH\system\CodeIgniter.php(318): CodeIgniter\CodeIgniter->handleRequest(NULL, Object(Config\Cache), false)
#8 C:\xampp\htdocs\FAH\index.php(37): CodeIgniter\CodeIgniter->run()
#9 {main}
CRITICAL - 2021-12-21 05:34:37 --> file_get_contents(http://dataservice.accuweather.com/locations/v1/postalcodes/search?apikey=LdP2tFj700FeHm9aX2rEnAnioatQhF8l&amp;q=68137): Failed to open stream: HTTP request failed! HTTP/1.1 400 Bad Request

#0 [internal function]: CodeIgniter\Debug\Exceptions->errorHandler(2, 'file_get_conten...', 'C:\\xampp\\htdocs...', 191)
#1 C:\xampp\htdocs\FAH\app\Controllers\Admin.php(191): file_get_contents('http://dataserv...')
#2 C:\xampp\htdocs\FAH\system\CodeIgniter.php(824): App\Controllers\Admin->customerView()
#3 C:\xampp\htdocs\FAH\system\CodeIgniter.php(410): CodeIgniter\CodeIgniter->runController(Object(App\Controllers\Admin))
#4 C:\xampp\htdocs\FAH\system\CodeIgniter.php(318): CodeIgniter\CodeIgniter->handleRequest(NULL, Object(Config\Cache), false)
#5 C:\xampp\htdocs\FAH\index.php(37): CodeIgniter\CodeIgniter->run()
#6 {main}
