CRITICAL - 2022-01-03 03:29:56 --> Invalid file: http://localhost/Login/new_password_view.php
#0 C:\xampp\htdocs\FAH\system\View\View.php(198): CodeIgniter\Exceptions\FrameworkException::forInvalidFile('http://localhos...')
#1 C:\xampp\htdocs\FAH\system\Common.php(1097): CodeIgniter\View\View->render('http://localhos...', Array, true)
#2 C:\xampp\htdocs\FAH\app\Controllers\Login.php(151): view('http://localhos...')
#3 C:\xampp\htdocs\FAH\system\CodeIgniter.php(824): App\Controllers\Login->change_pwd()
#4 C:\xampp\htdocs\FAH\system\CodeIgniter.php(410): CodeIgniter\CodeIgniter->runController(Object(App\Controllers\Login))
#5 C:\xampp\htdocs\FAH\system\CodeIgniter.php(318): CodeIgniter\CodeIgniter->handleRequest(NULL, Object(Config\Cache), false)
#6 C:\xampp\htdocs\FAH\index.php(37): CodeIgniter\CodeIgniter->run()
#7 {main}
CRITICAL - 2022-01-03 03:37:51 --> Too few arguments to function App\Controllers\Login::change_pwd(), 0 passed in C:\xampp\htdocs\FAH\system\CodeIgniter.php on line 824 and exactly 1 expected
#0 C:\xampp\htdocs\FAH\system\CodeIgniter.php(824): App\Controllers\Login->change_pwd()
#1 C:\xampp\htdocs\FAH\system\CodeIgniter.php(410): CodeIgniter\CodeIgniter->runController(Object(App\Controllers\Login))
#2 C:\xampp\htdocs\FAH\system\CodeIgniter.php(318): CodeIgniter\CodeIgniter->handleRequest(NULL, Object(Config\Cache), false)
#3 C:\xampp\htdocs\FAH\index.php(37): CodeIgniter\CodeIgniter->run()
#4 {main}
CRITICAL - 2022-01-03 03:38:42 --> Too few arguments to function App\Controllers\Login::change_pwd(), 0 passed in C:\xampp\htdocs\FAH\system\CodeIgniter.php on line 824 and exactly 1 expected
#0 C:\xampp\htdocs\FAH\system\CodeIgniter.php(824): App\Controllers\Login->change_pwd()
#1 C:\xampp\htdocs\FAH\system\CodeIgniter.php(410): CodeIgniter\CodeIgniter->runController(Object(App\Controllers\Login))
#2 C:\xampp\htdocs\FAH\system\CodeIgniter.php(318): CodeIgniter\CodeIgniter->handleRequest(NULL, Object(Config\Cache), false)
#3 C:\xampp\htdocs\FAH\index.php(37): CodeIgniter\CodeIgniter->run()
#4 {main}
CRITICAL - 2022-01-03 03:38:46 --> Too few arguments to function App\Controllers\Login::change_pwd(), 0 passed in C:\xampp\htdocs\FAH\system\CodeIgniter.php on line 824 and exactly 1 expected
#0 C:\xampp\htdocs\FAH\system\CodeIgniter.php(824): App\Controllers\Login->change_pwd()
#1 C:\xampp\htdocs\FAH\system\CodeIgniter.php(410): CodeIgniter\CodeIgniter->runController(Object(App\Controllers\Login))
#2 C:\xampp\htdocs\FAH\system\CodeIgniter.php(318): CodeIgniter\CodeIgniter->handleRequest(NULL, Object(Config\Cache), false)
#3 C:\xampp\htdocs\FAH\index.php(37): CodeIgniter\CodeIgniter->run()
#4 {main}
CRITICAL - 2022-01-03 03:43:09 --> Undefined variable $uid
#0 C:\xampp\htdocs\FAH\app\Views\Login\new_password_view.php(35): CodeIgniter\Debug\Exceptions->errorHandler(2, 'Undefined varia...', 'C:\\xampp\\htdocs...', 35)
#1 C:\xampp\htdocs\FAH\system\View\View.php(214): include('C:\\xampp\\htdocs...')
#2 C:\xampp\htdocs\FAH\system\View\View.php(217): CodeIgniter\View\View->CodeIgniter\View\{closure}()
#3 C:\xampp\htdocs\FAH\system\Common.php(1097): CodeIgniter\View\View->render('Login/new_passw...', Array, true)
#4 C:\xampp\htdocs\FAH\app\Controllers\Login.php(151): view('Login/new_passw...')
#5 C:\xampp\htdocs\FAH\system\CodeIgniter.php(824): App\Controllers\Login->change_pwd('7')
#6 C:\xampp\htdocs\FAH\system\CodeIgniter.php(410): CodeIgniter\CodeIgniter->runController(Object(App\Controllers\Login))
#7 C:\xampp\htdocs\FAH\system\CodeIgniter.php(318): CodeIgniter\CodeIgniter->handleRequest(NULL, Object(Config\Cache), false)
#8 C:\xampp\htdocs\FAH\index.php(37): CodeIgniter\CodeIgniter->run()
#9 {main}
CRITICAL - 2022-01-03 03:45:12 --> Array to string conversion
#0 C:\xampp\htdocs\FAH\app\Views\Login\new_password_view.php(35): CodeIgniter\Debug\Exceptions->errorHandler(2, 'Array to string...', 'C:\\xampp\\htdocs...', 35)
#1 C:\xampp\htdocs\FAH\system\View\View.php(214): include('C:\\xampp\\htdocs...')
#2 C:\xampp\htdocs\FAH\system\View\View.php(217): CodeIgniter\View\View->CodeIgniter\View\{closure}()
#3 C:\xampp\htdocs\FAH\system\Common.php(1097): CodeIgniter\View\View->render('Login/new_passw...', Array, true)
#4 C:\xampp\htdocs\FAH\app\Controllers\Login.php(151): view('Login/new_passw...', Array)
#5 C:\xampp\htdocs\FAH\system\CodeIgniter.php(824): App\Controllers\Login->change_pwd('7')
#6 C:\xampp\htdocs\FAH\system\CodeIgniter.php(410): CodeIgniter\CodeIgniter->runController(Object(App\Controllers\Login))
#7 C:\xampp\htdocs\FAH\system\CodeIgniter.php(318): CodeIgniter\CodeIgniter->handleRequest(NULL, Object(Config\Cache), false)
#8 C:\xampp\htdocs\FAH\index.php(37): CodeIgniter\CodeIgniter->run()
#9 {main}
CRITICAL - 2022-01-03 06:19:27 --> view(): Argument #2 ($data) must be of type array, string given, called in C:\xampp\htdocs\FAH\app\Controllers\Login.php on line 151
#0 C:\xampp\htdocs\FAH\app\Controllers\Login.php(151): view('Login/change_pw...', '7')
#1 C:\xampp\htdocs\FAH\system\CodeIgniter.php(824): App\Controllers\Login->change_pwd('7')
#2 C:\xampp\htdocs\FAH\system\CodeIgniter.php(410): CodeIgniter\CodeIgniter->runController(Object(App\Controllers\Login))
#3 C:\xampp\htdocs\FAH\system\CodeIgniter.php(318): CodeIgniter\CodeIgniter->handleRequest(NULL, Object(Config\Cache), false)
#4 C:\xampp\htdocs\FAH\index.php(37): CodeIgniter\CodeIgniter->run()
#5 {main}
CRITICAL - 2022-01-03 06:21:09 --> Undefined property: App\Controllers\Login::$input
#0 C:\xampp\htdocs\FAH\app\Controllers\Login.php(142): CodeIgniter\Debug\Exceptions->errorHandler(2, 'Undefined prope...', 'C:\\xampp\\htdocs...', 142)
#1 C:\xampp\htdocs\FAH\system\CodeIgniter.php(824): App\Controllers\Login->change_pwd('7')
#2 C:\xampp\htdocs\FAH\system\CodeIgniter.php(410): CodeIgniter\CodeIgniter->runController(Object(App\Controllers\Login))
#3 C:\xampp\htdocs\FAH\system\CodeIgniter.php(318): CodeIgniter\CodeIgniter->handleRequest(NULL, Object(Config\Cache), false)
#4 C:\xampp\htdocs\FAH\index.php(37): CodeIgniter\CodeIgniter->run()
#5 {main}
CRITICAL - 2022-01-03 06:23:55 --> Too few arguments to function App\Controllers\Login::change_pwd(), 0 passed in C:\xampp\htdocs\FAH\system\CodeIgniter.php on line 824 and exactly 1 expected
#0 C:\xampp\htdocs\FAH\system\CodeIgniter.php(824): App\Controllers\Login->change_pwd()
#1 C:\xampp\htdocs\FAH\system\CodeIgniter.php(410): CodeIgniter\CodeIgniter->runController(Object(App\Controllers\Login))
#2 C:\xampp\htdocs\FAH\system\CodeIgniter.php(318): CodeIgniter\CodeIgniter->handleRequest(NULL, Object(Config\Cache), false)
#3 C:\xampp\htdocs\FAH\index.php(37): CodeIgniter\CodeIgniter->run()
#4 {main}
CRITICAL - 2022-01-03 22:27:39 --> Call to a member function getValue() on null
#0 C:\xampp\htdocs\FAH\system\CodeIgniter.php(824): App\Controllers\FahAPI->create()
#1 C:\xampp\htdocs\FAH\system\CodeIgniter.php(410): CodeIgniter\CodeIgniter->runController(Object(App\Controllers\FahAPI))
#2 C:\xampp\htdocs\FAH\system\CodeIgniter.php(318): CodeIgniter\CodeIgniter->handleRequest(NULL, Object(Config\Cache), false)
#3 C:\xampp\htdocs\FAH\public\index.php(37): CodeIgniter\CodeIgniter->run()
#4 C:\xampp\htdocs\FAH\system\Commands\Server\rewrite.php(43): require_once('C:\\xampp\\htdocs...')
#5 {main}
