CRITICAL - 2021-11-29 13:52:11 --> The framework needs the following extension(s) installed and loaded: intl.
#0 C:\xampp\htdocs\codeigniter4\system\CodeIgniter.php(219): CodeIgniter\Exceptions\FrameworkException::forMissingExtension('intl')
#1 C:\xampp\htdocs\codeigniter4\system\CodeIgniter.php(177): CodeIgniter\CodeIgniter->resolvePlatformExtensions()
#2 C:\xampp\htdocs\codeigniter4\system\bootstrap.php(146): CodeIgniter\CodeIgniter->initialize()
#3 C:\xampp\htdocs\codeigniter4\public\index.php(28): require('C:\\xampp\\htdocs...')
#4 {main}
CRITICAL - 2021-11-29 13:53:51 --> The framework needs the following extension(s) installed and loaded: intl.
#0 C:\xampp\htdocs\codeigniter4\system\CodeIgniter.php(219): CodeIgniter\Exceptions\FrameworkException::forMissingExtension('intl')
#1 C:\xampp\htdocs\codeigniter4\system\CodeIgniter.php(177): CodeIgniter\CodeIgniter->resolvePlatformExtensions()
#2 C:\xampp\htdocs\codeigniter4\system\bootstrap.php(146): CodeIgniter\CodeIgniter->initialize()
#3 C:\xampp\htdocs\codeigniter4\public\index.php(28): require('C:\\xampp\\htdocs...')
#4 {main}
CRITICAL - 2021-11-29 22:15:00 --> Invalid file: Home/login.php
#0 C:\xampp\htdocs\codeigniter4\system\View\View.php(198): CodeIgniter\Exceptions\FrameworkException::forInvalidFile('Home/login.php')
#1 C:\xampp\htdocs\codeigniter4\system\Common.php(1097): CodeIgniter\View\View->render('Home/login', Array, true)
#2 C:\xampp\htdocs\codeigniter4\app\Controllers\Home.php(9): view('Home/login')
#3 C:\xampp\htdocs\codeigniter4\system\CodeIgniter.php(824): App\Controllers\Home->index()
#4 C:\xampp\htdocs\codeigniter4\system\CodeIgniter.php(410): CodeIgniter\CodeIgniter->runController(Object(App\Controllers\Home))
#5 C:\xampp\htdocs\codeigniter4\system\CodeIgniter.php(318): CodeIgniter\CodeIgniter->handleRequest(NULL, Object(Config\Cache), false)
#6 C:\xampp\htdocs\codeigniter4\public\index.php(37): CodeIgniter\CodeIgniter->run()
#7 {main}
