CRITICAL - 2021-12-18 08:39:06 --> Class "App\Models\APIUserModel" not found
#0 C:\xampp\htdocs\FAH\system\CodeIgniter.php(824): App\Controllers\FahAPI->login()
#1 C:\xampp\htdocs\FAH\system\CodeIgniter.php(410): CodeIgniter\CodeIgniter->runController(Object(App\Controllers\FahAPI))
#2 C:\xampp\htdocs\FAH\system\CodeIgniter.php(318): CodeIgniter\CodeIgniter->handleRequest(NULL, Object(Config\Cache), false)
#3 C:\xampp\htdocs\FAH\public\index.php(37): CodeIgniter\CodeIgniter->run()
#4 C:\xampp\htdocs\FAH\system\Commands\Server\rewrite.php(43): require_once('C:\\xampp\\htdocs...')
#5 {main}
CRITICAL - 2021-12-18 08:39:21 --> Class "App\Models\APIUserModel" not found
#0 C:\xampp\htdocs\FAH\system\CodeIgniter.php(824): App\Controllers\FahAPI->login()
#1 C:\xampp\htdocs\FAH\system\CodeIgniter.php(410): CodeIgniter\CodeIgniter->runController(Object(App\Controllers\FahAPI))
#2 C:\xampp\htdocs\FAH\system\CodeIgniter.php(318): CodeIgniter\CodeIgniter->handleRequest(NULL, Object(Config\Cache), false)
#3 C:\xampp\htdocs\FAH\public\index.php(37): CodeIgniter\CodeIgniter->run()
#4 C:\xampp\htdocs\FAH\system\Commands\Server\rewrite.php(43): require_once('C:\\xampp\\htdocs...')
#5 {main}
CRITICAL - 2021-12-18 08:39:34 --> Class "App\Models\APIUserModel" not found
#0 C:\xampp\htdocs\FAH\system\CodeIgniter.php(824): App\Controllers\FahAPI->login()
#1 C:\xampp\htdocs\FAH\system\CodeIgniter.php(410): CodeIgniter\CodeIgniter->runController(Object(App\Controllers\FahAPI))
#2 C:\xampp\htdocs\FAH\system\CodeIgniter.php(318): CodeIgniter\CodeIgniter->handleRequest(NULL, Object(Config\Cache), false)
#3 C:\xampp\htdocs\FAH\public\index.php(37): CodeIgniter\CodeIgniter->run()
#4 C:\xampp\htdocs\FAH\system\Commands\Server\rewrite.php(43): require_once('C:\\xampp\\htdocs...')
#5 {main}
CRITICAL - 2021-12-18 08:42:13 --> Call to a member function getValue() on null
#0 C:\xampp\htdocs\FAH\system\CodeIgniter.php(824): App\Controllers\FahAPI->create()
#1 C:\xampp\htdocs\FAH\system\CodeIgniter.php(410): CodeIgniter\CodeIgniter->runController(Object(App\Controllers\FahAPI))
#2 C:\xampp\htdocs\FAH\system\CodeIgniter.php(318): CodeIgniter\CodeIgniter->handleRequest(NULL, Object(Config\Cache), false)
#3 C:\xampp\htdocs\FAH\public\index.php(37): CodeIgniter\CodeIgniter->run()
#4 C:\xampp\htdocs\FAH\system\Commands\Server\rewrite.php(43): require_once('C:\\xampp\\htdocs...')
#5 {main}
CRITICAL - 2021-12-18 08:44:13 --> Invalid file: Home/login.php
#0 C:\xampp\htdocs\FAH\system\View\View.php(198): CodeIgniter\Exceptions\FrameworkException::forInvalidFile('Home/login.php')
#1 C:\xampp\htdocs\FAH\system\Common.php(1097): CodeIgniter\View\View->render('Home/login', Array, true)
#2 C:\xampp\htdocs\FAH\app\Controllers\Home.php(11): view('Home/login')
#3 C:\xampp\htdocs\FAH\system\CodeIgniter.php(824): App\Controllers\Home->index()
#4 C:\xampp\htdocs\FAH\system\CodeIgniter.php(410): CodeIgniter\CodeIgniter->runController(Object(App\Controllers\Home))
#5 C:\xampp\htdocs\FAH\system\CodeIgniter.php(318): CodeIgniter\CodeIgniter->handleRequest(NULL, Object(Config\Cache), false)
#6 C:\xampp\htdocs\FAH\index.php(37): CodeIgniter\CodeIgniter->run()
#7 {main}
CRITICAL - 2021-12-18 08:44:34 --> Invalid file: Home/login.php
#0 C:\xampp\htdocs\FAH\system\View\View.php(198): CodeIgniter\Exceptions\FrameworkException::forInvalidFile('Home/login.php')
#1 C:\xampp\htdocs\FAH\system\Common.php(1097): CodeIgniter\View\View->render('Home/login', Array, true)
#2 C:\xampp\htdocs\FAH\app\Controllers\Home.php(11): view('Home/login')
#3 C:\xampp\htdocs\FAH\system\CodeIgniter.php(824): App\Controllers\Home->index()
#4 C:\xampp\htdocs\FAH\system\CodeIgniter.php(410): CodeIgniter\CodeIgniter->runController(Object(App\Controllers\Home))
#5 C:\xampp\htdocs\FAH\system\CodeIgniter.php(318): CodeIgniter\CodeIgniter->handleRequest(NULL, Object(Config\Cache), false)
#6 C:\xampp\htdocs\FAH\public\index.php(37): CodeIgniter\CodeIgniter->run()
#7 C:\xampp\htdocs\FAH\system\Commands\Server\rewrite.php(43): require_once('C:\\xampp\\htdocs...')
#8 {main}
