CRITICAL - 2021-12-15 00:02:21 --> Call to undefined method App\Models\CustomerModel::customerDetail
#0 C:\xampp\htdocs\FAH\app\Controllers\Admin.php(18): CodeIgniter\Model->__call('customerDetail', Array)
#1 C:\xampp\htdocs\FAH\system\CodeIgniter.php(824): App\Controllers\Admin->index()
#2 C:\xampp\htdocs\FAH\system\CodeIgniter.php(410): CodeIgniter\CodeIgniter->runController(Object(App\Controllers\Admin))
#3 C:\xampp\htdocs\FAH\system\CodeIgniter.php(318): CodeIgniter\CodeIgniter->handleRequest(NULL, Object(Config\Cache), false)
#4 C:\xampp\htdocs\FAH\index.php(37): CodeIgniter\CodeIgniter->run()
#5 {main}
CRITICAL - 2021-12-15 00:06:38 --> Call to undefined method CodeIgniter\Database\MySQLi\Result::getArray()
#0 C:\xampp\htdocs\FAH\app\Controllers\Admin.php(19): App\Models\CustomerModel->customerDetails('admin@gmail.com')
#1 C:\xampp\htdocs\FAH\system\CodeIgniter.php(824): App\Controllers\Admin->index()
#2 C:\xampp\htdocs\FAH\system\CodeIgniter.php(410): CodeIgniter\CodeIgniter->runController(Object(App\Controllers\Admin))
#3 C:\xampp\htdocs\FAH\system\CodeIgniter.php(318): CodeIgniter\CodeIgniter->handleRequest(NULL, Object(Config\Cache), false)
#4 C:\xampp\htdocs\FAH\index.php(37): CodeIgniter\CodeIgniter->run()
#5 {main}
CRITICAL - 2021-12-15 00:09:24 --> Call to undefined method CodeIgniter\Database\MySQLi\Result::result()
#0 C:\xampp\htdocs\FAH\app\Controllers\Admin.php(19): App\Models\CustomerModel->customerDetails('admin@gmail.com')
#1 C:\xampp\htdocs\FAH\system\CodeIgniter.php(824): App\Controllers\Admin->index()
#2 C:\xampp\htdocs\FAH\system\CodeIgniter.php(410): CodeIgniter\CodeIgniter->runController(Object(App\Controllers\Admin))
#3 C:\xampp\htdocs\FAH\system\CodeIgniter.php(318): CodeIgniter\CodeIgniter->handleRequest(NULL, Object(Config\Cache), false)
#4 C:\xampp\htdocs\FAH\index.php(37): CodeIgniter\CodeIgniter->run()
#5 {main}
CRITICAL - 2021-12-15 00:21:20 --> Undefined variable $FIRST_NAME
#0 C:\xampp\htdocs\FAH\app\Views\Admin\customer.php(20): CodeIgniter\Debug\Exceptions->errorHandler(2, 'Undefined varia...', 'C:\\xampp\\htdocs...', 20)
#1 C:\xampp\htdocs\FAH\system\View\View.php(214): include('C:\\xampp\\htdocs...')
#2 C:\xampp\htdocs\FAH\system\View\View.php(217): CodeIgniter\View\View->CodeIgniter\View\{closure}()
#3 C:\xampp\htdocs\FAH\system\Common.php(1097): CodeIgniter\View\View->render('Admin/customer', Array, true)
#4 C:\xampp\htdocs\FAH\app\Controllers\Admin.php(21): view('Admin/customer', Array)
#5 C:\xampp\htdocs\FAH\system\CodeIgniter.php(824): App\Controllers\Admin->index()
#6 C:\xampp\htdocs\FAH\system\CodeIgniter.php(410): CodeIgniter\CodeIgniter->runController(Object(App\Controllers\Admin))
#7 C:\xampp\htdocs\FAH\system\CodeIgniter.php(318): CodeIgniter\CodeIgniter->handleRequest(NULL, Object(Config\Cache), false)
#8 C:\xampp\htdocs\FAH\index.php(37): CodeIgniter\CodeIgniter->run()
#9 {main}
CRITICAL - 2021-12-15 00:22:14 --> Undefined variable $FIRST_NAME
#0 C:\xampp\htdocs\FAH\app\Views\Admin\customer.php(20): CodeIgniter\Debug\Exceptions->errorHandler(2, 'Undefined varia...', 'C:\\xampp\\htdocs...', 20)
#1 C:\xampp\htdocs\FAH\system\View\View.php(214): include('C:\\xampp\\htdocs...')
#2 C:\xampp\htdocs\FAH\system\View\View.php(217): CodeIgniter\View\View->CodeIgniter\View\{closure}()
#3 C:\xampp\htdocs\FAH\system\Common.php(1097): CodeIgniter\View\View->render('Admin/customer', Array, true)
#4 C:\xampp\htdocs\FAH\app\Controllers\Admin.php(21): view('Admin/customer', Array)
#5 C:\xampp\htdocs\FAH\system\CodeIgniter.php(824): App\Controllers\Admin->index()
#6 C:\xampp\htdocs\FAH\system\CodeIgniter.php(410): CodeIgniter\CodeIgniter->runController(Object(App\Controllers\Admin))
#7 C:\xampp\htdocs\FAH\system\CodeIgniter.php(318): CodeIgniter\CodeIgniter->handleRequest(NULL, Object(Config\Cache), false)
#8 C:\xampp\htdocs\FAH\index.php(37): CodeIgniter\CodeIgniter->run()
#9 {main}
CRITICAL - 2021-12-15 00:23:03 --> Attempt to read property "UID" on array
#0 C:\xampp\htdocs\FAH\app\Views\Admin\customer.php(16): CodeIgniter\Debug\Exceptions->errorHandler(2, 'Attempt to read...', 'C:\\xampp\\htdocs...', 16)
#1 C:\xampp\htdocs\FAH\system\View\View.php(214): include('C:\\xampp\\htdocs...')
#2 C:\xampp\htdocs\FAH\system\View\View.php(217): CodeIgniter\View\View->CodeIgniter\View\{closure}()
#3 C:\xampp\htdocs\FAH\system\Common.php(1097): CodeIgniter\View\View->render('Admin/customer', Array, true)
#4 C:\xampp\htdocs\FAH\app\Controllers\Admin.php(21): view('Admin/customer', Array)
#5 C:\xampp\htdocs\FAH\system\CodeIgniter.php(824): App\Controllers\Admin->index()
#6 C:\xampp\htdocs\FAH\system\CodeIgniter.php(410): CodeIgniter\CodeIgniter->runController(Object(App\Controllers\Admin))
#7 C:\xampp\htdocs\FAH\system\CodeIgniter.php(318): CodeIgniter\CodeIgniter->handleRequest(NULL, Object(Config\Cache), false)
#8 C:\xampp\htdocs\FAH\index.php(37): CodeIgniter\CodeIgniter->run()
#9 {main}
CRITICAL - 2021-12-15 00:23:13 --> syntax error, unexpected double-quoted string "UID", expecting identifier or variable or "{" or "$"
#0 C:\xampp\htdocs\FAH\system\View\View.php(217): CodeIgniter\View\View->CodeIgniter\View\{closure}()
#1 C:\xampp\htdocs\FAH\system\Common.php(1097): CodeIgniter\View\View->render('Admin/customer', Array, true)
#2 C:\xampp\htdocs\FAH\app\Controllers\Admin.php(21): view('Admin/customer', Array)
#3 C:\xampp\htdocs\FAH\system\CodeIgniter.php(824): App\Controllers\Admin->index()
#4 C:\xampp\htdocs\FAH\system\CodeIgniter.php(410): CodeIgniter\CodeIgniter->runController(Object(App\Controllers\Admin))
#5 C:\xampp\htdocs\FAH\system\CodeIgniter.php(318): CodeIgniter\CodeIgniter->handleRequest(NULL, Object(Config\Cache), false)
#6 C:\xampp\htdocs\FAH\index.php(37): CodeIgniter\CodeIgniter->run()
#7 {main}
CRITICAL - 2021-12-15 00:23:19 --> syntax error, unexpected double-quote mark, expecting identifier or variable or "{" or "$"
#0 C:\xampp\htdocs\FAH\system\View\View.php(217): CodeIgniter\View\View->CodeIgniter\View\{closure}()
#1 C:\xampp\htdocs\FAH\system\Common.php(1097): CodeIgniter\View\View->render('Admin/customer', Array, true)
#2 C:\xampp\htdocs\FAH\app\Controllers\Admin.php(21): view('Admin/customer', Array)
#3 C:\xampp\htdocs\FAH\system\CodeIgniter.php(824): App\Controllers\Admin->index()
#4 C:\xampp\htdocs\FAH\system\CodeIgniter.php(410): CodeIgniter\CodeIgniter->runController(Object(App\Controllers\Admin))
#5 C:\xampp\htdocs\FAH\system\CodeIgniter.php(318): CodeIgniter\CodeIgniter->handleRequest(NULL, Object(Config\Cache), false)
#6 C:\xampp\htdocs\FAH\index.php(37): CodeIgniter\CodeIgniter->run()
#7 {main}
CRITICAL - 2021-12-15 00:23:20 --> syntax error, unexpected double-quote mark, expecting identifier or variable or "{" or "$"
#0 C:\xampp\htdocs\FAH\system\View\View.php(217): CodeIgniter\View\View->CodeIgniter\View\{closure}()
#1 C:\xampp\htdocs\FAH\system\Common.php(1097): CodeIgniter\View\View->render('Admin/customer', Array, true)
#2 C:\xampp\htdocs\FAH\app\Controllers\Admin.php(21): view('Admin/customer', Array)
#3 C:\xampp\htdocs\FAH\system\CodeIgniter.php(824): App\Controllers\Admin->index()
#4 C:\xampp\htdocs\FAH\system\CodeIgniter.php(410): CodeIgniter\CodeIgniter->runController(Object(App\Controllers\Admin))
#5 C:\xampp\htdocs\FAH\system\CodeIgniter.php(318): CodeIgniter\CodeIgniter->handleRequest(NULL, Object(Config\Cache), false)
#6 C:\xampp\htdocs\FAH\index.php(37): CodeIgniter\CodeIgniter->run()
#7 {main}
CRITICAL - 2021-12-15 00:23:20 --> syntax error, unexpected double-quote mark, expecting identifier or variable or "{" or "$"
#0 C:\xampp\htdocs\FAH\system\View\View.php(217): CodeIgniter\View\View->CodeIgniter\View\{closure}()
#1 C:\xampp\htdocs\FAH\system\Common.php(1097): CodeIgniter\View\View->render('Admin/customer', Array, true)
#2 C:\xampp\htdocs\FAH\app\Controllers\Admin.php(21): view('Admin/customer', Array)
#3 C:\xampp\htdocs\FAH\system\CodeIgniter.php(824): App\Controllers\Admin->index()
#4 C:\xampp\htdocs\FAH\system\CodeIgniter.php(410): CodeIgniter\CodeIgniter->runController(Object(App\Controllers\Admin))
#5 C:\xampp\htdocs\FAH\system\CodeIgniter.php(318): CodeIgniter\CodeIgniter->handleRequest(NULL, Object(Config\Cache), false)
#6 C:\xampp\htdocs\FAH\index.php(37): CodeIgniter\CodeIgniter->run()
#7 {main}
CRITICAL - 2021-12-15 00:23:55 --> Attempt to read property "0" on array
#0 C:\xampp\htdocs\FAH\app\Views\Admin\customer.php(16): CodeIgniter\Debug\Exceptions->errorHandler(2, 'Attempt to read...', 'C:\\xampp\\htdocs...', 16)
#1 C:\xampp\htdocs\FAH\system\View\View.php(214): include('C:\\xampp\\htdocs...')
#2 C:\xampp\htdocs\FAH\system\View\View.php(217): CodeIgniter\View\View->CodeIgniter\View\{closure}()
#3 C:\xampp\htdocs\FAH\system\Common.php(1097): CodeIgniter\View\View->render('Admin/customer', Array, true)
#4 C:\xampp\htdocs\FAH\app\Controllers\Admin.php(21): view('Admin/customer', Array)
#5 C:\xampp\htdocs\FAH\system\CodeIgniter.php(824): App\Controllers\Admin->index()
#6 C:\xampp\htdocs\FAH\system\CodeIgniter.php(410): CodeIgniter\CodeIgniter->runController(Object(App\Controllers\Admin))
#7 C:\xampp\htdocs\FAH\system\CodeIgniter.php(318): CodeIgniter\CodeIgniter->handleRequest(NULL, Object(Config\Cache), false)
#8 C:\xampp\htdocs\FAH\index.php(37): CodeIgniter\CodeIgniter->run()
#9 {main}
CRITICAL - 2021-12-15 00:24:11 --> Attempt to read property "array" on array
#0 C:\xampp\htdocs\FAH\app\Views\Admin\customer.php(16): CodeIgniter\Debug\Exceptions->errorHandler(2, 'Attempt to read...', 'C:\\xampp\\htdocs...', 16)
#1 C:\xampp\htdocs\FAH\system\View\View.php(214): include('C:\\xampp\\htdocs...')
#2 C:\xampp\htdocs\FAH\system\View\View.php(217): CodeIgniter\View\View->CodeIgniter\View\{closure}()
#3 C:\xampp\htdocs\FAH\system\Common.php(1097): CodeIgniter\View\View->render('Admin/customer', Array, true)
#4 C:\xampp\htdocs\FAH\app\Controllers\Admin.php(21): view('Admin/customer', Array)
#5 C:\xampp\htdocs\FAH\system\CodeIgniter.php(824): App\Controllers\Admin->index()
#6 C:\xampp\htdocs\FAH\system\CodeIgniter.php(410): CodeIgniter\CodeIgniter->runController(Object(App\Controllers\Admin))
#7 C:\xampp\htdocs\FAH\system\CodeIgniter.php(318): CodeIgniter\CodeIgniter->handleRequest(NULL, Object(Config\Cache), false)
#8 C:\xampp\htdocs\FAH\index.php(37): CodeIgniter\CodeIgniter->run()
#9 {main}
CRITICAL - 2021-12-15 00:26:00 --> Attempt to read property "UID" on array
#0 C:\xampp\htdocs\FAH\app\Views\Admin\customer.php(16): CodeIgniter\Debug\Exceptions->errorHandler(2, 'Attempt to read...', 'C:\\xampp\\htdocs...', 16)
#1 C:\xampp\htdocs\FAH\system\View\View.php(214): include('C:\\xampp\\htdocs...')
#2 C:\xampp\htdocs\FAH\system\View\View.php(217): CodeIgniter\View\View->CodeIgniter\View\{closure}()
#3 C:\xampp\htdocs\FAH\system\Common.php(1097): CodeIgniter\View\View->render('Admin/customer', Array, true)
#4 C:\xampp\htdocs\FAH\app\Controllers\Admin.php(21): view('Admin/customer', Array)
#5 C:\xampp\htdocs\FAH\system\CodeIgniter.php(824): App\Controllers\Admin->index()
#6 C:\xampp\htdocs\FAH\system\CodeIgniter.php(410): CodeIgniter\CodeIgniter->runController(Object(App\Controllers\Admin))
#7 C:\xampp\htdocs\FAH\system\CodeIgniter.php(318): CodeIgniter\CodeIgniter->handleRequest(NULL, Object(Config\Cache), false)
#8 C:\xampp\htdocs\FAH\index.php(37): CodeIgniter\CodeIgniter->run()
#9 {main}
CRITICAL - 2021-12-15 00:26:13 --> Attempt to read property "UID" on array
#0 C:\xampp\htdocs\FAH\app\Views\Admin\customer.php(16): CodeIgniter\Debug\Exceptions->errorHandler(2, 'Attempt to read...', 'C:\\xampp\\htdocs...', 16)
#1 C:\xampp\htdocs\FAH\system\View\View.php(214): include('C:\\xampp\\htdocs...')
#2 C:\xampp\htdocs\FAH\system\View\View.php(217): CodeIgniter\View\View->CodeIgniter\View\{closure}()
#3 C:\xampp\htdocs\FAH\system\Common.php(1097): CodeIgniter\View\View->render('Admin/customer', Array, true)
#4 C:\xampp\htdocs\FAH\app\Controllers\Admin.php(21): view('Admin/customer', Array)
#5 C:\xampp\htdocs\FAH\system\CodeIgniter.php(824): App\Controllers\Admin->index()
#6 C:\xampp\htdocs\FAH\system\CodeIgniter.php(410): CodeIgniter\CodeIgniter->runController(Object(App\Controllers\Admin))
#7 C:\xampp\htdocs\FAH\system\CodeIgniter.php(318): CodeIgniter\CodeIgniter->handleRequest(NULL, Object(Config\Cache), false)
#8 C:\xampp\htdocs\FAH\index.php(37): CodeIgniter\CodeIgniter->run()
#9 {main}
CRITICAL - 2021-12-15 00:26:14 --> Attempt to read property "UID" on array
#0 C:\xampp\htdocs\FAH\app\Views\Admin\customer.php(16): CodeIgniter\Debug\Exceptions->errorHandler(2, 'Attempt to read...', 'C:\\xampp\\htdocs...', 16)
#1 C:\xampp\htdocs\FAH\system\View\View.php(214): include('C:\\xampp\\htdocs...')
#2 C:\xampp\htdocs\FAH\system\View\View.php(217): CodeIgniter\View\View->CodeIgniter\View\{closure}()
#3 C:\xampp\htdocs\FAH\system\Common.php(1097): CodeIgniter\View\View->render('Admin/customer', Array, true)
#4 C:\xampp\htdocs\FAH\app\Controllers\Admin.php(21): view('Admin/customer', Array)
#5 C:\xampp\htdocs\FAH\system\CodeIgniter.php(824): App\Controllers\Admin->index()
#6 C:\xampp\htdocs\FAH\system\CodeIgniter.php(410): CodeIgniter\CodeIgniter->runController(Object(App\Controllers\Admin))
#7 C:\xampp\htdocs\FAH\system\CodeIgniter.php(318): CodeIgniter\CodeIgniter->handleRequest(NULL, Object(Config\Cache), false)
#8 C:\xampp\htdocs\FAH\index.php(37): CodeIgniter\CodeIgniter->run()
#9 {main}
CRITICAL - 2021-12-15 00:26:15 --> Attempt to read property "UID" on array
#0 C:\xampp\htdocs\FAH\app\Views\Admin\customer.php(16): CodeIgniter\Debug\Exceptions->errorHandler(2, 'Attempt to read...', 'C:\\xampp\\htdocs...', 16)
#1 C:\xampp\htdocs\FAH\system\View\View.php(214): include('C:\\xampp\\htdocs...')
#2 C:\xampp\htdocs\FAH\system\View\View.php(217): CodeIgniter\View\View->CodeIgniter\View\{closure}()
#3 C:\xampp\htdocs\FAH\system\Common.php(1097): CodeIgniter\View\View->render('Admin/customer', Array, true)
#4 C:\xampp\htdocs\FAH\app\Controllers\Admin.php(21): view('Admin/customer', Array)
#5 C:\xampp\htdocs\FAH\system\CodeIgniter.php(824): App\Controllers\Admin->index()
#6 C:\xampp\htdocs\FAH\system\CodeIgniter.php(410): CodeIgniter\CodeIgniter->runController(Object(App\Controllers\Admin))
#7 C:\xampp\htdocs\FAH\system\CodeIgniter.php(318): CodeIgniter\CodeIgniter->handleRequest(NULL, Object(Config\Cache), false)
#8 C:\xampp\htdocs\FAH\index.php(37): CodeIgniter\CodeIgniter->run()
#9 {main}
CRITICAL - 2021-12-15 00:26:25 --> Attempt to read property "UID" on array
#0 C:\xampp\htdocs\FAH\app\Views\Admin\customer.php(16): CodeIgniter\Debug\Exceptions->errorHandler(2, 'Attempt to read...', 'C:\\xampp\\htdocs...', 16)
#1 C:\xampp\htdocs\FAH\system\View\View.php(214): include('C:\\xampp\\htdocs...')
#2 C:\xampp\htdocs\FAH\system\View\View.php(217): CodeIgniter\View\View->CodeIgniter\View\{closure}()
#3 C:\xampp\htdocs\FAH\system\Common.php(1097): CodeIgniter\View\View->render('Admin/customer', Array, true)
#4 C:\xampp\htdocs\FAH\app\Controllers\Admin.php(21): view('Admin/customer', Array)
#5 C:\xampp\htdocs\FAH\system\CodeIgniter.php(824): App\Controllers\Admin->index()
#6 C:\xampp\htdocs\FAH\system\CodeIgniter.php(410): CodeIgniter\CodeIgniter->runController(Object(App\Controllers\Admin))
#7 C:\xampp\htdocs\FAH\system\CodeIgniter.php(318): CodeIgniter\CodeIgniter->handleRequest(NULL, Object(Config\Cache), false)
#8 C:\xampp\htdocs\FAH\index.php(37): CodeIgniter\CodeIgniter->run()
#9 {main}
CRITICAL - 2021-12-15 00:27:11 --> Attempt to read property "array" on array
#0 C:\xampp\htdocs\FAH\app\Views\Admin\customer.php(16): CodeIgniter\Debug\Exceptions->errorHandler(2, 'Attempt to read...', 'C:\\xampp\\htdocs...', 16)
#1 C:\xampp\htdocs\FAH\system\View\View.php(214): include('C:\\xampp\\htdocs...')
#2 C:\xampp\htdocs\FAH\system\View\View.php(217): CodeIgniter\View\View->CodeIgniter\View\{closure}()
#3 C:\xampp\htdocs\FAH\system\Common.php(1097): CodeIgniter\View\View->render('Admin/customer', Array, true)
#4 C:\xampp\htdocs\FAH\app\Controllers\Admin.php(21): view('Admin/customer', Array)
#5 C:\xampp\htdocs\FAH\system\CodeIgniter.php(824): App\Controllers\Admin->index()
#6 C:\xampp\htdocs\FAH\system\CodeIgniter.php(410): CodeIgniter\CodeIgniter->runController(Object(App\Controllers\Admin))
#7 C:\xampp\htdocs\FAH\system\CodeIgniter.php(318): CodeIgniter\CodeIgniter->handleRequest(NULL, Object(Config\Cache), false)
#8 C:\xampp\htdocs\FAH\index.php(37): CodeIgniter\CodeIgniter->run()
#9 {main}
CRITICAL - 2021-12-15 00:27:12 --> Attempt to read property "array" on array
#0 C:\xampp\htdocs\FAH\app\Views\Admin\customer.php(16): CodeIgniter\Debug\Exceptions->errorHandler(2, 'Attempt to read...', 'C:\\xampp\\htdocs...', 16)
#1 C:\xampp\htdocs\FAH\system\View\View.php(214): include('C:\\xampp\\htdocs...')
#2 C:\xampp\htdocs\FAH\system\View\View.php(217): CodeIgniter\View\View->CodeIgniter\View\{closure}()
#3 C:\xampp\htdocs\FAH\system\Common.php(1097): CodeIgniter\View\View->render('Admin/customer', Array, true)
#4 C:\xampp\htdocs\FAH\app\Controllers\Admin.php(21): view('Admin/customer', Array)
#5 C:\xampp\htdocs\FAH\system\CodeIgniter.php(824): App\Controllers\Admin->index()
#6 C:\xampp\htdocs\FAH\system\CodeIgniter.php(410): CodeIgniter\CodeIgniter->runController(Object(App\Controllers\Admin))
#7 C:\xampp\htdocs\FAH\system\CodeIgniter.php(318): CodeIgniter\CodeIgniter->handleRequest(NULL, Object(Config\Cache), false)
#8 C:\xampp\htdocs\FAH\index.php(37): CodeIgniter\CodeIgniter->run()
#9 {main}
CRITICAL - 2021-12-15 00:27:12 --> Attempt to read property "array" on array
#0 C:\xampp\htdocs\FAH\app\Views\Admin\customer.php(16): CodeIgniter\Debug\Exceptions->errorHandler(2, 'Attempt to read...', 'C:\\xampp\\htdocs...', 16)
#1 C:\xampp\htdocs\FAH\system\View\View.php(214): include('C:\\xampp\\htdocs...')
#2 C:\xampp\htdocs\FAH\system\View\View.php(217): CodeIgniter\View\View->CodeIgniter\View\{closure}()
#3 C:\xampp\htdocs\FAH\system\Common.php(1097): CodeIgniter\View\View->render('Admin/customer', Array, true)
#4 C:\xampp\htdocs\FAH\app\Controllers\Admin.php(21): view('Admin/customer', Array)
#5 C:\xampp\htdocs\FAH\system\CodeIgniter.php(824): App\Controllers\Admin->index()
#6 C:\xampp\htdocs\FAH\system\CodeIgniter.php(410): CodeIgniter\CodeIgniter->runController(Object(App\Controllers\Admin))
#7 C:\xampp\htdocs\FAH\system\CodeIgniter.php(318): CodeIgniter\CodeIgniter->handleRequest(NULL, Object(Config\Cache), false)
#8 C:\xampp\htdocs\FAH\index.php(37): CodeIgniter\CodeIgniter->run()
#9 {main}
CRITICAL - 2021-12-15 00:27:12 --> Attempt to read property "array" on array
#0 C:\xampp\htdocs\FAH\app\Views\Admin\customer.php(16): CodeIgniter\Debug\Exceptions->errorHandler(2, 'Attempt to read...', 'C:\\xampp\\htdocs...', 16)
#1 C:\xampp\htdocs\FAH\system\View\View.php(214): include('C:\\xampp\\htdocs...')
#2 C:\xampp\htdocs\FAH\system\View\View.php(217): CodeIgniter\View\View->CodeIgniter\View\{closure}()
#3 C:\xampp\htdocs\FAH\system\Common.php(1097): CodeIgniter\View\View->render('Admin/customer', Array, true)
#4 C:\xampp\htdocs\FAH\app\Controllers\Admin.php(21): view('Admin/customer', Array)
#5 C:\xampp\htdocs\FAH\system\CodeIgniter.php(824): App\Controllers\Admin->index()
#6 C:\xampp\htdocs\FAH\system\CodeIgniter.php(410): CodeIgniter\CodeIgniter->runController(Object(App\Controllers\Admin))
#7 C:\xampp\htdocs\FAH\system\CodeIgniter.php(318): CodeIgniter\CodeIgniter->handleRequest(NULL, Object(Config\Cache), false)
#8 C:\xampp\htdocs\FAH\index.php(37): CodeIgniter\CodeIgniter->run()
#9 {main}
CRITICAL - 2021-12-15 00:27:12 --> Attempt to read property "array" on array
#0 C:\xampp\htdocs\FAH\app\Views\Admin\customer.php(16): CodeIgniter\Debug\Exceptions->errorHandler(2, 'Attempt to read...', 'C:\\xampp\\htdocs...', 16)
#1 C:\xampp\htdocs\FAH\system\View\View.php(214): include('C:\\xampp\\htdocs...')
#2 C:\xampp\htdocs\FAH\system\View\View.php(217): CodeIgniter\View\View->CodeIgniter\View\{closure}()
#3 C:\xampp\htdocs\FAH\system\Common.php(1097): CodeIgniter\View\View->render('Admin/customer', Array, true)
#4 C:\xampp\htdocs\FAH\app\Controllers\Admin.php(21): view('Admin/customer', Array)
#5 C:\xampp\htdocs\FAH\system\CodeIgniter.php(824): App\Controllers\Admin->index()
#6 C:\xampp\htdocs\FAH\system\CodeIgniter.php(410): CodeIgniter\CodeIgniter->runController(Object(App\Controllers\Admin))
#7 C:\xampp\htdocs\FAH\system\CodeIgniter.php(318): CodeIgniter\CodeIgniter->handleRequest(NULL, Object(Config\Cache), false)
#8 C:\xampp\htdocs\FAH\index.php(37): CodeIgniter\CodeIgniter->run()
#9 {main}
CRITICAL - 2021-12-15 00:27:13 --> Attempt to read property "array" on array
#0 C:\xampp\htdocs\FAH\app\Views\Admin\customer.php(16): CodeIgniter\Debug\Exceptions->errorHandler(2, 'Attempt to read...', 'C:\\xampp\\htdocs...', 16)
#1 C:\xampp\htdocs\FAH\system\View\View.php(214): include('C:\\xampp\\htdocs...')
#2 C:\xampp\htdocs\FAH\system\View\View.php(217): CodeIgniter\View\View->CodeIgniter\View\{closure}()
#3 C:\xampp\htdocs\FAH\system\Common.php(1097): CodeIgniter\View\View->render('Admin/customer', Array, true)
#4 C:\xampp\htdocs\FAH\app\Controllers\Admin.php(21): view('Admin/customer', Array)
#5 C:\xampp\htdocs\FAH\system\CodeIgniter.php(824): App\Controllers\Admin->index()
#6 C:\xampp\htdocs\FAH\system\CodeIgniter.php(410): CodeIgniter\CodeIgniter->runController(Object(App\Controllers\Admin))
#7 C:\xampp\htdocs\FAH\system\CodeIgniter.php(318): CodeIgniter\CodeIgniter->handleRequest(NULL, Object(Config\Cache), false)
#8 C:\xampp\htdocs\FAH\index.php(37): CodeIgniter\CodeIgniter->run()
#9 {main}
CRITICAL - 2021-12-15 00:27:13 --> Attempt to read property "array" on array
#0 C:\xampp\htdocs\FAH\app\Views\Admin\customer.php(16): CodeIgniter\Debug\Exceptions->errorHandler(2, 'Attempt to read...', 'C:\\xampp\\htdocs...', 16)
#1 C:\xampp\htdocs\FAH\system\View\View.php(214): include('C:\\xampp\\htdocs...')
#2 C:\xampp\htdocs\FAH\system\View\View.php(217): CodeIgniter\View\View->CodeIgniter\View\{closure}()
#3 C:\xampp\htdocs\FAH\system\Common.php(1097): CodeIgniter\View\View->render('Admin/customer', Array, true)
#4 C:\xampp\htdocs\FAH\app\Controllers\Admin.php(21): view('Admin/customer', Array)
#5 C:\xampp\htdocs\FAH\system\CodeIgniter.php(824): App\Controllers\Admin->index()
#6 C:\xampp\htdocs\FAH\system\CodeIgniter.php(410): CodeIgniter\CodeIgniter->runController(Object(App\Controllers\Admin))
#7 C:\xampp\htdocs\FAH\system\CodeIgniter.php(318): CodeIgniter\CodeIgniter->handleRequest(NULL, Object(Config\Cache), false)
#8 C:\xampp\htdocs\FAH\index.php(37): CodeIgniter\CodeIgniter->run()
#9 {main}
CRITICAL - 2021-12-15 00:27:13 --> Attempt to read property "array" on array
#0 C:\xampp\htdocs\FAH\app\Views\Admin\customer.php(16): CodeIgniter\Debug\Exceptions->errorHandler(2, 'Attempt to read...', 'C:\\xampp\\htdocs...', 16)
#1 C:\xampp\htdocs\FAH\system\View\View.php(214): include('C:\\xampp\\htdocs...')
#2 C:\xampp\htdocs\FAH\system\View\View.php(217): CodeIgniter\View\View->CodeIgniter\View\{closure}()
#3 C:\xampp\htdocs\FAH\system\Common.php(1097): CodeIgniter\View\View->render('Admin/customer', Array, true)
#4 C:\xampp\htdocs\FAH\app\Controllers\Admin.php(21): view('Admin/customer', Array)
#5 C:\xampp\htdocs\FAH\system\CodeIgniter.php(824): App\Controllers\Admin->index()
#6 C:\xampp\htdocs\FAH\system\CodeIgniter.php(410): CodeIgniter\CodeIgniter->runController(Object(App\Controllers\Admin))
#7 C:\xampp\htdocs\FAH\system\CodeIgniter.php(318): CodeIgniter\CodeIgniter->handleRequest(NULL, Object(Config\Cache), false)
#8 C:\xampp\htdocs\FAH\index.php(37): CodeIgniter\CodeIgniter->run()
#9 {main}
CRITICAL - 2021-12-15 00:27:13 --> Attempt to read property "array" on array
#0 C:\xampp\htdocs\FAH\app\Views\Admin\customer.php(16): CodeIgniter\Debug\Exceptions->errorHandler(2, 'Attempt to read...', 'C:\\xampp\\htdocs...', 16)
#1 C:\xampp\htdocs\FAH\system\View\View.php(214): include('C:\\xampp\\htdocs...')
#2 C:\xampp\htdocs\FAH\system\View\View.php(217): CodeIgniter\View\View->CodeIgniter\View\{closure}()
#3 C:\xampp\htdocs\FAH\system\Common.php(1097): CodeIgniter\View\View->render('Admin/customer', Array, true)
#4 C:\xampp\htdocs\FAH\app\Controllers\Admin.php(21): view('Admin/customer', Array)
#5 C:\xampp\htdocs\FAH\system\CodeIgniter.php(824): App\Controllers\Admin->index()
#6 C:\xampp\htdocs\FAH\system\CodeIgniter.php(410): CodeIgniter\CodeIgniter->runController(Object(App\Controllers\Admin))
#7 C:\xampp\htdocs\FAH\system\CodeIgniter.php(318): CodeIgniter\CodeIgniter->handleRequest(NULL, Object(Config\Cache), false)
#8 C:\xampp\htdocs\FAH\index.php(37): CodeIgniter\CodeIgniter->run()
#9 {main}
CRITICAL - 2021-12-15 00:27:13 --> Attempt to read property "array" on array
#0 C:\xampp\htdocs\FAH\app\Views\Admin\customer.php(16): CodeIgniter\Debug\Exceptions->errorHandler(2, 'Attempt to read...', 'C:\\xampp\\htdocs...', 16)
#1 C:\xampp\htdocs\FAH\system\View\View.php(214): include('C:\\xampp\\htdocs...')
#2 C:\xampp\htdocs\FAH\system\View\View.php(217): CodeIgniter\View\View->CodeIgniter\View\{closure}()
#3 C:\xampp\htdocs\FAH\system\Common.php(1097): CodeIgniter\View\View->render('Admin/customer', Array, true)
#4 C:\xampp\htdocs\FAH\app\Controllers\Admin.php(21): view('Admin/customer', Array)
#5 C:\xampp\htdocs\FAH\system\CodeIgniter.php(824): App\Controllers\Admin->index()
#6 C:\xampp\htdocs\FAH\system\CodeIgniter.php(410): CodeIgniter\CodeIgniter->runController(Object(App\Controllers\Admin))
#7 C:\xampp\htdocs\FAH\system\CodeIgniter.php(318): CodeIgniter\CodeIgniter->handleRequest(NULL, Object(Config\Cache), false)
#8 C:\xampp\htdocs\FAH\index.php(37): CodeIgniter\CodeIgniter->run()
#9 {main}
CRITICAL - 2021-12-15 00:27:13 --> Attempt to read property "array" on array
#0 C:\xampp\htdocs\FAH\app\Views\Admin\customer.php(16): CodeIgniter\Debug\Exceptions->errorHandler(2, 'Attempt to read...', 'C:\\xampp\\htdocs...', 16)
#1 C:\xampp\htdocs\FAH\system\View\View.php(214): include('C:\\xampp\\htdocs...')
#2 C:\xampp\htdocs\FAH\system\View\View.php(217): CodeIgniter\View\View->CodeIgniter\View\{closure}()
#3 C:\xampp\htdocs\FAH\system\Common.php(1097): CodeIgniter\View\View->render('Admin/customer', Array, true)
#4 C:\xampp\htdocs\FAH\app\Controllers\Admin.php(21): view('Admin/customer', Array)
#5 C:\xampp\htdocs\FAH\system\CodeIgniter.php(824): App\Controllers\Admin->index()
#6 C:\xampp\htdocs\FAH\system\CodeIgniter.php(410): CodeIgniter\CodeIgniter->runController(Object(App\Controllers\Admin))
#7 C:\xampp\htdocs\FAH\system\CodeIgniter.php(318): CodeIgniter\CodeIgniter->handleRequest(NULL, Object(Config\Cache), false)
#8 C:\xampp\htdocs\FAH\index.php(37): CodeIgniter\CodeIgniter->run()
#9 {main}
CRITICAL - 2021-12-15 00:27:13 --> Attempt to read property "array" on array
#0 C:\xampp\htdocs\FAH\app\Views\Admin\customer.php(16): CodeIgniter\Debug\Exceptions->errorHandler(2, 'Attempt to read...', 'C:\\xampp\\htdocs...', 16)
#1 C:\xampp\htdocs\FAH\system\View\View.php(214): include('C:\\xampp\\htdocs...')
#2 C:\xampp\htdocs\FAH\system\View\View.php(217): CodeIgniter\View\View->CodeIgniter\View\{closure}()
#3 C:\xampp\htdocs\FAH\system\Common.php(1097): CodeIgniter\View\View->render('Admin/customer', Array, true)
#4 C:\xampp\htdocs\FAH\app\Controllers\Admin.php(21): view('Admin/customer', Array)
#5 C:\xampp\htdocs\FAH\system\CodeIgniter.php(824): App\Controllers\Admin->index()
#6 C:\xampp\htdocs\FAH\system\CodeIgniter.php(410): CodeIgniter\CodeIgniter->runController(Object(App\Controllers\Admin))
#7 C:\xampp\htdocs\FAH\system\CodeIgniter.php(318): CodeIgniter\CodeIgniter->handleRequest(NULL, Object(Config\Cache), false)
#8 C:\xampp\htdocs\FAH\index.php(37): CodeIgniter\CodeIgniter->run()
#9 {main}
CRITICAL - 2021-12-15 00:27:14 --> Attempt to read property "array" on array
#0 C:\xampp\htdocs\FAH\app\Views\Admin\customer.php(16): CodeIgniter\Debug\Exceptions->errorHandler(2, 'Attempt to read...', 'C:\\xampp\\htdocs...', 16)
#1 C:\xampp\htdocs\FAH\system\View\View.php(214): include('C:\\xampp\\htdocs...')
#2 C:\xampp\htdocs\FAH\system\View\View.php(217): CodeIgniter\View\View->CodeIgniter\View\{closure}()
#3 C:\xampp\htdocs\FAH\system\Common.php(1097): CodeIgniter\View\View->render('Admin/customer', Array, true)
#4 C:\xampp\htdocs\FAH\app\Controllers\Admin.php(21): view('Admin/customer', Array)
#5 C:\xampp\htdocs\FAH\system\CodeIgniter.php(824): App\Controllers\Admin->index()
#6 C:\xampp\htdocs\FAH\system\CodeIgniter.php(410): CodeIgniter\CodeIgniter->runController(Object(App\Controllers\Admin))
#7 C:\xampp\htdocs\FAH\system\CodeIgniter.php(318): CodeIgniter\CodeIgniter->handleRequest(NULL, Object(Config\Cache), false)
#8 C:\xampp\htdocs\FAH\index.php(37): CodeIgniter\CodeIgniter->run()
#9 {main}
CRITICAL - 2021-12-15 00:28:06 --> Undefined constant "UID"
#0 C:\xampp\htdocs\FAH\system\View\View.php(214): include()
#1 C:\xampp\htdocs\FAH\system\View\View.php(217): CodeIgniter\View\View->CodeIgniter\View\{closure}()
#2 C:\xampp\htdocs\FAH\system\Common.php(1097): CodeIgniter\View\View->render('Admin/customer', Array, true)
#3 C:\xampp\htdocs\FAH\app\Controllers\Admin.php(21): view('Admin/customer', Array)
#4 C:\xampp\htdocs\FAH\system\CodeIgniter.php(824): App\Controllers\Admin->index()
#5 C:\xampp\htdocs\FAH\system\CodeIgniter.php(410): CodeIgniter\CodeIgniter->runController(Object(App\Controllers\Admin))
#6 C:\xampp\htdocs\FAH\system\CodeIgniter.php(318): CodeIgniter\CodeIgniter->handleRequest(NULL, Object(Config\Cache), false)
#7 C:\xampp\htdocs\FAH\index.php(37): CodeIgniter\CodeIgniter->run()
#8 {main}
CRITICAL - 2021-12-15 00:28:25 --> Attempt to read property "array" on array
#0 C:\xampp\htdocs\FAH\app\Views\Admin\customer.php(16): CodeIgniter\Debug\Exceptions->errorHandler(2, 'Attempt to read...', 'C:\\xampp\\htdocs...', 16)
#1 C:\xampp\htdocs\FAH\system\View\View.php(214): include('C:\\xampp\\htdocs...')
#2 C:\xampp\htdocs\FAH\system\View\View.php(217): CodeIgniter\View\View->CodeIgniter\View\{closure}()
#3 C:\xampp\htdocs\FAH\system\Common.php(1097): CodeIgniter\View\View->render('Admin/customer', Array, true)
#4 C:\xampp\htdocs\FAH\app\Controllers\Admin.php(21): view('Admin/customer', Array)
#5 C:\xampp\htdocs\FAH\system\CodeIgniter.php(824): App\Controllers\Admin->index()
#6 C:\xampp\htdocs\FAH\system\CodeIgniter.php(410): CodeIgniter\CodeIgniter->runController(Object(App\Controllers\Admin))
#7 C:\xampp\htdocs\FAH\system\CodeIgniter.php(318): CodeIgniter\CodeIgniter->handleRequest(NULL, Object(Config\Cache), false)
#8 C:\xampp\htdocs\FAH\index.php(37): CodeIgniter\CodeIgniter->run()
#9 {main}
CRITICAL - 2021-12-15 00:29:06 --> Attempt to read property "array" on array
#0 C:\xampp\htdocs\FAH\app\Views\Admin\customer.php(16): CodeIgniter\Debug\Exceptions->errorHandler(2, 'Attempt to read...', 'C:\\xampp\\htdocs...', 16)
#1 C:\xampp\htdocs\FAH\system\View\View.php(214): include('C:\\xampp\\htdocs...')
#2 C:\xampp\htdocs\FAH\system\View\View.php(217): CodeIgniter\View\View->CodeIgniter\View\{closure}()
#3 C:\xampp\htdocs\FAH\system\Common.php(1097): CodeIgniter\View\View->render('Admin/customer', Array, true)
#4 C:\xampp\htdocs\FAH\app\Controllers\Admin.php(21): view('Admin/customer', Array)
#5 C:\xampp\htdocs\FAH\system\CodeIgniter.php(824): App\Controllers\Admin->index()
#6 C:\xampp\htdocs\FAH\system\CodeIgniter.php(410): CodeIgniter\CodeIgniter->runController(Object(App\Controllers\Admin))
#7 C:\xampp\htdocs\FAH\system\CodeIgniter.php(318): CodeIgniter\CodeIgniter->handleRequest(NULL, Object(Config\Cache), false)
#8 C:\xampp\htdocs\FAH\index.php(37): CodeIgniter\CodeIgniter->run()
#9 {main}
CRITICAL - 2021-12-15 00:29:06 --> Attempt to read property "array" on array
#0 C:\xampp\htdocs\FAH\app\Views\Admin\customer.php(16): CodeIgniter\Debug\Exceptions->errorHandler(2, 'Attempt to read...', 'C:\\xampp\\htdocs...', 16)
#1 C:\xampp\htdocs\FAH\system\View\View.php(214): include('C:\\xampp\\htdocs...')
#2 C:\xampp\htdocs\FAH\system\View\View.php(217): CodeIgniter\View\View->CodeIgniter\View\{closure}()
#3 C:\xampp\htdocs\FAH\system\Common.php(1097): CodeIgniter\View\View->render('Admin/customer', Array, true)
#4 C:\xampp\htdocs\FAH\app\Controllers\Admin.php(21): view('Admin/customer', Array)
#5 C:\xampp\htdocs\FAH\system\CodeIgniter.php(824): App\Controllers\Admin->index()
#6 C:\xampp\htdocs\FAH\system\CodeIgniter.php(410): CodeIgniter\CodeIgniter->runController(Object(App\Controllers\Admin))
#7 C:\xampp\htdocs\FAH\system\CodeIgniter.php(318): CodeIgniter\CodeIgniter->handleRequest(NULL, Object(Config\Cache), false)
#8 C:\xampp\htdocs\FAH\index.php(37): CodeIgniter\CodeIgniter->run()
#9 {main}
CRITICAL - 2021-12-15 00:29:07 --> Attempt to read property "array" on array
#0 C:\xampp\htdocs\FAH\app\Views\Admin\customer.php(16): CodeIgniter\Debug\Exceptions->errorHandler(2, 'Attempt to read...', 'C:\\xampp\\htdocs...', 16)
#1 C:\xampp\htdocs\FAH\system\View\View.php(214): include('C:\\xampp\\htdocs...')
#2 C:\xampp\htdocs\FAH\system\View\View.php(217): CodeIgniter\View\View->CodeIgniter\View\{closure}()
#3 C:\xampp\htdocs\FAH\system\Common.php(1097): CodeIgniter\View\View->render('Admin/customer', Array, true)
#4 C:\xampp\htdocs\FAH\app\Controllers\Admin.php(21): view('Admin/customer', Array)
#5 C:\xampp\htdocs\FAH\system\CodeIgniter.php(824): App\Controllers\Admin->index()
#6 C:\xampp\htdocs\FAH\system\CodeIgniter.php(410): CodeIgniter\CodeIgniter->runController(Object(App\Controllers\Admin))
#7 C:\xampp\htdocs\FAH\system\CodeIgniter.php(318): CodeIgniter\CodeIgniter->handleRequest(NULL, Object(Config\Cache), false)
#8 C:\xampp\htdocs\FAH\index.php(37): CodeIgniter\CodeIgniter->run()
#9 {main}
CRITICAL - 2021-12-15 00:29:07 --> Attempt to read property "array" on array
#0 C:\xampp\htdocs\FAH\app\Views\Admin\customer.php(16): CodeIgniter\Debug\Exceptions->errorHandler(2, 'Attempt to read...', 'C:\\xampp\\htdocs...', 16)
#1 C:\xampp\htdocs\FAH\system\View\View.php(214): include('C:\\xampp\\htdocs...')
#2 C:\xampp\htdocs\FAH\system\View\View.php(217): CodeIgniter\View\View->CodeIgniter\View\{closure}()
#3 C:\xampp\htdocs\FAH\system\Common.php(1097): CodeIgniter\View\View->render('Admin/customer', Array, true)
#4 C:\xampp\htdocs\FAH\app\Controllers\Admin.php(21): view('Admin/customer', Array)
#5 C:\xampp\htdocs\FAH\system\CodeIgniter.php(824): App\Controllers\Admin->index()
#6 C:\xampp\htdocs\FAH\system\CodeIgniter.php(410): CodeIgniter\CodeIgniter->runController(Object(App\Controllers\Admin))
#7 C:\xampp\htdocs\FAH\system\CodeIgniter.php(318): CodeIgniter\CodeIgniter->handleRequest(NULL, Object(Config\Cache), false)
#8 C:\xampp\htdocs\FAH\index.php(37): CodeIgniter\CodeIgniter->run()
#9 {main}
CRITICAL - 2021-12-15 00:30:11 --> Undefined array key "UID"
#0 C:\xampp\htdocs\FAH\app\Views\Admin\customer.php(16): CodeIgniter\Debug\Exceptions->errorHandler(2, 'Undefined array...', 'C:\\xampp\\htdocs...', 16)
#1 C:\xampp\htdocs\FAH\system\View\View.php(214): include('C:\\xampp\\htdocs...')
#2 C:\xampp\htdocs\FAH\system\View\View.php(217): CodeIgniter\View\View->CodeIgniter\View\{closure}()
#3 C:\xampp\htdocs\FAH\system\Common.php(1097): CodeIgniter\View\View->render('Admin/customer', Array, true)
#4 C:\xampp\htdocs\FAH\app\Controllers\Admin.php(21): view('Admin/customer', Array)
#5 C:\xampp\htdocs\FAH\system\CodeIgniter.php(824): App\Controllers\Admin->index()
#6 C:\xampp\htdocs\FAH\system\CodeIgniter.php(410): CodeIgniter\CodeIgniter->runController(Object(App\Controllers\Admin))
#7 C:\xampp\htdocs\FAH\system\CodeIgniter.php(318): CodeIgniter\CodeIgniter->handleRequest(NULL, Object(Config\Cache), false)
#8 C:\xampp\htdocs\FAH\index.php(37): CodeIgniter\CodeIgniter->run()
#9 {main}
CRITICAL - 2021-12-15 00:30:54 --> Call to a member function getRowArray() on array
#0 C:\xampp\htdocs\FAH\system\View\View.php(214): include()
#1 C:\xampp\htdocs\FAH\system\View\View.php(217): CodeIgniter\View\View->CodeIgniter\View\{closure}()
#2 C:\xampp\htdocs\FAH\system\Common.php(1097): CodeIgniter\View\View->render('Admin/customer', Array, true)
#3 C:\xampp\htdocs\FAH\app\Controllers\Admin.php(21): view('Admin/customer', Array)
#4 C:\xampp\htdocs\FAH\system\CodeIgniter.php(824): App\Controllers\Admin->index()
#5 C:\xampp\htdocs\FAH\system\CodeIgniter.php(410): CodeIgniter\CodeIgniter->runController(Object(App\Controllers\Admin))
#6 C:\xampp\htdocs\FAH\system\CodeIgniter.php(318): CodeIgniter\CodeIgniter->handleRequest(NULL, Object(Config\Cache), false)
#7 C:\xampp\htdocs\FAH\index.php(37): CodeIgniter\CodeIgniter->run()
#8 {main}
CRITICAL - 2021-12-15 00:31:05 --> Call to a member function getRowArray() on array
#0 C:\xampp\htdocs\FAH\system\View\View.php(214): include()
#1 C:\xampp\htdocs\FAH\system\View\View.php(217): CodeIgniter\View\View->CodeIgniter\View\{closure}()
#2 C:\xampp\htdocs\FAH\system\Common.php(1097): CodeIgniter\View\View->render('Admin/customer', Array, true)
#3 C:\xampp\htdocs\FAH\app\Controllers\Admin.php(21): view('Admin/customer', Array)
#4 C:\xampp\htdocs\FAH\system\CodeIgniter.php(824): App\Controllers\Admin->index()
#5 C:\xampp\htdocs\FAH\system\CodeIgniter.php(410): CodeIgniter\CodeIgniter->runController(Object(App\Controllers\Admin))
#6 C:\xampp\htdocs\FAH\system\CodeIgniter.php(318): CodeIgniter\CodeIgniter->handleRequest(NULL, Object(Config\Cache), false)
#7 C:\xampp\htdocs\FAH\index.php(37): CodeIgniter\CodeIgniter->run()
#8 {main}
CRITICAL - 2021-12-15 00:31:10 --> Call to a member function getRow() on array
#0 C:\xampp\htdocs\FAH\system\View\View.php(214): include()
#1 C:\xampp\htdocs\FAH\system\View\View.php(217): CodeIgniter\View\View->CodeIgniter\View\{closure}()
#2 C:\xampp\htdocs\FAH\system\Common.php(1097): CodeIgniter\View\View->render('Admin/customer', Array, true)
#3 C:\xampp\htdocs\FAH\app\Controllers\Admin.php(21): view('Admin/customer', Array)
#4 C:\xampp\htdocs\FAH\system\CodeIgniter.php(824): App\Controllers\Admin->index()
#5 C:\xampp\htdocs\FAH\system\CodeIgniter.php(410): CodeIgniter\CodeIgniter->runController(Object(App\Controllers\Admin))
#6 C:\xampp\htdocs\FAH\system\CodeIgniter.php(318): CodeIgniter\CodeIgniter->handleRequest(NULL, Object(Config\Cache), false)
#7 C:\xampp\htdocs\FAH\index.php(37): CodeIgniter\CodeIgniter->run()
#8 {main}
CRITICAL - 2021-12-15 00:31:11 --> Call to a member function getRow() on array
#0 C:\xampp\htdocs\FAH\system\View\View.php(214): include()
#1 C:\xampp\htdocs\FAH\system\View\View.php(217): CodeIgniter\View\View->CodeIgniter\View\{closure}()
#2 C:\xampp\htdocs\FAH\system\Common.php(1097): CodeIgniter\View\View->render('Admin/customer', Array, true)
#3 C:\xampp\htdocs\FAH\app\Controllers\Admin.php(21): view('Admin/customer', Array)
#4 C:\xampp\htdocs\FAH\system\CodeIgniter.php(824): App\Controllers\Admin->index()
#5 C:\xampp\htdocs\FAH\system\CodeIgniter.php(410): CodeIgniter\CodeIgniter->runController(Object(App\Controllers\Admin))
#6 C:\xampp\htdocs\FAH\system\CodeIgniter.php(318): CodeIgniter\CodeIgniter->handleRequest(NULL, Object(Config\Cache), false)
#7 C:\xampp\htdocs\FAH\index.php(37): CodeIgniter\CodeIgniter->run()
#8 {main}
CRITICAL - 2021-12-15 00:31:11 --> Call to a member function getRow() on array
#0 C:\xampp\htdocs\FAH\system\View\View.php(214): include()
#1 C:\xampp\htdocs\FAH\system\View\View.php(217): CodeIgniter\View\View->CodeIgniter\View\{closure}()
#2 C:\xampp\htdocs\FAH\system\Common.php(1097): CodeIgniter\View\View->render('Admin/customer', Array, true)
#3 C:\xampp\htdocs\FAH\app\Controllers\Admin.php(21): view('Admin/customer', Array)
#4 C:\xampp\htdocs\FAH\system\CodeIgniter.php(824): App\Controllers\Admin->index()
#5 C:\xampp\htdocs\FAH\system\CodeIgniter.php(410): CodeIgniter\CodeIgniter->runController(Object(App\Controllers\Admin))
#6 C:\xampp\htdocs\FAH\system\CodeIgniter.php(318): CodeIgniter\CodeIgniter->handleRequest(NULL, Object(Config\Cache), false)
#7 C:\xampp\htdocs\FAH\index.php(37): CodeIgniter\CodeIgniter->run()
#8 {main}
CRITICAL - 2021-12-15 00:31:11 --> Call to a member function getRow() on array
#0 C:\xampp\htdocs\FAH\system\View\View.php(214): include()
#1 C:\xampp\htdocs\FAH\system\View\View.php(217): CodeIgniter\View\View->CodeIgniter\View\{closure}()
#2 C:\xampp\htdocs\FAH\system\Common.php(1097): CodeIgniter\View\View->render('Admin/customer', Array, true)
#3 C:\xampp\htdocs\FAH\app\Controllers\Admin.php(21): view('Admin/customer', Array)
#4 C:\xampp\htdocs\FAH\system\CodeIgniter.php(824): App\Controllers\Admin->index()
#5 C:\xampp\htdocs\FAH\system\CodeIgniter.php(410): CodeIgniter\CodeIgniter->runController(Object(App\Controllers\Admin))
#6 C:\xampp\htdocs\FAH\system\CodeIgniter.php(318): CodeIgniter\CodeIgniter->handleRequest(NULL, Object(Config\Cache), false)
#7 C:\xampp\htdocs\FAH\index.php(37): CodeIgniter\CodeIgniter->run()
#8 {main}
CRITICAL - 2021-12-15 00:33:04 --> Undefined array key 0
#0 C:\xampp\htdocs\FAH\app\Views\Admin\customer.php(16): CodeIgniter\Debug\Exceptions->errorHandler(2, 'Undefined array...', 'C:\\xampp\\htdocs...', 16)
#1 C:\xampp\htdocs\FAH\system\View\View.php(214): include('C:\\xampp\\htdocs...')
#2 C:\xampp\htdocs\FAH\system\View\View.php(217): CodeIgniter\View\View->CodeIgniter\View\{closure}()
#3 C:\xampp\htdocs\FAH\system\Common.php(1097): CodeIgniter\View\View->render('Admin/customer', Array, true)
#4 C:\xampp\htdocs\FAH\app\Controllers\Admin.php(21): view('Admin/customer', Array)
#5 C:\xampp\htdocs\FAH\system\CodeIgniter.php(824): App\Controllers\Admin->index()
#6 C:\xampp\htdocs\FAH\system\CodeIgniter.php(410): CodeIgniter\CodeIgniter->runController(Object(App\Controllers\Admin))
#7 C:\xampp\htdocs\FAH\system\CodeIgniter.php(318): CodeIgniter\CodeIgniter->handleRequest(NULL, Object(Config\Cache), false)
#8 C:\xampp\htdocs\FAH\index.php(37): CodeIgniter\CodeIgniter->run()
#9 {main}
CRITICAL - 2021-12-15 02:44:01 --> Undefined array key "submit"
#0 C:\xampp\htdocs\FAH\app\Views\Admin\customer.php(66): CodeIgniter\Debug\Exceptions->errorHandler(2, 'Undefined array...', 'C:\\xampp\\htdocs...', 66)
#1 C:\xampp\htdocs\FAH\system\View\View.php(214): include('C:\\xampp\\htdocs...')
#2 C:\xampp\htdocs\FAH\system\View\View.php(217): CodeIgniter\View\View->CodeIgniter\View\{closure}()
#3 C:\xampp\htdocs\FAH\system\Common.php(1097): CodeIgniter\View\View->render('Admin/customer', Array, true)
#4 C:\xampp\htdocs\FAH\app\Controllers\Admin.php(21): view('Admin/customer', Array)
#5 C:\xampp\htdocs\FAH\system\CodeIgniter.php(824): App\Controllers\Admin->index()
#6 C:\xampp\htdocs\FAH\system\CodeIgniter.php(410): CodeIgniter\CodeIgniter->runController(Object(App\Controllers\Admin))
#7 C:\xampp\htdocs\FAH\system\CodeIgniter.php(318): CodeIgniter\CodeIgniter->handleRequest(NULL, Object(Config\Cache), false)
#8 C:\xampp\htdocs\FAH\index.php(37): CodeIgniter\CodeIgniter->run()
#9 {main}
CRITICAL - 2021-12-15 02:45:09 --> Undefined array key "submit"
#0 C:\xampp\htdocs\FAH\app\Views\Admin\customer.php(66): CodeIgniter\Debug\Exceptions->errorHandler(2, 'Undefined array...', 'C:\\xampp\\htdocs...', 66)
#1 C:\xampp\htdocs\FAH\system\View\View.php(214): include('C:\\xampp\\htdocs...')
#2 C:\xampp\htdocs\FAH\system\View\View.php(217): CodeIgniter\View\View->CodeIgniter\View\{closure}()
#3 C:\xampp\htdocs\FAH\system\Common.php(1097): CodeIgniter\View\View->render('Admin/customer', Array, true)
#4 C:\xampp\htdocs\FAH\app\Controllers\Admin.php(21): view('Admin/customer', Array)
#5 C:\xampp\htdocs\FAH\system\CodeIgniter.php(824): App\Controllers\Admin->index()
#6 C:\xampp\htdocs\FAH\system\CodeIgniter.php(410): CodeIgniter\CodeIgniter->runController(Object(App\Controllers\Admin))
#7 C:\xampp\htdocs\FAH\system\CodeIgniter.php(318): CodeIgniter\CodeIgniter->handleRequest(NULL, Object(Config\Cache), false)
#8 C:\xampp\htdocs\FAH\index.php(37): CodeIgniter\CodeIgniter->run()
#9 {main}
CRITICAL - 2021-12-15 02:45:17 --> Undefined array key "submit"
#0 C:\xampp\htdocs\FAH\app\Views\Admin\customer.php(66): CodeIgniter\Debug\Exceptions->errorHandler(2, 'Undefined array...', 'C:\\xampp\\htdocs...', 66)
#1 C:\xampp\htdocs\FAH\system\View\View.php(214): include('C:\\xampp\\htdocs...')
#2 C:\xampp\htdocs\FAH\system\View\View.php(217): CodeIgniter\View\View->CodeIgniter\View\{closure}()
#3 C:\xampp\htdocs\FAH\system\Common.php(1097): CodeIgniter\View\View->render('Admin/customer', Array, true)
#4 C:\xampp\htdocs\FAH\app\Controllers\Admin.php(21): view('Admin/customer', Array)
#5 C:\xampp\htdocs\FAH\system\CodeIgniter.php(824): App\Controllers\Admin->index()
#6 C:\xampp\htdocs\FAH\system\CodeIgniter.php(410): CodeIgniter\CodeIgniter->runController(Object(App\Controllers\Admin))
#7 C:\xampp\htdocs\FAH\system\CodeIgniter.php(318): CodeIgniter\CodeIgniter->handleRequest(NULL, Object(Config\Cache), false)
#8 C:\xampp\htdocs\FAH\index.php(37): CodeIgniter\CodeIgniter->run()
#9 {main}
CRITICAL - 2021-12-15 02:45:17 --> Undefined array key "submit"
#0 C:\xampp\htdocs\FAH\app\Views\Admin\customer.php(66): CodeIgniter\Debug\Exceptions->errorHandler(2, 'Undefined array...', 'C:\\xampp\\htdocs...', 66)
#1 C:\xampp\htdocs\FAH\system\View\View.php(214): include('C:\\xampp\\htdocs...')
#2 C:\xampp\htdocs\FAH\system\View\View.php(217): CodeIgniter\View\View->CodeIgniter\View\{closure}()
#3 C:\xampp\htdocs\FAH\system\Common.php(1097): CodeIgniter\View\View->render('Admin/customer', Array, true)
#4 C:\xampp\htdocs\FAH\app\Controllers\Admin.php(21): view('Admin/customer', Array)
#5 C:\xampp\htdocs\FAH\system\CodeIgniter.php(824): App\Controllers\Admin->index()
#6 C:\xampp\htdocs\FAH\system\CodeIgniter.php(410): CodeIgniter\CodeIgniter->runController(Object(App\Controllers\Admin))
#7 C:\xampp\htdocs\FAH\system\CodeIgniter.php(318): CodeIgniter\CodeIgniter->handleRequest(NULL, Object(Config\Cache), false)
#8 C:\xampp\htdocs\FAH\index.php(37): CodeIgniter\CodeIgniter->run()
#9 {main}
CRITICAL - 2021-12-15 02:45:18 --> Undefined array key "submit"
#0 C:\xampp\htdocs\FAH\app\Views\Admin\customer.php(66): CodeIgniter\Debug\Exceptions->errorHandler(2, 'Undefined array...', 'C:\\xampp\\htdocs...', 66)
#1 C:\xampp\htdocs\FAH\system\View\View.php(214): include('C:\\xampp\\htdocs...')
#2 C:\xampp\htdocs\FAH\system\View\View.php(217): CodeIgniter\View\View->CodeIgniter\View\{closure}()
#3 C:\xampp\htdocs\FAH\system\Common.php(1097): CodeIgniter\View\View->render('Admin/customer', Array, true)
#4 C:\xampp\htdocs\FAH\app\Controllers\Admin.php(21): view('Admin/customer', Array)
#5 C:\xampp\htdocs\FAH\system\CodeIgniter.php(824): App\Controllers\Admin->index()
#6 C:\xampp\htdocs\FAH\system\CodeIgniter.php(410): CodeIgniter\CodeIgniter->runController(Object(App\Controllers\Admin))
#7 C:\xampp\htdocs\FAH\system\CodeIgniter.php(318): CodeIgniter\CodeIgniter->handleRequest(NULL, Object(Config\Cache), false)
#8 C:\xampp\htdocs\FAH\index.php(37): CodeIgniter\CodeIgniter->run()
#9 {main}
CRITICAL - 2021-12-15 02:45:18 --> Undefined array key "submit"
#0 C:\xampp\htdocs\FAH\app\Views\Admin\customer.php(66): CodeIgniter\Debug\Exceptions->errorHandler(2, 'Undefined array...', 'C:\\xampp\\htdocs...', 66)
#1 C:\xampp\htdocs\FAH\system\View\View.php(214): include('C:\\xampp\\htdocs...')
#2 C:\xampp\htdocs\FAH\system\View\View.php(217): CodeIgniter\View\View->CodeIgniter\View\{closure}()
#3 C:\xampp\htdocs\FAH\system\Common.php(1097): CodeIgniter\View\View->render('Admin/customer', Array, true)
#4 C:\xampp\htdocs\FAH\app\Controllers\Admin.php(21): view('Admin/customer', Array)
#5 C:\xampp\htdocs\FAH\system\CodeIgniter.php(824): App\Controllers\Admin->index()
#6 C:\xampp\htdocs\FAH\system\CodeIgniter.php(410): CodeIgniter\CodeIgniter->runController(Object(App\Controllers\Admin))
#7 C:\xampp\htdocs\FAH\system\CodeIgniter.php(318): CodeIgniter\CodeIgniter->handleRequest(NULL, Object(Config\Cache), false)
#8 C:\xampp\htdocs\FAH\index.php(37): CodeIgniter\CodeIgniter->run()
#9 {main}
CRITICAL - 2021-12-15 02:45:18 --> Undefined array key "submit"
#0 C:\xampp\htdocs\FAH\app\Views\Admin\customer.php(66): CodeIgniter\Debug\Exceptions->errorHandler(2, 'Undefined array...', 'C:\\xampp\\htdocs...', 66)
#1 C:\xampp\htdocs\FAH\system\View\View.php(214): include('C:\\xampp\\htdocs...')
#2 C:\xampp\htdocs\FAH\system\View\View.php(217): CodeIgniter\View\View->CodeIgniter\View\{closure}()
#3 C:\xampp\htdocs\FAH\system\Common.php(1097): CodeIgniter\View\View->render('Admin/customer', Array, true)
#4 C:\xampp\htdocs\FAH\app\Controllers\Admin.php(21): view('Admin/customer', Array)
#5 C:\xampp\htdocs\FAH\system\CodeIgniter.php(824): App\Controllers\Admin->index()
#6 C:\xampp\htdocs\FAH\system\CodeIgniter.php(410): CodeIgniter\CodeIgniter->runController(Object(App\Controllers\Admin))
#7 C:\xampp\htdocs\FAH\system\CodeIgniter.php(318): CodeIgniter\CodeIgniter->handleRequest(NULL, Object(Config\Cache), false)
#8 C:\xampp\htdocs\FAH\index.php(37): CodeIgniter\CodeIgniter->run()
#9 {main}
CRITICAL - 2021-12-15 02:45:19 --> Undefined array key "submit"
#0 C:\xampp\htdocs\FAH\app\Views\Admin\customer.php(66): CodeIgniter\Debug\Exceptions->errorHandler(2, 'Undefined array...', 'C:\\xampp\\htdocs...', 66)
#1 C:\xampp\htdocs\FAH\system\View\View.php(214): include('C:\\xampp\\htdocs...')
#2 C:\xampp\htdocs\FAH\system\View\View.php(217): CodeIgniter\View\View->CodeIgniter\View\{closure}()
#3 C:\xampp\htdocs\FAH\system\Common.php(1097): CodeIgniter\View\View->render('Admin/customer', Array, true)
#4 C:\xampp\htdocs\FAH\app\Controllers\Admin.php(21): view('Admin/customer', Array)
#5 C:\xampp\htdocs\FAH\system\CodeIgniter.php(824): App\Controllers\Admin->index()
#6 C:\xampp\htdocs\FAH\system\CodeIgniter.php(410): CodeIgniter\CodeIgniter->runController(Object(App\Controllers\Admin))
#7 C:\xampp\htdocs\FAH\system\CodeIgniter.php(318): CodeIgniter\CodeIgniter->handleRequest(NULL, Object(Config\Cache), false)
#8 C:\xampp\htdocs\FAH\index.php(37): CodeIgniter\CodeIgniter->run()
#9 {main}
CRITICAL - 2021-12-15 02:45:19 --> Undefined array key "submit"
#0 C:\xampp\htdocs\FAH\app\Views\Admin\customer.php(66): CodeIgniter\Debug\Exceptions->errorHandler(2, 'Undefined array...', 'C:\\xampp\\htdocs...', 66)
#1 C:\xampp\htdocs\FAH\system\View\View.php(214): include('C:\\xampp\\htdocs...')
#2 C:\xampp\htdocs\FAH\system\View\View.php(217): CodeIgniter\View\View->CodeIgniter\View\{closure}()
#3 C:\xampp\htdocs\FAH\system\Common.php(1097): CodeIgniter\View\View->render('Admin/customer', Array, true)
#4 C:\xampp\htdocs\FAH\app\Controllers\Admin.php(21): view('Admin/customer', Array)
#5 C:\xampp\htdocs\FAH\system\CodeIgniter.php(824): App\Controllers\Admin->index()
#6 C:\xampp\htdocs\FAH\system\CodeIgniter.php(410): CodeIgniter\CodeIgniter->runController(Object(App\Controllers\Admin))
#7 C:\xampp\htdocs\FAH\system\CodeIgniter.php(318): CodeIgniter\CodeIgniter->handleRequest(NULL, Object(Config\Cache), false)
#8 C:\xampp\htdocs\FAH\index.php(37): CodeIgniter\CodeIgniter->run()
#9 {main}
CRITICAL - 2021-12-15 02:45:20 --> Undefined array key "submit"
#0 C:\xampp\htdocs\FAH\app\Views\Admin\customer.php(66): CodeIgniter\Debug\Exceptions->errorHandler(2, 'Undefined array...', 'C:\\xampp\\htdocs...', 66)
#1 C:\xampp\htdocs\FAH\system\View\View.php(214): include('C:\\xampp\\htdocs...')
#2 C:\xampp\htdocs\FAH\system\View\View.php(217): CodeIgniter\View\View->CodeIgniter\View\{closure}()
#3 C:\xampp\htdocs\FAH\system\Common.php(1097): CodeIgniter\View\View->render('Admin/customer', Array, true)
#4 C:\xampp\htdocs\FAH\app\Controllers\Admin.php(21): view('Admin/customer', Array)
#5 C:\xampp\htdocs\FAH\system\CodeIgniter.php(824): App\Controllers\Admin->index()
#6 C:\xampp\htdocs\FAH\system\CodeIgniter.php(410): CodeIgniter\CodeIgniter->runController(Object(App\Controllers\Admin))
#7 C:\xampp\htdocs\FAH\system\CodeIgniter.php(318): CodeIgniter\CodeIgniter->handleRequest(NULL, Object(Config\Cache), false)
#8 C:\xampp\htdocs\FAH\index.php(37): CodeIgniter\CodeIgniter->run()
#9 {main}
CRITICAL - 2021-12-15 02:45:20 --> Undefined array key "submit"
#0 C:\xampp\htdocs\FAH\app\Views\Admin\customer.php(66): CodeIgniter\Debug\Exceptions->errorHandler(2, 'Undefined array...', 'C:\\xampp\\htdocs...', 66)
#1 C:\xampp\htdocs\FAH\system\View\View.php(214): include('C:\\xampp\\htdocs...')
#2 C:\xampp\htdocs\FAH\system\View\View.php(217): CodeIgniter\View\View->CodeIgniter\View\{closure}()
#3 C:\xampp\htdocs\FAH\system\Common.php(1097): CodeIgniter\View\View->render('Admin/customer', Array, true)
#4 C:\xampp\htdocs\FAH\app\Controllers\Admin.php(21): view('Admin/customer', Array)
#5 C:\xampp\htdocs\FAH\system\CodeIgniter.php(824): App\Controllers\Admin->index()
#6 C:\xampp\htdocs\FAH\system\CodeIgniter.php(410): CodeIgniter\CodeIgniter->runController(Object(App\Controllers\Admin))
#7 C:\xampp\htdocs\FAH\system\CodeIgniter.php(318): CodeIgniter\CodeIgniter->handleRequest(NULL, Object(Config\Cache), false)
#8 C:\xampp\htdocs\FAH\index.php(37): CodeIgniter\CodeIgniter->run()
#9 {main}
CRITICAL - 2021-12-15 02:45:20 --> Undefined array key "submit"
#0 C:\xampp\htdocs\FAH\app\Views\Admin\customer.php(66): CodeIgniter\Debug\Exceptions->errorHandler(2, 'Undefined array...', 'C:\\xampp\\htdocs...', 66)
#1 C:\xampp\htdocs\FAH\system\View\View.php(214): include('C:\\xampp\\htdocs...')
#2 C:\xampp\htdocs\FAH\system\View\View.php(217): CodeIgniter\View\View->CodeIgniter\View\{closure}()
#3 C:\xampp\htdocs\FAH\system\Common.php(1097): CodeIgniter\View\View->render('Admin/customer', Array, true)
#4 C:\xampp\htdocs\FAH\app\Controllers\Admin.php(21): view('Admin/customer', Array)
#5 C:\xampp\htdocs\FAH\system\CodeIgniter.php(824): App\Controllers\Admin->index()
#6 C:\xampp\htdocs\FAH\system\CodeIgniter.php(410): CodeIgniter\CodeIgniter->runController(Object(App\Controllers\Admin))
#7 C:\xampp\htdocs\FAH\system\CodeIgniter.php(318): CodeIgniter\CodeIgniter->handleRequest(NULL, Object(Config\Cache), false)
#8 C:\xampp\htdocs\FAH\index.php(37): CodeIgniter\CodeIgniter->run()
#9 {main}
CRITICAL - 2021-12-15 02:48:47 --> Undefined array key "submit"
#0 C:\xampp\htdocs\FAH\app\Views\Admin\customer.php(67): CodeIgniter\Debug\Exceptions->errorHandler(2, 'Undefined array...', 'C:\\xampp\\htdocs...', 67)
#1 C:\xampp\htdocs\FAH\system\View\View.php(214): include('C:\\xampp\\htdocs...')
#2 C:\xampp\htdocs\FAH\system\View\View.php(217): CodeIgniter\View\View->CodeIgniter\View\{closure}()
#3 C:\xampp\htdocs\FAH\system\Common.php(1097): CodeIgniter\View\View->render('Admin/customer', Array, true)
#4 C:\xampp\htdocs\FAH\app\Controllers\Admin.php(21): view('Admin/customer', Array)
#5 C:\xampp\htdocs\FAH\system\CodeIgniter.php(824): App\Controllers\Admin->index()
#6 C:\xampp\htdocs\FAH\system\CodeIgniter.php(410): CodeIgniter\CodeIgniter->runController(Object(App\Controllers\Admin))
#7 C:\xampp\htdocs\FAH\system\CodeIgniter.php(318): CodeIgniter\CodeIgniter->handleRequest(NULL, Object(Config\Cache), false)
#8 C:\xampp\htdocs\FAH\index.php(37): CodeIgniter\CodeIgniter->run()
#9 {main}
CRITICAL - 2021-12-15 06:49:45 --> Undefined property: App\Controllers\Admin::$reqiest
#0 C:\xampp\htdocs\FAH\app\Controllers\Admin.php(34): CodeIgniter\Debug\Exceptions->errorHandler(2, 'Undefined prope...', 'C:\\xampp\\htdocs...', 34)
#1 C:\xampp\htdocs\FAH\system\CodeIgniter.php(824): App\Controllers\Admin->updateCustomer()
#2 C:\xampp\htdocs\FAH\system\CodeIgniter.php(410): CodeIgniter\CodeIgniter->runController(Object(App\Controllers\Admin))
#3 C:\xampp\htdocs\FAH\system\CodeIgniter.php(318): CodeIgniter\CodeIgniter->handleRequest(NULL, Object(Config\Cache), false)
#4 C:\xampp\htdocs\FAH\index.php(37): CodeIgniter\CodeIgniter->run()
#5 {main}
CRITICAL - 2021-12-15 06:57:14 --> Call to undefined function App\Controllers\customerUpdates()
#0 C:\xampp\htdocs\FAH\system\CodeIgniter.php(824): App\Controllers\Admin->updateCustomer()
#1 C:\xampp\htdocs\FAH\system\CodeIgniter.php(410): CodeIgniter\CodeIgniter->runController(Object(App\Controllers\Admin))
#2 C:\xampp\htdocs\FAH\system\CodeIgniter.php(318): CodeIgniter\CodeIgniter->handleRequest(NULL, Object(Config\Cache), false)
#3 C:\xampp\htdocs\FAH\index.php(37): CodeIgniter\CodeIgniter->run()
#4 {main}
CRITICAL - 2021-12-15 06:58:06 --> Call to a member function getResultArray() on bool
#0 C:\xampp\htdocs\FAH\app\Controllers\Admin.php(38): App\Models\CustomerModel->customerUpdates('7', 'Maheks', 'Savani', 'maheksavanidrea...')
#1 C:\xampp\htdocs\FAH\system\CodeIgniter.php(824): App\Controllers\Admin->updateCustomer()
#2 C:\xampp\htdocs\FAH\system\CodeIgniter.php(410): CodeIgniter\CodeIgniter->runController(Object(App\Controllers\Admin))
#3 C:\xampp\htdocs\FAH\system\CodeIgniter.php(318): CodeIgniter\CodeIgniter->handleRequest(NULL, Object(Config\Cache), false)
#4 C:\xampp\htdocs\FAH\index.php(37): CodeIgniter\CodeIgniter->run()
#5 {main}
