CRITICAL - 2022-01-16 23:03:54 --> You must set the database table to be used with your query.
#0 C:\xampp\htdocs\FAH\system\Model.php(545): CodeIgniter\Database\BaseConnection->table(NULL)
#1 C:\xampp\htdocs\FAH\system\Model.php(688): CodeIgniter\Model->builder()
#2 C:\xampp\htdocs\FAH\app\Models\CommentModel.php(46): CodeIgniter\Model->__get('comments')
#3 C:\xampp\htdocs\FAH\app\Controllers\UserHome.php(154): App\Models\CommentModel->add_comment(Array)
#4 C:\xampp\htdocs\FAH\system\CodeIgniter.php(824): App\Controllers\UserHome->add_comment()
#5 C:\xampp\htdocs\FAH\system\CodeIgniter.php(410): CodeIgniter\CodeIgniter->runController(Object(App\Controllers\UserHome))
#6 C:\xampp\htdocs\FAH\system\CodeIgniter.php(318): CodeIgniter\CodeIgniter->handleRequest(NULL, Object(Config\Cache), false)
#7 C:\xampp\htdocs\FAH\index.php(37): CodeIgniter\CodeIgniter->run()
#8 {main}
CRITICAL - 2022-01-16 23:05:17 --> You must set the database table to be used with your query.
#0 C:\xampp\htdocs\FAH\system\Model.php(545): CodeIgniter\Database\BaseConnection->table(NULL)
#1 C:\xampp\htdocs\FAH\system\Model.php(688): CodeIgniter\Model->builder()
#2 C:\xampp\htdocs\FAH\app\Models\CommentModel.php(46): CodeIgniter\Model->__get('comments')
#3 C:\xampp\htdocs\FAH\app\Controllers\UserHome.php(154): App\Models\CommentModel->add_comment(Array)
#4 C:\xampp\htdocs\FAH\system\CodeIgniter.php(824): App\Controllers\UserHome->add_comment()
#5 C:\xampp\htdocs\FAH\system\CodeIgniter.php(410): CodeIgniter\CodeIgniter->runController(Object(App\Controllers\UserHome))
#6 C:\xampp\htdocs\FAH\system\CodeIgniter.php(318): CodeIgniter\CodeIgniter->handleRequest(NULL, Object(Config\Cache), false)
#7 C:\xampp\htdocs\FAH\index.php(37): CodeIgniter\CodeIgniter->run()
#8 {main}
CRITICAL - 2022-01-16 23:07:29 --> You must set the database table to be used with your query.
#0 C:\xampp\htdocs\FAH\system\Model.php(545): CodeIgniter\Database\BaseConnection->table(NULL)
#1 C:\xampp\htdocs\FAH\system\Model.php(688): CodeIgniter\Model->builder()
#2 C:\xampp\htdocs\FAH\app\Models\CommentModel.php(46): CodeIgniter\Model->__get('comments')
#3 C:\xampp\htdocs\FAH\app\Controllers\UserHome.php(154): App\Models\CommentModel->add_comment(Array)
#4 C:\xampp\htdocs\FAH\system\CodeIgniter.php(824): App\Controllers\UserHome->add_comment()
#5 C:\xampp\htdocs\FAH\system\CodeIgniter.php(410): CodeIgniter\CodeIgniter->runController(Object(App\Controllers\UserHome))
#6 C:\xampp\htdocs\FAH\system\CodeIgniter.php(318): CodeIgniter\CodeIgniter->handleRequest(NULL, Object(Config\Cache), false)
#7 C:\xampp\htdocs\FAH\index.php(37): CodeIgniter\CodeIgniter->run()
#8 {main}
CRITICAL - 2022-01-16 23:07:56 --> You must set the database table to be used with your query.
#0 C:\xampp\htdocs\FAH\system\Model.php(545): CodeIgniter\Database\BaseConnection->table(NULL)
#1 C:\xampp\htdocs\FAH\system\Model.php(688): CodeIgniter\Model->builder()
#2 C:\xampp\htdocs\FAH\app\Models\CommentModel.php(46): CodeIgniter\Model->__get('comments')
#3 C:\xampp\htdocs\FAH\app\Controllers\UserHome.php(154): App\Models\CommentModel->add_comment(Array)
#4 C:\xampp\htdocs\FAH\system\CodeIgniter.php(824): App\Controllers\UserHome->add_comment()
#5 C:\xampp\htdocs\FAH\system\CodeIgniter.php(410): CodeIgniter\CodeIgniter->runController(Object(App\Controllers\UserHome))
#6 C:\xampp\htdocs\FAH\system\CodeIgniter.php(318): CodeIgniter\CodeIgniter->handleRequest(NULL, Object(Config\Cache), false)
#7 C:\xampp\htdocs\FAH\index.php(37): CodeIgniter\CodeIgniter->run()
#8 {main}
CRITICAL - 2022-01-16 23:09:28 --> You must set the database table to be used with your query.
#0 C:\xampp\htdocs\FAH\system\Model.php(545): CodeIgniter\Database\BaseConnection->table(NULL)
#1 C:\xampp\htdocs\FAH\system\Model.php(688): CodeIgniter\Model->builder()
#2 C:\xampp\htdocs\FAH\app\Models\CommentModel.php(46): CodeIgniter\Model->__get('comments')
#3 C:\xampp\htdocs\FAH\app\Controllers\UserHome.php(154): App\Models\CommentModel->add_comment(Array)
#4 C:\xampp\htdocs\FAH\system\CodeIgniter.php(824): App\Controllers\UserHome->add_comment()
#5 C:\xampp\htdocs\FAH\system\CodeIgniter.php(410): CodeIgniter\CodeIgniter->runController(Object(App\Controllers\UserHome))
#6 C:\xampp\htdocs\FAH\system\CodeIgniter.php(318): CodeIgniter\CodeIgniter->handleRequest(NULL, Object(Config\Cache), false)
#7 C:\xampp\htdocs\FAH\index.php(37): CodeIgniter\CodeIgniter->run()
#8 {main}
CRITICAL - 2022-01-16 23:09:41 --> You must set the database table to be used with your query.
#0 C:\xampp\htdocs\FAH\system\Model.php(545): CodeIgniter\Database\BaseConnection->table(NULL)
#1 C:\xampp\htdocs\FAH\system\Model.php(688): CodeIgniter\Model->builder()
#2 C:\xampp\htdocs\FAH\app\Models\CommentModel.php(46): CodeIgniter\Model->__get('comments')
#3 C:\xampp\htdocs\FAH\app\Controllers\UserHome.php(154): App\Models\CommentModel->add_comment(Array)
#4 C:\xampp\htdocs\FAH\system\CodeIgniter.php(824): App\Controllers\UserHome->add_comment()
#5 C:\xampp\htdocs\FAH\system\CodeIgniter.php(410): CodeIgniter\CodeIgniter->runController(Object(App\Controllers\UserHome))
#6 C:\xampp\htdocs\FAH\system\CodeIgniter.php(318): CodeIgniter\CodeIgniter->handleRequest(NULL, Object(Config\Cache), false)
#7 C:\xampp\htdocs\FAH\index.php(37): CodeIgniter\CodeIgniter->run()
#8 {main}
CRITICAL - 2022-01-16 23:09:59 --> You must set the database table to be used with your query.
#0 C:\xampp\htdocs\FAH\system\Model.php(545): CodeIgniter\Database\BaseConnection->table(NULL)
#1 C:\xampp\htdocs\FAH\system\Model.php(688): CodeIgniter\Model->builder()
#2 C:\xampp\htdocs\FAH\app\Models\CommentModel.php(46): CodeIgniter\Model->__get('comments')
#3 C:\xampp\htdocs\FAH\app\Controllers\UserHome.php(154): App\Models\CommentModel->add_comment(Array)
#4 C:\xampp\htdocs\FAH\system\CodeIgniter.php(824): App\Controllers\UserHome->add_comment()
#5 C:\xampp\htdocs\FAH\system\CodeIgniter.php(410): CodeIgniter\CodeIgniter->runController(Object(App\Controllers\UserHome))
#6 C:\xampp\htdocs\FAH\system\CodeIgniter.php(318): CodeIgniter\CodeIgniter->handleRequest(NULL, Object(Config\Cache), false)
#7 C:\xampp\htdocs\FAH\index.php(37): CodeIgniter\CodeIgniter->run()
#8 {main}
