CRITICAL - 2022-01-05 00:14:41 --> Undefined constant "Users\PD\Downloads\users"
#0 C:\xampp\htdocs\FAH\system\View\View.php(214): include()
#1 C:\xampp\htdocs\FAH\system\View\View.php(217): CodeIgniter\View\View->CodeIgniter\View\{closure}()
#2 C:\xampp\htdocs\FAH\system\Common.php(1097): CodeIgniter\View\View->render('home/user_home', Array, true)
#3 C:\xampp\htdocs\FAH\app\Controllers\UserHome.php(136): view('home/user_home', Array)
#4 C:\xampp\htdocs\FAH\system\CodeIgniter.php(824): App\Controllers\UserHome->user_home()
#5 C:\xampp\htdocs\FAH\system\CodeIgniter.php(410): CodeIgniter\CodeIgniter->runController(Object(App\Controllers\UserHome))
#6 C:\xampp\htdocs\FAH\system\CodeIgniter.php(318): CodeIgniter\CodeIgniter->handleRequest(NULL, Object(Config\Cache), false)
#7 C:\xampp\htdocs\FAH\index.php(37): CodeIgniter\CodeIgniter->run()
#8 {main}
CRITICAL - 2022-01-05 22:43:37 --> Undefined variable $blog_detail
#0 C:\xampp\htdocs\FAH\app\Views\home\user_home.php(276): CodeIgniter\Debug\Exceptions->errorHandler(2, 'Undefined varia...', 'C:\\xampp\\htdocs...', 276)
#1 C:\xampp\htdocs\FAH\system\View\View.php(214): include('C:\\xampp\\htdocs...')
#2 C:\xampp\htdocs\FAH\system\View\View.php(217): CodeIgniter\View\View->CodeIgniter\View\{closure}()
#3 C:\xampp\htdocs\FAH\system\Common.php(1097): CodeIgniter\View\View->render('home/user_home', Array, true)
#4 C:\xampp\htdocs\FAH\app\Controllers\UserHome.php(136): view('home/user_home', Array)
#5 C:\xampp\htdocs\FAH\system\CodeIgniter.php(824): App\Controllers\UserHome->user_home()
#6 C:\xampp\htdocs\FAH\system\CodeIgniter.php(410): CodeIgniter\CodeIgniter->runController(Object(App\Controllers\UserHome))
#7 C:\xampp\htdocs\FAH\system\CodeIgniter.php(318): CodeIgniter\CodeIgniter->handleRequest(NULL, Object(Config\Cache), false)
#8 C:\xampp\htdocs\FAH\index.php(37): CodeIgniter\CodeIgniter->run()
#9 {main}
CRITICAL - 2022-01-05 22:45:33 --> Undefined variable $pid
#0 C:\xampp\htdocs\FAH\app\Views\home\user_home.php(276): CodeIgniter\Debug\Exceptions->errorHandler(2, 'Undefined varia...', 'C:\\xampp\\htdocs...', 276)
#1 C:\xampp\htdocs\FAH\system\View\View.php(214): include('C:\\xampp\\htdocs...')
#2 C:\xampp\htdocs\FAH\system\View\View.php(217): CodeIgniter\View\View->CodeIgniter\View\{closure}()
#3 C:\xampp\htdocs\FAH\system\Common.php(1097): CodeIgniter\View\View->render('home/user_home', Array, true)
#4 C:\xampp\htdocs\FAH\app\Controllers\UserHome.php(136): view('home/user_home', Array)
#5 C:\xampp\htdocs\FAH\system\CodeIgniter.php(824): App\Controllers\UserHome->user_home()
#6 C:\xampp\htdocs\FAH\system\CodeIgniter.php(410): CodeIgniter\CodeIgniter->runController(Object(App\Controllers\UserHome))
#7 C:\xampp\htdocs\FAH\system\CodeIgniter.php(318): CodeIgniter\CodeIgniter->handleRequest(NULL, Object(Config\Cache), false)
#8 C:\xampp\htdocs\FAH\index.php(37): CodeIgniter\CodeIgniter->run()
#9 {main}
CRITICAL - 2022-01-05 22:58:31 --> Undefined variable $pid
#0 C:\xampp\htdocs\FAH\app\Views\home\user_home.php(276): CodeIgniter\Debug\Exceptions->errorHandler(2, 'Undefined varia...', 'C:\\xampp\\htdocs...', 276)
#1 C:\xampp\htdocs\FAH\system\View\View.php(214): include('C:\\xampp\\htdocs...')
#2 C:\xampp\htdocs\FAH\system\View\View.php(217): CodeIgniter\View\View->CodeIgniter\View\{closure}()
#3 C:\xampp\htdocs\FAH\system\Common.php(1097): CodeIgniter\View\View->render('home/user_home', Array, true)
#4 C:\xampp\htdocs\FAH\app\Controllers\UserHome.php(136): view('home/user_home', Array)
#5 C:\xampp\htdocs\FAH\system\CodeIgniter.php(824): App\Controllers\UserHome->user_home()
#6 C:\xampp\htdocs\FAH\system\CodeIgniter.php(410): CodeIgniter\CodeIgniter->runController(Object(App\Controllers\UserHome))
#7 C:\xampp\htdocs\FAH\system\CodeIgniter.php(318): CodeIgniter\CodeIgniter->handleRequest(NULL, Object(Config\Cache), false)
#8 C:\xampp\htdocs\FAH\index.php(37): CodeIgniter\CodeIgniter->run()
#9 {main}
CRITICAL - 2022-01-05 23:00:31 --> Undefined variable $pid
#0 C:\xampp\htdocs\FAH\app\Views\home\user_home.php(276): CodeIgniter\Debug\Exceptions->errorHandler(2, 'Undefined varia...', 'C:\\xampp\\htdocs...', 276)
#1 C:\xampp\htdocs\FAH\system\View\View.php(214): include('C:\\xampp\\htdocs...')
#2 C:\xampp\htdocs\FAH\system\View\View.php(217): CodeIgniter\View\View->CodeIgniter\View\{closure}()
#3 C:\xampp\htdocs\FAH\system\Common.php(1097): CodeIgniter\View\View->render('home/user_home', Array, true)
#4 C:\xampp\htdocs\FAH\app\Controllers\UserHome.php(136): view('home/user_home', Array)
#5 C:\xampp\htdocs\FAH\system\CodeIgniter.php(824): App\Controllers\UserHome->user_home()
#6 C:\xampp\htdocs\FAH\system\CodeIgniter.php(410): CodeIgniter\CodeIgniter->runController(Object(App\Controllers\UserHome))
#7 C:\xampp\htdocs\FAH\system\CodeIgniter.php(318): CodeIgniter\CodeIgniter->handleRequest(NULL, Object(Config\Cache), false)
#8 C:\xampp\htdocs\FAH\index.php(37): CodeIgniter\CodeIgniter->run()
#9 {main}
CRITICAL - 2022-01-05 23:01:22 --> Undefined variable $pid
#0 C:\xampp\htdocs\FAH\app\Views\home\user_home.php(276): CodeIgniter\Debug\Exceptions->errorHandler(2, 'Undefined varia...', 'C:\\xampp\\htdocs...', 276)
#1 C:\xampp\htdocs\FAH\system\View\View.php(214): include('C:\\xampp\\htdocs...')
#2 C:\xampp\htdocs\FAH\system\View\View.php(217): CodeIgniter\View\View->CodeIgniter\View\{closure}()
#3 C:\xampp\htdocs\FAH\system\Common.php(1097): CodeIgniter\View\View->render('home/user_home', Array, true)
#4 C:\xampp\htdocs\FAH\app\Controllers\UserHome.php(136): view('home/user_home', Array)
#5 C:\xampp\htdocs\FAH\system\CodeIgniter.php(824): App\Controllers\UserHome->user_home()
#6 C:\xampp\htdocs\FAH\system\CodeIgniter.php(410): CodeIgniter\CodeIgniter->runController(Object(App\Controllers\UserHome))
#7 C:\xampp\htdocs\FAH\system\CodeIgniter.php(318): CodeIgniter\CodeIgniter->handleRequest(NULL, Object(Config\Cache), false)
#8 C:\xampp\htdocs\FAH\index.php(37): CodeIgniter\CodeIgniter->run()
#9 {main}
CRITICAL - 2022-01-05 23:02:47 --> Undefined variable $blog_comments
#0 C:\xampp\htdocs\FAH\app\Views\home\user_home.php(284): CodeIgniter\Debug\Exceptions->errorHandler(2, 'Undefined varia...', 'C:\\xampp\\htdocs...', 284)
#1 C:\xampp\htdocs\FAH\system\View\View.php(214): include('C:\\xampp\\htdocs...')
#2 C:\xampp\htdocs\FAH\system\View\View.php(217): CodeIgniter\View\View->CodeIgniter\View\{closure}()
#3 C:\xampp\htdocs\FAH\system\Common.php(1097): CodeIgniter\View\View->render('home/user_home', Array, true)
#4 C:\xampp\htdocs\FAH\app\Controllers\UserHome.php(137): view('home/user_home', Array)
#5 C:\xampp\htdocs\FAH\system\CodeIgniter.php(824): App\Controllers\UserHome->user_home()
#6 C:\xampp\htdocs\FAH\system\CodeIgniter.php(410): CodeIgniter\CodeIgniter->runController(Object(App\Controllers\UserHome))
#7 C:\xampp\htdocs\FAH\system\CodeIgniter.php(318): CodeIgniter\CodeIgniter->handleRequest(NULL, Object(Config\Cache), false)
#8 C:\xampp\htdocs\FAH\index.php(37): CodeIgniter\CodeIgniter->run()
#9 {main}
ERROR - 2022-01-05 23:07:54 --> Table 'fah_portal.bc' doesn't exist
CRITICAL - 2022-01-05 23:07:54 --> Table 'fah_portal.bc' doesn't exist
#0 C:\xampp\htdocs\FAH\system\Database\MySQLi\Connection.php(292): mysqli->query('SELECT bc.comme...', 0)
#1 C:\xampp\htdocs\FAH\system\Database\BaseConnection.php(670): CodeIgniter\Database\MySQLi\Connection->execute('SELECT bc.comme...')
#2 C:\xampp\htdocs\FAH\system\Database\BaseConnection.php(598): CodeIgniter\Database\BaseConnection->simpleQuery('SELECT bc.comme...')
#3 C:\xampp\htdocs\FAH\app\Models\CommentModel.php(100): CodeIgniter\Database\BaseConnection->query('SELECT bc.comme...')
#4 C:\xampp\htdocs\FAH\app\Controllers\UserHome.php(138): App\Models\CommentModel->get_comments('87')
#5 C:\xampp\htdocs\FAH\system\CodeIgniter.php(824): App\Controllers\UserHome->user_home()
#6 C:\xampp\htdocs\FAH\system\CodeIgniter.php(410): CodeIgniter\CodeIgniter->runController(Object(App\Controllers\UserHome))
#7 C:\xampp\htdocs\FAH\system\CodeIgniter.php(318): CodeIgniter\CodeIgniter->handleRequest(NULL, Object(Config\Cache), false)
#8 C:\xampp\htdocs\FAH\index.php(37): CodeIgniter\CodeIgniter->run()
#9 {main}
CRITICAL - 2022-01-05 23:51:31 --> You must set the database table to be used with your query.
#0 C:\xampp\htdocs\FAH\app\Models\CommentModel.php(119): CodeIgniter\Database\BaseConnection->table(NULL)
#1 C:\xampp\htdocs\FAH\app\Controllers\UserHome.php(190): App\Models\CommentModel->add_comment(Array)
#2 C:\xampp\htdocs\FAH\system\CodeIgniter.php(824): App\Controllers\UserHome->add_comment()
#3 C:\xampp\htdocs\FAH\system\CodeIgniter.php(410): CodeIgniter\CodeIgniter->runController(Object(App\Controllers\UserHome))
#4 C:\xampp\htdocs\FAH\system\CodeIgniter.php(318): CodeIgniter\CodeIgniter->handleRequest(NULL, Object(Config\Cache), false)
#5 C:\xampp\htdocs\FAH\index.php(37): CodeIgniter\CodeIgniter->run()
#6 {main}
CRITICAL - 2022-01-05 23:52:09 --> You must set the database table to be used with your query.
#0 C:\xampp\htdocs\FAH\app\Models\CommentModel.php(119): CodeIgniter\Database\BaseConnection->table(NULL)
#1 C:\xampp\htdocs\FAH\app\Controllers\UserHome.php(190): App\Models\CommentModel->add_comment(Array)
#2 C:\xampp\htdocs\FAH\system\CodeIgniter.php(824): App\Controllers\UserHome->add_comment()
#3 C:\xampp\htdocs\FAH\system\CodeIgniter.php(410): CodeIgniter\CodeIgniter->runController(Object(App\Controllers\UserHome))
#4 C:\xampp\htdocs\FAH\system\CodeIgniter.php(318): CodeIgniter\CodeIgniter->handleRequest(NULL, Object(Config\Cache), false)
#5 C:\xampp\htdocs\FAH\index.php(37): CodeIgniter\CodeIgniter->run()
#6 {main}
CRITICAL - 2022-01-05 23:52:13 --> You must set the database table to be used with your query.
#0 C:\xampp\htdocs\FAH\app\Models\CommentModel.php(119): CodeIgniter\Database\BaseConnection->table(NULL)
#1 C:\xampp\htdocs\FAH\app\Controllers\UserHome.php(190): App\Models\CommentModel->add_comment(Array)
#2 C:\xampp\htdocs\FAH\system\CodeIgniter.php(824): App\Controllers\UserHome->add_comment()
#3 C:\xampp\htdocs\FAH\system\CodeIgniter.php(410): CodeIgniter\CodeIgniter->runController(Object(App\Controllers\UserHome))
#4 C:\xampp\htdocs\FAH\system\CodeIgniter.php(318): CodeIgniter\CodeIgniter->handleRequest(NULL, Object(Config\Cache), false)
#5 C:\xampp\htdocs\FAH\index.php(37): CodeIgniter\CodeIgniter->run()
#6 {main}
CRITICAL - 2022-01-05 23:54:30 --> You must set the database table to be used with your query.
#0 C:\xampp\htdocs\FAH\app\Models\CommentModel.php(119): CodeIgniter\Database\BaseConnection->table(NULL)
#1 C:\xampp\htdocs\FAH\app\Controllers\UserHome.php(190): App\Models\CommentModel->add_comment(Array)
#2 C:\xampp\htdocs\FAH\system\CodeIgniter.php(824): App\Controllers\UserHome->add_comment()
#3 C:\xampp\htdocs\FAH\system\CodeIgniter.php(410): CodeIgniter\CodeIgniter->runController(Object(App\Controllers\UserHome))
#4 C:\xampp\htdocs\FAH\system\CodeIgniter.php(318): CodeIgniter\CodeIgniter->handleRequest(NULL, Object(Config\Cache), false)
#5 C:\xampp\htdocs\FAH\index.php(37): CodeIgniter\CodeIgniter->run()
#6 {main}
CRITICAL - 2022-01-05 23:54:31 --> You must set the database table to be used with your query.
#0 C:\xampp\htdocs\FAH\app\Models\CommentModel.php(119): CodeIgniter\Database\BaseConnection->table(NULL)
#1 C:\xampp\htdocs\FAH\app\Controllers\UserHome.php(190): App\Models\CommentModel->add_comment(Array)
#2 C:\xampp\htdocs\FAH\system\CodeIgniter.php(824): App\Controllers\UserHome->add_comment()
#3 C:\xampp\htdocs\FAH\system\CodeIgniter.php(410): CodeIgniter\CodeIgniter->runController(Object(App\Controllers\UserHome))
#4 C:\xampp\htdocs\FAH\system\CodeIgniter.php(318): CodeIgniter\CodeIgniter->handleRequest(NULL, Object(Config\Cache), false)
#5 C:\xampp\htdocs\FAH\index.php(37): CodeIgniter\CodeIgniter->run()
#6 {main}
CRITICAL - 2022-01-05 23:54:32 --> You must set the database table to be used with your query.
#0 C:\xampp\htdocs\FAH\app\Models\CommentModel.php(119): CodeIgniter\Database\BaseConnection->table(NULL)
#1 C:\xampp\htdocs\FAH\app\Controllers\UserHome.php(190): App\Models\CommentModel->add_comment(Array)
#2 C:\xampp\htdocs\FAH\system\CodeIgniter.php(824): App\Controllers\UserHome->add_comment()
#3 C:\xampp\htdocs\FAH\system\CodeIgniter.php(410): CodeIgniter\CodeIgniter->runController(Object(App\Controllers\UserHome))
#4 C:\xampp\htdocs\FAH\system\CodeIgniter.php(318): CodeIgniter\CodeIgniter->handleRequest(NULL, Object(Config\Cache), false)
#5 C:\xampp\htdocs\FAH\index.php(37): CodeIgniter\CodeIgniter->run()
#6 {main}
CRITICAL - 2022-01-05 23:54:32 --> You must set the database table to be used with your query.
#0 C:\xampp\htdocs\FAH\app\Models\CommentModel.php(119): CodeIgniter\Database\BaseConnection->table(NULL)
#1 C:\xampp\htdocs\FAH\app\Controllers\UserHome.php(190): App\Models\CommentModel->add_comment(Array)
#2 C:\xampp\htdocs\FAH\system\CodeIgniter.php(824): App\Controllers\UserHome->add_comment()
#3 C:\xampp\htdocs\FAH\system\CodeIgniter.php(410): CodeIgniter\CodeIgniter->runController(Object(App\Controllers\UserHome))
#4 C:\xampp\htdocs\FAH\system\CodeIgniter.php(318): CodeIgniter\CodeIgniter->handleRequest(NULL, Object(Config\Cache), false)
#5 C:\xampp\htdocs\FAH\index.php(37): CodeIgniter\CodeIgniter->run()
#6 {main}
