ERROR - 2021-12-06 00:05:52 --> Email: sendWithMail throwed mail(): Failed to connect to mailserver at &quot;localhost&quot; port 25, verify your &quot;SMTP&quot; and &quot;smtp_port&quot; setting in php.ini or use ini_set()
ERROR - 2021-12-06 00:14:48 --> Email: sendWithMail throwed mail(): Failed to connect to mailserver at &quot;localhost&quot; port 25, verify your &quot;SMTP&quot; and &quot;smtp_port&quot; setting in php.ini or use ini_set()
ERROR - 2021-12-06 00:19:56 --> Email: sendWithMail throwed mail(): Failed to connect to mailserver at &quot;localhost&quot; port 25, verify your &quot;SMTP&quot; and &quot;smtp_port&quot; setting in php.ini or use ini_set()
ERROR - 2021-12-06 00:20:26 --> Email: sendWithMail throwed mail(): Failed to connect to mailserver at &quot;localhost&quot; port 25, verify your &quot;SMTP&quot; and &quot;smtp_port&quot; setting in php.ini or use ini_set()
ERROR - 2021-12-06 00:21:00 --> Email: sendWithMail throwed mail(): Failed to connect to mailserver at &quot;localhost&quot; port 25, verify your &quot;SMTP&quot; and &quot;smtp_port&quot; setting in php.ini or use ini_set()
CRITICAL - 2021-12-06 05:46:07 --> syntax error, unexpected 'public' (T_PUBLIC), expecting end of file
#0 /opt/lampp/htdocs/FAH/system/Autoloader/Autoloader.php(241): CodeIgniter\Autoloader\Autoloader->includeFile('/opt/lampp/htdo...')
#1 /opt/lampp/htdocs/FAH/system/Autoloader/Autoloader.php(219): CodeIgniter\Autoloader\Autoloader->loadInNamespace('App\\Controllers...')
#2 [internal function]: CodeIgniter\Autoloader\Autoloader->loadClass('App\\Controllers...')
#3 [internal function]: spl_autoload_call('App\\Controllers...')
#4 /opt/lampp/htdocs/FAH/system/CodeIgniter.php(789): class_exists('\\App\\Controller...', true)
#5 /opt/lampp/htdocs/FAH/system/CodeIgniter.php(397): CodeIgniter\CodeIgniter->startController()
#6 /opt/lampp/htdocs/FAH/system/CodeIgniter.php(318): CodeIgniter\CodeIgniter->handleRequest(NULL, Object(Config\Cache), false)
#7 /opt/lampp/htdocs/FAH/index.php(37): CodeIgniter\CodeIgniter->run()
#8 {main}
CRITICAL - 2021-12-06 05:55:40 --> Class 'App\Controllers\CI_Controller' not found
#0 /opt/lampp/htdocs/FAH/system/Autoloader/Autoloader.php(264): include_once()
#1 /opt/lampp/htdocs/FAH/system/Autoloader/Autoloader.php(241): CodeIgniter\Autoloader\Autoloader->includeFile('/opt/lampp/htdo...')
#2 /opt/lampp/htdocs/FAH/system/Autoloader/Autoloader.php(219): CodeIgniter\Autoloader\Autoloader->loadInNamespace('App\\Controllers...')
#3 [internal function]: CodeIgniter\Autoloader\Autoloader->loadClass('App\\Controllers...')
#4 [internal function]: spl_autoload_call('App\\Controllers...')
#5 /opt/lampp/htdocs/FAH/system/CodeIgniter.php(789): class_exists('\\App\\Controller...', true)
#6 /opt/lampp/htdocs/FAH/system/CodeIgniter.php(397): CodeIgniter\CodeIgniter->startController()
#7 /opt/lampp/htdocs/FAH/system/CodeIgniter.php(318): CodeIgniter\CodeIgniter->handleRequest(NULL, Object(Config\Cache), false)
#8 /opt/lampp/htdocs/FAH/index.php(37): CodeIgniter\CodeIgniter->run()
#9 {main}
CRITICAL - 2021-12-06 06:19:27 --> Call to a member function view() on null
#0 /opt/lampp/htdocs/FAH/system/CodeIgniter.php(824): App\Controllers\Login->user_home()
#1 /opt/lampp/htdocs/FAH/system/CodeIgniter.php(410): CodeIgniter\CodeIgniter->runController(Object(App\Controllers\Login))
#2 /opt/lampp/htdocs/FAH/system/CodeIgniter.php(318): CodeIgniter\CodeIgniter->handleRequest(NULL, Object(Config\Cache), false)
#3 /opt/lampp/htdocs/FAH/index.php(37): CodeIgniter\CodeIgniter->run()
#4 {main}
CRITICAL - 2021-12-06 06:19:47 --> Call to a member function view() on null
#0 /opt/lampp/htdocs/FAH/system/CodeIgniter.php(824): App\Controllers\Login->user_home()
#1 /opt/lampp/htdocs/FAH/system/CodeIgniter.php(410): CodeIgniter\CodeIgniter->runController(Object(App\Controllers\Login))
#2 /opt/lampp/htdocs/FAH/system/CodeIgniter.php(318): CodeIgniter\CodeIgniter->handleRequest(NULL, Object(Config\Cache), false)
#3 /opt/lampp/htdocs/FAH/index.php(37): CodeIgniter\CodeIgniter->run()
#4 {main}
CRITICAL - 2021-12-06 06:20:44 --> Call to a member function view() on null
#0 /opt/lampp/htdocs/FAH/system/CodeIgniter.php(824): App\Controllers\Login->user_home()
#1 /opt/lampp/htdocs/FAH/system/CodeIgniter.php(410): CodeIgniter\CodeIgniter->runController(Object(App\Controllers\Login))
#2 /opt/lampp/htdocs/FAH/system/CodeIgniter.php(318): CodeIgniter\CodeIgniter->handleRequest(NULL, Object(Config\Cache), false)
#3 /opt/lampp/htdocs/FAH/index.php(37): CodeIgniter\CodeIgniter->run()
#4 {main}
CRITICAL - 2021-12-06 10:40:00 --> Call to a member function view() on null
#0 /opt/lampp/htdocs/FAH/system/CodeIgniter.php(824): App\Controllers\Login->user_home()
#1 /opt/lampp/htdocs/FAH/system/CodeIgniter.php(410): CodeIgniter\CodeIgniter->runController(Object(App\Controllers\Login))
#2 /opt/lampp/htdocs/FAH/system/CodeIgniter.php(318): CodeIgniter\CodeIgniter->handleRequest(NULL, Object(Config\Cache), false)
#3 /opt/lampp/htdocs/FAH/index.php(37): CodeIgniter\CodeIgniter->run()
#4 {main}
CRITICAL - 2021-12-06 10:44:45 --> Call to a member function view() on null
#0 /opt/lampp/htdocs/FAH/system/CodeIgniter.php(824): App\Controllers\Login->user_home()
#1 /opt/lampp/htdocs/FAH/system/CodeIgniter.php(410): CodeIgniter\CodeIgniter->runController(Object(App\Controllers\Login))
#2 /opt/lampp/htdocs/FAH/system/CodeIgniter.php(318): CodeIgniter\CodeIgniter->handleRequest(NULL, Object(Config\Cache), false)
#3 /opt/lampp/htdocs/FAH/index.php(37): CodeIgniter\CodeIgniter->run()
#4 {main}
CRITICAL - 2021-12-06 10:44:47 --> Call to a member function view() on null
#0 /opt/lampp/htdocs/FAH/system/CodeIgniter.php(824): App\Controllers\Login->user_home()
#1 /opt/lampp/htdocs/FAH/system/CodeIgniter.php(410): CodeIgniter\CodeIgniter->runController(Object(App\Controllers\Login))
#2 /opt/lampp/htdocs/FAH/system/CodeIgniter.php(318): CodeIgniter\CodeIgniter->handleRequest(NULL, Object(Config\Cache), false)
#3 /opt/lampp/htdocs/FAH/index.php(37): CodeIgniter\CodeIgniter->run()
#4 {main}
CRITICAL - 2021-12-06 10:45:17 --> Class 'App\Controllers\Controller' not found
#0 /opt/lampp/htdocs/FAH/system/Router/Router.php(519): include_once()
#1 /opt/lampp/htdocs/FAH/system/Router/Router.php(176): CodeIgniter\Router\Router->autoRoute('Login/user_home')
#2 /opt/lampp/htdocs/FAH/system/CodeIgniter.php(718): CodeIgniter\Router\Router->handle('Login/user_home')
#3 /opt/lampp/htdocs/FAH/system/CodeIgniter.php(359): CodeIgniter\CodeIgniter->tryToRouteIt(Object(CodeIgniter\Router\RouteCollection))
#4 /opt/lampp/htdocs/FAH/system/CodeIgniter.php(318): CodeIgniter\CodeIgniter->handleRequest(NULL, Object(Config\Cache), false)
#5 /opt/lampp/htdocs/FAH/index.php(37): CodeIgniter\CodeIgniter->run()
#6 {main}
CRITICAL - 2021-12-06 10:45:25 --> Call to a member function view() on null
#0 /opt/lampp/htdocs/FAH/system/CodeIgniter.php(824): App\Controllers\Login->user_home()
#1 /opt/lampp/htdocs/FAH/system/CodeIgniter.php(410): CodeIgniter\CodeIgniter->runController(Object(App\Controllers\Login))
#2 /opt/lampp/htdocs/FAH/system/CodeIgniter.php(318): CodeIgniter\CodeIgniter->handleRequest(NULL, Object(Config\Cache), false)
#3 /opt/lampp/htdocs/FAH/index.php(37): CodeIgniter\CodeIgniter->run()
#4 {main}
CRITICAL - 2021-12-06 10:48:19 --> syntax error, unexpected '$this' (T_VARIABLE)
#0 /opt/lampp/htdocs/FAH/system/Router/Router.php(176): CodeIgniter\Router\Router->autoRoute('Login/user_home')
#1 /opt/lampp/htdocs/FAH/system/CodeIgniter.php(718): CodeIgniter\Router\Router->handle('Login/user_home')
#2 /opt/lampp/htdocs/FAH/system/CodeIgniter.php(359): CodeIgniter\CodeIgniter->tryToRouteIt(Object(CodeIgniter\Router\RouteCollection))
#3 /opt/lampp/htdocs/FAH/system/CodeIgniter.php(318): CodeIgniter\CodeIgniter->handleRequest(NULL, Object(Config\Cache), false)
#4 /opt/lampp/htdocs/FAH/index.php(37): CodeIgniter\CodeIgniter->run()
#5 {main}
CRITICAL - 2021-12-06 10:48:36 --> Call to a member function view() on null
#0 /opt/lampp/htdocs/FAH/system/CodeIgniter.php(824): App\Controllers\Login->user_home()
#1 /opt/lampp/htdocs/FAH/system/CodeIgniter.php(410): CodeIgniter\CodeIgniter->runController(Object(App\Controllers\Login))
#2 /opt/lampp/htdocs/FAH/system/CodeIgniter.php(318): CodeIgniter\CodeIgniter->handleRequest(NULL, Object(Config\Cache), false)
#3 /opt/lampp/htdocs/FAH/index.php(37): CodeIgniter\CodeIgniter->run()
#4 {main}
CRITICAL - 2021-12-06 10:48:48 --> Call to a member function view() on null
#0 /opt/lampp/htdocs/FAH/system/CodeIgniter.php(824): App\Controllers\Login->user_home()
#1 /opt/lampp/htdocs/FAH/system/CodeIgniter.php(410): CodeIgniter\CodeIgniter->runController(Object(App\Controllers\Login))
#2 /opt/lampp/htdocs/FAH/system/CodeIgniter.php(318): CodeIgniter\CodeIgniter->handleRequest(NULL, Object(Config\Cache), false)
#3 /opt/lampp/htdocs/FAH/index.php(37): CodeIgniter\CodeIgniter->run()
#4 {main}
CRITICAL - 2021-12-06 10:51:37 --> Class 'App\Controllers\CI_Controller' not found
#0 /opt/lampp/htdocs/FAH/system/Router/Router.php(519): include_once()
#1 /opt/lampp/htdocs/FAH/system/Router/Router.php(176): CodeIgniter\Router\Router->autoRoute('Login/user_home')
#2 /opt/lampp/htdocs/FAH/system/CodeIgniter.php(718): CodeIgniter\Router\Router->handle('Login/user_home')
#3 /opt/lampp/htdocs/FAH/system/CodeIgniter.php(359): CodeIgniter\CodeIgniter->tryToRouteIt(Object(CodeIgniter\Router\RouteCollection))
#4 /opt/lampp/htdocs/FAH/system/CodeIgniter.php(318): CodeIgniter\CodeIgniter->handleRequest(NULL, Object(Config\Cache), false)
#5 /opt/lampp/htdocs/FAH/index.php(37): CodeIgniter\CodeIgniter->run()
#6 {main}
CRITICAL - 2021-12-06 10:52:03 --> Class 'CI_Controller' not found
#0 /opt/lampp/htdocs/FAH/system/Router/Router.php(519): include_once()
#1 /opt/lampp/htdocs/FAH/system/Router/Router.php(176): CodeIgniter\Router\Router->autoRoute('Login/user_home')
#2 /opt/lampp/htdocs/FAH/system/CodeIgniter.php(718): CodeIgniter\Router\Router->handle('Login/user_home')
#3 /opt/lampp/htdocs/FAH/system/CodeIgniter.php(359): CodeIgniter\CodeIgniter->tryToRouteIt(Object(CodeIgniter\Router\RouteCollection))
#4 /opt/lampp/htdocs/FAH/system/CodeIgniter.php(318): CodeIgniter\CodeIgniter->handleRequest(NULL, Object(Config\Cache), false)
#5 /opt/lampp/htdocs/FAH/index.php(37): CodeIgniter\CodeIgniter->run()
#6 {main}
CRITICAL - 2021-12-06 10:52:13 --> Call to a member function view() on null
#0 /opt/lampp/htdocs/FAH/system/CodeIgniter.php(824): App\Controllers\Login->user_home()
#1 /opt/lampp/htdocs/FAH/system/CodeIgniter.php(410): CodeIgniter\CodeIgniter->runController(Object(App\Controllers\Login))
#2 /opt/lampp/htdocs/FAH/system/CodeIgniter.php(318): CodeIgniter\CodeIgniter->handleRequest(NULL, Object(Config\Cache), false)
#3 /opt/lampp/htdocs/FAH/index.php(37): CodeIgniter\CodeIgniter->run()
#4 {main}
CRITICAL - 2021-12-06 11:01:53 --> Invalid file: user/user_home.php
#0 /opt/lampp/htdocs/FAH/system/View/View.php(198): CodeIgniter\Exceptions\FrameworkException::forInvalidFile('user/user_home....')
#1 /opt/lampp/htdocs/FAH/system/Common.php(1097): CodeIgniter\View\View->render('user/user_home', Array, true)
#2 /opt/lampp/htdocs/FAH/app/Controllers/Login.php(130): view('user/user_home')
#3 /opt/lampp/htdocs/FAH/system/CodeIgniter.php(824): App\Controllers\Login->user_home()
#4 /opt/lampp/htdocs/FAH/system/CodeIgniter.php(410): CodeIgniter\CodeIgniter->runController(Object(App\Controllers\Login))
#5 /opt/lampp/htdocs/FAH/system/CodeIgniter.php(318): CodeIgniter\CodeIgniter->handleRequest(NULL, Object(Config\Cache), false)
#6 /opt/lampp/htdocs/FAH/index.php(37): CodeIgniter\CodeIgniter->run()
#7 {main}
CRITICAL - 2021-12-06 11:02:05 --> Invalid file: user/user_home.php
#0 /opt/lampp/htdocs/FAH/system/View/View.php(198): CodeIgniter\Exceptions\FrameworkException::forInvalidFile('user/user_home....')
#1 /opt/lampp/htdocs/FAH/system/Common.php(1097): CodeIgniter\View\View->render('user/user_home', Array, true)
#2 /opt/lampp/htdocs/FAH/app/Controllers/Login.php(128): view('user/user_home')
#3 /opt/lampp/htdocs/FAH/system/CodeIgniter.php(824): App\Controllers\Login->user_home()
#4 /opt/lampp/htdocs/FAH/system/CodeIgniter.php(410): CodeIgniter\CodeIgniter->runController(Object(App\Controllers\Login))
#5 /opt/lampp/htdocs/FAH/system/CodeIgniter.php(318): CodeIgniter\CodeIgniter->handleRequest(NULL, Object(Config\Cache), false)
#6 /opt/lampp/htdocs/FAH/index.php(37): CodeIgniter\CodeIgniter->run()
#7 {main}
CRITICAL - 2021-12-06 11:02:20 --> Invalid file: user/user_home.php
#0 /opt/lampp/htdocs/FAH/system/View/View.php(198): CodeIgniter\Exceptions\FrameworkException::forInvalidFile('user/user_home....')
#1 /opt/lampp/htdocs/FAH/system/Common.php(1097): CodeIgniter\View\View->render('user/user_home', Array, true)
#2 /opt/lampp/htdocs/FAH/app/Controllers/Login.php(128): view('user/user_home')
#3 /opt/lampp/htdocs/FAH/system/CodeIgniter.php(824): App\Controllers\Login->user_home()
#4 /opt/lampp/htdocs/FAH/system/CodeIgniter.php(410): CodeIgniter\CodeIgniter->runController(Object(App\Controllers\Login))
#5 /opt/lampp/htdocs/FAH/system/CodeIgniter.php(318): CodeIgniter\CodeIgniter->handleRequest(NULL, Object(Config\Cache), false)
#6 /opt/lampp/htdocs/FAH/index.php(37): CodeIgniter\CodeIgniter->run()
#7 {main}
CRITICAL - 2021-12-06 11:02:58 --> Invalid file: user/user_home.php
#0 /opt/lampp/htdocs/FAH/system/View/View.php(198): CodeIgniter\Exceptions\FrameworkException::forInvalidFile('user/user_home....')
#1 /opt/lampp/htdocs/FAH/system/Common.php(1097): CodeIgniter\View\View->render('user/user_home', Array, true)
#2 /opt/lampp/htdocs/FAH/app/Controllers/Login.php(128): view('user/user_home')
#3 /opt/lampp/htdocs/FAH/system/CodeIgniter.php(824): App\Controllers\Login->user_home()
#4 /opt/lampp/htdocs/FAH/system/CodeIgniter.php(410): CodeIgniter\CodeIgniter->runController(Object(App\Controllers\Login))
#5 /opt/lampp/htdocs/FAH/system/CodeIgniter.php(318): CodeIgniter\CodeIgniter->handleRequest(NULL, Object(Config\Cache), false)
#6 /opt/lampp/htdocs/FAH/index.php(37): CodeIgniter\CodeIgniter->run()
#7 {main}
CRITICAL - 2021-12-06 11:03:01 --> Invalid file: user/user_home.php
#0 /opt/lampp/htdocs/FAH/system/View/View.php(198): CodeIgniter\Exceptions\FrameworkException::forInvalidFile('user/user_home....')
#1 /opt/lampp/htdocs/FAH/system/Common.php(1097): CodeIgniter\View\View->render('user/user_home', Array, true)
#2 /opt/lampp/htdocs/FAH/app/Controllers/Login.php(128): view('user/user_home')
#3 /opt/lampp/htdocs/FAH/system/CodeIgniter.php(824): App\Controllers\Login->user_home()
#4 /opt/lampp/htdocs/FAH/system/CodeIgniter.php(410): CodeIgniter\CodeIgniter->runController(Object(App\Controllers\Login))
#5 /opt/lampp/htdocs/FAH/system/CodeIgniter.php(318): CodeIgniter\CodeIgniter->handleRequest(NULL, Object(Config\Cache), false)
#6 /opt/lampp/htdocs/FAH/index.php(37): CodeIgniter\CodeIgniter->run()
#7 {main}
