ERROR - 2022-02-10 03:35:23 --> Cannot add or update a child row: a foreign key constraint fails (`fah_portal`.`comments`, CONSTRAINT `fk_blog_comment_blog1` FOREIGN KEY (`pid`) REFERENCES `projects` (`PID`) ON DELETE NO ACTION ON UPDATE NO ACTION)
CRITICAL - 2022-02-10 03:35:23 --> Cannot add or update a child row: a foreign key constraint fails (`fah_portal`.`comments`, CONSTRAINT `fk_blog_comment_blog1` FOREIGN KEY (`pid`) REFERENCES `projects` (`PID`) ON DELETE NO ACTION ON UPDATE NO ACTION)
#0 C:\xampp\htdocs\FAH\system\Database\MySQLi\Connection.php(292): mysqli->query('INSERT INTO com...', 0)
#1 C:\xampp\htdocs\FAH\system\Database\BaseConnection.php(670): CodeIgniter\Database\MySQLi\Connection->execute('INSERT INTO com...')
#2 C:\xampp\htdocs\FAH\system\Database\BaseConnection.php(598): CodeIgniter\Database\BaseConnection->simpleQuery('INSERT INTO com...')
#3 C:\xampp\htdocs\FAH\app\Models\CommentModel.php(41): CodeIgniter\Database\BaseConnection->query('INSERT INTO com...')
#4 C:\xampp\htdocs\FAH\app\Controllers\UserHome.php(180): App\Models\CommentModel->add_comment(Array)
#5 C:\xampp\htdocs\FAH\system\CodeIgniter.php(824): App\Controllers\UserHome->add_comment()
#6 C:\xampp\htdocs\FAH\system\CodeIgniter.php(410): CodeIgniter\CodeIgniter->runController(Object(App\Controllers\UserHome))
#7 C:\xampp\htdocs\FAH\system\CodeIgniter.php(318): CodeIgniter\CodeIgniter->handleRequest(NULL, Object(Config\Cache), false)
#8 C:\xampp\htdocs\FAH\index.php(37): CodeIgniter\CodeIgniter->run()
#9 {main}
ERROR - 2022-02-10 03:35:23 --> Cannot add or update a child row: a foreign key constraint fails (`fah_portal`.`comments`, CONSTRAINT `fk_blog_comment_blog1` FOREIGN KEY (`pid`) REFERENCES `projects` (`PID`) ON DELETE NO ACTION ON UPDATE NO ACTION)
CRITICAL - 2022-02-10 03:35:23 --> Cannot add or update a child row: a foreign key constraint fails (`fah_portal`.`comments`, CONSTRAINT `fk_blog_comment_blog1` FOREIGN KEY (`pid`) REFERENCES `projects` (`PID`) ON DELETE NO ACTION ON UPDATE NO ACTION)
#0 C:\xampp\htdocs\FAH\system\Database\MySQLi\Connection.php(292): mysqli->query('INSERT INTO com...', 0)
#1 C:\xampp\htdocs\FAH\system\Database\BaseConnection.php(670): CodeIgniter\Database\MySQLi\Connection->execute('INSERT INTO com...')
#2 C:\xampp\htdocs\FAH\system\Database\BaseConnection.php(598): CodeIgniter\Database\BaseConnection->simpleQuery('INSERT INTO com...')
#3 C:\xampp\htdocs\FAH\app\Models\CommentModel.php(41): CodeIgniter\Database\BaseConnection->query('INSERT INTO com...')
#4 C:\xampp\htdocs\FAH\app\Controllers\UserHome.php(180): App\Models\CommentModel->add_comment(Array)
#5 C:\xampp\htdocs\FAH\system\CodeIgniter.php(824): App\Controllers\UserHome->add_comment()
#6 C:\xampp\htdocs\FAH\system\CodeIgniter.php(410): CodeIgniter\CodeIgniter->runController(Object(App\Controllers\UserHome))
#7 C:\xampp\htdocs\FAH\system\CodeIgniter.php(318): CodeIgniter\CodeIgniter->handleRequest(NULL, Object(Config\Cache), false)
#8 C:\xampp\htdocs\FAH\index.php(37): CodeIgniter\CodeIgniter->run()
#9 {main}
ERROR - 2022-02-10 03:35:24 --> Cannot add or update a child row: a foreign key constraint fails (`fah_portal`.`comments`, CONSTRAINT `fk_blog_comment_blog1` FOREIGN KEY (`pid`) REFERENCES `projects` (`PID`) ON DELETE NO ACTION ON UPDATE NO ACTION)
CRITICAL - 2022-02-10 03:35:24 --> Cannot add or update a child row: a foreign key constraint fails (`fah_portal`.`comments`, CONSTRAINT `fk_blog_comment_blog1` FOREIGN KEY (`pid`) REFERENCES `projects` (`PID`) ON DELETE NO ACTION ON UPDATE NO ACTION)
#0 C:\xampp\htdocs\FAH\system\Database\MySQLi\Connection.php(292): mysqli->query('INSERT INTO com...', 0)
#1 C:\xampp\htdocs\FAH\system\Database\BaseConnection.php(670): CodeIgniter\Database\MySQLi\Connection->execute('INSERT INTO com...')
#2 C:\xampp\htdocs\FAH\system\Database\BaseConnection.php(598): CodeIgniter\Database\BaseConnection->simpleQuery('INSERT INTO com...')
#3 C:\xampp\htdocs\FAH\app\Models\CommentModel.php(41): CodeIgniter\Database\BaseConnection->query('INSERT INTO com...')
#4 C:\xampp\htdocs\FAH\app\Controllers\UserHome.php(180): App\Models\CommentModel->add_comment(Array)
#5 C:\xampp\htdocs\FAH\system\CodeIgniter.php(824): App\Controllers\UserHome->add_comment()
#6 C:\xampp\htdocs\FAH\system\CodeIgniter.php(410): CodeIgniter\CodeIgniter->runController(Object(App\Controllers\UserHome))
#7 C:\xampp\htdocs\FAH\system\CodeIgniter.php(318): CodeIgniter\CodeIgniter->handleRequest(NULL, Object(Config\Cache), false)
#8 C:\xampp\htdocs\FAH\index.php(37): CodeIgniter\CodeIgniter->run()
#9 {main}
ERROR - 2022-02-10 03:35:24 --> Cannot add or update a child row: a foreign key constraint fails (`fah_portal`.`comments`, CONSTRAINT `fk_blog_comment_blog1` FOREIGN KEY (`pid`) REFERENCES `projects` (`PID`) ON DELETE NO ACTION ON UPDATE NO ACTION)
CRITICAL - 2022-02-10 03:35:24 --> Cannot add or update a child row: a foreign key constraint fails (`fah_portal`.`comments`, CONSTRAINT `fk_blog_comment_blog1` FOREIGN KEY (`pid`) REFERENCES `projects` (`PID`) ON DELETE NO ACTION ON UPDATE NO ACTION)
#0 C:\xampp\htdocs\FAH\system\Database\MySQLi\Connection.php(292): mysqli->query('INSERT INTO com...', 0)
#1 C:\xampp\htdocs\FAH\system\Database\BaseConnection.php(670): CodeIgniter\Database\MySQLi\Connection->execute('INSERT INTO com...')
#2 C:\xampp\htdocs\FAH\system\Database\BaseConnection.php(598): CodeIgniter\Database\BaseConnection->simpleQuery('INSERT INTO com...')
#3 C:\xampp\htdocs\FAH\app\Models\CommentModel.php(41): CodeIgniter\Database\BaseConnection->query('INSERT INTO com...')
#4 C:\xampp\htdocs\FAH\app\Controllers\UserHome.php(180): App\Models\CommentModel->add_comment(Array)
#5 C:\xampp\htdocs\FAH\system\CodeIgniter.php(824): App\Controllers\UserHome->add_comment()
#6 C:\xampp\htdocs\FAH\system\CodeIgniter.php(410): CodeIgniter\CodeIgniter->runController(Object(App\Controllers\UserHome))
#7 C:\xampp\htdocs\FAH\system\CodeIgniter.php(318): CodeIgniter\CodeIgniter->handleRequest(NULL, Object(Config\Cache), false)
#8 C:\xampp\htdocs\FAH\index.php(37): CodeIgniter\CodeIgniter->run()
#9 {main}
ERROR - 2022-02-10 03:35:49 --> Cannot add or update a child row: a foreign key constraint fails (`fah_portal`.`comments`, CONSTRAINT `fk_blog_comment_blog1` FOREIGN KEY (`pid`) REFERENCES `projects` (`PID`) ON DELETE NO ACTION ON UPDATE NO ACTION)
CRITICAL - 2022-02-10 03:35:49 --> Cannot add or update a child row: a foreign key constraint fails (`fah_portal`.`comments`, CONSTRAINT `fk_blog_comment_blog1` FOREIGN KEY (`pid`) REFERENCES `projects` (`PID`) ON DELETE NO ACTION ON UPDATE NO ACTION)
#0 C:\xampp\htdocs\FAH\system\Database\MySQLi\Connection.php(292): mysqli->query('INSERT INTO com...', 0)
#1 C:\xampp\htdocs\FAH\system\Database\BaseConnection.php(670): CodeIgniter\Database\MySQLi\Connection->execute('INSERT INTO com...')
#2 C:\xampp\htdocs\FAH\system\Database\BaseConnection.php(598): CodeIgniter\Database\BaseConnection->simpleQuery('INSERT INTO com...')
#3 C:\xampp\htdocs\FAH\app\Models\CommentModel.php(41): CodeIgniter\Database\BaseConnection->query('INSERT INTO com...')
#4 C:\xampp\htdocs\FAH\app\Controllers\UserHome.php(180): App\Models\CommentModel->add_comment(Array)
#5 C:\xampp\htdocs\FAH\system\CodeIgniter.php(824): App\Controllers\UserHome->add_comment()
#6 C:\xampp\htdocs\FAH\system\CodeIgniter.php(410): CodeIgniter\CodeIgniter->runController(Object(App\Controllers\UserHome))
#7 C:\xampp\htdocs\FAH\system\CodeIgniter.php(318): CodeIgniter\CodeIgniter->handleRequest(NULL, Object(Config\Cache), false)
#8 C:\xampp\htdocs\FAH\index.php(37): CodeIgniter\CodeIgniter->run()
#9 {main}
ERROR - 2022-02-10 03:35:49 --> Cannot add or update a child row: a foreign key constraint fails (`fah_portal`.`comments`, CONSTRAINT `fk_blog_comment_blog1` FOREIGN KEY (`pid`) REFERENCES `projects` (`PID`) ON DELETE NO ACTION ON UPDATE NO ACTION)
CRITICAL - 2022-02-10 03:35:49 --> Cannot add or update a child row: a foreign key constraint fails (`fah_portal`.`comments`, CONSTRAINT `fk_blog_comment_blog1` FOREIGN KEY (`pid`) REFERENCES `projects` (`PID`) ON DELETE NO ACTION ON UPDATE NO ACTION)
#0 C:\xampp\htdocs\FAH\system\Database\MySQLi\Connection.php(292): mysqli->query('INSERT INTO com...', 0)
#1 C:\xampp\htdocs\FAH\system\Database\BaseConnection.php(670): CodeIgniter\Database\MySQLi\Connection->execute('INSERT INTO com...')
#2 C:\xampp\htdocs\FAH\system\Database\BaseConnection.php(598): CodeIgniter\Database\BaseConnection->simpleQuery('INSERT INTO com...')
#3 C:\xampp\htdocs\FAH\app\Models\CommentModel.php(41): CodeIgniter\Database\BaseConnection->query('INSERT INTO com...')
#4 C:\xampp\htdocs\FAH\app\Controllers\UserHome.php(180): App\Models\CommentModel->add_comment(Array)
#5 C:\xampp\htdocs\FAH\system\CodeIgniter.php(824): App\Controllers\UserHome->add_comment()
#6 C:\xampp\htdocs\FAH\system\CodeIgniter.php(410): CodeIgniter\CodeIgniter->runController(Object(App\Controllers\UserHome))
#7 C:\xampp\htdocs\FAH\system\CodeIgniter.php(318): CodeIgniter\CodeIgniter->handleRequest(NULL, Object(Config\Cache), false)
#8 C:\xampp\htdocs\FAH\index.php(37): CodeIgniter\CodeIgniter->run()
#9 {main}
ERROR - 2022-02-10 03:37:22 --> Cannot add or update a child row: a foreign key constraint fails (`fah_portal`.`comments`, CONSTRAINT `fk_blog_comment_blog1` FOREIGN KEY (`pid`) REFERENCES `projects` (`PID`) ON DELETE NO ACTION ON UPDATE NO ACTION)
CRITICAL - 2022-02-10 03:37:22 --> Cannot add or update a child row: a foreign key constraint fails (`fah_portal`.`comments`, CONSTRAINT `fk_blog_comment_blog1` FOREIGN KEY (`pid`) REFERENCES `projects` (`PID`) ON DELETE NO ACTION ON UPDATE NO ACTION)
#0 C:\xampp\htdocs\FAH\system\Database\MySQLi\Connection.php(292): mysqli->query('INSERT INTO com...', 0)
#1 C:\xampp\htdocs\FAH\system\Database\BaseConnection.php(670): CodeIgniter\Database\MySQLi\Connection->execute('INSERT INTO com...')
#2 C:\xampp\htdocs\FAH\system\Database\BaseConnection.php(598): CodeIgniter\Database\BaseConnection->simpleQuery('INSERT INTO com...')
#3 C:\xampp\htdocs\FAH\app\Models\CommentModel.php(41): CodeIgniter\Database\BaseConnection->query('INSERT INTO com...')
#4 C:\xampp\htdocs\FAH\app\Controllers\UserHome.php(180): App\Models\CommentModel->add_comment(Array)
#5 C:\xampp\htdocs\FAH\system\CodeIgniter.php(824): App\Controllers\UserHome->add_comment()
#6 C:\xampp\htdocs\FAH\system\CodeIgniter.php(410): CodeIgniter\CodeIgniter->runController(Object(App\Controllers\UserHome))
#7 C:\xampp\htdocs\FAH\system\CodeIgniter.php(318): CodeIgniter\CodeIgniter->handleRequest(NULL, Object(Config\Cache), false)
#8 C:\xampp\htdocs\FAH\index.php(37): CodeIgniter\CodeIgniter->run()
#9 {main}
ERROR - 2022-02-10 03:37:22 --> Cannot add or update a child row: a foreign key constraint fails (`fah_portal`.`comments`, CONSTRAINT `fk_blog_comment_blog1` FOREIGN KEY (`pid`) REFERENCES `projects` (`PID`) ON DELETE NO ACTION ON UPDATE NO ACTION)
CRITICAL - 2022-02-10 03:37:22 --> Cannot add or update a child row: a foreign key constraint fails (`fah_portal`.`comments`, CONSTRAINT `fk_blog_comment_blog1` FOREIGN KEY (`pid`) REFERENCES `projects` (`PID`) ON DELETE NO ACTION ON UPDATE NO ACTION)
#0 C:\xampp\htdocs\FAH\system\Database\MySQLi\Connection.php(292): mysqli->query('INSERT INTO com...', 0)
#1 C:\xampp\htdocs\FAH\system\Database\BaseConnection.php(670): CodeIgniter\Database\MySQLi\Connection->execute('INSERT INTO com...')
#2 C:\xampp\htdocs\FAH\system\Database\BaseConnection.php(598): CodeIgniter\Database\BaseConnection->simpleQuery('INSERT INTO com...')
#3 C:\xampp\htdocs\FAH\app\Models\CommentModel.php(41): CodeIgniter\Database\BaseConnection->query('INSERT INTO com...')
#4 C:\xampp\htdocs\FAH\app\Controllers\UserHome.php(180): App\Models\CommentModel->add_comment(Array)
#5 C:\xampp\htdocs\FAH\system\CodeIgniter.php(824): App\Controllers\UserHome->add_comment()
#6 C:\xampp\htdocs\FAH\system\CodeIgniter.php(410): CodeIgniter\CodeIgniter->runController(Object(App\Controllers\UserHome))
#7 C:\xampp\htdocs\FAH\system\CodeIgniter.php(318): CodeIgniter\CodeIgniter->handleRequest(NULL, Object(Config\Cache), false)
#8 C:\xampp\htdocs\FAH\index.php(37): CodeIgniter\CodeIgniter->run()
#9 {main}
ERROR - 2022-02-10 03:37:48 --> Cannot add or update a child row: a foreign key constraint fails (`fah_portal`.`comments`, CONSTRAINT `fk_blog_comment_blog1` FOREIGN KEY (`pid`) REFERENCES `projects` (`PID`) ON DELETE NO ACTION ON UPDATE NO ACTION)
CRITICAL - 2022-02-10 03:37:48 --> Cannot add or update a child row: a foreign key constraint fails (`fah_portal`.`comments`, CONSTRAINT `fk_blog_comment_blog1` FOREIGN KEY (`pid`) REFERENCES `projects` (`PID`) ON DELETE NO ACTION ON UPDATE NO ACTION)
#0 C:\xampp\htdocs\FAH\system\Database\MySQLi\Connection.php(292): mysqli->query('INSERT INTO com...', 0)
#1 C:\xampp\htdocs\FAH\system\Database\BaseConnection.php(670): CodeIgniter\Database\MySQLi\Connection->execute('INSERT INTO com...')
#2 C:\xampp\htdocs\FAH\system\Database\BaseConnection.php(598): CodeIgniter\Database\BaseConnection->simpleQuery('INSERT INTO com...')
#3 C:\xampp\htdocs\FAH\app\Models\CommentModel.php(41): CodeIgniter\Database\BaseConnection->query('INSERT INTO com...')
#4 C:\xampp\htdocs\FAH\app\Controllers\UserHome.php(180): App\Models\CommentModel->add_comment(Array)
#5 C:\xampp\htdocs\FAH\system\CodeIgniter.php(824): App\Controllers\UserHome->add_comment()
#6 C:\xampp\htdocs\FAH\system\CodeIgniter.php(410): CodeIgniter\CodeIgniter->runController(Object(App\Controllers\UserHome))
#7 C:\xampp\htdocs\FAH\system\CodeIgniter.php(318): CodeIgniter\CodeIgniter->handleRequest(NULL, Object(Config\Cache), false)
#8 C:\xampp\htdocs\FAH\index.php(37): CodeIgniter\CodeIgniter->run()
#9 {main}
ERROR - 2022-02-10 03:37:48 --> Cannot add or update a child row: a foreign key constraint fails (`fah_portal`.`comments`, CONSTRAINT `fk_blog_comment_blog1` FOREIGN KEY (`pid`) REFERENCES `projects` (`PID`) ON DELETE NO ACTION ON UPDATE NO ACTION)
CRITICAL - 2022-02-10 03:37:48 --> Cannot add or update a child row: a foreign key constraint fails (`fah_portal`.`comments`, CONSTRAINT `fk_blog_comment_blog1` FOREIGN KEY (`pid`) REFERENCES `projects` (`PID`) ON DELETE NO ACTION ON UPDATE NO ACTION)
#0 C:\xampp\htdocs\FAH\system\Database\MySQLi\Connection.php(292): mysqli->query('INSERT INTO com...', 0)
#1 C:\xampp\htdocs\FAH\system\Database\BaseConnection.php(670): CodeIgniter\Database\MySQLi\Connection->execute('INSERT INTO com...')
#2 C:\xampp\htdocs\FAH\system\Database\BaseConnection.php(598): CodeIgniter\Database\BaseConnection->simpleQuery('INSERT INTO com...')
#3 C:\xampp\htdocs\FAH\app\Models\CommentModel.php(41): CodeIgniter\Database\BaseConnection->query('INSERT INTO com...')
#4 C:\xampp\htdocs\FAH\app\Controllers\UserHome.php(180): App\Models\CommentModel->add_comment(Array)
#5 C:\xampp\htdocs\FAH\system\CodeIgniter.php(824): App\Controllers\UserHome->add_comment()
#6 C:\xampp\htdocs\FAH\system\CodeIgniter.php(410): CodeIgniter\CodeIgniter->runController(Object(App\Controllers\UserHome))
#7 C:\xampp\htdocs\FAH\system\CodeIgniter.php(318): CodeIgniter\CodeIgniter->handleRequest(NULL, Object(Config\Cache), false)
#8 C:\xampp\htdocs\FAH\index.php(37): CodeIgniter\CodeIgniter->run()
#9 {main}
CRITICAL - 2022-02-10 03:38:16 --> You must set the database table to be used with your query.
#0 C:\xampp\htdocs\FAH\system\Model.php(545): CodeIgniter\Database\BaseConnection->table(NULL)
#1 C:\xampp\htdocs\FAH\system\Model.php(688): CodeIgniter\Model->builder()
#2 C:\xampp\htdocs\FAH\app\Models\CommentModel.php(46): CodeIgniter\Model->__get('comments')
#3 C:\xampp\htdocs\FAH\app\Controllers\UserHome.php(180): App\Models\CommentModel->add_comment(Array)
#4 C:\xampp\htdocs\FAH\system\CodeIgniter.php(824): App\Controllers\UserHome->add_comment()
#5 C:\xampp\htdocs\FAH\system\CodeIgniter.php(410): CodeIgniter\CodeIgniter->runController(Object(App\Controllers\UserHome))
#6 C:\xampp\htdocs\FAH\system\CodeIgniter.php(318): CodeIgniter\CodeIgniter->handleRequest(NULL, Object(Config\Cache), false)
#7 C:\xampp\htdocs\FAH\index.php(37): CodeIgniter\CodeIgniter->run()
#8 {main}
CRITICAL - 2022-02-10 03:38:17 --> You must set the database table to be used with your query.
#0 C:\xampp\htdocs\FAH\system\Model.php(545): CodeIgniter\Database\BaseConnection->table(NULL)
#1 C:\xampp\htdocs\FAH\system\Model.php(688): CodeIgniter\Model->builder()
#2 C:\xampp\htdocs\FAH\app\Models\CommentModel.php(46): CodeIgniter\Model->__get('comments')
#3 C:\xampp\htdocs\FAH\app\Controllers\UserHome.php(180): App\Models\CommentModel->add_comment(Array)
#4 C:\xampp\htdocs\FAH\system\CodeIgniter.php(824): App\Controllers\UserHome->add_comment()
#5 C:\xampp\htdocs\FAH\system\CodeIgniter.php(410): CodeIgniter\CodeIgniter->runController(Object(App\Controllers\UserHome))
#6 C:\xampp\htdocs\FAH\system\CodeIgniter.php(318): CodeIgniter\CodeIgniter->handleRequest(NULL, Object(Config\Cache), false)
#7 C:\xampp\htdocs\FAH\index.php(37): CodeIgniter\CodeIgniter->run()
#8 {main}
CRITICAL - 2022-02-10 03:38:17 --> You must set the database table to be used with your query.
#0 C:\xampp\htdocs\FAH\system\Model.php(545): CodeIgniter\Database\BaseConnection->table(NULL)
#1 C:\xampp\htdocs\FAH\system\Model.php(688): CodeIgniter\Model->builder()
#2 C:\xampp\htdocs\FAH\app\Models\CommentModel.php(46): CodeIgniter\Model->__get('comments')
#3 C:\xampp\htdocs\FAH\app\Controllers\UserHome.php(180): App\Models\CommentModel->add_comment(Array)
#4 C:\xampp\htdocs\FAH\system\CodeIgniter.php(824): App\Controllers\UserHome->add_comment()
#5 C:\xampp\htdocs\FAH\system\CodeIgniter.php(410): CodeIgniter\CodeIgniter->runController(Object(App\Controllers\UserHome))
#6 C:\xampp\htdocs\FAH\system\CodeIgniter.php(318): CodeIgniter\CodeIgniter->handleRequest(NULL, Object(Config\Cache), false)
#7 C:\xampp\htdocs\FAH\index.php(37): CodeIgniter\CodeIgniter->run()
#8 {main}
CRITICAL - 2022-02-10 03:38:17 --> You must set the database table to be used with your query.
#0 C:\xampp\htdocs\FAH\system\Model.php(545): CodeIgniter\Database\BaseConnection->table(NULL)
#1 C:\xampp\htdocs\FAH\system\Model.php(688): CodeIgniter\Model->builder()
#2 C:\xampp\htdocs\FAH\app\Models\CommentModel.php(46): CodeIgniter\Model->__get('comments')
#3 C:\xampp\htdocs\FAH\app\Controllers\UserHome.php(180): App\Models\CommentModel->add_comment(Array)
#4 C:\xampp\htdocs\FAH\system\CodeIgniter.php(824): App\Controllers\UserHome->add_comment()
#5 C:\xampp\htdocs\FAH\system\CodeIgniter.php(410): CodeIgniter\CodeIgniter->runController(Object(App\Controllers\UserHome))
#6 C:\xampp\htdocs\FAH\system\CodeIgniter.php(318): CodeIgniter\CodeIgniter->handleRequest(NULL, Object(Config\Cache), false)
#7 C:\xampp\htdocs\FAH\index.php(37): CodeIgniter\CodeIgniter->run()
#8 {main}
CRITICAL - 2022-02-10 03:38:17 --> You must set the database table to be used with your query.
#0 C:\xampp\htdocs\FAH\system\Model.php(545): CodeIgniter\Database\BaseConnection->table(NULL)
#1 C:\xampp\htdocs\FAH\system\Model.php(688): CodeIgniter\Model->builder()
#2 C:\xampp\htdocs\FAH\app\Models\CommentModel.php(46): CodeIgniter\Model->__get('comments')
#3 C:\xampp\htdocs\FAH\app\Controllers\UserHome.php(180): App\Models\CommentModel->add_comment(Array)
#4 C:\xampp\htdocs\FAH\system\CodeIgniter.php(824): App\Controllers\UserHome->add_comment()
#5 C:\xampp\htdocs\FAH\system\CodeIgniter.php(410): CodeIgniter\CodeIgniter->runController(Object(App\Controllers\UserHome))
#6 C:\xampp\htdocs\FAH\system\CodeIgniter.php(318): CodeIgniter\CodeIgniter->handleRequest(NULL, Object(Config\Cache), false)
#7 C:\xampp\htdocs\FAH\index.php(37): CodeIgniter\CodeIgniter->run()
#8 {main}
ERROR - 2022-02-10 03:42:57 --> Cannot add or update a child row: a foreign key constraint fails (`fah_portal`.`comments`, CONSTRAINT `fk_blog_comment_blog1` FOREIGN KEY (`pid`) REFERENCES `projects` (`PID`) ON DELETE NO ACTION ON UPDATE NO ACTION)
CRITICAL - 2022-02-10 03:42:57 --> Cannot add or update a child row: a foreign key constraint fails (`fah_portal`.`comments`, CONSTRAINT `fk_blog_comment_blog1` FOREIGN KEY (`pid`) REFERENCES `projects` (`PID`) ON DELETE NO ACTION ON UPDATE NO ACTION)
#0 C:\xampp\htdocs\FAH\system\Database\MySQLi\Connection.php(292): mysqli->query('INSERT INTO com...', 0)
#1 C:\xampp\htdocs\FAH\system\Database\BaseConnection.php(670): CodeIgniter\Database\MySQLi\Connection->execute('INSERT INTO com...')
#2 C:\xampp\htdocs\FAH\system\Database\BaseConnection.php(598): CodeIgniter\Database\BaseConnection->simpleQuery('INSERT INTO com...')
#3 C:\xampp\htdocs\FAH\app\Models\CommentModel.php(41): CodeIgniter\Database\BaseConnection->query('INSERT INTO com...')
#4 C:\xampp\htdocs\FAH\app\Controllers\UserHome.php(180): App\Models\CommentModel->add_comment(Array)
#5 C:\xampp\htdocs\FAH\system\CodeIgniter.php(824): App\Controllers\UserHome->add_comment()
#6 C:\xampp\htdocs\FAH\system\CodeIgniter.php(410): CodeIgniter\CodeIgniter->runController(Object(App\Controllers\UserHome))
#7 C:\xampp\htdocs\FAH\system\CodeIgniter.php(318): CodeIgniter\CodeIgniter->handleRequest(NULL, Object(Config\Cache), false)
#8 C:\xampp\htdocs\FAH\index.php(37): CodeIgniter\CodeIgniter->run()
#9 {main}
ERROR - 2022-02-10 03:42:57 --> Cannot add or update a child row: a foreign key constraint fails (`fah_portal`.`comments`, CONSTRAINT `fk_blog_comment_blog1` FOREIGN KEY (`pid`) REFERENCES `projects` (`PID`) ON DELETE NO ACTION ON UPDATE NO ACTION)
CRITICAL - 2022-02-10 03:42:57 --> Cannot add or update a child row: a foreign key constraint fails (`fah_portal`.`comments`, CONSTRAINT `fk_blog_comment_blog1` FOREIGN KEY (`pid`) REFERENCES `projects` (`PID`) ON DELETE NO ACTION ON UPDATE NO ACTION)
#0 C:\xampp\htdocs\FAH\system\Database\MySQLi\Connection.php(292): mysqli->query('INSERT INTO com...', 0)
#1 C:\xampp\htdocs\FAH\system\Database\BaseConnection.php(670): CodeIgniter\Database\MySQLi\Connection->execute('INSERT INTO com...')
#2 C:\xampp\htdocs\FAH\system\Database\BaseConnection.php(598): CodeIgniter\Database\BaseConnection->simpleQuery('INSERT INTO com...')
#3 C:\xampp\htdocs\FAH\app\Models\CommentModel.php(41): CodeIgniter\Database\BaseConnection->query('INSERT INTO com...')
#4 C:\xampp\htdocs\FAH\app\Controllers\UserHome.php(180): App\Models\CommentModel->add_comment(Array)
#5 C:\xampp\htdocs\FAH\system\CodeIgniter.php(824): App\Controllers\UserHome->add_comment()
#6 C:\xampp\htdocs\FAH\system\CodeIgniter.php(410): CodeIgniter\CodeIgniter->runController(Object(App\Controllers\UserHome))
#7 C:\xampp\htdocs\FAH\system\CodeIgniter.php(318): CodeIgniter\CodeIgniter->handleRequest(NULL, Object(Config\Cache), false)
#8 C:\xampp\htdocs\FAH\index.php(37): CodeIgniter\CodeIgniter->run()
#9 {main}
CRITICAL - 2022-02-10 03:43:51 --> You must set the database table to be used with your query.
#0 C:\xampp\htdocs\FAH\system\Model.php(545): CodeIgniter\Database\BaseConnection->table(NULL)
#1 C:\xampp\htdocs\FAH\system\Model.php(688): CodeIgniter\Model->builder()
#2 C:\xampp\htdocs\FAH\app\Models\CommentModel.php(46): CodeIgniter\Model->__get('comments')
#3 C:\xampp\htdocs\FAH\app\Controllers\UserHome.php(180): App\Models\CommentModel->add_comment(Array)
#4 C:\xampp\htdocs\FAH\system\CodeIgniter.php(824): App\Controllers\UserHome->add_comment()
#5 C:\xampp\htdocs\FAH\system\CodeIgniter.php(410): CodeIgniter\CodeIgniter->runController(Object(App\Controllers\UserHome))
#6 C:\xampp\htdocs\FAH\system\CodeIgniter.php(318): CodeIgniter\CodeIgniter->handleRequest(NULL, Object(Config\Cache), false)
#7 C:\xampp\htdocs\FAH\index.php(37): CodeIgniter\CodeIgniter->run()
#8 {main}
CRITICAL - 2022-02-10 03:43:52 --> You must set the database table to be used with your query.
#0 C:\xampp\htdocs\FAH\system\Model.php(545): CodeIgniter\Database\BaseConnection->table(NULL)
#1 C:\xampp\htdocs\FAH\system\Model.php(688): CodeIgniter\Model->builder()
#2 C:\xampp\htdocs\FAH\app\Models\CommentModel.php(46): CodeIgniter\Model->__get('comments')
#3 C:\xampp\htdocs\FAH\app\Controllers\UserHome.php(180): App\Models\CommentModel->add_comment(Array)
#4 C:\xampp\htdocs\FAH\system\CodeIgniter.php(824): App\Controllers\UserHome->add_comment()
#5 C:\xampp\htdocs\FAH\system\CodeIgniter.php(410): CodeIgniter\CodeIgniter->runController(Object(App\Controllers\UserHome))
#6 C:\xampp\htdocs\FAH\system\CodeIgniter.php(318): CodeIgniter\CodeIgniter->handleRequest(NULL, Object(Config\Cache), false)
#7 C:\xampp\htdocs\FAH\index.php(37): CodeIgniter\CodeIgniter->run()
#8 {main}
CRITICAL - 2022-02-10 03:53:28 --> You must set the database table to be used with your query.
#0 C:\xampp\htdocs\FAH\system\Model.php(545): CodeIgniter\Database\BaseConnection->table(NULL)
#1 C:\xampp\htdocs\FAH\system\Model.php(688): CodeIgniter\Model->builder()
#2 C:\xampp\htdocs\FAH\app\Models\CommentModel.php(46): CodeIgniter\Model->__get('comments')
#3 C:\xampp\htdocs\FAH\app\Controllers\UserHome.php(180): App\Models\CommentModel->add_comment(Array)
#4 C:\xampp\htdocs\FAH\system\CodeIgniter.php(824): App\Controllers\UserHome->add_comment()
#5 C:\xampp\htdocs\FAH\system\CodeIgniter.php(410): CodeIgniter\CodeIgniter->runController(Object(App\Controllers\UserHome))
#6 C:\xampp\htdocs\FAH\system\CodeIgniter.php(318): CodeIgniter\CodeIgniter->handleRequest(NULL, Object(Config\Cache), false)
#7 C:\xampp\htdocs\FAH\index.php(37): CodeIgniter\CodeIgniter->run()
#8 {main}
CRITICAL - 2022-02-10 03:53:28 --> You must set the database table to be used with your query.
#0 C:\xampp\htdocs\FAH\system\Model.php(545): CodeIgniter\Database\BaseConnection->table(NULL)
#1 C:\xampp\htdocs\FAH\system\Model.php(688): CodeIgniter\Model->builder()
#2 C:\xampp\htdocs\FAH\app\Models\CommentModel.php(46): CodeIgniter\Model->__get('comments')
#3 C:\xampp\htdocs\FAH\app\Controllers\UserHome.php(180): App\Models\CommentModel->add_comment(Array)
#4 C:\xampp\htdocs\FAH\system\CodeIgniter.php(824): App\Controllers\UserHome->add_comment()
#5 C:\xampp\htdocs\FAH\system\CodeIgniter.php(410): CodeIgniter\CodeIgniter->runController(Object(App\Controllers\UserHome))
#6 C:\xampp\htdocs\FAH\system\CodeIgniter.php(318): CodeIgniter\CodeIgniter->handleRequest(NULL, Object(Config\Cache), false)
#7 C:\xampp\htdocs\FAH\index.php(37): CodeIgniter\CodeIgniter->run()
#8 {main}
ERROR - 2022-02-10 03:53:44 --> Cannot add or update a child row: a foreign key constraint fails (`fah_portal`.`comments`, CONSTRAINT `fk_blog_comment_blog1` FOREIGN KEY (`pid`) REFERENCES `projects` (`PID`) ON DELETE NO ACTION ON UPDATE NO ACTION)
CRITICAL - 2022-02-10 03:53:44 --> Cannot add or update a child row: a foreign key constraint fails (`fah_portal`.`comments`, CONSTRAINT `fk_blog_comment_blog1` FOREIGN KEY (`pid`) REFERENCES `projects` (`PID`) ON DELETE NO ACTION ON UPDATE NO ACTION)
#0 C:\xampp\htdocs\FAH\system\Database\MySQLi\Connection.php(292): mysqli->query('INSERT INTO com...', 0)
#1 C:\xampp\htdocs\FAH\system\Database\BaseConnection.php(670): CodeIgniter\Database\MySQLi\Connection->execute('INSERT INTO com...')
#2 C:\xampp\htdocs\FAH\system\Database\BaseConnection.php(598): CodeIgniter\Database\BaseConnection->simpleQuery('INSERT INTO com...')
#3 C:\xampp\htdocs\FAH\app\Models\CommentModel.php(41): CodeIgniter\Database\BaseConnection->query('INSERT INTO com...')
#4 C:\xampp\htdocs\FAH\app\Controllers\UserHome.php(180): App\Models\CommentModel->add_comment(Array)
#5 C:\xampp\htdocs\FAH\system\CodeIgniter.php(824): App\Controllers\UserHome->add_comment()
#6 C:\xampp\htdocs\FAH\system\CodeIgniter.php(410): CodeIgniter\CodeIgniter->runController(Object(App\Controllers\UserHome))
#7 C:\xampp\htdocs\FAH\system\CodeIgniter.php(318): CodeIgniter\CodeIgniter->handleRequest(NULL, Object(Config\Cache), false)
#8 C:\xampp\htdocs\FAH\index.php(37): CodeIgniter\CodeIgniter->run()
#9 {main}
ERROR - 2022-02-10 03:53:44 --> Cannot add or update a child row: a foreign key constraint fails (`fah_portal`.`comments`, CONSTRAINT `fk_blog_comment_blog1` FOREIGN KEY (`pid`) REFERENCES `projects` (`PID`) ON DELETE NO ACTION ON UPDATE NO ACTION)
CRITICAL - 2022-02-10 03:53:44 --> Cannot add or update a child row: a foreign key constraint fails (`fah_portal`.`comments`, CONSTRAINT `fk_blog_comment_blog1` FOREIGN KEY (`pid`) REFERENCES `projects` (`PID`) ON DELETE NO ACTION ON UPDATE NO ACTION)
#0 C:\xampp\htdocs\FAH\system\Database\MySQLi\Connection.php(292): mysqli->query('INSERT INTO com...', 0)
#1 C:\xampp\htdocs\FAH\system\Database\BaseConnection.php(670): CodeIgniter\Database\MySQLi\Connection->execute('INSERT INTO com...')
#2 C:\xampp\htdocs\FAH\system\Database\BaseConnection.php(598): CodeIgniter\Database\BaseConnection->simpleQuery('INSERT INTO com...')
#3 C:\xampp\htdocs\FAH\app\Models\CommentModel.php(41): CodeIgniter\Database\BaseConnection->query('INSERT INTO com...')
#4 C:\xampp\htdocs\FAH\app\Controllers\UserHome.php(180): App\Models\CommentModel->add_comment(Array)
#5 C:\xampp\htdocs\FAH\system\CodeIgniter.php(824): App\Controllers\UserHome->add_comment()
#6 C:\xampp\htdocs\FAH\system\CodeIgniter.php(410): CodeIgniter\CodeIgniter->runController(Object(App\Controllers\UserHome))
#7 C:\xampp\htdocs\FAH\system\CodeIgniter.php(318): CodeIgniter\CodeIgniter->handleRequest(NULL, Object(Config\Cache), false)
#8 C:\xampp\htdocs\FAH\index.php(37): CodeIgniter\CodeIgniter->run()
#9 {main}
ERROR - 2022-02-10 03:53:55 --> Cannot add or update a child row: a foreign key constraint fails (`fah_portal`.`comments`, CONSTRAINT `fk_blog_comment_blog1` FOREIGN KEY (`pid`) REFERENCES `projects` (`PID`) ON DELETE NO ACTION ON UPDATE NO ACTION)
CRITICAL - 2022-02-10 03:53:55 --> Cannot add or update a child row: a foreign key constraint fails (`fah_portal`.`comments`, CONSTRAINT `fk_blog_comment_blog1` FOREIGN KEY (`pid`) REFERENCES `projects` (`PID`) ON DELETE NO ACTION ON UPDATE NO ACTION)
#0 C:\xampp\htdocs\FAH\system\Database\MySQLi\Connection.php(292): mysqli->query('INSERT INTO com...', 0)
#1 C:\xampp\htdocs\FAH\system\Database\BaseConnection.php(670): CodeIgniter\Database\MySQLi\Connection->execute('INSERT INTO com...')
#2 C:\xampp\htdocs\FAH\system\Database\BaseConnection.php(598): CodeIgniter\Database\BaseConnection->simpleQuery('INSERT INTO com...')
#3 C:\xampp\htdocs\FAH\app\Models\CommentModel.php(41): CodeIgniter\Database\BaseConnection->query('INSERT INTO com...')
#4 C:\xampp\htdocs\FAH\app\Controllers\UserHome.php(180): App\Models\CommentModel->add_comment(Array)
#5 C:\xampp\htdocs\FAH\system\CodeIgniter.php(824): App\Controllers\UserHome->add_comment()
#6 C:\xampp\htdocs\FAH\system\CodeIgniter.php(410): CodeIgniter\CodeIgniter->runController(Object(App\Controllers\UserHome))
#7 C:\xampp\htdocs\FAH\system\CodeIgniter.php(318): CodeIgniter\CodeIgniter->handleRequest(NULL, Object(Config\Cache), false)
#8 C:\xampp\htdocs\FAH\index.php(37): CodeIgniter\CodeIgniter->run()
#9 {main}
ERROR - 2022-02-10 03:53:55 --> Cannot add or update a child row: a foreign key constraint fails (`fah_portal`.`comments`, CONSTRAINT `fk_blog_comment_blog1` FOREIGN KEY (`pid`) REFERENCES `projects` (`PID`) ON DELETE NO ACTION ON UPDATE NO ACTION)
CRITICAL - 2022-02-10 03:53:55 --> Cannot add or update a child row: a foreign key constraint fails (`fah_portal`.`comments`, CONSTRAINT `fk_blog_comment_blog1` FOREIGN KEY (`pid`) REFERENCES `projects` (`PID`) ON DELETE NO ACTION ON UPDATE NO ACTION)
#0 C:\xampp\htdocs\FAH\system\Database\MySQLi\Connection.php(292): mysqli->query('INSERT INTO com...', 0)
#1 C:\xampp\htdocs\FAH\system\Database\BaseConnection.php(670): CodeIgniter\Database\MySQLi\Connection->execute('INSERT INTO com...')
#2 C:\xampp\htdocs\FAH\system\Database\BaseConnection.php(598): CodeIgniter\Database\BaseConnection->simpleQuery('INSERT INTO com...')
#3 C:\xampp\htdocs\FAH\app\Models\CommentModel.php(41): CodeIgniter\Database\BaseConnection->query('INSERT INTO com...')
#4 C:\xampp\htdocs\FAH\app\Controllers\UserHome.php(180): App\Models\CommentModel->add_comment(Array)
#5 C:\xampp\htdocs\FAH\system\CodeIgniter.php(824): App\Controllers\UserHome->add_comment()
#6 C:\xampp\htdocs\FAH\system\CodeIgniter.php(410): CodeIgniter\CodeIgniter->runController(Object(App\Controllers\UserHome))
#7 C:\xampp\htdocs\FAH\system\CodeIgniter.php(318): CodeIgniter\CodeIgniter->handleRequest(NULL, Object(Config\Cache), false)
#8 C:\xampp\htdocs\FAH\index.php(37): CodeIgniter\CodeIgniter->run()
#9 {main}
CRITICAL - 2022-02-10 23:24:47 --> You must set the database table to be used with your query.
#0 C:\xampp\htdocs\FAH\system\Model.php(545): CodeIgniter\Database\BaseConnection->table(NULL)
#1 C:\xampp\htdocs\FAH\system\Model.php(688): CodeIgniter\Model->builder()
#2 C:\xampp\htdocs\FAH\app\Models\CommentModel.php(46): CodeIgniter\Model->__get('comments')
#3 C:\xampp\htdocs\FAH\app\Controllers\UserHome.php(180): App\Models\CommentModel->add_comment(Array)
#4 C:\xampp\htdocs\FAH\system\CodeIgniter.php(824): App\Controllers\UserHome->add_comment()
#5 C:\xampp\htdocs\FAH\system\CodeIgniter.php(410): CodeIgniter\CodeIgniter->runController(Object(App\Controllers\UserHome))
#6 C:\xampp\htdocs\FAH\system\CodeIgniter.php(318): CodeIgniter\CodeIgniter->handleRequest(NULL, Object(Config\Cache), false)
#7 C:\xampp\htdocs\FAH\index.php(37): CodeIgniter\CodeIgniter->run()
#8 {main}
CRITICAL - 2022-02-10 23:24:47 --> You must set the database table to be used with your query.
#0 C:\xampp\htdocs\FAH\system\Model.php(545): CodeIgniter\Database\BaseConnection->table(NULL)
#1 C:\xampp\htdocs\FAH\system\Model.php(688): CodeIgniter\Model->builder()
#2 C:\xampp\htdocs\FAH\app\Models\CommentModel.php(46): CodeIgniter\Model->__get('comments')
#3 C:\xampp\htdocs\FAH\app\Controllers\UserHome.php(180): App\Models\CommentModel->add_comment(Array)
#4 C:\xampp\htdocs\FAH\system\CodeIgniter.php(824): App\Controllers\UserHome->add_comment()
#5 C:\xampp\htdocs\FAH\system\CodeIgniter.php(410): CodeIgniter\CodeIgniter->runController(Object(App\Controllers\UserHome))
#6 C:\xampp\htdocs\FAH\system\CodeIgniter.php(318): CodeIgniter\CodeIgniter->handleRequest(NULL, Object(Config\Cache), false)
#7 C:\xampp\htdocs\FAH\index.php(37): CodeIgniter\CodeIgniter->run()
#8 {main}
